#
# There is insufficient memory for the Java Runtime Environment to continue.
# Native memory allocation (malloc) failed to allocate 2178016 bytes. Error detail: Chunk::new
# Possible reasons:
#   The system is out of physical RAM or swap space
#   This process is running with CompressedOops enabled, and the Java Heap may be blocking the growth of the native heap
# Possible solutions:
#   Reduce memory load on the system
#   Increase physical memory or swap space
#   Check if swap backing store is full
#   Decrease Java heap size (-Xmx/-Xms)
#   Decrease number of Java threads
#   Decrease Java thread stack sizes (-Xss)
#   Set larger code cache with -XX:ReservedCodeCacheSize=
#   JVM is running with Unscaled Compressed Oops mode in which the Java heap is
#     placed in the first 4GB address space. The Java Heap base address is the
#     maximum limit for the native heap growth. Please use -XX:HeapBaseMinAddress
#     to set the Java Heap base and to place the Java Heap above 4GB virtual address.
# This output file may be truncated or incomplete.
#
#  Out of Memory Error (arena.cpp:191), pid=18076, tid=2412
#
# JRE version: OpenJDK Runtime Environment (17.0.11) (build 17.0.11+0--11852314)
# Java VM: OpenJDK 64-Bit Server VM (17.0.11+0--11852314, mixed mode, tiered, compressed oops, compressed class ptrs, g1 gc, windows-amd64)
# No core dump will be written. Minidumps are not enabled by default on client versions of Windows
#

---------------  S U M M A R Y ------------

Command Line: --add-opens=java.base/java.util=ALL-UNNAMED --add-opens=java.base/java.lang=ALL-UNNAMED --add-opens=java.base/java.lang.invoke=ALL-UNNAMED --add-opens=java.base/java.util=ALL-UNNAMED --add-opens=java.prefs/java.util.prefs=ALL-UNNAMED --add-opens=java.prefs/java.util.prefs=ALL-UNNAMED --add-opens=java.base/java.nio.charset=ALL-UNNAMED --add-opens=java.base/java.net=ALL-UNNAMED --add-opens=java.base/java.util.concurrent.atomic=ALL-UNNAMED -Xmx2048m -Dfile.encoding=UTF-8 -Duser.country=US -Duser.language=en -Duser.variant org.gradle.launcher.daemon.bootstrap.GradleDaemon 7.5

Host: Intel(R) Core(TM) i3-5005U CPU @ 2.00GHz, 4 cores, 7G,  Windows 10 , 64 bit Build 19041 (10.0.19041.5438)
Time: Sun Mar 23 13:21:27 2025 India Standard Time elapsed time: 11.831134 seconds (0d 0h 0m 11s)

---------------  T H R E A D  ---------------

Current thread (0x000002b984029240):  JavaThread "C2 CompilerThread0" daemon [_thread_in_native, id=2412, stack(0x000000c0e1500000,0x000000c0e1600000)]


Current CompileTask:
C2:  11831 3398   !   4       java.net.URLClassLoader::findClass (47 bytes)

Stack: [0x000000c0e1500000,0x000000c0e1600000]
Native frames: (J=compiled Java code, j=interpreted, Vv=VM code, C=native code)
V  [jvm.dll+0x687bb9]
V  [jvm.dll+0x84142a]
V  [jvm.dll+0x8430ae]
V  [jvm.dll+0x843713]
V  [jvm.dll+0x24a35f]
V  [jvm.dll+0xac544]
V  [jvm.dll+0xacb8c]
V  [jvm.dll+0x369c37]
V  [jvm.dll+0x33416a]
V  [jvm.dll+0x33360a]
V  [jvm.dll+0x21bed1]
V  [jvm.dll+0x21b311]
V  [jvm.dll+0x1a63ed]
V  [jvm.dll+0x22b1ee]
V  [jvm.dll+0x229375]
V  [jvm.dll+0x7f5647]
V  [jvm.dll+0x7efa4a]
V  [jvm.dll+0x686a35]
C  [ucrtbase.dll+0x21bb2]
C  [KERNEL32.DLL+0x17374]
C  [ntdll.dll+0x4cc91]


---------------  P R O C E S S  ---------------

Threads class SMR info:
_java_thread_list=0x000002b987743500, length=35, elements={
0x000002b9e673e920, 0x000002b9ffd529d0, 0x000002b9ffd3d6f0, 0x000002b984012520,
0x000002b984026560, 0x000002b9840275d0, 0x000002b984027ea0, 0x000002b984029240,
0x000002b98402d7f0, 0x000002b98404ddb0, 0x000002b9841c4010, 0x000002b9841c8510,
0x000002b985f4b7e0, 0x000002b984371f20, 0x000002b9867dad20, 0x000002b985efe590,
0x000002b9858f20a0, 0x000002b98532c500, 0x000002b98532e9f0, 0x000002b98532eed0,
0x000002b985180b60, 0x000002b985181a90, 0x000002b985182ed0, 0x000002b985183e00,
0x000002b9851824b0, 0x000002b9851838f0, 0x000002b9851829c0, 0x000002b985184310,
0x000002b985181580, 0x000002b9851833e0, 0x000002b984963570, 0x000002b984963f90,
0x000002b984967740, 0x000002b987ba7dd0, 0x000002b9849649b0
}

Java Threads: ( => current thread )
  0x000002b9e673e920 JavaThread "main" [_thread_blocked, id=15560, stack(0x000000c0e0800000,0x000000c0e0900000)]
  0x000002b9ffd529d0 JavaThread "Reference Handler" daemon [_thread_blocked, id=15916, stack(0x000000c0e0f00000,0x000000c0e1000000)]
  0x000002b9ffd3d6f0 JavaThread "Finalizer" daemon [_thread_blocked, id=6768, stack(0x000000c0e1000000,0x000000c0e1100000)]
  0x000002b984012520 JavaThread "Signal Dispatcher" daemon [_thread_blocked, id=10980, stack(0x000000c0e1100000,0x000000c0e1200000)]
  0x000002b984026560 JavaThread "Attach Listener" daemon [_thread_blocked, id=10140, stack(0x000000c0e1200000,0x000000c0e1300000)]
  0x000002b9840275d0 JavaThread "Service Thread" daemon [_thread_blocked, id=1404, stack(0x000000c0e1300000,0x000000c0e1400000)]
  0x000002b984027ea0 JavaThread "Monitor Deflation Thread" daemon [_thread_blocked, id=6044, stack(0x000000c0e1400000,0x000000c0e1500000)]
=>0x000002b984029240 JavaThread "C2 CompilerThread0" daemon [_thread_in_native, id=2412, stack(0x000000c0e1500000,0x000000c0e1600000)]
  0x000002b98402d7f0 JavaThread "C1 CompilerThread0" daemon [_thread_blocked, id=16452, stack(0x000000c0e1600000,0x000000c0e1700000)]
  0x000002b98404ddb0 JavaThread "Sweeper thread" daemon [_thread_blocked, id=18164, stack(0x000000c0e1700000,0x000000c0e1800000)]
  0x000002b9841c4010 JavaThread "Common-Cleaner" daemon [_thread_blocked, id=2936, stack(0x000000c0e1800000,0x000000c0e1900000)]
  0x000002b9841c8510 JavaThread "Notification Thread" daemon [_thread_blocked, id=9312, stack(0x000000c0e1900000,0x000000c0e1a00000)]
  0x000002b985f4b7e0 JavaThread "Daemon health stats" [_thread_blocked, id=15544, stack(0x000000c0e1f00000,0x000000c0e2000000)]
  0x000002b984371f20 JavaThread "Incoming local TCP Connector on port 59221" [_thread_in_native, id=13160, stack(0x000000c0e1b00000,0x000000c0e1c00000)]
  0x000002b9867dad20 JavaThread "Daemon periodic checks" [_thread_blocked, id=1536, stack(0x000000c0e2000000,0x000000c0e2100000)]
  0x000002b985efe590 JavaThread "Daemon" [_thread_blocked, id=944, stack(0x000000c0e2100000,0x000000c0e2200000)]
  0x000002b9858f20a0 JavaThread "Handler for socket connection from /127.0.0.1:59221 to /127.0.0.1:59224" [_thread_in_native, id=13628, stack(0x000000c0e2200000,0x000000c0e2300000)]
  0x000002b98532c500 JavaThread "Cancel handler" [_thread_blocked, id=15404, stack(0x000000c0e2300000,0x000000c0e2400000)]
  0x000002b98532e9f0 JavaThread "Daemon worker" [_thread_in_vm, id=14132, stack(0x000000c0e2400000,0x000000c0e2500000)]
  0x000002b98532eed0 JavaThread "Asynchronous log dispatcher for DefaultDaemonConnection: socket connection from /127.0.0.1:59221 to /127.0.0.1:59224" [_thread_blocked, id=17920, stack(0x000000c0e2500000,0x000000c0e2600000)]
  0x000002b985180b60 JavaThread "Stdin handler" [_thread_blocked, id=4900, stack(0x000000c0e2600000,0x000000c0e2700000)]
  0x000002b985181a90 JavaThread "Daemon client event forwarder" [_thread_blocked, id=8700, stack(0x000000c0e2700000,0x000000c0e2800000)]
  0x000002b985182ed0 JavaThread "Cache worker for journal cache (C:\Users\Lenovo\.gradle\caches\journal-1)" [_thread_blocked, id=10504, stack(0x000000c0e2800000,0x000000c0e2900000)]
  0x000002b985183e00 JavaThread "File lock request listener" [_thread_in_native, id=4508, stack(0x000000c0e2900000,0x000000c0e2a00000)]
  0x000002b9851824b0 JavaThread "Cache worker for file hash cache (C:\Users\Lenovo\.gradle\caches\7.5\fileHashes)" [_thread_blocked, id=9292, stack(0x000000c0e2a00000,0x000000c0e2b00000)]
  0x000002b9851838f0 JavaThread "File watcher server" daemon [_thread_in_native, id=9336, stack(0x000000c0e2c00000,0x000000c0e2d00000)]
  0x000002b9851829c0 JavaThread "File watcher consumer" daemon [_thread_blocked, id=15572, stack(0x000000c0e2d00000,0x000000c0e2e00000)]
  0x000002b985184310 JavaThread "Cache worker for checksums cache (C:\Users\Lenovo\AndroidStudioProjects\NewsApiApp\.gradle\7.5\checksums)" [_thread_blocked, id=1236, stack(0x000000c0e2e00000,0x000000c0e2f00000)]
  0x000002b985181580 JavaThread "Cache worker for cache directory md-rule (C:\Users\Lenovo\.gradle\caches\7.5\md-rule)" [_thread_blocked, id=13092, stack(0x000000c0e2f00000,0x000000c0e3000000)]
  0x000002b9851833e0 JavaThread "Cache worker for file content cache (C:\Users\Lenovo\.gradle\caches\7.5\fileContent)" [_thread_blocked, id=17364, stack(0x000000c0e3000000,0x000000c0e3100000)]
  0x000002b984963570 JavaThread "Cache worker for file hash cache (C:\Users\Lenovo\AndroidStudioProjects\NewsApiApp\.gradle\7.5\fileHashes)" [_thread_blocked, id=16284, stack(0x000000c0e2b00000,0x000000c0e2c00000)]
  0x000002b984963f90 JavaThread "Cache worker for cache directory md-supplier (C:\Users\Lenovo\.gradle\caches\7.5\md-supplier)" [_thread_blocked, id=1424, stack(0x000000c0e3100000,0x000000c0e3200000)]
  0x000002b984967740 JavaThread "Cache worker for execution history cache (C:\Users\Lenovo\.gradle\caches\7.5\executionHistory)" [_thread_blocked, id=10212, stack(0x000000c0e3300000,0x000000c0e3400000)]
  0x000002b987ba7dd0 JavaThread "C2 CompilerThread1" daemon [_thread_in_native, id=11008, stack(0x000000c0e3200000,0x000000c0e3300000)]
  0x000002b9849649b0 JavaThread "jar transforms" [_thread_blocked, id=9812, stack(0x000000c0e3500000,0x000000c0e3600000)]

Other Threads:
  0x000002b9ffd1ae50 VMThread "VM Thread" [stack: 0x000000c0e0e00000,0x000000c0e0f00000] [id=3116]
  0x000002b9841c89f0 WatcherThread [stack: 0x000000c0e1a00000,0x000000c0e1b00000] [id=15932]
  0x000002b9e679ae10 GCTaskThread "GC Thread#0" [stack: 0x000000c0e0900000,0x000000c0e0a00000] [id=15172]
  0x000002b984666500 GCTaskThread "GC Thread#1" [stack: 0x000000c0e1c00000,0x000000c0e1d00000] [id=11352]
  0x000002b9846667c0 GCTaskThread "GC Thread#2" [stack: 0x000000c0e1d00000,0x000000c0e1e00000] [id=17568]
  0x000002b985289290 GCTaskThread "GC Thread#3" [stack: 0x000000c0e1e00000,0x000000c0e1f00000] [id=12720]
  0x000002b9e67abc70 ConcurrentGCThread "G1 Main Marker" [stack: 0x000000c0e0a00000,0x000000c0e0b00000] [id=16756]
  0x000002b9e67acd40 ConcurrentGCThread "G1 Conc#0" [stack: 0x000000c0e0b00000,0x000000c0e0c00000] [id=352]
  0x000002b9e67fec40 ConcurrentGCThread "G1 Refine#0" [stack: 0x000000c0e0c00000,0x000000c0e0d00000] [id=9252]
  0x000002b98427ccd0 ConcurrentGCThread "G1 Refine#1" [stack: 0x000000c0e3400000,0x000000c0e3500000] [id=12344]
  0x000002b9ffb86720 ConcurrentGCThread "G1 Service" [stack: 0x000000c0e0d00000,0x000000c0e0e00000] [id=16068]

Threads with active compile tasks:
C2 CompilerThread0    11899 3398   !   4       java.net.URLClassLoader::findClass (47 bytes)
C2 CompilerThread1    11899 3399       4       java.net.URLClassLoader$1::run (5 bytes)

VM state: not at safepoint (normal execution)

VM Mutex/Monitor currently owned by a thread: None

Heap address: 0x0000000080000000, size: 2048 MB, Compressed Oops mode: 32-bit

CDS archive(s) not mapped
Compressed class space mapped at: 0x0000000100000000-0x0000000140000000, reserved size: 1073741824
Narrow klass base: 0x0000000000000000, Narrow klass shift: 3, Narrow klass range: 0x140000000

GC Precious Log:
 CPUs: 4 total, 4 available
 Memory: 8109M
 Large Page Support: Disabled
 NUMA Support: Disabled
 Compressed Oops: Enabled (32-bit)
 Heap Region Size: 1M
 Heap Min Capacity: 8M
 Heap Initial Capacity: 128M
 Heap Max Capacity: 2G
 Pre-touch: Disabled
 Parallel Workers: 4
 Concurrent Workers: 1
 Concurrent Refinement Workers: 4
 Periodic GC: Disabled

Heap:
 garbage-first heap   total 65536K, used 43519K [0x0000000080000000, 0x0000000100000000)
  region size 1024K, 19 young (19456K), 4 survivors (4096K)
 Metaspace       used 40966K, committed 41280K, reserved 1114112K
  class space    used 5346K, committed 5504K, reserved 1048576K

Heap Regions: E=young(eden), S=young(survivor), O=old, HS=humongous(starts), HC=humongous(continues), CS=collection set, F=free, OA=open archive, CA=closed archive, TAMS=top-at-mark-start (previous, next)
|   0|0x0000000080000000, 0x0000000080100000, 0x0000000080100000|100%|HS|  |TAMS 0x0000000080100000, 0x0000000080000000| Complete 
|   1|0x0000000080100000, 0x0000000080200000, 0x0000000080200000|100%|HC|  |TAMS 0x0000000080200000, 0x0000000080100000| Complete 
|   2|0x0000000080200000, 0x0000000080300000, 0x0000000080300000|100%|HC|  |TAMS 0x0000000080300000, 0x0000000080200000| Complete 
|   3|0x0000000080300000, 0x0000000080400000, 0x0000000080400000|100%| O|  |TAMS 0x0000000080400000, 0x0000000080300000| Untracked 
|   4|0x0000000080400000, 0x0000000080500000, 0x0000000080500000|100%| O|  |TAMS 0x0000000080500000, 0x0000000080400000| Untracked 
|   5|0x0000000080500000, 0x0000000080600000, 0x0000000080600000|100%| O|  |TAMS 0x0000000080600000, 0x0000000080500000| Untracked 
|   6|0x0000000080600000, 0x0000000080700000, 0x0000000080700000|100%| O|  |TAMS 0x0000000080700000, 0x0000000080600000| Untracked 
|   7|0x0000000080700000, 0x0000000080800000, 0x0000000080800000|100%| O|  |TAMS 0x0000000080800000, 0x0000000080700000| Untracked 
|   8|0x0000000080800000, 0x0000000080900000, 0x0000000080900000|100%| O|  |TAMS 0x0000000080900000, 0x0000000080800000| Untracked 
|   9|0x0000000080900000, 0x0000000080a00000, 0x0000000080a00000|100%| O|  |TAMS 0x0000000080a00000, 0x0000000080900000| Untracked 
|  10|0x0000000080a00000, 0x0000000080ab5c00, 0x0000000080b00000| 70%| O|  |TAMS 0x0000000080ab5c00, 0x0000000080a00000| Untracked 
|  11|0x0000000080b00000, 0x0000000080c00000, 0x0000000080c00000|100%| O|  |TAMS 0x0000000080c00000, 0x0000000080b00000| Untracked 
|  12|0x0000000080c00000, 0x0000000080d00000, 0x0000000080d00000|100%| O|  |TAMS 0x0000000080d00000, 0x0000000080c00000| Untracked 
|  13|0x0000000080d00000, 0x0000000080e00000, 0x0000000080e00000|100%| O|  |TAMS 0x0000000080e00000, 0x0000000080d00000| Untracked 
|  14|0x0000000080e00000, 0x0000000080f00000, 0x0000000080f00000|100%| O|  |TAMS 0x0000000080f00000, 0x0000000080e00000| Untracked 
|  15|0x0000000080f00000, 0x0000000081000000, 0x0000000081000000|100%| O|  |TAMS 0x0000000081000000, 0x0000000080f00000| Untracked 
|  16|0x0000000081000000, 0x0000000081100000, 0x0000000081100000|100%| O|  |TAMS 0x0000000081100000, 0x0000000081000000| Untracked 
|  17|0x0000000081100000, 0x0000000081200000, 0x0000000081200000|100%| O|  |TAMS 0x0000000081200000, 0x0000000081100000| Untracked 
|  18|0x0000000081200000, 0x0000000081300000, 0x0000000081300000|100%| O|  |TAMS 0x0000000081300000, 0x0000000081200000| Untracked 
|  19|0x0000000081300000, 0x0000000081400000, 0x0000000081400000|100%| O|  |TAMS 0x0000000081400000, 0x0000000081300000| Untracked 
|  20|0x0000000081400000, 0x0000000081500000, 0x0000000081500000|100%| O|  |TAMS 0x000000008143a000, 0x0000000081400000| Untracked 
|  21|0x0000000081500000, 0x00000000815f7e00, 0x0000000081600000| 96%| O|  |TAMS 0x0000000081500000, 0x0000000081500000| Untracked 
|  22|0x0000000081600000, 0x0000000081700000, 0x0000000081700000|100%|HS|  |TAMS 0x0000000081600000, 0x0000000081600000| Complete 
|  23|0x0000000081700000, 0x0000000081800000, 0x0000000081800000|100%|HS|  |TAMS 0x0000000081700000, 0x0000000081700000| Complete 
|  24|0x0000000081800000, 0x0000000081900000, 0x0000000081900000|100%|HC|  |TAMS 0x0000000081800000, 0x0000000081800000| Complete 
|  25|0x0000000081900000, 0x0000000081900000, 0x0000000081a00000|  0%| F|  |TAMS 0x0000000081900000, 0x0000000081900000| Untracked 
|  26|0x0000000081a00000, 0x0000000081a00000, 0x0000000081b00000|  0%| F|  |TAMS 0x0000000081a00000, 0x0000000081a00000| Untracked 
|  27|0x0000000081b00000, 0x0000000081b00000, 0x0000000081c00000|  0%| F|  |TAMS 0x0000000081b00000, 0x0000000081b00000| Untracked 
|  28|0x0000000081c00000, 0x0000000081c00000, 0x0000000081d00000|  0%| F|  |TAMS 0x0000000081c00000, 0x0000000081c00000| Untracked 
|  29|0x0000000081d00000, 0x0000000081d00000, 0x0000000081e00000|  0%| F|  |TAMS 0x0000000081d00000, 0x0000000081d00000| Untracked 
|  30|0x0000000081e00000, 0x0000000081e00000, 0x0000000081f00000|  0%| F|  |TAMS 0x0000000081e00000, 0x0000000081e00000| Untracked 
|  31|0x0000000081f00000, 0x0000000081f00000, 0x0000000082000000|  0%| F|  |TAMS 0x0000000081f00000, 0x0000000081f00000| Untracked 
|  32|0x0000000082000000, 0x0000000082000000, 0x0000000082100000|  0%| F|  |TAMS 0x0000000082000000, 0x0000000082000000| Untracked 
|  33|0x0000000082100000, 0x0000000082100000, 0x0000000082200000|  0%| F|  |TAMS 0x0000000082100000, 0x0000000082100000| Untracked 
|  34|0x0000000082200000, 0x00000000822d2588, 0x0000000082300000| 82%| S|CS|TAMS 0x0000000082200000, 0x0000000082200000| Complete 
|  35|0x0000000082300000, 0x0000000082400000, 0x0000000082400000|100%| S|CS|TAMS 0x0000000082300000, 0x0000000082300000| Complete 
|  36|0x0000000082400000, 0x0000000082500000, 0x0000000082500000|100%| S|CS|TAMS 0x0000000082400000, 0x0000000082400000| Complete 
|  37|0x0000000082500000, 0x0000000082600000, 0x0000000082600000|100%| S|CS|TAMS 0x0000000082500000, 0x0000000082500000| Complete 
|  38|0x0000000082600000, 0x0000000082600000, 0x0000000082700000|  0%| F|  |TAMS 0x0000000082600000, 0x0000000082600000| Untracked 
|  39|0x0000000082700000, 0x0000000082700000, 0x0000000082800000|  0%| F|  |TAMS 0x0000000082700000, 0x0000000082700000| Untracked 
|  40|0x0000000082800000, 0x0000000082800000, 0x0000000082900000|  0%| F|  |TAMS 0x0000000082800000, 0x0000000082800000| Untracked 
|  41|0x0000000082900000, 0x0000000082900000, 0x0000000082a00000|  0%| F|  |TAMS 0x0000000082900000, 0x0000000082900000| Untracked 
|  42|0x0000000082a00000, 0x0000000082a00000, 0x0000000082b00000|  0%| F|  |TAMS 0x0000000082a00000, 0x0000000082a00000| Untracked 
|  43|0x0000000082b00000, 0x0000000082b00000, 0x0000000082c00000|  0%| F|  |TAMS 0x0000000082b00000, 0x0000000082b00000| Untracked 
|  44|0x0000000082c00000, 0x0000000082c00000, 0x0000000082d00000|  0%| F|  |TAMS 0x0000000082c00000, 0x0000000082c00000| Untracked 
|  45|0x0000000082d00000, 0x0000000082d00000, 0x0000000082e00000|  0%| F|  |TAMS 0x0000000082d00000, 0x0000000082d00000| Untracked 
|  46|0x0000000082e00000, 0x0000000082e00000, 0x0000000082f00000|  0%| F|  |TAMS 0x0000000082e00000, 0x0000000082e00000| Untracked 
|  47|0x0000000082f00000, 0x0000000082f00000, 0x0000000083000000|  0%| F|  |TAMS 0x0000000082f00000, 0x0000000082f00000| Untracked 
|  48|0x0000000083000000, 0x0000000083000000, 0x0000000083100000|  0%| F|  |TAMS 0x0000000083000000, 0x0000000083000000| Untracked 
|  49|0x0000000083100000, 0x000000008315e0d0, 0x0000000083200000| 36%| E|  |TAMS 0x0000000083100000, 0x0000000083100000| Complete 
|  50|0x0000000083200000, 0x0000000083300000, 0x0000000083300000|100%| E|CS|TAMS 0x0000000083200000, 0x0000000083200000| Complete 
|  51|0x0000000083300000, 0x0000000083400000, 0x0000000083400000|100%| E|CS|TAMS 0x0000000083300000, 0x0000000083300000| Complete 
|  52|0x0000000083400000, 0x0000000083500000, 0x0000000083500000|100%| E|CS|TAMS 0x0000000083400000, 0x0000000083400000| Complete 
|  53|0x0000000083500000, 0x0000000083600000, 0x0000000083600000|100%| E|CS|TAMS 0x0000000083500000, 0x0000000083500000| Complete 
|  54|0x0000000083600000, 0x0000000083700000, 0x0000000083700000|100%| E|CS|TAMS 0x0000000083600000, 0x0000000083600000| Complete 
|  78|0x0000000084e00000, 0x0000000084f00000, 0x0000000084f00000|100%| E|CS|TAMS 0x0000000084e00000, 0x0000000084e00000| Complete 
|  79|0x0000000084f00000, 0x0000000085000000, 0x0000000085000000|100%| E|CS|TAMS 0x0000000084f00000, 0x0000000084f00000| Complete 
|  80|0x0000000085000000, 0x0000000085100000, 0x0000000085100000|100%| E|CS|TAMS 0x0000000085000000, 0x0000000085000000| Complete 
|  81|0x0000000085100000, 0x0000000085200000, 0x0000000085200000|100%| E|CS|TAMS 0x0000000085100000, 0x0000000085100000| Complete 
|  82|0x0000000085200000, 0x0000000085300000, 0x0000000085300000|100%| E|CS|TAMS 0x0000000085200000, 0x0000000085200000| Complete 
|  83|0x0000000085300000, 0x0000000085400000, 0x0000000085400000|100%| E|CS|TAMS 0x0000000085300000, 0x0000000085300000| Complete 
|  84|0x0000000085400000, 0x0000000085500000, 0x0000000085500000|100%| E|CS|TAMS 0x0000000085400000, 0x0000000085400000| Complete 
|  85|0x0000000085500000, 0x0000000085600000, 0x0000000085600000|100%| E|CS|TAMS 0x0000000085500000, 0x0000000085500000| Complete 
| 127|0x0000000087f00000, 0x0000000088000000, 0x0000000088000000|100%| E|CS|TAMS 0x0000000087f00000, 0x0000000087f00000| Complete 

Card table byte_map: [0x000002b9f9020000,0x000002b9f9420000] _byte_map_base: 0x000002b9f8c20000

Marking Bits (Prev, Next): (CMBitMap*) 0x000002b9e679b380, (CMBitMap*) 0x000002b9e679b340
 Prev Bits: [0x000002b9fb820000, 0x000002b9fd820000)
 Next Bits: [0x000002b9f9820000, 0x000002b9fb820000)

Polling page: 0x000002b9e4580000

Metaspace:

Usage:
  Non-class:     34.79 MB used.
      Class:      5.22 MB used.
       Both:     40.02 MB used.

Virtual space:
  Non-class space:       64.00 MB reserved,      35.00 MB ( 55%) committed,  1 nodes.
      Class space:        1.00 GB reserved,       5.38 MB ( <1%) committed,  1 nodes.
             Both:        1.06 GB reserved,      40.38 MB (  4%) committed. 

Chunk freelists:
   Non-Class:  12.48 MB
       Class:  10.41 MB
        Both:  22.89 MB

MaxMetaspaceSize: unlimited
CompressedClassSpaceSize: 1.00 GB
Initial GC threshold: 21.00 MB
Current GC threshold: 63.75 MB
CDS: off
MetaspaceReclaimPolicy: balanced
 - commit_granule_bytes: 65536.
 - commit_granule_words: 8192.
 - virtual_space_node_default_size: 8388608.
 - enlarge_chunks_in_place: 1.
 - new_chunks_are_fully_committed: 0.
 - uncommit_free_chunks: 1.
 - use_allocation_guard: 0.
 - handle_deallocations: 1.


Internal statistics:

num_allocs_failed_limit: 9.
num_arena_births: 290.
num_arena_deaths: 0.
num_vsnodes_births: 2.
num_vsnodes_deaths: 0.
num_space_committed: 646.
num_space_uncommitted: 0.
num_chunks_returned_to_freelist: 9.
num_chunks_taken_from_freelist: 1383.
num_chunk_merges: 3.
num_chunk_splits: 933.
num_chunks_enlarged: 695.
num_inconsistent_stats: 0.

CodeHeap 'non-profiled nmethods': size=120000Kb used=2015Kb max_used=2015Kb free=117984Kb
 bounds [0x000002b9f16f0000, 0x000002b9f1960000, 0x000002b9f8c20000]
CodeHeap 'profiled nmethods': size=120000Kb used=7416Kb max_used=7416Kb free=112583Kb
 bounds [0x000002b9e9c20000, 0x000002b9ea360000, 0x000002b9f1150000]
CodeHeap 'non-nmethods': size=5760Kb used=2281Kb max_used=2281Kb free=3478Kb
 bounds [0x000002b9f1150000, 0x000002b9f13c0000, 0x000002b9f16f0000]
 total_blobs=4354 nmethods=3563 adapters=703
 compilation: enabled
              stopped_count=0, restarted_count=0
 full_count=0

Compilation events (20 events):
Event: 11.766 Thread 0x000002b98402d7f0 3540       2       java.util.HashMap$ValueIterator::next (8 bytes)
Event: 11.766 Thread 0x000002b98402d7f0 nmethod 3540 0x000002b9ea34a410 code [0x000002b9ea34a5a0, 0x000002b9ea34a6c8]
Event: 11.767 Thread 0x000002b98402d7f0 3541       2       java.util.TreeMap::addEntry (59 bytes)
Event: 11.767 Thread 0x000002b98402d7f0 nmethod 3541 0x000002b9ea34a790 code [0x000002b9ea34a940, 0x000002b9ea34ace8]
Event: 11.767 Thread 0x000002b98402d7f0 3542       2       org.codehaus.groovy.util.ComplexKeyHashMap$1::hasNext (13 bytes)
Event: 11.768 Thread 0x000002b98402d7f0 nmethod 3542 0x000002b9ea34ae90 code [0x000002b9ea34b020, 0x000002b9ea34b138]
Event: 11.769 Thread 0x000002b98402d7f0 3543       2       groovy.lang.MetaBeanProperty::<init> (18 bytes)
Event: 11.770 Thread 0x000002b98402d7f0 nmethod 3543 0x000002b9ea34b210 code [0x000002b9ea34b3a0, 0x000002b9ea34b618]
Event: 11.770 Thread 0x000002b98402d7f0 3544       1       groovy.lang.MetaProperty::getType (5 bytes)
Event: 11.770 Thread 0x000002b98402d7f0 nmethod 3544 0x000002b9f18e6c10 code [0x000002b9f18e6da0, 0x000002b9f18e6e78]
Event: 11.776 Thread 0x000002b98402d7f0 3545       2       org.codehaus.groovy.reflection.CachedClass::getName (8 bytes)
Event: 11.776 Thread 0x000002b98402d7f0 nmethod 3545 0x000002b9ea34b710 code [0x000002b9ea34b8a0, 0x000002b9ea34b9c8]
Event: 11.777 Thread 0x000002b98402d7f0 3547       2       org.codehaus.groovy.reflection.CachedMethod::compareToMethod (125 bytes)
Event: 11.778 Thread 0x000002b98402d7f0 nmethod 3547 0x000002b9ea34ba90 code [0x000002b9ea34bce0, 0x000002b9ea34c208]
Event: 11.778 Thread 0x000002b98402d7f0 3546       2       org.codehaus.groovy.reflection.CachedMethod$MyComparator::compare (43 bytes)
Event: 11.779 Thread 0x000002b98402d7f0 nmethod 3546 0x000002b9ea34c710 code [0x000002b9ea34c920, 0x000002b9ea34cde8]
Event: 11.779 Thread 0x000002b98402d7f0 3548       1       groovy.lang.MetaBeanProperty::getGetter (5 bytes)
Event: 11.779 Thread 0x000002b98402d7f0 nmethod 3548 0x000002b9f18e6f10 code [0x000002b9f18e70a0, 0x000002b9f18e7178]
Event: 11.779 Thread 0x000002b98402d7f0 3549       1       groovy.lang.MetaBeanProperty::getField (5 bytes)
Event: 11.779 Thread 0x000002b98402d7f0 nmethod 3549 0x000002b9f18e7210 code [0x000002b9f18e73a0, 0x000002b9f18e7478]

GC Heap History (18 events):
Event: 1.151 GC heap before
{Heap before GC invocations=0 (full 0):
 garbage-first heap   total 131072K, used 15360K [0x0000000080000000, 0x0000000100000000)
  region size 1024K, 13 young (13312K), 0 survivors (0K)
 Metaspace       used 7109K, committed 7296K, reserved 1114112K
  class space    used 609K, committed 704K, reserved 1048576K
}
Event: 1.157 GC heap after
{Heap after GC invocations=1 (full 0):
 garbage-first heap   total 131072K, used 3509K [0x0000000080000000, 0x0000000100000000)
  region size 1024K, 2 young (2048K), 2 survivors (2048K)
 Metaspace       used 7109K, committed 7296K, reserved 1114112K
  class space    used 609K, committed 704K, reserved 1048576K
}
Event: 2.332 GC heap before
{Heap before GC invocations=1 (full 0):
 garbage-first heap   total 131072K, used 21941K [0x0000000080000000, 0x0000000100000000)
  region size 1024K, 18 young (18432K), 2 survivors (2048K)
 Metaspace       used 11100K, committed 11328K, reserved 1114112K
  class space    used 1160K, committed 1280K, reserved 1048576K
}
Event: 2.339 GC heap after
{Heap after GC invocations=2 (full 0):
 garbage-first heap   total 131072K, used 9526K [0x0000000080000000, 0x0000000100000000)
  region size 1024K, 3 young (3072K), 3 survivors (3072K)
 Metaspace       used 11100K, committed 11328K, reserved 1114112K
  class space    used 1160K, committed 1280K, reserved 1048576K
}
Event: 3.075 GC heap before
{Heap before GC invocations=2 (full 0):
 garbage-first heap   total 131072K, used 31030K [0x0000000080000000, 0x0000000100000000)
  region size 1024K, 24 young (24576K), 3 survivors (3072K)
 Metaspace       used 11205K, committed 11392K, reserved 1114112K
  class space    used 1161K, committed 1280K, reserved 1048576K
}
Event: 3.081 GC heap after
{Heap after GC invocations=3 (full 0):
 garbage-first heap   total 131072K, used 13015K [0x0000000080000000, 0x0000000100000000)
  region size 1024K, 3 young (3072K), 3 survivors (3072K)
 Metaspace       used 11205K, committed 11392K, reserved 1114112K
  class space    used 1161K, committed 1280K, reserved 1048576K
}
Event: 6.170 GC heap before
{Heap before GC invocations=3 (full 0):
 garbage-first heap   total 131072K, used 51927K [0x0000000080000000, 0x0000000100000000)
  region size 1024K, 42 young (43008K), 3 survivors (3072K)
 Metaspace       used 21263K, committed 21504K, reserved 1114112K
  class space    used 2546K, committed 2688K, reserved 1048576K
}
Event: 6.182 GC heap after
{Heap after GC invocations=4 (full 0):
 garbage-first heap   total 131072K, used 17747K [0x0000000080000000, 0x0000000100000000)
  region size 1024K, 8 young (8192K), 8 survivors (8192K)
 Metaspace       used 21263K, committed 21504K, reserved 1114112K
  class space    used 2546K, committed 2688K, reserved 1048576K
}
Event: 7.576 GC heap before
{Heap before GC invocations=5 (full 0):
 garbage-first heap   total 65536K, used 48467K [0x0000000080000000, 0x0000000100000000)
  region size 1024K, 38 young (38912K), 8 survivors (8192K)
 Metaspace       used 26341K, committed 26688K, reserved 1114112K
  class space    used 3446K, committed 3584K, reserved 1048576K
}
Event: 7.589 GC heap after
{Heap after GC invocations=6 (full 0):
 garbage-first heap   total 65536K, used 19383K [0x0000000080000000, 0x0000000100000000)
  region size 1024K, 3 young (3072K), 3 survivors (3072K)
 Metaspace       used 26341K, committed 26688K, reserved 1114112K
  class space    used 3446K, committed 3584K, reserved 1048576K
}
Event: 8.812 GC heap before
{Heap before GC invocations=6 (full 0):
 garbage-first heap   total 65536K, used 44983K [0x0000000080000000, 0x0000000100000000)
  region size 1024K, 28 young (28672K), 3 survivors (3072K)
 Metaspace       used 30381K, committed 30656K, reserved 1114112K
  class space    used 4100K, committed 4224K, reserved 1048576K
}
Event: 8.818 GC heap after
{Heap after GC invocations=7 (full 0):
 garbage-first heap   total 65536K, used 20570K [0x0000000080000000, 0x0000000100000000)
  region size 1024K, 4 young (4096K), 4 survivors (4096K)
 Metaspace       used 30381K, committed 30656K, reserved 1114112K
  class space    used 4100K, committed 4224K, reserved 1048576K
}
Event: 10.286 GC heap before
{Heap before GC invocations=7 (full 0):
 garbage-first heap   total 65536K, used 46170K [0x0000000080000000, 0x0000000100000000)
  region size 1024K, 29 young (29696K), 4 survivors (4096K)
 Metaspace       used 34810K, committed 35136K, reserved 1114112K
  class space    used 4699K, committed 4864K, reserved 1048576K
}
Event: 10.297 GC heap after
{Heap after GC invocations=8 (full 0):
 garbage-first heap   total 65536K, used 22409K [0x0000000080000000, 0x0000000100000000)
  region size 1024K, 4 young (4096K), 4 survivors (4096K)
 Metaspace       used 34810K, committed 35136K, reserved 1114112K
  class space    used 4699K, committed 4864K, reserved 1048576K
}
Event: 10.429 GC heap before
{Heap before GC invocations=8 (full 0):
 garbage-first heap   total 65536K, used 24457K [0x0000000080000000, 0x0000000100000000)
  region size 1024K, 7 young (7168K), 4 survivors (4096K)
 Metaspace       used 35729K, committed 35968K, reserved 1114112K
  class space    used 4753K, committed 4864K, reserved 1048576K
}
Event: 10.439 GC heap after
{Heap after GC invocations=9 (full 0):
 garbage-first heap   total 65536K, used 23074K [0x0000000080000000, 0x0000000100000000)
  region size 1024K, 3 young (3072K), 3 survivors (3072K)
 Metaspace       used 35729K, committed 35968K, reserved 1114112K
  class space    used 4753K, committed 4864K, reserved 1048576K
}
Event: 11.286 GC heap before
{Heap before GC invocations=10 (full 0):
 garbage-first heap   total 65536K, used 45602K [0x0000000080000000, 0x0000000100000000)
  region size 1024K, 26 young (26624K), 3 survivors (3072K)
 Metaspace       used 38779K, committed 39040K, reserved 1114112K
  class space    used 5108K, committed 5248K, reserved 1048576K
}
Event: 11.297 GC heap after
{Heap after GC invocations=11 (full 0):
 garbage-first heap   total 65536K, used 26111K [0x0000000080000000, 0x0000000100000000)
  region size 1024K, 4 young (4096K), 4 survivors (4096K)
 Metaspace       used 38779K, committed 39040K, reserved 1114112K
  class space    used 5108K, committed 5248K, reserved 1048576K
}

Dll operation events (2 events):
Event: 0.021 Loaded shared library C:\Program Files\Android\Android Studio\jbr\bin\java.dll
Event: 1.077 Loaded shared library C:\Program Files\Android\Android Studio\jbr\bin\verify.dll

Deoptimization events (20 events):
Event: 11.689 Thread 0x000002b98532e9f0 Uncommon trap: trap_request=0xffffffde fr.pc=0x000002b9f18d4e64 relative=0x0000000000000404
Event: 11.689 Thread 0x000002b98532e9f0 Uncommon trap: reason=class_check action=maybe_recompile pc=0x000002b9f18d4e64 method=java.util.regex.Pattern$Start.match(Ljava/util/regex/Matcher;ILjava/lang/CharSequence;)Z @ 44 c2
Event: 11.689 Thread 0x000002b98532e9f0 DEOPT PACKING pc=0x000002b9f18d4e64 sp=0x000000c0e24f8b30
Event: 11.689 Thread 0x000002b98532e9f0 DEOPT UNPACKING pc=0x000002b9f11a69a3 sp=0x000000c0e24f89f8 mode 2
Event: 11.697 Thread 0x000002b98532e9f0 Uncommon trap: trap_request=0xffffffbe fr.pc=0x000002b9f18a26ac relative=0x000000000000016c
Event: 11.697 Thread 0x000002b98532e9f0 Uncommon trap: reason=profile_predicate action=maybe_recompile pc=0x000002b9f18a26ac method=java.util.AbstractCollection.addAll(Ljava/util/Collection;)Z @ 15 c2
Event: 11.697 Thread 0x000002b98532e9f0 DEOPT PACKING pc=0x000002b9f18a26ac sp=0x000000c0e24f9590
Event: 11.697 Thread 0x000002b98532e9f0 DEOPT UNPACKING pc=0x000002b9f11a69a3 sp=0x000000c0e24f9528 mode 2
Event: 11.727 Thread 0x000002b98532e9f0 Uncommon trap: trap_request=0xffffffde fr.pc=0x000002b9f18d4e64 relative=0x0000000000000404
Event: 11.727 Thread 0x000002b98532e9f0 Uncommon trap: reason=class_check action=maybe_recompile pc=0x000002b9f18d4e64 method=java.util.regex.Pattern$Start.match(Ljava/util/regex/Matcher;ILjava/lang/CharSequence;)Z @ 44 c2
Event: 11.727 Thread 0x000002b98532e9f0 DEOPT PACKING pc=0x000002b9f18d4e64 sp=0x000000c0e24f9270
Event: 11.727 Thread 0x000002b98532e9f0 DEOPT UNPACKING pc=0x000002b9f11a69a3 sp=0x000000c0e24f9138 mode 2
Event: 11.728 Thread 0x000002b98532e9f0 Uncommon trap: trap_request=0xffffffde fr.pc=0x000002b9f18d4e64 relative=0x0000000000000404
Event: 11.728 Thread 0x000002b98532e9f0 Uncommon trap: reason=class_check action=maybe_recompile pc=0x000002b9f18d4e64 method=java.util.regex.Pattern$Start.match(Ljava/util/regex/Matcher;ILjava/lang/CharSequence;)Z @ 44 c2
Event: 11.728 Thread 0x000002b98532e9f0 DEOPT PACKING pc=0x000002b9f18d4e64 sp=0x000000c0e24f9270
Event: 11.728 Thread 0x000002b98532e9f0 DEOPT UNPACKING pc=0x000002b9f11a69a3 sp=0x000000c0e24f9138 mode 2
Event: 11.729 Thread 0x000002b98532e9f0 Uncommon trap: trap_request=0xffffffde fr.pc=0x000002b9f18ce0d4 relative=0x00000000000003f4
Event: 11.729 Thread 0x000002b98532e9f0 Uncommon trap: reason=class_check action=maybe_recompile pc=0x000002b9f18ce0d4 method=java.util.regex.Pattern$Start.match(Ljava/util/regex/Matcher;ILjava/lang/CharSequence;)Z @ 44 c2
Event: 11.729 Thread 0x000002b98532e9f0 DEOPT PACKING pc=0x000002b9f18ce0d4 sp=0x000000c0e24f91f0
Event: 11.729 Thread 0x000002b98532e9f0 DEOPT UNPACKING pc=0x000002b9f11a69a3 sp=0x000000c0e24f9130 mode 2

Classes unloaded (0 events):
No events

Classes redefined (0 events):
No events

Internal exceptions (20 events):
Event: 11.649 Thread 0x000002b98532e9f0 Exception <a 'java/lang/ClassNotFoundException'{0x00000000850f82b8}: groovy/lang/BindingBeanInfo> (0x00000000850f82b8) 
thrown [s\src\hotspot\share\classfile\systemDictionary.cpp, line 256]
Event: 11.650 Thread 0x000002b98532e9f0 Exception <a 'java/lang/ClassNotFoundException'{0x0000000084f0ee58}: groovy/lang/BindingCustomizer> (0x0000000084f0ee58) 
thrown [s\src\hotspot\share\classfile\systemDictionary.cpp, line 256]
Event: 11.676 Thread 0x000002b98532e9f0 Exception <a 'java/lang/ClassNotFoundException'{0x0000000084e646d8}: settings_6kx0xqm9xfmlfstu8ujv00t4bBeanInfo> (0x0000000084e646d8) 
thrown [s\src\hotspot\share\classfile\systemDictionary.cpp, line 256]
Event: 11.677 Thread 0x000002b98532e9f0 Exception <a 'java/lang/ClassNotFoundException'{0x0000000084e6e9a0}: org/gradle/initialization/SettingsScriptBeanInfo> (0x0000000084e6e9a0) 
thrown [s\src\hotspot\share\classfile\systemDictionary.cpp, line 256]
Event: 11.678 Thread 0x000002b98532e9f0 Exception <a 'java/lang/ClassNotFoundException'{0x0000000084e78da8}: org/gradle/plugin/use/internal/PluginsAwareScriptBeanInfo> (0x0000000084e78da8) 
thrown [s\src\hotspot\share\classfile\systemDictionary.cpp, line 256]
Event: 11.678 Thread 0x000002b98532e9f0 Exception <a 'java/lang/ClassNotFoundException'{0x0000000084e83360}: org/gradle/groovy/scripts/DefaultScriptBeanInfo> (0x0000000084e83360) 
thrown [s\src\hotspot\share\classfile\systemDictionary.cpp, line 256]
Event: 11.679 Thread 0x000002b98532e9f0 Exception <a 'java/lang/ClassNotFoundException'{0x0000000084e8d8d0}: org/gradle/groovy/scripts/BasicScriptBeanInfo> (0x0000000084e8d8d0) 
thrown [s\src\hotspot\share\classfile\systemDictionary.cpp, line 256]
Event: 11.679 Thread 0x000002b98532e9f0 Exception <a 'java/lang/ClassNotFoundException'{0x0000000084e97dd0}: org/gradle/groovy/scripts/ScriptBeanInfo> (0x0000000084e97dd0) 
thrown [s\src\hotspot\share\classfile\systemDictionary.cpp, line 256]
Event: 11.680 Thread 0x000002b98532e9f0 Exception <a 'java/lang/ClassNotFoundException'{0x0000000084eaf798}: groovy/lang/ScriptBeanInfo> (0x0000000084eaf798) 
thrown [s\src\hotspot\share\classfile\systemDictionary.cpp, line 256]
Event: 11.681 Thread 0x000002b98532e9f0 Exception <a 'java/lang/ClassNotFoundException'{0x0000000084ec73d8}: groovy/lang/ScriptCustomizer> (0x0000000084ec73d8) 
thrown [s\src\hotspot\share\classfile\systemDictionary.cpp, line 256]
Event: 11.683 Thread 0x000002b98532e9f0 Exception <a 'java/lang/ClassNotFoundException'{0x0000000084ed95f0}: org/gradle/groovy/scripts/ScriptCustomizer> (0x0000000084ed95f0) 
thrown [s\src\hotspot\share\classfile\systemDictionary.cpp, line 256]
Event: 11.685 Thread 0x000002b98532e9f0 Exception <a 'java/lang/ClassNotFoundException'{0x0000000084eea830}: org/gradle/groovy/scripts/BasicScriptCustomizer> (0x0000000084eea830) 
thrown [s\src\hotspot\share\classfile\systemDictionary.cpp, line 256]
Event: 11.688 Thread 0x000002b98532e9f0 Exception <a 'java/lang/ClassNotFoundException'{0x0000000083601b98}: org/gradle/groovy/scripts/DefaultScriptCustomizer> (0x0000000083601b98) 
thrown [s\src\hotspot\share\classfile\systemDictionary.cpp, line 256]
Event: 11.693 Thread 0x000002b98532e9f0 Exception <a 'java/lang/ClassNotFoundException'{0x0000000083629df8}: org/gradle/plugin/use/internal/PluginsAwareScriptCustomizer> (0x0000000083629df8) 
thrown [s\src\hotspot\share\classfile\systemDictionary.cpp, line 256]
Event: 11.694 Thread 0x000002b98532e9f0 Exception <a 'java/lang/ClassNotFoundException'{0x000000008363b740}: org/gradle/initialization/SettingsScriptCustomizer> (0x000000008363b740) 
thrown [s\src\hotspot\share\classfile\systemDictionary.cpp, line 256]
Event: 11.696 Thread 0x000002b98532e9f0 Exception <a 'java/lang/ClassNotFoundException'{0x00000000836489b8}: settings_6kx0xqm9xfmlfstu8ujv00t4bCustomizer> (0x00000000836489b8) 
thrown [s\src\hotspot\share\classfile\systemDictionary.cpp, line 256]
Event: 11.721 Thread 0x000002b98532e9f0 Exception <a 'java/lang/ClassNotFoundException'{0x00000000836d7518}: groovy/lang/Closure$1BeanInfo> (0x00000000836d7518) 
thrown [s\src\hotspot\share\classfile\systemDictionary.cpp, line 256]
Event: 11.723 Thread 0x000002b98532e9f0 Exception <a 'java/lang/ClassNotFoundException'{0x00000000836f9780}: groovy/lang/ClosureBeanInfo> (0x00000000836f9780) 
thrown [s\src\hotspot\share\classfile\systemDictionary.cpp, line 256]
Event: 11.724 Thread 0x000002b98532e9f0 Exception <a 'java/lang/ClassNotFoundException'{0x000000008351be10}: groovy/lang/ClosureCustomizer> (0x000000008351be10) 
thrown [s\src\hotspot\share\classfile\systemDictionary.cpp, line 256]
Event: 11.733 Thread 0x000002b98532e9f0 Exception <a 'java/lang/ClassNotFoundException'{0x0000000083562060}: groovy/lang/Closure$1Customizer> (0x0000000083562060) 
thrown [s\src\hotspot\share\classfile\systemDictionary.cpp, line 256]

VM Operations (20 events):
Event: 10.515 Executing VM operation: HandshakeAllThreads
Event: 10.515 Executing VM operation: HandshakeAllThreads done
Event: 10.539 Executing VM operation: G1PauseCleanup
Event: 10.558 Executing VM operation: G1PauseCleanup done
Event: 10.804 Executing VM operation: HandshakeAllThreads
Event: 10.804 Executing VM operation: HandshakeAllThreads done
Event: 10.805 Executing VM operation: HandshakeAllThreads
Event: 10.805 Executing VM operation: HandshakeAllThreads done
Event: 10.814 Executing VM operation: HandshakeAllThreads
Event: 10.814 Executing VM operation: HandshakeAllThreads done
Event: 11.075 Executing VM operation: HandshakeAllThreads
Event: 11.076 Executing VM operation: HandshakeAllThreads done
Event: 11.286 Executing VM operation: G1CollectForAllocation
Event: 11.297 Executing VM operation: G1CollectForAllocation done
Event: 11.362 Executing VM operation: G1PauseRemark
Event: 11.366 Executing VM operation: G1PauseRemark done
Event: 11.391 Executing VM operation: G1PauseCleanup
Event: 11.405 Executing VM operation: G1PauseCleanup done
Event: 11.532 Executing VM operation: HandshakeAllThreads
Event: 11.532 Executing VM operation: HandshakeAllThreads done

Events (20 events):
Event: 11.585 loading class sun/nio/fs/WindowsPath$1
Event: 11.585 loading class sun/nio/fs/WindowsPath$1 done
Event: 11.635 loading class java/util/stream/Streams$RangeIntSpliterator
Event: 11.636 loading class java/util/stream/Streams$RangeIntSpliterator done
Event: 11.638 loading class java/util/stream/IntPipeline$1
Event: 11.638 loading class java/util/stream/IntPipeline$1 done
Event: 11.639 loading class java/util/stream/Nodes$FixedNodeBuilder
Event: 11.640 loading class java/util/stream/Nodes$ArrayNode
Event: 11.640 loading class java/util/stream/Nodes$ArrayNode done
Event: 11.640 loading class java/util/stream/Nodes$FixedNodeBuilder done
Event: 11.641 loading class java/util/stream/IntPipeline$1$1
Event: 11.641 loading class java/util/stream/IntPipeline$1$1 done
Event: 11.733 loading class com/sun/beans/finder/MethodFinder
Event: 11.734 loading class com/sun/beans/finder/AbstractFinder
Event: 11.734 loading class com/sun/beans/finder/AbstractFinder done
Event: 11.734 loading class com/sun/beans/finder/MethodFinder done
Event: 11.734 loading class com/sun/beans/finder/MethodFinder$1
Event: 11.735 loading class com/sun/beans/finder/MethodFinder$1 done
Event: 11.735 loading class com/sun/beans/finder/FinderUtils
Event: 11.735 loading class com/sun/beans/finder/FinderUtils done


Dynamic libraries:
0x00007ff63e3d0000 - 0x00007ff63e3da000 	C:\Program Files\Android\Android Studio\jbr\bin\java.exe
0x00007ffd42b70000 - 0x00007ffd42d68000 	C:\Windows\SYSTEM32\ntdll.dll
0x00007ffd41d70000 - 0x00007ffd41e32000 	C:\Windows\System32\KERNEL32.DLL
0x00007ffd40490000 - 0x00007ffd4078f000 	C:\Windows\System32\KERNELBASE.dll
0x00007ffd40840000 - 0x00007ffd40940000 	C:\Windows\System32\ucrtbase.dll
0x00007ffd24150000 - 0x00007ffd24167000 	C:\Program Files\Android\Android Studio\jbr\bin\jli.dll
0x00007ffd38440000 - 0x00007ffd3845b000 	C:\Program Files\Android\Android Studio\jbr\bin\VCRUNTIME140.dll
0x00007ffd35ca0000 - 0x00007ffd35f3a000 	C:\Windows\WinSxS\amd64_microsoft.windows.common-controls_6595b64144ccf1df_6.0.19041.4355_none_60b8b9eb71f62e16\COMCTL32.dll
0x00007ffd40eb0000 - 0x00007ffd4104d000 	C:\Windows\System32\USER32.dll
0x00007ffd42490000 - 0x00007ffd4252e000 	C:\Windows\System32\msvcrt.dll
0x00007ffd40940000 - 0x00007ffd40962000 	C:\Windows\System32\win32u.dll
0x00007ffd42460000 - 0x00007ffd4248b000 	C:\Windows\System32\GDI32.dll
0x00007ffd40370000 - 0x00007ffd4048a000 	C:\Windows\System32\gdi32full.dll
0x00007ffd409f0000 - 0x00007ffd40a8d000 	C:\Windows\System32\msvcp_win.dll
0x00007ffd40cf0000 - 0x00007ffd40d1f000 	C:\Windows\System32\IMM32.DLL
0x00007ffd38270000 - 0x00007ffd3827c000 	C:\Program Files\Android\Android Studio\jbr\bin\vcruntime140_1.dll
0x00007ffd1f940000 - 0x00007ffd1f9cd000 	C:\Program Files\Android\Android Studio\jbr\bin\msvcp140.dll
0x00007ffd0fdd0000 - 0x00007ffd10a53000 	C:\Program Files\Android\Android Studio\jbr\bin\server\jvm.dll
0x00007ffd41050000 - 0x00007ffd410ff000 	C:\Windows\System32\ADVAPI32.dll
0x00007ffd41e40000 - 0x00007ffd41edf000 	C:\Windows\System32\sechost.dll
0x00007ffd413e0000 - 0x00007ffd41503000 	C:\Windows\System32\RPCRT4.dll
0x00007ffd409c0000 - 0x00007ffd409e7000 	C:\Windows\System32\bcrypt.dll
0x00007ffd40070000 - 0x00007ffd400bb000 	C:\Windows\SYSTEM32\POWRPROF.dll
0x00007ffd38420000 - 0x00007ffd38429000 	C:\Windows\SYSTEM32\WSOCK32.dll
0x00007ffd42ac0000 - 0x00007ffd42b2b000 	C:\Windows\System32\WS2_32.dll
0x00007ffd3b420000 - 0x00007ffd3b447000 	C:\Windows\SYSTEM32\WINMM.dll
0x00007ffd31bd0000 - 0x00007ffd31bda000 	C:\Windows\SYSTEM32\VERSION.dll
0x00007ffd40050000 - 0x00007ffd40062000 	C:\Windows\SYSTEM32\UMPDC.dll
0x00007ffd3e090000 - 0x00007ffd3e0a2000 	C:\Windows\SYSTEM32\kernel.appcore.dll
0x00007ffd2f710000 - 0x00007ffd2f71a000 	C:\Program Files\Android\Android Studio\jbr\bin\jimage.dll
0x00007ffd30240000 - 0x00007ffd30424000 	C:\Windows\SYSTEM32\DBGHELP.DLL
0x00007ffd30080000 - 0x00007ffd300b4000 	C:\Windows\SYSTEM32\dbgcore.DLL
0x00007ffd40a90000 - 0x00007ffd40b12000 	C:\Windows\System32\bcryptPrimitives.dll
0x00007ffd2c140000 - 0x00007ffd2c165000 	C:\Program Files\Android\Android Studio\jbr\bin\java.dll
0x00007ffd28850000 - 0x00007ffd28868000 	C:\Program Files\Android\Android Studio\jbr\bin\zip.dll
0x00007ffd41600000 - 0x00007ffd41d6d000 	C:\Windows\System32\SHELL32.dll
0x00007ffd3e290000 - 0x00007ffd3ea34000 	C:\Windows\SYSTEM32\windows.storage.dll
0x00007ffd42760000 - 0x00007ffd42ab5000 	C:\Windows\System32\combase.dll
0x00007ffd3fb70000 - 0x00007ffd3fb9b000 	C:\Windows\SYSTEM32\Wldp.dll
0x00007ffd40b90000 - 0x00007ffd40c5d000 	C:\Windows\System32\OLEAUT32.dll
0x00007ffd42590000 - 0x00007ffd4263d000 	C:\Windows\System32\SHCORE.dll
0x00007ffd42640000 - 0x00007ffd42695000 	C:\Windows\System32\shlwapi.dll
0x00007ffd40140000 - 0x00007ffd40165000 	C:\Windows\SYSTEM32\profapi.dll
0x00007ffd27410000 - 0x00007ffd27429000 	C:\Program Files\Android\Android Studio\jbr\bin\net.dll
0x00007ffd391f0000 - 0x00007ffd392fa000 	C:\Windows\SYSTEM32\WINHTTP.dll
0x00007ffd3f8d0000 - 0x00007ffd3f93c000 	C:\Windows\system32\mswsock.dll
0x00007ffd24930000 - 0x00007ffd24946000 	C:\Program Files\Android\Android Studio\jbr\bin\nio.dll
0x00007ffd28840000 - 0x00007ffd28850000 	C:\Program Files\Android\Android Studio\jbr\bin\verify.dll
0x00007ffd35420000 - 0x00007ffd35447000 	C:\Users\Lenovo\.gradle\native\e1d6ef7f7dcc3fd88c89a11ec53ec762bb8ba0a96d01ffa2cd45eb1d1d8dd5c5\windows-amd64\native-platform.dll
0x00007ffd15c10000 - 0x00007ffd15d54000 	C:\Users\Lenovo\.gradle\native\0d407fdbe67a94daf76414ababcb853783967236a71b16ec16e742cd7a986fd3\windows-amd64\native-platform-file-events.dll
0x00007ffd2e9c0000 - 0x00007ffd2e9c9000 	C:\Program Files\Android\Android Studio\jbr\bin\management.dll
0x00007ffd2c130000 - 0x00007ffd2c13b000 	C:\Program Files\Android\Android Studio\jbr\bin\management_ext.dll
0x00007ffd40d20000 - 0x00007ffd40d28000 	C:\Windows\System32\PSAPI.DLL
0x00007ffd3fad0000 - 0x00007ffd3fae8000 	C:\Windows\SYSTEM32\CRYPTSP.dll
0x00007ffd3f1f0000 - 0x00007ffd3f228000 	C:\Windows\system32\rsaenh.dll
0x00007ffd40100000 - 0x00007ffd4012e000 	C:\Windows\SYSTEM32\USERENV.dll
0x00007ffd3fac0000 - 0x00007ffd3facc000 	C:\Windows\SYSTEM32\CRYPTBASE.dll
0x00007ffd3f5b0000 - 0x00007ffd3f5eb000 	C:\Windows\SYSTEM32\IPHLPAPI.DLL
0x00007ffd426a0000 - 0x00007ffd426a8000 	C:\Windows\System32\NSI.dll
0x00007ffd395f0000 - 0x00007ffd39607000 	C:\Windows\SYSTEM32\dhcpcsvc6.DLL
0x00007ffd3a430000 - 0x00007ffd3a44d000 	C:\Windows\SYSTEM32\dhcpcsvc.DLL
0x00007ffd3f5f0000 - 0x00007ffd3f6ba000 	C:\Windows\SYSTEM32\DNSAPI.dll
0x00007ffd2f700000 - 0x00007ffd2f709000 	C:\Program Files\Android\Android Studio\jbr\bin\extnet.dll
0x00007ffd27470000 - 0x00007ffd27477000 	C:\Windows\system32\wshunix.dll

dbghelp: loaded successfully - version: 4.0.5 - missing functions: none
symbol engine: initialized successfully - sym options: 0x614 - pdb path: .;C:\Program Files\Android\Android Studio\jbr\bin;C:\Windows\SYSTEM32;C:\Windows\WinSxS\amd64_microsoft.windows.common-controls_6595b64144ccf1df_6.0.19041.4355_none_60b8b9eb71f62e16;C:\Program Files\Android\Android Studio\jbr\bin\server;C:\Users\Lenovo\.gradle\native\e1d6ef7f7dcc3fd88c89a11ec53ec762bb8ba0a96d01ffa2cd45eb1d1d8dd5c5\windows-amd64;C:\Users\Lenovo\.gradle\native\0d407fdbe67a94daf76414ababcb853783967236a71b16ec16e742cd7a986fd3\windows-amd64

VM Arguments:
jvm_args: --add-opens=java.base/java.util=ALL-UNNAMED --add-opens=java.base/java.lang=ALL-UNNAMED --add-opens=java.base/java.lang.invoke=ALL-UNNAMED --add-opens=java.base/java.util=ALL-UNNAMED --add-opens=java.prefs/java.util.prefs=ALL-UNNAMED --add-opens=java.prefs/java.util.prefs=ALL-UNNAMED --add-opens=java.base/java.nio.charset=ALL-UNNAMED --add-opens=java.base/java.net=ALL-UNNAMED --add-opens=java.base/java.util.concurrent.atomic=ALL-UNNAMED -Xmx2048m -Dfile.encoding=UTF-8 -Duser.country=US -Duser.language=en -Duser.variant 
java_command: org.gradle.launcher.daemon.bootstrap.GradleDaemon 7.5
java_class_path (initial): C:\Users\Lenovo\.gradle\wrapper\dists\gradle-7.5-bin\f1w0cc9nuo0eivz97x2xlu9sv\gradle-7.5\lib\gradle-launcher-7.5.jar
Launcher Type: SUN_STANDARD

[Global flags]
     intx CICompilerCount                          = 3                                         {product} {ergonomic}
     uint ConcGCThreads                            = 1                                         {product} {ergonomic}
     uint G1ConcRefinementThreads                  = 4                                         {product} {ergonomic}
   size_t G1HeapRegionSize                         = 1048576                                   {product} {ergonomic}
    uintx GCDrainStackTargetSize                   = 64                                        {product} {ergonomic}
   size_t InitialHeapSize                          = 134217728                                 {product} {ergonomic}
   size_t MarkStackSize                            = 4194304                                   {product} {ergonomic}
   size_t MaxHeapSize                              = 2147483648                                {product} {command line}
   size_t MaxNewSize                               = 1287651328                                {product} {ergonomic}
   size_t MinHeapDeltaBytes                        = 1048576                                   {product} {ergonomic}
   size_t MinHeapSize                              = 8388608                                   {product} {ergonomic}
    uintx NonNMethodCodeHeapSize                   = 5832780                                {pd product} {ergonomic}
    uintx NonProfiledCodeHeapSize                  = 122912730                              {pd product} {ergonomic}
    uintx ProfiledCodeHeapSize                     = 122912730                              {pd product} {ergonomic}
    uintx ReservedCodeCacheSize                    = 251658240                              {pd product} {ergonomic}
     bool SegmentedCodeCache                       = true                                      {product} {ergonomic}
   size_t SoftMaxHeapSize                          = 2147483648                             {manageable} {ergonomic}
     bool UseCompressedClassPointers               = true                           {product lp64_product} {ergonomic}
     bool UseCompressedOops                        = true                           {product lp64_product} {ergonomic}
     bool UseG1GC                                  = true                                      {product} {ergonomic}
     bool UseLargePagesIndividualAllocation        = false                                  {pd product} {ergonomic}

Logging:
Log output configuration:
 #0: stdout all=warning uptime,level,tags
 #1: stderr all=off uptime,level,tags

Environment Variables:
PATH=C:\Program Files\Common Files\Oracle\Java\javapath;C:\Windows\system32;C:\Windows;C:\Windows\System32\Wbem;C:\Windows\System32\WindowsPowerShell\v1.0\;C:\Windows\System32\OpenSSH\;C:\Program Files\Java\jdk-23\bin;C:\Program Files\Git\cmd;C:\MinGW\bin;C:\Program Files\dotnet\;C:\Users\Lenovo\AppData\Local\Programs\Python\Python312\Scripts\;C:\Users\Lenovo\AppData\Local\Programs\Python\Python312\;C:\Users\Lenovo\AppData\Local\Programs\Python\Python313\Scripts\;C:\Users\Lenovo\AppData\Local\Programs\Python\Python313\;C:\Users\Lenovo\AppData\Local\Microsoft\WindowsApps;C:\Users\Lenovo\AppData\Local\Programs\Microsoft VS Code\bin;
USERNAME=Lenovo
OS=Windows_NT
PROCESSOR_IDENTIFIER=Intel64 Family 6 Model 61 Stepping 4, GenuineIntel
TMP=C:\Users\Lenovo\AppData\Local\Temp
TEMP=C:\Users\Lenovo\AppData\Local\Temp



Periodic native trim disabled

JNI global refs:
JNI global refs: 23, weak refs: 1

JNI global refs memory usage: 843, weak refs: 841

Process memory usage:
Resident Set Size: 215224K (2% of 8304292K total physical memory with 437696K free physical memory)

OOME stack traces (most recent first):
Classloader memory used:
Loader org.gradle.internal.classloader.VisitableURLClassLoader                         : 2366K
Loader bootstrap                                                                       : 2273K
Loader org.gradle.initialization.MixInLegacyTypesClassLoader                           : 394K
Loader jdk.internal.loader.ClassLoaders$PlatformClassLoader                            : 64972B
Loader jdk.internal.loader.ClassLoaders$AppClassLoader                                 : 25675B
Loader jdk.internal.reflect.DelegatingClassLoader                                      : 3132B
Loader org.gradle.groovy.scripts.internal.DefaultScriptCompilationHandler$ScriptClassLoader: 2230B

Classes loaded by more than one classloader:
Class org.gradle.internal.installation.GradleInstallation                             : loaded 2 times (x 73B)
Class org.gradle.internal.classpath.ClassPath                                         : loaded 2 times (x 68B)
Class org.gradle.api.internal.classpath.DefaultModuleRegistry                         : loaded 2 times (x 84B)
Class org.gradle.api.Action                                                           : loaded 2 times (x 68B)
Class org.gradle.api.internal.DefaultClassPathProvider                                : loaded 2 times (x 74B)
Class org.gradle.internal.installation.GradleInstallation$1                           : loaded 2 times (x 73B)
Class org.gradle.internal.classloader.FilteringClassLoader                            : loaded 2 times (x 103B)
Class org.gradle.internal.classpath.DefaultClassPath$ImmutableUniqueList$Builder      : loaded 2 times (x 73B)
Class org.gradle.internal.classloader.ClassLoaderVisitor                              : loaded 2 times (x 74B)
Class org.gradle.internal.service.DefaultServiceLocator                               : loaded 2 times (x 81B)
Class org.gradle.internal.service.UnknownServiceException                             : loaded 2 times (x 81B)
Class org.gradle.internal.classloader.DefaultClassLoaderFactory                       : loaded 2 times (x 80B)
Class org.gradle.internal.classloader.VisitableURLClassLoader$Spec                    : loaded 2 times (x 72B)
Class org.gradle.api.GradleException                                                  : loaded 2 times (x 80B)
Class org.gradle.api.internal.classpath.ModuleRegistry                                : loaded 2 times (x 68B)
Class org.gradle.api.internal.ClassPathProvider                                       : loaded 2 times (x 68B)
Class org.gradle.internal.classloader.ClasspathUtil$1                                 : loaded 2 times (x 74B)
Class org.gradle.internal.classloader.ClassLoaderFactory                              : loaded 2 times (x 68B)
Class org.gradle.api.internal.classpath.ManifestUtil                                  : loaded 2 times (x 69B)
Class org.gradle.api.specs.Spec                                                       : loaded 2 times (x 68B)
Class org.gradle.internal.IoActions                                                   : loaded 2 times (x 69B)
Class org.gradle.api.internal.classpath.EffectiveClassPath                            : loaded 2 times (x 88B)
Class org.gradle.internal.installation.CurrentGradleInstallation                      : loaded 2 times (x 71B)
Class org.gradle.internal.installation.CurrentGradleInstallationLocator               : loaded 2 times (x 69B)
Class org.gradle.api.internal.classpath.Module                                        : loaded 2 times (x 68B)
Class org.gradle.internal.service.CachingServiceLocator                               : loaded 2 times (x 80B)
Class org.gradle.internal.classpath.DefaultClassPath                                  : loaded 2 times (x 88B)
Class org.gradle.api.Transformer                                                      : loaded 2 times (x 68B)
Class org.gradle.internal.classloader.SystemClassLoaderSpec                           : loaded 2 times (x 69B)
Class org.gradle.api.UncheckedIOException                                             : loaded 2 times (x 80B)
Class org.gradle.internal.classloader.ClasspathUtil                                   : loaded 2 times (x 69B)
Class org.gradle.api.internal.DefaultClassPathRegistry                                : loaded 2 times (x 74B)
Class org.gradle.api.internal.classpath.DefaultModuleRegistry$DefaultModule           : loaded 2 times (x 84B)
Class org.gradle.api.internal.classpath.UnknownModuleException                        : loaded 2 times (x 80B)
Class org.gradle.internal.service.ServiceLookupException                              : loaded 2 times (x 80B)
Class org.gradle.cache.GlobalCache                                                    : loaded 2 times (x 68B)
Class [Lorg.gradle.api.internal.ClassPathProvider;                                    : loaded 2 times (x 67B)
Class org.gradle.util.internal.GUtil                                                  : loaded 2 times (x 69B)
Class org.gradle.internal.classloader.ClassLoaderSpec                                 : loaded 2 times (x 69B)
Class org.gradle.internal.classloader.VisitableURLClassLoader                         : loaded 2 times (x 115B)
Class org.gradle.internal.Cast                                                        : loaded 2 times (x 69B)
Class org.gradle.api.internal.ClassPathRegistry                                       : loaded 2 times (x 68B)
Class org.gradle.internal.classloader.ClassLoaderHierarchy                            : loaded 2 times (x 68B)
Class org.gradle.internal.service.ServiceLocator                                      : loaded 2 times (x 68B)
Class org.gradle.internal.classpath.DefaultClassPath$ImmutableUniqueList              : loaded 2 times (x 159B)


---------------  S Y S T E M  ---------------

OS:
 Windows 10 , 64 bit Build 19041 (10.0.19041.5438)
OS uptime: 3 days 23:56 hours

CPU: total 4 (initial active 4) (2 cores per cpu, 2 threads per core) family 6 model 61 stepping 4 microcode 0x2d, cx8, cmov, fxsr, ht, mmx, 3dnowpref, sse, sse2, sse3, ssse3, sse4.1, sse4.2, popcnt, lzcnt, tsc, tscinvbit, avx, avx2, aes, erms, clmul, bmi1, bmi2, adx, fma, vzeroupper, clflush
Processor Information for all 4 processors :
  Max Mhz: 2000, Current Mhz: 2000, Mhz Limit: 2000

Memory: 4k page, system-wide physical 8109M (427M free)
TotalPageFile size 10157M (AvailPageFile size 5M)
current process WorkingSet (physical memory assigned to process): 210M, peak: 210M
current process commit charge ("private bytes"): 237M, peak: 251M

vm_info: OpenJDK 64-Bit Server VM (17.0.11+0--11852314) for windows-amd64 JRE (17.0.11+0--11852314), built on May 16 2024 21:29:20 by "androidbuild" with MS VC++ 16.10 / 16.11 (VS2019)

END.
