#
# There is insufficient memory for the Java Runtime Environment to continue.
# Native memory allocation (malloc) failed to allocate 1951056 bytes. Error detail: Chunk::new
# Possible reasons:
#   The system is out of physical RAM or swap space
#   This process is running with CompressedOops enabled, and the Java Heap may be blocking the growth of the native heap
# Possible solutions:
#   Reduce memory load on the system
#   Increase physical memory or swap space
#   Check if swap backing store is full
#   Decrease Java heap size (-Xmx/-Xms)
#   Decrease number of Java threads
#   Decrease Java thread stack sizes (-Xss)
#   Set larger code cache with -XX:ReservedCodeCacheSize=
#   JVM is running with Unscaled Compressed Oops mode in which the Java heap is
#     placed in the first 4GB address space. The Java Heap base address is the
#     maximum limit for the native heap growth. Please use -XX:HeapBaseMinAddress
#     to set the Java Heap base and to place the Java Heap above 4GB virtual address.
# This output file may be truncated or incomplete.
#
#  Out of Memory Error (arena.cpp:191), pid=10244, tid=9164
#
# JRE version: OpenJDK Runtime Environment Microsoft-10800295 (17.0.14+7) (build 17.0.14+7-LTS)
# Java VM: OpenJDK 64-Bit Server VM Microsoft-10800295 (17.0.14+7-LTS, mixed mode, sharing, tiered, compressed oops, compressed class ptrs, g1 gc, windows-amd64)
# No core dump will be written. Minidumps are not enabled by default on client versions of Windows
#

---------------  S U M M A R Y ------------

Command Line: --add-opens=java.base/java.lang=ALL-UNNAMED --add-opens=java.base/java.lang.invoke=ALL-UNNAMED --add-opens=java.base/java.util=ALL-UNNAMED --add-opens=java.prefs/java.util.prefs=ALL-UNNAMED --add-exports=jdk.compiler/com.sun.tools.javac.api=ALL-UNNAMED --add-exports=jdk.compiler/com.sun.tools.javac.util=ALL-UNNAMED --add-opens=java.base/java.util=ALL-UNNAMED --add-opens=java.prefs/java.util.prefs=ALL-UNNAMED --add-opens=java.base/java.nio.charset=ALL-UNNAMED --add-opens=java.base/java.net=ALL-UNNAMED --add-opens=java.base/java.util.concurrent.atomic=ALL-UNNAMED --add-opens=java.xml/javax.xml.namespace=ALL-UNNAMED -Xmx2048m -Dfile.encoding=UTF-8 -Duser.country=US -Duser.language=en -Duser.variant -javaagent:C:\Users\Lenovo\.gradle\wrapper\dists\gradle-8.11.1-bin\bpt9gzteqjrbo1mjrsomdt32c\gradle-8.11.1\lib\agents\gradle-instrumentation-agent-8.11.1.jar org.gradle.launcher.daemon.bootstrap.GradleDaemon 8.11.1

Host: Intel(R) Core(TM) i3-5005U CPU @ 2.00GHz, 4 cores, 7G,  Windows 10 , 64 bit Build 19041 (10.0.19041.5678)
Time: Sun Apr 20 15:48:27 2025 India Standard Time elapsed time: 5.019501 seconds (0d 0h 0m 5s)

---------------  T H R E A D  ---------------

Current thread (0x0000017e43520d20):  JavaThread "C2 CompilerThread0" daemon [_thread_in_native, id=9164, stack(0x0000003e23300000,0x0000003e23400000)]


Current CompileTask:
C2:   5019 2315       4       jdk.internal.org.objectweb.asm.Frame::execute (2305 bytes)

Stack: [0x0000003e23300000,0x0000003e23400000]
Native frames: (J=compiled Java code, j=interpreted, Vv=VM code, C=native code)
V  [jvm.dll+0x6886b9]
V  [jvm.dll+0x83f6f8]
V  [jvm.dll+0x8411a3]
V  [jvm.dll+0x841813]
V  [jvm.dll+0x2495cf]
V  [jvm.dll+0xad0d4]
V  [jvm.dll+0xad76c]
V  [jvm.dll+0x36adbf]
V  [jvm.dll+0x335403]
V  [jvm.dll+0x33489a]
V  [jvm.dll+0x21a7e8]
V  [jvm.dll+0x219c1f]
V  [jvm.dll+0x1a5596]
V  [jvm.dll+0x22a27a]
V  [jvm.dll+0x2283bb]
V  [jvm.dll+0x7f4f48]
V  [jvm.dll+0x7ef2ac]
V  [jvm.dll+0x687597]
C  [ucrtbase.dll+0x21bb2]
C  [KERNEL32.DLL+0x17374]
C  [ntdll.dll+0x4cc91]


---------------  P R O C E S S  ---------------

Threads class SMR info:
_java_thread_list=0x0000017e8aed6af0, length=25, elements={
0x0000017e258f03a0, 0x0000017e43503ad0, 0x0000017e43504860, 0x0000017e43516080,
0x0000017e43519a70, 0x0000017e4351a340, 0x0000017e4351cc20, 0x0000017e43520d20,
0x0000017e43529640, 0x0000017e4352bf60, 0x0000017e434f05c0, 0x0000017e436f8ad0,
0x0000017e89cc30c0, 0x0000017e8a9bed50, 0x0000017e8a1e59a0, 0x0000017e8a437d70,
0x0000017e8a7ce8e0, 0x0000017e8abaf080, 0x0000017e89e31650, 0x0000017e89e32070,
0x0000017e89e32fa0, 0x0000017e89e334b0, 0x0000017e89e31b60, 0x0000017e89e339c0,
0x0000017e89e33ed0
}

Java Threads: ( => current thread )
  0x0000017e258f03a0 JavaThread "main" [_thread_blocked, id=2200, stack(0x0000003e22600000,0x0000003e22700000)]
  0x0000017e43503ad0 JavaThread "Reference Handler" daemon [_thread_blocked, id=9268, stack(0x0000003e22d00000,0x0000003e22e00000)]
  0x0000017e43504860 JavaThread "Finalizer" daemon [_thread_blocked, id=9388, stack(0x0000003e22e00000,0x0000003e22f00000)]
  0x0000017e43516080 JavaThread "Signal Dispatcher" daemon [_thread_blocked, id=1636, stack(0x0000003e22f00000,0x0000003e23000000)]
  0x0000017e43519a70 JavaThread "Attach Listener" daemon [_thread_blocked, id=6584, stack(0x0000003e23000000,0x0000003e23100000)]
  0x0000017e4351a340 JavaThread "Service Thread" daemon [_thread_blocked, id=9316, stack(0x0000003e23100000,0x0000003e23200000)]
  0x0000017e4351cc20 JavaThread "Monitor Deflation Thread" daemon [_thread_blocked, id=10292, stack(0x0000003e23200000,0x0000003e23300000)]
=>0x0000017e43520d20 JavaThread "C2 CompilerThread0" daemon [_thread_in_native, id=9164, stack(0x0000003e23300000,0x0000003e23400000)]
  0x0000017e43529640 JavaThread "C1 CompilerThread0" daemon [_thread_in_vm, id=4492, stack(0x0000003e23400000,0x0000003e23500000)]
  0x0000017e4352bf60 JavaThread "Sweeper thread" daemon [_thread_blocked, id=6088, stack(0x0000003e23500000,0x0000003e23600000)]
  0x0000017e434f05c0 JavaThread "Common-Cleaner" daemon [_thread_blocked, id=8672, stack(0x0000003e23600000,0x0000003e23700000)]
  0x0000017e436f8ad0 JavaThread "Notification Thread" daemon [_thread_blocked, id=7120, stack(0x0000003e23700000,0x0000003e23800000)]
  0x0000017e89cc30c0 JavaThread "C2 CompilerThread1" daemon [_thread_in_native, id=2164, stack(0x0000003e23b00000,0x0000003e23c00000)]
  0x0000017e8a9bed50 JavaThread "Daemon health stats" [_thread_blocked, id=5420, stack(0x0000003e23e00000,0x0000003e23f00000)]
  0x0000017e8a1e59a0 JavaThread "Incoming local TCP Connector on port 56675" [_thread_in_native, id=4800, stack(0x0000003e23f00000,0x0000003e24000000)]
  0x0000017e8a437d70 JavaThread "Daemon periodic checks" [_thread_blocked, id=10400, stack(0x0000003e24000000,0x0000003e24100000)]
  0x0000017e8a7ce8e0 JavaThread "Daemon" [_thread_blocked, id=8080, stack(0x0000003e24100000,0x0000003e24200000)]
  0x0000017e8abaf080 JavaThread "Handler for socket connection from /127.0.0.1:56675 to /127.0.0.1:56676" [_thread_in_native, id=5960, stack(0x0000003e24200000,0x0000003e24300000)]
  0x0000017e89e31650 JavaThread "Cancel handler" [_thread_blocked, id=3320, stack(0x0000003e24300000,0x0000003e24400000)]
  0x0000017e89e32070 JavaThread "Daemon worker" [_thread_in_vm, id=5068, stack(0x0000003e24400000,0x0000003e24500000)]
  0x0000017e89e32fa0 JavaThread "Asynchronous log dispatcher for DefaultDaemonConnection: socket connection from /127.0.0.1:56675 to /127.0.0.1:56676" [_thread_in_vm, id=4792, stack(0x0000003e24500000,0x0000003e24600000)]
  0x0000017e89e334b0 JavaThread "Stdin handler" [_thread_blocked, id=4772, stack(0x0000003e24600000,0x0000003e24700000)]
  0x0000017e89e31b60 JavaThread "Daemon client event forwarder" [_thread_in_Java, id=4428, stack(0x0000003e24700000,0x0000003e24800000)]
  0x0000017e89e339c0 JavaThread "Cache worker for journal cache (C:\Users\Lenovo\.gradle\caches\journal-1)" [_thread_blocked, id=9980, stack(0x0000003e24800000,0x0000003e24900000)]
  0x0000017e89e33ed0 JavaThread "File lock request listener" [_thread_in_native, id=3312, stack(0x0000003e24900000,0x0000003e24a00000)]

Other Threads:
  0x0000017e434fbc40 VMThread "VM Thread" [stack: 0x0000003e22c00000,0x0000003e22d00000] [id=10088]
  0x0000017e436f8fb0 WatcherThread [stack: 0x0000003e23800000,0x0000003e23900000] [id=11356]
  0x0000017e25949650 GCTaskThread "GC Thread#0" [stack: 0x0000003e22700000,0x0000003e22800000] [id=4976]
  0x0000017e43729400 GCTaskThread "GC Thread#1" [stack: 0x0000003e23900000,0x0000003e23a00000] [id=696]
  0x0000017e437296c0 GCTaskThread "GC Thread#2" [stack: 0x0000003e23a00000,0x0000003e23b00000] [id=4244]
  0x0000017e892dbef0 GCTaskThread "GC Thread#3" [stack: 0x0000003e23c00000,0x0000003e23d00000] [id=8748]
  0x0000017e2595c4d0 ConcurrentGCThread "G1 Main Marker" [stack: 0x0000003e22800000,0x0000003e22900000] [id=8772]
  0x0000017e2595d5a0 ConcurrentGCThread "G1 Conc#0" [stack: 0x0000003e22900000,0x0000003e22a00000] [id=5452]
  0x0000017e259ae660 ConcurrentGCThread "G1 Refine#0" [stack: 0x0000003e22a00000,0x0000003e22b00000] [id=4816]
  0x0000017e89b42a30 ConcurrentGCThread "G1 Refine#1" [stack: 0x0000003e23d00000,0x0000003e23e00000] [id=7100]
  0x0000017e433ba160 ConcurrentGCThread "G1 Service" [stack: 0x0000003e22b00000,0x0000003e22c00000] [id=124]

Threads with active compile tasks:
C2 CompilerThread0     5066 2315       4       jdk.internal.org.objectweb.asm.Frame::execute (2305 bytes)
C1 CompilerThread0     5066 2409       3       org.gradle.util.internal.DefaultGradleVersion::compareTo (294 bytes)
C2 CompilerThread1     5066 2391       4       java.util.Properties$LineReader::readLine (584 bytes)

VM state: not at safepoint (normal execution)

VM Mutex/Monitor currently owned by a thread: None

Heap address: 0x0000000080000000, size: 2048 MB, Compressed Oops mode: 32-bit

CDS archive(s) mapped at: [0x0000017e44000000-0x0000017e44bb0000-0x0000017e44bb0000), size 12255232, SharedBaseAddress: 0x0000017e44000000, ArchiveRelocationMode: 1.
Compressed class space mapped at: 0x0000017e45000000-0x0000017e85000000, reserved size: 1073741824
Narrow klass base: 0x0000017e44000000, Narrow klass shift: 0, Narrow klass range: 0x100000000

GC Precious Log:
 CPUs: 4 total, 4 available
 Memory: 8109M
 Large Page Support: Disabled
 NUMA Support: Disabled
 Compressed Oops: Enabled (32-bit)
 Heap Region Size: 1M
 Heap Min Capacity: 8M
 Heap Initial Capacity: 128M
 Heap Max Capacity: 2G
 Pre-touch: Disabled
 Parallel Workers: 4
 Concurrent Workers: 1
 Concurrent Refinement Workers: 4
 Periodic GC: Disabled

Heap:
 garbage-first heap   total 131072K, used 63220K [0x0000000080000000, 0x0000000100000000)
  region size 1024K, 56 young (57344K), 9 survivors (9216K)
 Metaspace       used 14719K, committed 15040K, reserved 1114112K
  class space    used 2013K, committed 2176K, reserved 1048576K

Heap Regions: E=young(eden), S=young(survivor), O=old, HS=humongous(starts), HC=humongous(continues), CS=collection set, F=free, OA=open archive, CA=closed archive, TAMS=top-at-mark-start (previous, next)
|   0|0x0000000080000000, 0x0000000080100000, 0x0000000080100000|100%|HS|  |TAMS 0x0000000080000000, 0x0000000080000000| Complete 
|   1|0x0000000080100000, 0x0000000080200000, 0x0000000080200000|100%|HC|  |TAMS 0x0000000080100000, 0x0000000080100000| Complete 
|   2|0x0000000080200000, 0x0000000080300000, 0x0000000080300000|100%|HC|  |TAMS 0x0000000080200000, 0x0000000080200000| Complete 
|   3|0x0000000080300000, 0x0000000080400000, 0x0000000080400000|100%| O|  |TAMS 0x0000000080300000, 0x0000000080300000| Untracked 
|   4|0x0000000080400000, 0x0000000080500000, 0x0000000080500000|100%| O|  |TAMS 0x0000000080400000, 0x0000000080400000| Untracked 
|   5|0x0000000080500000, 0x0000000080600000, 0x0000000080600000|100%| O|  |TAMS 0x0000000080500000, 0x0000000080500000| Untracked 
|   6|0x0000000080600000, 0x0000000080664e00, 0x0000000080700000| 39%| O|  |TAMS 0x0000000080600000, 0x0000000080600000| Untracked 
|   7|0x0000000080700000, 0x0000000080800000, 0x0000000080800000|100%|HS|  |TAMS 0x0000000080700000, 0x0000000080700000| Complete 
|   8|0x0000000080800000, 0x0000000080800000, 0x0000000080900000|  0%| F|  |TAMS 0x0000000080800000, 0x0000000080800000| Untracked 
|   9|0x0000000080900000, 0x0000000080900000, 0x0000000080a00000|  0%| F|  |TAMS 0x0000000080900000, 0x0000000080900000| Untracked 
|  10|0x0000000080a00000, 0x0000000080a00000, 0x0000000080b00000|  0%| F|  |TAMS 0x0000000080a00000, 0x0000000080a00000| Untracked 
|  11|0x0000000080b00000, 0x0000000080b00000, 0x0000000080c00000|  0%| F|  |TAMS 0x0000000080b00000, 0x0000000080b00000| Untracked 
|  12|0x0000000080c00000, 0x0000000080c00000, 0x0000000080d00000|  0%| F|  |TAMS 0x0000000080c00000, 0x0000000080c00000| Untracked 
|  13|0x0000000080d00000, 0x0000000080d00000, 0x0000000080e00000|  0%| F|  |TAMS 0x0000000080d00000, 0x0000000080d00000| Untracked 
|  14|0x0000000080e00000, 0x0000000080e00000, 0x0000000080f00000|  0%| F|  |TAMS 0x0000000080e00000, 0x0000000080e00000| Untracked 
|  15|0x0000000080f00000, 0x0000000080f00000, 0x0000000081000000|  0%| F|  |TAMS 0x0000000080f00000, 0x0000000080f00000| Untracked 
|  16|0x0000000081000000, 0x0000000081000000, 0x0000000081100000|  0%| F|  |TAMS 0x0000000081000000, 0x0000000081000000| Untracked 
|  17|0x0000000081100000, 0x0000000081100000, 0x0000000081200000|  0%| F|  |TAMS 0x0000000081100000, 0x0000000081100000| Untracked 
|  18|0x0000000081200000, 0x0000000081200000, 0x0000000081300000|  0%| F|  |TAMS 0x0000000081200000, 0x0000000081200000| Untracked 
|  19|0x0000000081300000, 0x0000000081300000, 0x0000000081400000|  0%| F|  |TAMS 0x0000000081300000, 0x0000000081300000| Untracked 
|  20|0x0000000081400000, 0x0000000081400000, 0x0000000081500000|  0%| F|  |TAMS 0x0000000081400000, 0x0000000081400000| Untracked 
|  21|0x0000000081500000, 0x0000000081500000, 0x0000000081600000|  0%| F|  |TAMS 0x0000000081500000, 0x0000000081500000| Untracked 
|  22|0x0000000081600000, 0x0000000081600000, 0x0000000081700000|  0%| F|  |TAMS 0x0000000081600000, 0x0000000081600000| Untracked 
|  23|0x0000000081700000, 0x0000000081700000, 0x0000000081800000|  0%| F|  |TAMS 0x0000000081700000, 0x0000000081700000| Untracked 
|  24|0x0000000081800000, 0x0000000081800000, 0x0000000081900000|  0%| F|  |TAMS 0x0000000081800000, 0x0000000081800000| Untracked 
|  25|0x0000000081900000, 0x0000000081900000, 0x0000000081a00000|  0%| F|  |TAMS 0x0000000081900000, 0x0000000081900000| Untracked 
|  26|0x0000000081a00000, 0x0000000081a00000, 0x0000000081b00000|  0%| F|  |TAMS 0x0000000081a00000, 0x0000000081a00000| Untracked 
|  27|0x0000000081b00000, 0x0000000081b00000, 0x0000000081c00000|  0%| F|  |TAMS 0x0000000081b00000, 0x0000000081b00000| Untracked 
|  28|0x0000000081c00000, 0x0000000081c00000, 0x0000000081d00000|  0%| F|  |TAMS 0x0000000081c00000, 0x0000000081c00000| Untracked 
|  29|0x0000000081d00000, 0x0000000081d00000, 0x0000000081e00000|  0%| F|  |TAMS 0x0000000081d00000, 0x0000000081d00000| Untracked 
|  30|0x0000000081e00000, 0x0000000081e00000, 0x0000000081f00000|  0%| F|  |TAMS 0x0000000081e00000, 0x0000000081e00000| Untracked 
|  31|0x0000000081f00000, 0x0000000081f00000, 0x0000000082000000|  0%| F|  |TAMS 0x0000000081f00000, 0x0000000081f00000| Untracked 
|  32|0x0000000082000000, 0x0000000082000000, 0x0000000082100000|  0%| F|  |TAMS 0x0000000082000000, 0x0000000082000000| Untracked 
|  33|0x0000000082100000, 0x0000000082100000, 0x0000000082200000|  0%| F|  |TAMS 0x0000000082100000, 0x0000000082100000| Untracked 
|  34|0x0000000082200000, 0x0000000082200000, 0x0000000082300000|  0%| F|  |TAMS 0x0000000082200000, 0x0000000082200000| Untracked 
|  35|0x0000000082300000, 0x0000000082300000, 0x0000000082400000|  0%| F|  |TAMS 0x0000000082300000, 0x0000000082300000| Untracked 
|  36|0x0000000082400000, 0x0000000082400000, 0x0000000082500000|  0%| F|  |TAMS 0x0000000082400000, 0x0000000082400000| Untracked 
|  37|0x0000000082500000, 0x0000000082500000, 0x0000000082600000|  0%| F|  |TAMS 0x0000000082500000, 0x0000000082500000| Untracked 
|  38|0x0000000082600000, 0x0000000082600000, 0x0000000082700000|  0%| F|  |TAMS 0x0000000082600000, 0x0000000082600000| Untracked 
|  39|0x0000000082700000, 0x0000000082700000, 0x0000000082800000|  0%| F|  |TAMS 0x0000000082700000, 0x0000000082700000| Untracked 
|  40|0x0000000082800000, 0x0000000082800000, 0x0000000082900000|  0%| F|  |TAMS 0x0000000082800000, 0x0000000082800000| Untracked 
|  41|0x0000000082900000, 0x0000000082900000, 0x0000000082a00000|  0%| F|  |TAMS 0x0000000082900000, 0x0000000082900000| Untracked 
|  42|0x0000000082a00000, 0x0000000082a00000, 0x0000000082b00000|  0%| F|  |TAMS 0x0000000082a00000, 0x0000000082a00000| Untracked 
|  43|0x0000000082b00000, 0x0000000082b582c0, 0x0000000082c00000| 34%| S|CS|TAMS 0x0000000082b00000, 0x0000000082b00000| Complete 
|  44|0x0000000082c00000, 0x0000000082d00000, 0x0000000082d00000|100%| S|CS|TAMS 0x0000000082c00000, 0x0000000082c00000| Complete 
|  45|0x0000000082d00000, 0x0000000082e00000, 0x0000000082e00000|100%| S|CS|TAMS 0x0000000082d00000, 0x0000000082d00000| Complete 
|  46|0x0000000082e00000, 0x0000000082f00000, 0x0000000082f00000|100%| S|CS|TAMS 0x0000000082e00000, 0x0000000082e00000| Complete 
|  47|0x0000000082f00000, 0x0000000083000000, 0x0000000083000000|100%| S|CS|TAMS 0x0000000082f00000, 0x0000000082f00000| Complete 
|  48|0x0000000083000000, 0x0000000083100000, 0x0000000083100000|100%| S|CS|TAMS 0x0000000083000000, 0x0000000083000000| Complete 
|  49|0x0000000083100000, 0x0000000083200000, 0x0000000083200000|100%| S|CS|TAMS 0x0000000083100000, 0x0000000083100000| Complete 
|  50|0x0000000083200000, 0x0000000083300000, 0x0000000083300000|100%| S|CS|TAMS 0x0000000083200000, 0x0000000083200000| Complete 
|  51|0x0000000083300000, 0x0000000083400000, 0x0000000083400000|100%| S|CS|TAMS 0x0000000083300000, 0x0000000083300000| Complete 
|  52|0x0000000083400000, 0x0000000083400000, 0x0000000083500000|  0%| F|  |TAMS 0x0000000083400000, 0x0000000083400000| Untracked 
|  53|0x0000000083500000, 0x0000000083500000, 0x0000000083600000|  0%| F|  |TAMS 0x0000000083500000, 0x0000000083500000| Untracked 
|  54|0x0000000083600000, 0x0000000083600000, 0x0000000083700000|  0%| F|  |TAMS 0x0000000083600000, 0x0000000083600000| Untracked 
|  55|0x0000000083700000, 0x0000000083700000, 0x0000000083800000|  0%| F|  |TAMS 0x0000000083700000, 0x0000000083700000| Untracked 
|  56|0x0000000083800000, 0x0000000083800000, 0x0000000083900000|  0%| F|  |TAMS 0x0000000083800000, 0x0000000083800000| Untracked 
|  57|0x0000000083900000, 0x0000000083900000, 0x0000000083a00000|  0%| F|  |TAMS 0x0000000083900000, 0x0000000083900000| Untracked 
|  58|0x0000000083a00000, 0x0000000083a00000, 0x0000000083b00000|  0%| F|  |TAMS 0x0000000083a00000, 0x0000000083a00000| Untracked 
|  59|0x0000000083b00000, 0x0000000083b00000, 0x0000000083c00000|  0%| F|  |TAMS 0x0000000083b00000, 0x0000000083b00000| Untracked 
|  60|0x0000000083c00000, 0x0000000083c00000, 0x0000000083d00000|  0%| F|  |TAMS 0x0000000083c00000, 0x0000000083c00000| Untracked 
|  61|0x0000000083d00000, 0x0000000083d00000, 0x0000000083e00000|  0%| F|  |TAMS 0x0000000083d00000, 0x0000000083d00000| Untracked 
|  62|0x0000000083e00000, 0x0000000083e00000, 0x0000000083f00000|  0%| F|  |TAMS 0x0000000083e00000, 0x0000000083e00000| Untracked 
|  63|0x0000000083f00000, 0x0000000083f00000, 0x0000000084000000|  0%| F|  |TAMS 0x0000000083f00000, 0x0000000083f00000| Untracked 
|  64|0x0000000084000000, 0x0000000084000000, 0x0000000084100000|  0%| F|  |TAMS 0x0000000084000000, 0x0000000084000000| Untracked 
|  65|0x0000000084100000, 0x0000000084100000, 0x0000000084200000|  0%| F|  |TAMS 0x0000000084100000, 0x0000000084100000| Untracked 
|  66|0x0000000084200000, 0x0000000084200000, 0x0000000084300000|  0%| F|  |TAMS 0x0000000084200000, 0x0000000084200000| Untracked 
|  67|0x0000000084300000, 0x0000000084300000, 0x0000000084400000|  0%| F|  |TAMS 0x0000000084300000, 0x0000000084300000| Untracked 
|  68|0x0000000084400000, 0x0000000084400000, 0x0000000084500000|  0%| F|  |TAMS 0x0000000084400000, 0x0000000084400000| Untracked 
|  69|0x0000000084500000, 0x0000000084500000, 0x0000000084600000|  0%| F|  |TAMS 0x0000000084500000, 0x0000000084500000| Untracked 
|  70|0x0000000084600000, 0x0000000084600000, 0x0000000084700000|  0%| F|  |TAMS 0x0000000084600000, 0x0000000084600000| Untracked 
|  71|0x0000000084700000, 0x0000000084700000, 0x0000000084800000|  0%| F|  |TAMS 0x0000000084700000, 0x0000000084700000| Untracked 
|  72|0x0000000084800000, 0x0000000084800000, 0x0000000084900000|  0%| F|  |TAMS 0x0000000084800000, 0x0000000084800000| Untracked 
|  73|0x0000000084900000, 0x0000000084900000, 0x0000000084a00000|  0%| F|  |TAMS 0x0000000084900000, 0x0000000084900000| Untracked 
|  74|0x0000000084a00000, 0x0000000084a00000, 0x0000000084b00000|  0%| F|  |TAMS 0x0000000084a00000, 0x0000000084a00000| Untracked 
|  75|0x0000000084b00000, 0x0000000084b00000, 0x0000000084c00000|  0%| F|  |TAMS 0x0000000084b00000, 0x0000000084b00000| Untracked 
|  76|0x0000000084c00000, 0x0000000084c00000, 0x0000000084d00000|  0%| F|  |TAMS 0x0000000084c00000, 0x0000000084c00000| Untracked 
|  77|0x0000000084d00000, 0x0000000084d00000, 0x0000000084e00000|  0%| F|  |TAMS 0x0000000084d00000, 0x0000000084d00000| Untracked 
|  78|0x0000000084e00000, 0x0000000084e00000, 0x0000000084f00000|  0%| F|  |TAMS 0x0000000084e00000, 0x0000000084e00000| Untracked 
|  79|0x0000000084f00000, 0x0000000084f00000, 0x0000000085000000|  0%| F|  |TAMS 0x0000000084f00000, 0x0000000084f00000| Untracked 
|  80|0x0000000085000000, 0x0000000085080000, 0x0000000085100000| 50%| E|  |TAMS 0x0000000085000000, 0x0000000085000000| Complete 
|  81|0x0000000085100000, 0x0000000085200000, 0x0000000085200000|100%| E|CS|TAMS 0x0000000085100000, 0x0000000085100000| Complete 
|  82|0x0000000085200000, 0x0000000085300000, 0x0000000085300000|100%| E|CS|TAMS 0x0000000085200000, 0x0000000085200000| Complete 
|  83|0x0000000085300000, 0x0000000085400000, 0x0000000085400000|100%| E|CS|TAMS 0x0000000085300000, 0x0000000085300000| Complete 
|  84|0x0000000085400000, 0x0000000085500000, 0x0000000085500000|100%| E|CS|TAMS 0x0000000085400000, 0x0000000085400000| Complete 
|  85|0x0000000085500000, 0x0000000085600000, 0x0000000085600000|100%| E|CS|TAMS 0x0000000085500000, 0x0000000085500000| Complete 
|  86|0x0000000085600000, 0x0000000085700000, 0x0000000085700000|100%| E|CS|TAMS 0x0000000085600000, 0x0000000085600000| Complete 
|  87|0x0000000085700000, 0x0000000085800000, 0x0000000085800000|100%| E|CS|TAMS 0x0000000085700000, 0x0000000085700000| Complete 
|  88|0x0000000085800000, 0x0000000085900000, 0x0000000085900000|100%| E|CS|TAMS 0x0000000085800000, 0x0000000085800000| Complete 
|  89|0x0000000085900000, 0x0000000085a00000, 0x0000000085a00000|100%| E|CS|TAMS 0x0000000085900000, 0x0000000085900000| Complete 
|  90|0x0000000085a00000, 0x0000000085b00000, 0x0000000085b00000|100%| E|CS|TAMS 0x0000000085a00000, 0x0000000085a00000| Complete 
|  91|0x0000000085b00000, 0x0000000085c00000, 0x0000000085c00000|100%| E|CS|TAMS 0x0000000085b00000, 0x0000000085b00000| Complete 
|  92|0x0000000085c00000, 0x0000000085d00000, 0x0000000085d00000|100%| E|CS|TAMS 0x0000000085c00000, 0x0000000085c00000| Complete 
|  93|0x0000000085d00000, 0x0000000085e00000, 0x0000000085e00000|100%| E|CS|TAMS 0x0000000085d00000, 0x0000000085d00000| Complete 
|  94|0x0000000085e00000, 0x0000000085f00000, 0x0000000085f00000|100%| E|CS|TAMS 0x0000000085e00000, 0x0000000085e00000| Complete 
|  95|0x0000000085f00000, 0x0000000086000000, 0x0000000086000000|100%| E|CS|TAMS 0x0000000085f00000, 0x0000000085f00000| Complete 
|  96|0x0000000086000000, 0x0000000086100000, 0x0000000086100000|100%| E|CS|TAMS 0x0000000086000000, 0x0000000086000000| Complete 
|  97|0x0000000086100000, 0x0000000086200000, 0x0000000086200000|100%| E|CS|TAMS 0x0000000086100000, 0x0000000086100000| Complete 
|  98|0x0000000086200000, 0x0000000086300000, 0x0000000086300000|100%| E|CS|TAMS 0x0000000086200000, 0x0000000086200000| Complete 
|  99|0x0000000086300000, 0x0000000086400000, 0x0000000086400000|100%| E|CS|TAMS 0x0000000086300000, 0x0000000086300000| Complete 
| 100|0x0000000086400000, 0x0000000086500000, 0x0000000086500000|100%| E|CS|TAMS 0x0000000086400000, 0x0000000086400000| Complete 
| 101|0x0000000086500000, 0x0000000086600000, 0x0000000086600000|100%| E|CS|TAMS 0x0000000086500000, 0x0000000086500000| Complete 
| 102|0x0000000086600000, 0x0000000086700000, 0x0000000086700000|100%| E|CS|TAMS 0x0000000086600000, 0x0000000086600000| Complete 
| 103|0x0000000086700000, 0x0000000086800000, 0x0000000086800000|100%| E|CS|TAMS 0x0000000086700000, 0x0000000086700000| Complete 
| 104|0x0000000086800000, 0x0000000086900000, 0x0000000086900000|100%| E|CS|TAMS 0x0000000086800000, 0x0000000086800000| Complete 
| 105|0x0000000086900000, 0x0000000086a00000, 0x0000000086a00000|100%| E|CS|TAMS 0x0000000086900000, 0x0000000086900000| Complete 
| 106|0x0000000086a00000, 0x0000000086b00000, 0x0000000086b00000|100%| E|CS|TAMS 0x0000000086a00000, 0x0000000086a00000| Complete 
| 107|0x0000000086b00000, 0x0000000086c00000, 0x0000000086c00000|100%| E|CS|TAMS 0x0000000086b00000, 0x0000000086b00000| Complete 
| 108|0x0000000086c00000, 0x0000000086d00000, 0x0000000086d00000|100%| E|CS|TAMS 0x0000000086c00000, 0x0000000086c00000| Complete 
| 109|0x0000000086d00000, 0x0000000086e00000, 0x0000000086e00000|100%| E|CS|TAMS 0x0000000086d00000, 0x0000000086d00000| Complete 
| 110|0x0000000086e00000, 0x0000000086f00000, 0x0000000086f00000|100%| E|CS|TAMS 0x0000000086e00000, 0x0000000086e00000| Complete 
| 111|0x0000000086f00000, 0x0000000087000000, 0x0000000087000000|100%| E|CS|TAMS 0x0000000086f00000, 0x0000000086f00000| Complete 
| 112|0x0000000087000000, 0x0000000087100000, 0x0000000087100000|100%| E|CS|TAMS 0x0000000087000000, 0x0000000087000000| Complete 
| 113|0x0000000087100000, 0x0000000087200000, 0x0000000087200000|100%| E|CS|TAMS 0x0000000087100000, 0x0000000087100000| Complete 
| 114|0x0000000087200000, 0x0000000087300000, 0x0000000087300000|100%| E|CS|TAMS 0x0000000087200000, 0x0000000087200000| Complete 
| 115|0x0000000087300000, 0x0000000087400000, 0x0000000087400000|100%| E|CS|TAMS 0x0000000087300000, 0x0000000087300000| Complete 
| 116|0x0000000087400000, 0x0000000087500000, 0x0000000087500000|100%| E|CS|TAMS 0x0000000087400000, 0x0000000087400000| Complete 
| 117|0x0000000087500000, 0x0000000087600000, 0x0000000087600000|100%| E|CS|TAMS 0x0000000087500000, 0x0000000087500000| Complete 
| 118|0x0000000087600000, 0x0000000087700000, 0x0000000087700000|100%| E|CS|TAMS 0x0000000087600000, 0x0000000087600000| Complete 
| 119|0x0000000087700000, 0x0000000087800000, 0x0000000087800000|100%| E|CS|TAMS 0x0000000087700000, 0x0000000087700000| Complete 
| 120|0x0000000087800000, 0x0000000087900000, 0x0000000087900000|100%| E|CS|TAMS 0x0000000087800000, 0x0000000087800000| Complete 
| 121|0x0000000087900000, 0x0000000087a00000, 0x0000000087a00000|100%| E|CS|TAMS 0x0000000087900000, 0x0000000087900000| Complete 
| 122|0x0000000087a00000, 0x0000000087b00000, 0x0000000087b00000|100%| E|CS|TAMS 0x0000000087a00000, 0x0000000087a00000| Complete 
| 123|0x0000000087b00000, 0x0000000087c00000, 0x0000000087c00000|100%| E|CS|TAMS 0x0000000087b00000, 0x0000000087b00000| Complete 
| 124|0x0000000087c00000, 0x0000000087d00000, 0x0000000087d00000|100%| E|CS|TAMS 0x0000000087c00000, 0x0000000087c00000| Complete 
| 125|0x0000000087d00000, 0x0000000087e00000, 0x0000000087e00000|100%| E|CS|TAMS 0x0000000087d00000, 0x0000000087d00000| Complete 
| 126|0x0000000087e00000, 0x0000000087f00000, 0x0000000087f00000|100%| E|CS|TAMS 0x0000000087e00000, 0x0000000087e00000| Complete 
| 127|0x0000000087f00000, 0x0000000088000000, 0x0000000088000000|100%| E|CS|TAMS 0x0000000087f00000, 0x0000000087f00000| Complete 

Card table byte_map: [0x0000017e3c830000,0x0000017e3cc30000] _byte_map_base: 0x0000017e3c430000

Marking Bits (Prev, Next): (CMBitMap*) 0x0000017e2594ab90, (CMBitMap*) 0x0000017e2594abd0
 Prev Bits: [0x0000017e3d030000, 0x0000017e3f030000)
 Next Bits: [0x0000017e3f030000, 0x0000017e41030000)

Polling page: 0x0000017e23790000

Metaspace:

Usage:
  Non-class:     12.47 MB used.
      Class:      1.97 MB used.
       Both:     14.44 MB used.

Virtual space:
  Non-class space:       64.00 MB reserved,      12.62 MB ( 20%) committed,  1 nodes.
      Class space:        1.00 GB reserved,       2.12 MB ( <1%) committed,  1 nodes.
             Both:        1.06 GB reserved,      14.75 MB (  1%) committed. 

Chunk freelists:
   Non-Class:  3.33 MB
       Class:  13.70 MB
        Both:  17.03 MB

MaxMetaspaceSize: unlimited
CompressedClassSpaceSize: 1.00 GB
Initial GC threshold: 21.00 MB
Current GC threshold: 21.00 MB
CDS: on
MetaspaceReclaimPolicy: balanced
 - commit_granule_bytes: 65536.
 - commit_granule_words: 8192.
 - virtual_space_node_default_size: 8388608.
 - enlarge_chunks_in_place: 1.
 - new_chunks_are_fully_committed: 0.
 - uncommit_free_chunks: 1.
 - use_allocation_guard: 0.
 - handle_deallocations: 1.


Internal statistics:

num_allocs_failed_limit: 0.
num_arena_births: 198.
num_arena_deaths: 0.
num_vsnodes_births: 2.
num_vsnodes_deaths: 0.
num_space_committed: 236.
num_space_uncommitted: 0.
num_chunks_returned_to_freelist: 0.
num_chunks_taken_from_freelist: 650.
num_chunk_merges: 0.
num_chunk_splits: 433.
num_chunks_enlarged: 321.
num_inconsistent_stats: 0.

CodeHeap 'non-profiled nmethods': size=120000Kb used=1256Kb max_used=1256Kb free=118744Kb
 bounds [0x0000017e34f00000, 0x0000017e35170000, 0x0000017e3c430000]
CodeHeap 'profiled nmethods': size=120000Kb used=4877Kb max_used=4877Kb free=115122Kb
 bounds [0x0000017e2d430000, 0x0000017e2d900000, 0x0000017e34960000]
CodeHeap 'non-nmethods': size=5760Kb used=1241Kb max_used=1241Kb free=4518Kb
 bounds [0x0000017e34960000, 0x0000017e34bd0000, 0x0000017e34f00000]
 total_blobs=2931 nmethods=2402 adapters=439
 compilation: enabled
              stopped_count=0, restarted_count=0
 full_count=0

Compilation events (20 events):
Event: 4.947 Thread 0x0000017e43529640 2377       3       sun.nio.fs.WindowsPathParser::normalize (233 bytes)
Event: 4.952 Thread 0x0000017e43529640 nmethod 2377 0x0000017e2d8d4a90 code [0x0000017e2d8d5060, 0x0000017e2d8d7ba8]
Event: 4.971 Thread 0x0000017e43529640 2378       3       java.lang.reflect.ProxyGenerator$ProxyMethod::emitIconstInsn (75 bytes)
Event: 4.972 Thread 0x0000017e43529640 nmethod 2378 0x0000017e2d8d8c90 code [0x0000017e2d8d8ec0, 0x0000017e2d8d9778]
Event: 4.972 Thread 0x0000017e43529640 2379       1       org.gradle.internal.service.DefaultServiceRegistry::access$2400 (5 bytes)
Event: 4.973 Thread 0x0000017e43529640 nmethod 2379 0x0000017e35038e10 code [0x0000017e35038fa0, 0x0000017e35039058]
Event: 4.973 Thread 0x0000017e43529640 2380       3       java.lang.invoke.InnerClassLambdaMetafactory::getLoadOpcode (26 bytes)
Event: 4.974 Thread 0x0000017e43529640 nmethod 2380 0x0000017e2d8d9990 code [0x0000017e2d8d9b40, 0x0000017e2d8d9d58]
Event: 4.974 Thread 0x0000017e43529640 2381       3       jdk.internal.org.objectweb.asm.MethodVisitor::visitVarInsn (17 bytes)
Event: 4.974 Thread 0x0000017e43529640 nmethod 2381 0x0000017e2d8d9e10 code [0x0000017e2d8d9fc0, 0x0000017e2d8da1c8]
Event: 4.974 Thread 0x0000017e43529640 2382       3       org.gradle.internal.service.DefaultServiceRegistry$OwnServices::getProviders (26 bytes)
Event: 4.975 Thread 0x0000017e43529640 nmethod 2382 0x0000017e2d8da290 code [0x0000017e2d8da440, 0x0000017e2d8da7c8]
Event: 4.975 Thread 0x0000017e43529640 2384       3       org.gradle.internal.service.DefaultServiceRegistry$CompositeServiceProvider::getService (52 bytes)
Event: 4.975 Thread 0x0000017e43529640 nmethod 2384 0x0000017e2d8da910 code [0x0000017e2d8daac0, 0x0000017e2d8dade8]
Event: 4.975 Thread 0x0000017e43529640 2383       3       org.gradle.internal.service.DefaultServiceRegistry$OwnServices::getService (317 bytes)
Event: 4.979 Thread 0x0000017e43529640 nmethod 2383 0x0000017e2d8daf90 code [0x0000017e2d8db4c0, 0x0000017e2d8de348]
Event: 4.979 Thread 0x0000017e43529640 2385       3       java.lang.invoke.VarHandleGuards::guard_LLL_Z (86 bytes)
Event: 4.983 Thread 0x0000017e43529640 nmethod 2385 0x0000017e2d8df110 code [0x0000017e2d8df460, 0x0000017e2d8e12a8]
Event: 4.985 Thread 0x0000017e43529640 2387       1       java.util.concurrent.atomic.AtomicInteger::get (5 bytes)
Event: 4.985 Thread 0x0000017e43529640 nmethod 2387 0x0000017e35039410 code [0x0000017e350395a0, 0x0000017e35039678]

GC Heap History (6 events):
Event: 0.464 GC heap before
{Heap before GC invocations=0 (full 0):
 garbage-first heap   total 131072K, used 13312K [0x0000000080000000, 0x0000000100000000)
  region size 1024K, 13 young (13312K), 0 survivors (0K)
 Metaspace       used 766K, committed 896K, reserved 1114112K
  class space    used 61K, committed 128K, reserved 1048576K
}
Event: 0.467 GC heap after
{Heap after GC invocations=1 (full 0):
 garbage-first heap   total 131072K, used 1226K [0x0000000080000000, 0x0000000100000000)
  region size 1024K, 2 young (2048K), 2 survivors (2048K)
 Metaspace       used 766K, committed 896K, reserved 1114112K
  class space    used 61K, committed 128K, reserved 1048576K
}
Event: 1.277 GC heap before
{Heap before GC invocations=1 (full 0):
 garbage-first heap   total 131072K, used 22730K [0x0000000080000000, 0x0000000100000000)
  region size 1024K, 21 young (21504K), 2 survivors (2048K)
 Metaspace       used 2770K, committed 2880K, reserved 1114112K
  class space    used 315K, committed 384K, reserved 1048576K
}
Event: 1.285 GC heap after
{Heap after GC invocations=2 (full 0):
 garbage-first heap   total 131072K, used 9619K [0x0000000080000000, 0x0000000100000000)
  region size 1024K, 3 young (3072K), 3 survivors (3072K)
 Metaspace       used 2770K, committed 2880K, reserved 1114112K
  class space    used 315K, committed 384K, reserved 1048576K
}
Event: 3.111 GC heap before
{Heap before GC invocations=2 (full 0):
 garbage-first heap   total 131072K, used 86419K [0x0000000080000000, 0x0000000100000000)
  region size 1024K, 76 young (77824K), 3 survivors (3072K)
 Metaspace       used 5202K, committed 5376K, reserved 1114112K
  class space    used 685K, committed 768K, reserved 1048576K
}
Event: 3.122 GC heap after
{Heap after GC invocations=3 (full 0):
 garbage-first heap   total 131072K, used 16116K [0x0000000080000000, 0x0000000100000000)
  region size 1024K, 9 young (9216K), 9 survivors (9216K)
 Metaspace       used 5202K, committed 5376K, reserved 1114112K
  class space    used 685K, committed 768K, reserved 1048576K
}

Dll operation events (15 events):
Event: 0.011 Loaded shared library C:\Users\Lenovo\.jdks\ms-17.0.14\bin\java.dll
Event: 0.034 Loaded shared library C:\Users\Lenovo\.jdks\ms-17.0.14\bin\jsvml.dll
Event: 0.119 Loaded shared library C:\Users\Lenovo\.jdks\ms-17.0.14\bin\zip.dll
Event: 0.123 Loaded shared library C:\Users\Lenovo\.jdks\ms-17.0.14\bin\instrument.dll
Event: 0.130 Loaded shared library C:\Users\Lenovo\.jdks\ms-17.0.14\bin\net.dll
Event: 0.132 Loaded shared library C:\Users\Lenovo\.jdks\ms-17.0.14\bin\nio.dll
Event: 0.135 Loaded shared library C:\Users\Lenovo\.jdks\ms-17.0.14\bin\zip.dll
Event: 0.587 Loaded shared library C:\Users\Lenovo\.jdks\ms-17.0.14\bin\jimage.dll
Event: 0.927 Loaded shared library C:\Users\Lenovo\.jdks\ms-17.0.14\bin\verify.dll
Event: 1.232 Loaded shared library C:\Users\Lenovo\.gradle\native\c067742578af261105cb4f569cf0c3c89f3d7b1fecec35dd04571415982c5e48\windows-amd64\native-platform.dll
Event: 1.242 Loaded shared library C:\Users\Lenovo\.gradle\native\100fb08df4bc3b14c8652ba06237920a3bd2aa13389f12d3474272988ae205f9\windows-amd64\native-platform-file-events.dll
Event: 3.306 Loaded shared library C:\Users\Lenovo\.jdks\ms-17.0.14\bin\management.dll
Event: 3.309 Loaded shared library C:\Users\Lenovo\.jdks\ms-17.0.14\bin\management_ext.dll
Event: 3.636 Loaded shared library C:\Users\Lenovo\.jdks\ms-17.0.14\bin\extnet.dll
Event: 4.179 Loaded shared library C:\Users\Lenovo\.jdks\ms-17.0.14\bin\sunmscapi.dll

Deoptimization events (20 events):
Event: 4.562 Thread 0x0000017e89e32070 Uncommon trap: trap_request=0xffffffc6 fr.pc=0x0000017e3501f914 relative=0x00000000000012d4
Event: 4.562 Thread 0x0000017e89e32070 Uncommon trap: reason=bimorphic_or_optimized_type_check action=maybe_recompile pc=0x0000017e3501f914 method=java.util.HashMap.putVal(ILjava/lang/Object;Ljava/lang/Object;ZZ)Ljava/lang/Object; @ 91 c2
Event: 4.563 Thread 0x0000017e89e32070 DEOPT PACKING pc=0x0000017e3501f914 sp=0x0000003e244fc360
Event: 4.563 Thread 0x0000017e89e32070 DEOPT UNPACKING pc=0x0000017e349b69a3 sp=0x0000003e244fc300 mode 2
Event: 4.563 Thread 0x0000017e89e32070 Uncommon trap: trap_request=0xffffff45 fr.pc=0x0000017e34f45df4 relative=0x00000000000003b4
Event: 4.563 Thread 0x0000017e89e32070 Uncommon trap: reason=unstable_if action=reinterpret pc=0x0000017e34f45df4 method=java.util.HashMap.getNode(Ljava/lang/Object;)Ljava/util/HashMap$Node; @ 66 c2
Event: 4.563 Thread 0x0000017e89e32070 DEOPT PACKING pc=0x0000017e34f45df4 sp=0x0000003e244fc390
Event: 4.563 Thread 0x0000017e89e32070 DEOPT UNPACKING pc=0x0000017e349b69a3 sp=0x0000003e244fc320 mode 2
Event: 4.563 Thread 0x0000017e89e32070 Uncommon trap: trap_request=0xffffffc6 fr.pc=0x0000017e3501f914 relative=0x00000000000012d4
Event: 4.563 Thread 0x0000017e89e32070 Uncommon trap: reason=bimorphic_or_optimized_type_check action=maybe_recompile pc=0x0000017e3501f914 method=java.util.HashMap.putVal(ILjava/lang/Object;Ljava/lang/Object;ZZ)Ljava/lang/Object; @ 91 c2
Event: 4.563 Thread 0x0000017e89e32070 DEOPT PACKING pc=0x0000017e3501f914 sp=0x0000003e244fc360
Event: 4.563 Thread 0x0000017e89e32070 DEOPT UNPACKING pc=0x0000017e349b69a3 sp=0x0000003e244fc300 mode 2
Event: 4.585 Thread 0x0000017e89e32070 Uncommon trap: trap_request=0xffffff45 fr.pc=0x0000017e34fd1568 relative=0x0000000000000248
Event: 4.585 Thread 0x0000017e89e32070 Uncommon trap: reason=unstable_if action=reinterpret pc=0x0000017e34fd1568 method=java.util.concurrent.ConcurrentHashMap.get(Ljava/lang/Object;)Ljava/lang/Object; @ 76 c2
Event: 4.585 Thread 0x0000017e89e32070 DEOPT PACKING pc=0x0000017e34fd1568 sp=0x0000003e244fb900
Event: 4.585 Thread 0x0000017e89e32070 DEOPT UNPACKING pc=0x0000017e349b69a3 sp=0x0000003e244fb878 mode 2
Event: 4.947 Thread 0x0000017e89e32070 Uncommon trap: trap_request=0xffffff45 fr.pc=0x0000017e34fcfab8 relative=0x0000000000000198
Event: 4.947 Thread 0x0000017e89e32070 Uncommon trap: reason=unstable_if action=reinterpret pc=0x0000017e34fcfab8 method=java.util.WeakHashMap.expungeStaleEntries()V @ 9 c2
Event: 4.947 Thread 0x0000017e89e32070 DEOPT PACKING pc=0x0000017e34fcfab8 sp=0x0000003e244fbb30
Event: 4.947 Thread 0x0000017e89e32070 DEOPT UNPACKING pc=0x0000017e349b69a3 sp=0x0000003e244fbac8 mode 2

Classes loaded (20 events):
Event: 4.694 Loading class java/util/ConcurrentModificationException
Event: 4.694 Loading class java/util/ConcurrentModificationException done
Event: 4.721 Loading class sun/reflect/generics/scope/ConstructorScope
Event: 4.721 Loading class sun/reflect/generics/scope/ConstructorScope done
Event: 4.962 Loading class java/nio/file/attribute/PosixFilePermission
Event: 4.962 Loading class java/nio/file/attribute/PosixFilePermission done
Event: 4.963 Loading class java/nio/file/NoSuchFileException
Event: 4.963 Loading class java/nio/file/FileSystemException
Event: 4.963 Loading class java/nio/file/FileSystemException done
Event: 4.963 Loading class java/nio/file/NoSuchFileException done
Event: 4.965 Loading class java/nio/file/attribute/PosixFilePermissions
Event: 4.965 Loading class java/nio/file/attribute/PosixFilePermissions done
Event: 4.965 Loading class java/nio/file/attribute/PosixFilePermissions$1
Event: 4.965 Loading class java/nio/file/attribute/PosixFilePermissions$1 done
Event: 4.973 Loading class sun/invoke/util/VerifyAccess$1
Event: 4.973 Loading class sun/invoke/util/VerifyAccess$1 done
Event: 5.012 Loading class java/util/concurrent/ArrayBlockingQueue
Event: 5.012 Loading class java/util/concurrent/ArrayBlockingQueue done
Event: 5.012 Loading class java/util/concurrent/locks/ReentrantLock$FairSync
Event: 5.012 Loading class java/util/concurrent/locks/ReentrantLock$FairSync done

Classes unloaded (0 events):
No events

Classes redefined (0 events):
No events

Internal exceptions (20 events):
Event: 3.515 Thread 0x0000017e258f03a0 Exception <a 'java/lang/NoSuchMethodError'{0x00000000875b98e8}: 'java.lang.Object java.lang.invoke.DirectMethodHandle$Holder.invokeStaticInit(java.lang.Object, int, int, int, int)'> (0x00000000875b98e8) 
thrown [s\src\hotspot\share\interpreter\linkResolver.cpp, line 759]
Event: 3.616 Thread 0x0000017e258f03a0 Exception <a 'java/lang/NoSuchMethodError'{0x0000000087459730}: 'java.lang.Object java.lang.invoke.DirectMethodHandle$Holder.invokeStaticInit(java.lang.Object, java.lang.Object, int, int, int, int)'> (0x0000000087459730) 
thrown [s\src\hotspot\share\interpreter\linkResolver.cpp, line 759]
Event: 4.049 Thread 0x0000017e258f03a0 Exception <a 'java/lang/NoSuchMethodError'{0x0000000087100a90}: 'void java.lang.invoke.DirectMethodHandle$Holder.invokeStatic(java.lang.Object, java.lang.Object, java.lang.Object)'> (0x0000000087100a90) 
thrown [s\src\hotspot\share\interpreter\linkResolver.cpp, line 759]
Event: 4.109 Thread 0x0000017e258f03a0 Exception <a 'java/io/IOException'{0x000000008701f500}> (0x000000008701f500) 
thrown [s\src\hotspot\share\prims\jni.cpp, line 516]
Event: 4.115 Thread 0x0000017e258f03a0 Implicit null exception at 0x0000017e34f4af55 to 0x0000017e34f4b518
Event: 4.127 Thread 0x0000017e258f03a0 Exception <a 'java/lang/NoSuchMethodError'{0x000000008707ee90}: 'java.lang.Object java.lang.invoke.DirectMethodHandle$Holder.newInvokeSpecial(java.lang.Object, java.lang.Object, java.lang.Object, java.lang.Object, java.lang.Object)'> (0x000000008707ee90) 
thrown [s\src\hotspot\share\interpreter\linkResolver.cpp, line 759]
Event: 4.288 Thread 0x0000017e8abaf080 Exception <a 'java/lang/NoSuchMethodError'{0x0000000086b50810}: static Lorg/gradle/tooling/internal/provider/serialization/ClassLoaderDetails;.<clinit>()V> (0x0000000086b50810) 
thrown [s\src\hotspot\share\prims\jni.cpp, line 1112]
Event: 4.291 Thread 0x0000017e8abaf080 Exception <a 'java/lang/NoSuchMethodError'{0x0000000086b6a808}: static Lorg/gradle/internal/classloader/ClassLoaderSpec;.<clinit>()V> (0x0000000086b6a808) 
thrown [s\src\hotspot\share\prims\jni.cpp, line 1112]
Event: 4.293 Thread 0x0000017e8abaf080 Exception <a 'java/lang/NoSuchMethodError'{0x0000000086b73fc8}: static Lorg/gradle/tooling/internal/provider/serialization/WellKnownClassLoaderRegistry$KnownClassLoaderSpec;.<clinit>()V> (0x0000000086b73fc8) 
thrown [s\src\hotspot\share\prims\jni.cpp, line 1112]
Event: 4.296 Thread 0x0000017e8abaf080 Exception <a 'java/lang/NoSuchMethodError'{0x0000000086b8b208}: static Lorg/gradle/tooling/internal/provider/serialization/ClientOwnedClassLoaderSpec;.<clinit>()V> (0x0000000086b8b208) 
thrown [s\src\hotspot\share\prims\jni.cpp, line 1112]
Event: 4.324 Thread 0x0000017e8a7ce8e0 Exception <a 'java/lang/NoSuchMethodError'{0x0000000086d75f80}: 'void java.lang.invoke.DirectMethodHandle$Holder.invokeSpecial(java.lang.Object, java.lang.Object, java.lang.Object)'> (0x0000000086d75f80) 
thrown [s\src\hotspot\share\interpreter\linkResolver.cpp, line 759]
Event: 4.413 Thread 0x0000017e89e32070 Exception <a 'java/lang/NoSuchMethodError'{0x00000000867dd5c8}: 'long java.lang.invoke.DirectMethodHandle$Holder.invokeInterface(java.lang.Object, java.lang.Object)'> (0x00000000867dd5c8) 
thrown [s\src\hotspot\share\interpreter\linkResolver.cpp, line 759]
Event: 4.527 Thread 0x0000017e89e32070 Exception <a 'java/lang/NoSuchMethodError'{0x000000008624ab58}: 'void java.lang.invoke.DirectMethodHandle$Holder.invokeStatic(java.lang.Object, java.lang.Object)'> (0x000000008624ab58) 
thrown [s\src\hotspot\share\interpreter\linkResolver.cpp, line 759]
Event: 4.598 Thread 0x0000017e89e32070 Exception <a 'java/lang/NoSuchMethodError'{0x0000000086060640}: 'int java.lang.invoke.DirectMethodHandle$Holder.invokeVirtual(java.lang.Object, java.lang.Object, java.lang.Object)'> (0x0000000086060640) 
thrown [s\src\hotspot\share\interpreter\linkResolver.cpp, line 759]
Event: 4.666 Thread 0x0000017e89e32070 Exception <a 'java/lang/NoSuchMethodError'{0x0000000085ef2010}: 'java.lang.Object java.lang.invoke.DirectMethodHandle$Holder.newInvokeSpecial(java.lang.Object, java.lang.Object, java.lang.Object, java.lang.Object, java.lang.Object, java.lang.Object)'> (0x0000000085ef2010) 
thrown [s\src\hotspot\share\interpreter\linkResolver.cpp, line 759]
Event: 4.760 Thread 0x0000017e89e32070 Exception <a 'java/lang/NoSuchMethodError'{0x0000000085beae38}: 'void java.lang.invoke.DelegatingMethodHandle$Holder.reinvoke_L(java.lang.Object, java.lang.Object, java.lang.Object, java.lang.Object, java.lang.Object, java.lang.Object, java.lang.Object, java.lang.Object, java.lang.Object, java.lang.Object)'> (0x0000000085beae38) 
thrown [s\src\hotspot\share\interpreter\linkResolver.cpp, line 759]
Event: 4.761 Thread 0x0000017e89e32070 Exception <a 'java/lang/NoSuchMethodError'{0x0000000085bf32a8}: 'java.lang.Object java.lang.invoke.DirectMethodHandle$Holder.invokeSpecial(java.lang.Object, java.lang.Object, java.lang.Object, java.lang.Object, java.lang.Object, java.lang.Object, java.lang.Object, java.lang.Object, java.lang.Object, java.lang.Object)'> (0x0000000085bf32a8) 
thrown [s\src\hotspot\share\interpreter\linkResolver.cpp, line 759]
Event: 4.761 Thread 0x0000017e89e32070 Exception <a 'java/lang/NoSuchMethodError'{0x0000000085bf7b78}: 'java.lang.Object java.lang.invoke.Invokers$Holder.invoker(java.lang.Object, java.lang.Object, java.lang.Object, java.lang.Object, java.lang.Object, java.lang.Object, java.lang.Object, java.lang.Object, java.lang.Object, java.lang.Object)'> (0x0000000085bf7b78) 
thrown [s\src\hotspot\share\interpreter\linkResolver.cpp, line 759]
Event: 4.762 Thread 0x0000017e89e32070 Exception <a 'java/lang/NoSuchMethodError'{0x0000000085bfd780}: 'java.lang.Object java.lang.invoke.DirectMethodHandle$Holder.invokeSpecial(java.lang.Object, java.lang.Object, java.lang.Object, java.lang.Object, java.lang.Object, java.lang.Object, java.lang.Object, java.lang.Object, java.lang.Object, java.lang.Object, java.lang.Object)'> (0x0000000085bfd780) 
thrown [s\src\hotspot\share\interpreter\linkResolver.cpp, line 759]
Event: 5.014 Thread 0x0000017e89e32070 Exception <a 'java/lang/NoSuchMethodError'{0x0000000085375720}: 'java.lang.Object java.lang.invoke.DirectMethodHandle$Holder.newInvokeSpecial(java.lang.Object, java.lang.Object, int)'> (0x0000000085375720) 
thrown [s\src\hotspot\share\interpreter\linkResolver.cpp, line 759]

VM Operations (20 events):
Event: 3.196 Executing VM operation: HandshakeAllThreads
Event: 3.196 Executing VM operation: HandshakeAllThreads done
Event: 3.258 Executing VM operation: HandshakeAllThreads
Event: 3.259 Executing VM operation: HandshakeAllThreads done
Event: 3.261 Executing VM operation: HandshakeAllThreads
Event: 3.262 Executing VM operation: HandshakeAllThreads done
Event: 3.331 Executing VM operation: HandshakeAllThreads
Event: 3.331 Executing VM operation: HandshakeAllThreads done
Event: 3.382 Executing VM operation: HandshakeAllThreads
Event: 3.383 Executing VM operation: HandshakeAllThreads done
Event: 3.494 Executing VM operation: HandshakeAllThreads
Event: 3.495 Executing VM operation: HandshakeAllThreads done
Event: 3.607 Executing VM operation: HandshakeAllThreads
Event: 3.607 Executing VM operation: HandshakeAllThreads done
Event: 4.047 Executing VM operation: HandshakeAllThreads
Event: 4.047 Executing VM operation: HandshakeAllThreads done
Event: 4.146 Executing VM operation: HandshakeAllThreads
Event: 4.146 Executing VM operation: HandshakeAllThreads done
Event: 4.146 Executing VM operation: Cleanup
Event: 4.146 Executing VM operation: Cleanup done

Memory protections (0 events):
No events

Nmethod flushes (0 events):
No events

Events (20 events):
Event: 0.049 Thread 0x0000017e258f03a0 Thread added: 0x0000017e4351cc20
Event: 0.049 Thread 0x0000017e258f03a0 Thread added: 0x0000017e43520d20
Event: 0.049 Thread 0x0000017e258f03a0 Thread added: 0x0000017e43529640
Event: 0.049 Thread 0x0000017e258f03a0 Thread added: 0x0000017e4352bf60
Event: 0.078 Thread 0x0000017e258f03a0 Thread added: 0x0000017e434f05c0
Event: 0.150 Thread 0x0000017e258f03a0 Thread added: 0x0000017e436f8ad0
Event: 0.578 Thread 0x0000017e43529640 Thread added: 0x0000017e438e5900
Event: 2.575 Thread 0x0000017e438e5900 Thread exited: 0x0000017e438e5900
Event: 2.743 Thread 0x0000017e43529640 Thread added: 0x0000017e89cc30c0
Event: 3.354 Thread 0x0000017e258f03a0 Thread added: 0x0000017e8a9bed50
Event: 4.010 Thread 0x0000017e258f03a0 Thread added: 0x0000017e8a1e59a0
Event: 4.137 Thread 0x0000017e258f03a0 Thread added: 0x0000017e8a437d70
Event: 4.221 Thread 0x0000017e8a1e59a0 Thread added: 0x0000017e8a7ce8e0
Event: 4.226 Thread 0x0000017e8a7ce8e0 Thread added: 0x0000017e8abaf080
Event: 4.314 Thread 0x0000017e8a7ce8e0 Thread added: 0x0000017e89e31650
Event: 4.326 Thread 0x0000017e8a7ce8e0 Thread added: 0x0000017e89e32070
Event: 4.341 Thread 0x0000017e89e32070 Thread added: 0x0000017e89e32fa0
Event: 4.346 Thread 0x0000017e89e32070 Thread added: 0x0000017e89e334b0
Event: 4.349 Thread 0x0000017e89e32070 Thread added: 0x0000017e89e31b60
Event: 5.012 Thread 0x0000017e89e32070 Thread added: 0x0000017e89e339c0


Dynamic libraries:
0x00007ff6859e0000 - 0x00007ff6859ee000 	C:\Users\Lenovo\.jdks\ms-17.0.14\bin\java.exe
0x00007ff872350000 - 0x00007ff872548000 	C:\Windows\SYSTEM32\ntdll.dll
0x00007ff872240000 - 0x00007ff872302000 	C:\Windows\System32\KERNEL32.DLL
0x00007ff86fa80000 - 0x00007ff86fd76000 	C:\Windows\System32\KERNELBASE.dll
0x00007ff86fe00000 - 0x00007ff86ff00000 	C:\Windows\System32\ucrtbase.dll
0x00007ff858d80000 - 0x00007ff858d9d000 	C:\Users\Lenovo\.jdks\ms-17.0.14\bin\VCRUNTIME140.dll
0x00007ff85afd0000 - 0x00007ff85afe7000 	C:\Users\Lenovo\.jdks\ms-17.0.14\bin\jli.dll
0x00007ff871a50000 - 0x00007ff871bed000 	C:\Windows\System32\USER32.dll
0x00007ff86ffb0000 - 0x00007ff86ffd2000 	C:\Windows\System32\win32u.dll
0x00007ff862340000 - 0x00007ff8625da000 	C:\Windows\WinSxS\amd64_microsoft.windows.common-controls_6595b64144ccf1df_6.0.19041.4355_none_60b8b9eb71f62e16\COMCTL32.dll
0x00007ff8705f0000 - 0x00007ff87061b000 	C:\Windows\System32\GDI32.dll
0x00007ff870d50000 - 0x00007ff870dee000 	C:\Windows\System32\msvcrt.dll
0x00007ff870250000 - 0x00007ff87036a000 	C:\Windows\System32\gdi32full.dll
0x00007ff86f9e0000 - 0x00007ff86fa7d000 	C:\Windows\System32\msvcp_win.dll
0x00007ff8703d0000 - 0x00007ff8703ff000 	C:\Windows\System32\IMM32.DLL
0x00007ff862d40000 - 0x00007ff862d4c000 	C:\Users\Lenovo\.jdks\ms-17.0.14\bin\vcruntime140_1.dll
0x00007ff8500d0000 - 0x00007ff85015d000 	C:\Users\Lenovo\.jdks\ms-17.0.14\bin\msvcp140.dll
0x00007ff83ec60000 - 0x00007ff83f8d2000 	C:\Users\Lenovo\.jdks\ms-17.0.14\bin\server\jvm.dll
0x00007ff871c00000 - 0x00007ff871caf000 	C:\Windows\System32\ADVAPI32.dll
0x00007ff872010000 - 0x00007ff8720af000 	C:\Windows\System32\sechost.dll
0x00007ff8706f0000 - 0x00007ff870813000 	C:\Windows\System32\RPCRT4.dll
0x00007ff8700c0000 - 0x00007ff8700e7000 	C:\Windows\System32\bcrypt.dll
0x00007ff871560000 - 0x00007ff8715cb000 	C:\Windows\System32\WS2_32.dll
0x00007ff86f840000 - 0x00007ff86f88b000 	C:\Windows\SYSTEM32\POWRPROF.dll
0x00007ff85f9d0000 - 0x00007ff85f9f7000 	C:\Windows\SYSTEM32\WINMM.dll
0x00007ff866da0000 - 0x00007ff866daa000 	C:\Windows\SYSTEM32\VERSION.dll
0x00007ff86f820000 - 0x00007ff86f832000 	C:\Windows\SYSTEM32\UMPDC.dll
0x00007ff86d820000 - 0x00007ff86d832000 	C:\Windows\SYSTEM32\kernel.appcore.dll
0x00007ff85cee0000 - 0x00007ff85ceea000 	C:\Users\Lenovo\.jdks\ms-17.0.14\bin\jimage.dll
0x00007ff868a90000 - 0x00007ff868c74000 	C:\Windows\SYSTEM32\DBGHELP.DLL
0x00007ff868950000 - 0x00007ff868984000 	C:\Windows\SYSTEM32\dbgcore.DLL
0x00007ff870030000 - 0x00007ff8700b2000 	C:\Windows\System32\bcryptPrimitives.dll
0x00007ff85fcd0000 - 0x00007ff85fcde000 	C:\Users\Lenovo\.jdks\ms-17.0.14\bin\instrument.dll
0x00007ff858d50000 - 0x00007ff858d75000 	C:\Users\Lenovo\.jdks\ms-17.0.14\bin\java.dll
0x00007ff84fff0000 - 0x00007ff8500c7000 	C:\Users\Lenovo\.jdks\ms-17.0.14\bin\jsvml.dll
0x00007ff870df0000 - 0x00007ff87155f000 	C:\Windows\System32\SHELL32.dll
0x00007ff86da20000 - 0x00007ff86e1c3000 	C:\Windows\SYSTEM32\windows.storage.dll
0x00007ff8715d0000 - 0x00007ff871925000 	C:\Windows\System32\combase.dll
0x00007ff86f260000 - 0x00007ff86f28b000 	C:\Windows\SYSTEM32\Wldp.dll
0x00007ff870620000 - 0x00007ff8706ed000 	C:\Windows\System32\OLEAUT32.dll
0x00007ff8719a0000 - 0x00007ff871a4d000 	C:\Windows\System32\SHCORE.dll
0x00007ff870400000 - 0x00007ff870455000 	C:\Windows\System32\shlwapi.dll
0x00007ff86f910000 - 0x00007ff86f935000 	C:\Windows\SYSTEM32\profapi.dll
0x00007ff8574c0000 - 0x00007ff8574d8000 	C:\Users\Lenovo\.jdks\ms-17.0.14\bin\zip.dll
0x00007ff858b00000 - 0x00007ff858b1a000 	C:\Users\Lenovo\.jdks\ms-17.0.14\bin\net.dll
0x00007ff867bf0000 - 0x00007ff867cfa000 	C:\Windows\SYSTEM32\WINHTTP.dll
0x00007ff86f040000 - 0x00007ff86f0ac000 	C:\Windows\system32\mswsock.dll
0x00007ff858640000 - 0x00007ff858656000 	C:\Users\Lenovo\.jdks\ms-17.0.14\bin\nio.dll
0x00007ff858630000 - 0x00007ff858640000 	C:\Users\Lenovo\.jdks\ms-17.0.14\bin\verify.dll
0x00007ff85b2f0000 - 0x00007ff85b317000 	C:\Users\Lenovo\.gradle\native\c067742578af261105cb4f569cf0c3c89f3d7b1fecec35dd04571415982c5e48\windows-amd64\native-platform.dll
0x00007ff843ed0000 - 0x00007ff844014000 	C:\Users\Lenovo\.gradle\native\100fb08df4bc3b14c8652ba06237920a3bd2aa13389f12d3474272988ae205f9\windows-amd64\native-platform-file-events.dll
0x00007ff855e80000 - 0x00007ff855e8a000 	C:\Users\Lenovo\.jdks\ms-17.0.14\bin\management.dll
0x00007ff853980000 - 0x00007ff85398b000 	C:\Users\Lenovo\.jdks\ms-17.0.14\bin\management_ext.dll
0x00007ff871bf0000 - 0x00007ff871bf8000 	C:\Windows\System32\PSAPI.DLL
0x00007ff86f5b0000 - 0x00007ff86f5c8000 	C:\Windows\SYSTEM32\CRYPTSP.dll
0x00007ff86e980000 - 0x00007ff86e9b8000 	C:\Windows\system32\rsaenh.dll
0x00007ff86f8d0000 - 0x00007ff86f8fe000 	C:\Windows\SYSTEM32\USERENV.dll
0x00007ff86f1d0000 - 0x00007ff86f1dc000 	C:\Windows\SYSTEM32\CRYPTBASE.dll
0x00007ff86ed40000 - 0x00007ff86ed7b000 	C:\Windows\SYSTEM32\IPHLPAPI.DLL
0x00007ff870460000 - 0x00007ff870468000 	C:\Windows\System32\NSI.dll
0x00007ff86a0f0000 - 0x00007ff86a107000 	C:\Windows\SYSTEM32\dhcpcsvc6.DLL
0x00007ff86a0b0000 - 0x00007ff86a0cd000 	C:\Windows\SYSTEM32\dhcpcsvc.DLL
0x00007ff86ed80000 - 0x00007ff86ee4a000 	C:\Windows\SYSTEM32\DNSAPI.dll
0x00007ff853970000 - 0x00007ff853979000 	C:\Users\Lenovo\.jdks\ms-17.0.14\bin\extnet.dll
0x00007ff853960000 - 0x00007ff85396e000 	C:\Users\Lenovo\.jdks\ms-17.0.14\bin\sunmscapi.dll
0x00007ff8700f0000 - 0x00007ff87024d000 	C:\Windows\System32\CRYPT32.dll
0x00007ff86f2d0000 - 0x00007ff86f2f7000 	C:\Windows\SYSTEM32\ncrypt.dll
0x00007ff86f290000 - 0x00007ff86f2cb000 	C:\Windows\SYSTEM32\NTASN1.dll
0x00007ff822580000 - 0x00007ff822587000 	C:\Windows\system32\wshunix.dll

dbghelp: loaded successfully - version: 4.0.5 - missing functions: none
symbol engine: initialized successfully - sym options: 0x614 - pdb path: .;C:\Users\Lenovo\.jdks\ms-17.0.14\bin;C:\Windows\SYSTEM32;C:\Windows\WinSxS\amd64_microsoft.windows.common-controls_6595b64144ccf1df_6.0.19041.4355_none_60b8b9eb71f62e16;C:\Users\Lenovo\.jdks\ms-17.0.14\bin\server;C:\Users\Lenovo\.gradle\native\c067742578af261105cb4f569cf0c3c89f3d7b1fecec35dd04571415982c5e48\windows-amd64;C:\Users\Lenovo\.gradle\native\100fb08df4bc3b14c8652ba06237920a3bd2aa13389f12d3474272988ae205f9\windows-amd64

VM Arguments:
jvm_args: --add-opens=java.base/java.lang=ALL-UNNAMED --add-opens=java.base/java.lang.invoke=ALL-UNNAMED --add-opens=java.base/java.util=ALL-UNNAMED --add-opens=java.prefs/java.util.prefs=ALL-UNNAMED --add-exports=jdk.compiler/com.sun.tools.javac.api=ALL-UNNAMED --add-exports=jdk.compiler/com.sun.tools.javac.util=ALL-UNNAMED --add-opens=java.base/java.util=ALL-UNNAMED --add-opens=java.prefs/java.util.prefs=ALL-UNNAMED --add-opens=java.base/java.nio.charset=ALL-UNNAMED --add-opens=java.base/java.net=ALL-UNNAMED --add-opens=java.base/java.util.concurrent.atomic=ALL-UNNAMED --add-opens=java.xml/javax.xml.namespace=ALL-UNNAMED -Xmx2048m -Dfile.encoding=UTF-8 -Duser.country=US -Duser.language=en -Duser.variant -javaagent:C:\Users\Lenovo\.gradle\wrapper\dists\gradle-8.11.1-bin\bpt9gzteqjrbo1mjrsomdt32c\gradle-8.11.1\lib\agents\gradle-instrumentation-agent-8.11.1.jar 
java_command: org.gradle.launcher.daemon.bootstrap.GradleDaemon 8.11.1
java_class_path (initial): C:\Users\Lenovo\.gradle\wrapper\dists\gradle-8.11.1-bin\bpt9gzteqjrbo1mjrsomdt32c\gradle-8.11.1\lib\gradle-daemon-main-8.11.1.jar
Launcher Type: SUN_STANDARD

[Global flags]
     intx CICompilerCount                          = 3                                         {product} {ergonomic}
     uint ConcGCThreads                            = 1                                         {product} {ergonomic}
     uint G1ConcRefinementThreads                  = 4                                         {product} {ergonomic}
   size_t G1HeapRegionSize                         = 1048576                                   {product} {ergonomic}
    uintx GCDrainStackTargetSize                   = 64                                        {product} {ergonomic}
   size_t InitialHeapSize                          = 134217728                                 {product} {ergonomic}
   size_t MarkStackSize                            = 4194304                                   {product} {ergonomic}
   size_t MaxHeapSize                              = 2147483648                                {product} {command line}
   size_t MaxNewSize                               = 1287651328                                {product} {ergonomic}
   size_t MinHeapDeltaBytes                        = 1048576                                   {product} {ergonomic}
   size_t MinHeapSize                              = 8388608                                   {product} {ergonomic}
    uintx NonNMethodCodeHeapSize                   = 5832780                                {pd product} {ergonomic}
    uintx NonProfiledCodeHeapSize                  = 122912730                              {pd product} {ergonomic}
    uintx ProfiledCodeHeapSize                     = 122912730                              {pd product} {ergonomic}
    uintx ReservedCodeCacheSize                    = 251658240                              {pd product} {ergonomic}
     bool SegmentedCodeCache                       = true                                      {product} {ergonomic}
   size_t SoftMaxHeapSize                          = 2147483648                             {manageable} {ergonomic}
     bool UseCompressedClassPointers               = true                           {product lp64_product} {ergonomic}
     bool UseCompressedOops                        = true                           {product lp64_product} {ergonomic}
     bool UseG1GC                                  = true                                      {product} {ergonomic}
     bool UseLargePagesIndividualAllocation        = false                                  {pd product} {ergonomic}

Logging:
Log output configuration:
 #0: stdout all=warning uptime,level,tags
 #1: stderr all=off uptime,level,tags

Environment Variables:
PATH=C:\Program Files\Common Files\Oracle\Java\javapath;C:\Windows\system32;C:\Windows;C:\Windows\System32\Wbem;C:\Windows\System32\WindowsPowerShell\v1.0\;C:\Windows\System32\OpenSSH\;C:\Program Files\Java\jdk-23\bin;C:\MinGW\bin;C:\Program Files\dotnet\;C:\Program Files\Git\cmd;C:\Users\Lenovo\AppData\Local\Programs\Python\Python312\Scripts\;C:\Users\Lenovo\AppData\Local\Programs\Python\Python312\;C:\Users\Lenovo\AppData\Local\Programs\Python\Python313\Scripts\;C:\Users\Lenovo\AppData\Local\Programs\Python\Python313\;C:\Users\Lenovo\AppData\Local\Microsoft\WindowsApps;C:\Users\Lenovo\AppData\Local\Programs\Microsoft VS Code\bin;
USERNAME=Lenovo
OS=Windows_NT
PROCESSOR_IDENTIFIER=Intel64 Family 6 Model 61 Stepping 4, GenuineIntel
TMP=C:\Users\Lenovo\AppData\Local\Temp
TEMP=C:\Users\Lenovo\AppData\Local\Temp



Periodic native trim disabled


---------------  S Y S T E M  ---------------

OS:
 Windows 10 , 64 bit Build 19041 (10.0.19041.5678)
OS uptime: 0 days 15:18 hours
Hyper-V role detected

CPU: total 4 (initial active 4) (2 cores per cpu, 2 threads per core) family 6 model 61 stepping 4 microcode 0x2d, cx8, cmov, fxsr, ht, mmx, 3dnowpref, sse, sse2, sse3, ssse3, sse4.1, sse4.2, popcnt, lzcnt, tsc, tscinvbit, avx, avx2, aes, erms, clmul, bmi1, bmi2, adx, fma, vzeroupper, clflush, hv
Processor Information for the first 4 processors :
  Max Mhz: 2000, Current Mhz: 2000, Mhz Limit: 2000

Memory: 4k page, system-wide physical 8109M (826M free)
TotalPageFile size 10157M (AvailPageFile size 5M)
current process WorkingSet (physical memory assigned to process): 189M, peak: 189M
current process commit charge ("private bytes"): 260M, peak: 261M

vm_info: OpenJDK 64-Bit Server VM (17.0.14+7-LTS) for windows-amd64 JRE (17.0.14+7-LTS), built on Jan  8 2025 23:39:28 by "MicrosoftCorporation" with unknown MS VC++:1939

END.
