#
# There is insufficient memory for the Java Runtime Environment to continue.
# Native memory allocation (malloc) failed to allocate 1351696 bytes. Error detail: Chunk::new
# Possible reasons:
#   The system is out of physical RAM or swap space
#   This process is running with CompressedOops enabled, and the Java Heap may be blocking the growth of the native heap
# Possible solutions:
#   Reduce memory load on the system
#   Increase physical memory or swap space
#   Check if swap backing store is full
#   Decrease Java heap size (-Xmx/-Xms)
#   Decrease number of Java threads
#   Decrease Java thread stack sizes (-Xss)
#   Set larger code cache with -XX:ReservedCodeCacheSize=
#   JVM is running with Unscaled Compressed Oops mode in which the Java heap is
#     placed in the first 4GB address space. The Java Heap base address is the
#     maximum limit for the native heap growth. Please use -XX:HeapBaseMinAddress
#     to set the Java Heap base and to place the Java Heap above 4GB virtual address.
# This output file may be truncated or incomplete.
#
#  Out of Memory Error (arena.cpp:191), pid=11040, tid=816
#
# JRE version: OpenJDK Runtime Environment Microsoft-10800295 (17.0.14+7) (build 17.0.14+7-LTS)
# Java VM: OpenJDK 64-Bit Server VM Microsoft-10800295 (17.0.14+7-LTS, mixed mode, sharing, tiered, compressed oops, compressed class ptrs, g1 gc, windows-amd64)
# No core dump will be written. Minidumps are not enabled by default on client versions of Windows
#

---------------  S U M M A R Y ------------

Command Line: --add-opens=java.base/java.lang=ALL-UNNAMED --add-opens=java.base/java.lang.invoke=ALL-UNNAMED --add-opens=java.base/java.util=ALL-UNNAMED --add-opens=java.prefs/java.util.prefs=ALL-UNNAMED --add-exports=jdk.compiler/com.sun.tools.javac.api=ALL-UNNAMED --add-exports=jdk.compiler/com.sun.tools.javac.util=ALL-UNNAMED --add-opens=java.base/java.util=ALL-UNNAMED --add-opens=java.prefs/java.util.prefs=ALL-UNNAMED --add-opens=java.base/java.nio.charset=ALL-UNNAMED --add-opens=java.base/java.net=ALL-UNNAMED --add-opens=java.base/java.util.concurrent.atomic=ALL-UNNAMED --add-opens=java.xml/javax.xml.namespace=ALL-UNNAMED -Xmx2048m -Dfile.encoding=UTF-8 -Duser.country=US -Duser.language=en -Duser.variant -javaagent:C:\Users\Lenovo\.gradle\wrapper\dists\gradle-8.11.1-bin\bpt9gzteqjrbo1mjrsomdt32c\gradle-8.11.1\lib\agents\gradle-instrumentation-agent-8.11.1.jar org.gradle.launcher.daemon.bootstrap.GradleDaemon 8.11.1

Host: Intel(R) Core(TM) i3-5005U CPU @ 2.00GHz, 4 cores, 7G,  Windows 10 , 64 bit Build 19041 (10.0.19041.5678)
Time: Sun Apr 20 15:44:55 2025 India Standard Time elapsed time: 21.183554 seconds (0d 0h 0m 21s)

---------------  T H R E A D  ---------------

Current thread (0x000001a767a6a550):  JavaThread "C2 CompilerThread1" daemon [_thread_in_native, id=816, stack(0x0000008c76f00000,0x0000008c77000000)]


Current CompileTask:
C2:  21183 8248       4       jdk.internal.loader.URLClassPath$JarLoader$2::getBytes (48 bytes)

Stack: [0x0000008c76f00000,0x0000008c77000000]
Native frames: (J=compiled Java code, j=interpreted, Vv=VM code, C=native code)
V  [jvm.dll+0x6886b9]
V  [jvm.dll+0x83f6f8]
V  [jvm.dll+0x8411a3]
V  [jvm.dll+0x841813]
V  [jvm.dll+0x2495cf]
V  [jvm.dll+0xad0d4]
V  [jvm.dll+0xad76c]
V  [jvm.dll+0x36ae0e]
V  [jvm.dll+0x1bce02]
V  [jvm.dll+0x21a95c]
V  [jvm.dll+0x219c1f]
V  [jvm.dll+0x1a5596]
V  [jvm.dll+0x22a27a]
V  [jvm.dll+0x2283bb]
V  [jvm.dll+0x7f4f48]
V  [jvm.dll+0x7ef2ac]
V  [jvm.dll+0x687597]
C  [ucrtbase.dll+0x21bb2]
C  [KERNEL32.DLL+0x17374]
C  [ntdll.dll+0x4cc91]


---------------  P R O C E S S  ---------------

Threads class SMR info:
_java_thread_list=0x000001a768972000, length=49, elements={
0x000001a7027c4770, 0x000001a7203a2e40, 0x000001a7203a3bd0, 0x000001a7203b73b0,
0x000001a7203baf00, 0x000001a7203bb7d0, 0x000001a7203bc0a0, 0x000001a7203c01a0,
0x000001a7203e8ad0, 0x000001a7203e93e0, 0x000001a72038ef70, 0x000001a720648d70,
0x000001a767aee440, 0x000001a767a68ff0, 0x000001a767663fe0, 0x000001a767ac4050,
0x000001a7679ecdf0, 0x000001a767a27450, 0x000001a767a26f40, 0x000001a767a292b0,
0x000001a767a27e70, 0x000001a767a29cd0, 0x000001a767a26520, 0x000001a767a26a30,
0x000001a767a27960, 0x000001a767a28380, 0x000001a767a28890, 0x000001a767a28da0,
0x000001a767a297c0, 0x000001a7680ba9c0, 0x000001a7680c04e0, 0x000001a7680bb8f0,
0x000001a7680bcd30, 0x000001a7680bbe00, 0x000001a7680c09f0, 0x000001a7680bfac0,
0x000001a7680baed0, 0x000001a7680bf0a0, 0x000001a7680bb3e0, 0x000001a7680bc310,
0x000001a7680beb90, 0x000001a7680bffd0, 0x000001a7680c1410, 0x000001a7680bd750,
0x000001a7680bdc60, 0x000001a7680be170, 0x000001a7680c0f00, 0x000001a767a6a550,
0x000001a7680be680
}

Java Threads: ( => current thread )
  0x000001a7027c4770 JavaThread "main" [_thread_blocked, id=7244, stack(0x0000008c75600000,0x0000008c75700000)]
  0x000001a7203a2e40 JavaThread "Reference Handler" daemon [_thread_blocked, id=7036, stack(0x0000008c75d00000,0x0000008c75e00000)]
  0x000001a7203a3bd0 JavaThread "Finalizer" daemon [_thread_blocked, id=11592, stack(0x0000008c75e00000,0x0000008c75f00000)]
  0x000001a7203b73b0 JavaThread "Signal Dispatcher" daemon [_thread_blocked, id=8848, stack(0x0000008c75f00000,0x0000008c76000000)]
  0x000001a7203baf00 JavaThread "Attach Listener" daemon [_thread_blocked, id=9948, stack(0x0000008c76000000,0x0000008c76100000)]
  0x000001a7203bb7d0 JavaThread "Service Thread" daemon [_thread_blocked, id=7204, stack(0x0000008c76100000,0x0000008c76200000)]
  0x000001a7203bc0a0 JavaThread "Monitor Deflation Thread" daemon [_thread_blocked, id=10044, stack(0x0000008c76200000,0x0000008c76300000)]
  0x000001a7203c01a0 JavaThread "C2 CompilerThread0" daemon [_thread_in_native, id=6224, stack(0x0000008c76300000,0x0000008c76400000)]
  0x000001a7203e8ad0 JavaThread "C1 CompilerThread0" daemon [_thread_blocked, id=5360, stack(0x0000008c76400000,0x0000008c76500000)]
  0x000001a7203e93e0 JavaThread "Sweeper thread" daemon [_thread_blocked, id=10084, stack(0x0000008c76500000,0x0000008c76600000)]
  0x000001a72038ef70 JavaThread "Common-Cleaner" daemon [_thread_blocked, id=1280, stack(0x0000008c76600000,0x0000008c76700000)]
  0x000001a720648d70 JavaThread "Notification Thread" daemon [_thread_blocked, id=5552, stack(0x0000008c76700000,0x0000008c76800000)]
  0x000001a767aee440 JavaThread "Daemon health stats" [_thread_blocked, id=1408, stack(0x0000008c76e00000,0x0000008c76f00000)]
  0x000001a767a68ff0 JavaThread "Incoming local TCP Connector on port 56534" [_thread_in_native, id=4200, stack(0x0000008c76b00000,0x0000008c76c00000)]
  0x000001a767663fe0 JavaThread "Daemon periodic checks" [_thread_blocked, id=7688, stack(0x0000008c77000000,0x0000008c77100000)]
  0x000001a767ac4050 JavaThread "Daemon" [_thread_blocked, id=6412, stack(0x0000008c77100000,0x0000008c77200000)]
  0x000001a7679ecdf0 JavaThread "Handler for socket connection from /127.0.0.1:56534 to /127.0.0.1:56535" [_thread_in_native, id=9828, stack(0x0000008c77200000,0x0000008c77300000)]
  0x000001a767a27450 JavaThread "Cancel handler" [_thread_blocked, id=9384, stack(0x0000008c77300000,0x0000008c77400000)]
  0x000001a767a26f40 JavaThread "Daemon worker" [_thread_in_native, id=5916, stack(0x0000008c77400000,0x0000008c77500000)]
  0x000001a767a292b0 JavaThread "Asynchronous log dispatcher for DefaultDaemonConnection: socket connection from /127.0.0.1:56534 to /127.0.0.1:56535" [_thread_blocked, id=11808, stack(0x0000008c77500000,0x0000008c77600000)]
  0x000001a767a27e70 JavaThread "Stdin handler" [_thread_blocked, id=6052, stack(0x0000008c77600000,0x0000008c77700000)]
  0x000001a767a29cd0 JavaThread "Daemon client event forwarder" [_thread_blocked, id=6628, stack(0x0000008c77700000,0x0000008c77800000)]
  0x000001a767a26520 JavaThread "Cache worker for journal cache (C:\Users\Lenovo\.gradle\caches\journal-1)" [_thread_blocked, id=10848, stack(0x0000008c77800000,0x0000008c77900000)]
  0x000001a767a26a30 JavaThread "File lock request listener" [_thread_in_native, id=5400, stack(0x0000008c77900000,0x0000008c77a00000)]
  0x000001a767a27960 JavaThread "Cache worker for file hash cache (C:\Users\Lenovo\.gradle\caches\8.11.1\fileHashes)" [_thread_blocked, id=8720, stack(0x0000008c77a00000,0x0000008c77b00000)]
  0x000001a767a28380 JavaThread "Cache worker for file content cache (C:\Users\Lenovo\.gradle\caches\8.11.1\fileContent)" [_thread_blocked, id=7764, stack(0x0000008c77b00000,0x0000008c77c00000)]
  0x000001a767a28890 JavaThread "Cache worker for file hash cache (C:\Users\Lenovo\AndroidStudioProjects\NewsApiApp\.gradle\8.11.1\fileHashes)" [_thread_blocked, id=10896, stack(0x0000008c77c00000,0x0000008c77d00000)]
  0x000001a767a28da0 JavaThread "Cache worker for Build Output Cleanup Cache (C:\Users\Lenovo\AndroidStudioProjects\NewsApiApp\.gradle\buildOutputCleanup)" [_thread_blocked, id=7316, stack(0x0000008c77d00000,0x0000008c77e00000)]
  0x000001a767a297c0 JavaThread "File watcher server" daemon [_thread_in_native, id=2220, stack(0x0000008c77e00000,0x0000008c77f00000)]
  0x000001a7680ba9c0 JavaThread "File watcher consumer" daemon [_thread_blocked, id=10836, stack(0x0000008c77f00000,0x0000008c78000000)]
  0x000001a7680c04e0 JavaThread "Cache worker for checksums cache (C:\Users\Lenovo\AndroidStudioProjects\NewsApiApp\.gradle\8.11.1\checksums)" [_thread_blocked, id=7164, stack(0x0000008c78000000,0x0000008c78100000)]
  0x000001a7680bb8f0 JavaThread "Cache worker for cache directory md-rule (C:\Users\Lenovo\.gradle\caches\8.11.1\md-rule)" [_thread_blocked, id=11752, stack(0x0000008c78100000,0x0000008c78200000)]
  0x000001a7680bcd30 JavaThread "Cache worker for cache directory md-supplier (C:\Users\Lenovo\.gradle\caches\8.11.1\md-supplier)" [_thread_blocked, id=10124, stack(0x0000008c78200000,0x0000008c78300000)]
  0x000001a7680bbe00 JavaThread "jar transforms" [_thread_blocked, id=3784, stack(0x0000008c78400000,0x0000008c78500000)]
  0x000001a7680c09f0 JavaThread "jar transforms Thread 2" [_thread_blocked, id=3016, stack(0x0000008c78500000,0x0000008c78600000)]
  0x000001a7680bfac0 JavaThread "jar transforms Thread 3" [_thread_blocked, id=2932, stack(0x0000008c78600000,0x0000008c78700000)]
  0x000001a7680baed0 JavaThread "Unconstrained build operations" [_thread_blocked, id=2660, stack(0x0000008c78700000,0x0000008c78800000)]
  0x000001a7680bf0a0 JavaThread "Unconstrained build operations Thread 2" [_thread_blocked, id=11124, stack(0x0000008c78800000,0x0000008c78900000)]
  0x000001a7680bb3e0 JavaThread "Unconstrained build operations Thread 3" [_thread_blocked, id=6764, stack(0x0000008c78900000,0x0000008c78a00000)]
  0x000001a7680bc310 JavaThread "Unconstrained build operations Thread 4" [_thread_blocked, id=712, stack(0x0000008c78a00000,0x0000008c78b00000)]
  0x000001a7680beb90 JavaThread "Unconstrained build operations Thread 5" [_thread_blocked, id=9516, stack(0x0000008c78b00000,0x0000008c78c00000)]
  0x000001a7680bffd0 JavaThread "Unconstrained build operations Thread 6" [_thread_blocked, id=8380, stack(0x0000008c78c00000,0x0000008c78d00000)]
  0x000001a7680c1410 JavaThread "Unconstrained build operations Thread 7" [_thread_blocked, id=7616, stack(0x0000008c78d00000,0x0000008c78e00000)]
  0x000001a7680bd750 JavaThread "Unconstrained build operations Thread 8" [_thread_blocked, id=12224, stack(0x0000008c78e00000,0x0000008c78f00000)]
  0x000001a7680bdc60 JavaThread "Unconstrained build operations Thread 9" [_thread_blocked, id=2176, stack(0x0000008c78f00000,0x0000008c79000000)]
  0x000001a7680be170 JavaThread "jar transforms Thread 4" [_thread_blocked, id=11352, stack(0x0000008c79000000,0x0000008c79100000)]
  0x000001a7680c0f00 JavaThread "build event listener" [_thread_blocked, id=6252, stack(0x0000008c79100000,0x0000008c79200000)]
=>0x000001a767a6a550 JavaThread "C2 CompilerThread1" daemon [_thread_in_native, id=816, stack(0x0000008c76f00000,0x0000008c77000000)]
  0x000001a7680be680 JavaThread "Memory manager" [_thread_blocked, id=9968, stack(0x0000008c79200000,0x0000008c79300000)]

Other Threads:
  0x000001a72039b870 VMThread "VM Thread" [stack: 0x0000008c75c00000,0x0000008c75d00000] [id=1472]
  0x000001a720592500 WatcherThread [stack: 0x0000008c76800000,0x0000008c76900000] [id=1552]
  0x000001a70281d6b0 GCTaskThread "GC Thread#0" [stack: 0x0000008c75700000,0x0000008c75800000] [id=7332]
  0x000001a720681800 GCTaskThread "GC Thread#1" [stack: 0x0000008c76900000,0x0000008c76a00000] [id=7832]
  0x000001a7206803b0 GCTaskThread "GC Thread#2" [stack: 0x0000008c76a00000,0x0000008c76b00000] [id=8440]
  0x000001a766697c20 GCTaskThread "GC Thread#3" [stack: 0x0000008c76c00000,0x0000008c76d00000] [id=12132]
  0x000001a70055dfe0 ConcurrentGCThread "G1 Main Marker" [stack: 0x0000008c75800000,0x0000008c75900000] [id=11684]
  0x000001a70055e910 ConcurrentGCThread "G1 Conc#0" [stack: 0x0000008c75900000,0x0000008c75a00000] [id=2488]
  0x000001a7202580e0 ConcurrentGCThread "G1 Refine#0" [stack: 0x0000008c75a00000,0x0000008c75b00000] [id=8392]
  0x000001a766e00c20 ConcurrentGCThread "G1 Refine#1" [stack: 0x0000008c76d00000,0x0000008c76e00000] [id=700]
  0x000001a767ca0210 ConcurrentGCThread "G1 Refine#2" [stack: 0x0000008c78300000,0x0000008c78400000] [id=7280]
  0x000001a720258a20 ConcurrentGCThread "G1 Service" [stack: 0x0000008c75b00000,0x0000008c75c00000] [id=8468]

Threads with active compile tasks:
C2 CompilerThread0    21227 8284   !   4       java.net.URL::<init> (543 bytes)
C2 CompilerThread1    21227 8248       4       jdk.internal.loader.URLClassPath$JarLoader$2::getBytes (48 bytes)

VM state: not at safepoint (normal execution)

VM Mutex/Monitor currently owned by a thread: None

Heap address: 0x0000000080000000, size: 2048 MB, Compressed Oops mode: 32-bit

CDS archive(s) mapped at: [0x000001a721000000-0x000001a721bb0000-0x000001a721bb0000), size 12255232, SharedBaseAddress: 0x000001a721000000, ArchiveRelocationMode: 1.
Compressed class space mapped at: 0x000001a722000000-0x000001a762000000, reserved size: 1073741824
Narrow klass base: 0x000001a721000000, Narrow klass shift: 0, Narrow klass range: 0x100000000

GC Precious Log:
 CPUs: 4 total, 4 available
 Memory: 8109M
 Large Page Support: Disabled
 NUMA Support: Disabled
 Compressed Oops: Enabled (32-bit)
 Heap Region Size: 1M
 Heap Min Capacity: 8M
 Heap Initial Capacity: 128M
 Heap Max Capacity: 2G
 Pre-touch: Disabled
 Parallel Workers: 4
 Concurrent Workers: 1
 Concurrent Refinement Workers: 4
 Periodic GC: Disabled

Heap:
 garbage-first heap   total 146432K, used 103965K [0x0000000080000000, 0x0000000100000000)
  region size 1024K, 28 young (28672K), 1 survivors (1024K)
 Metaspace       used 58261K, committed 58880K, reserved 1114112K
  class space    used 7970K, committed 8256K, reserved 1048576K

Heap Regions: E=young(eden), S=young(survivor), O=old, HS=humongous(starts), HC=humongous(continues), CS=collection set, F=free, OA=open archive, CA=closed archive, TAMS=top-at-mark-start (previous, next)
|   0|0x0000000080000000, 0x0000000080100000, 0x0000000080100000|100%|HS|  |TAMS 0x0000000080100000, 0x0000000080000000| Complete 
|   1|0x0000000080100000, 0x0000000080200000, 0x0000000080200000|100%|HC|  |TAMS 0x0000000080200000, 0x0000000080100000| Complete 
|   2|0x0000000080200000, 0x0000000080300000, 0x0000000080300000|100%|HC|  |TAMS 0x0000000080300000, 0x0000000080200000| Complete 
|   3|0x0000000080300000, 0x0000000080400000, 0x0000000080400000|100%| O|  |TAMS 0x0000000080400000, 0x0000000080300000| Untracked 
|   4|0x0000000080400000, 0x0000000080500000, 0x0000000080500000|100%| O|  |TAMS 0x0000000080500000, 0x0000000080400000| Untracked 
|   5|0x0000000080500000, 0x0000000080600000, 0x0000000080600000|100%| O|  |TAMS 0x0000000080600000, 0x0000000080500000| Untracked 
|   6|0x0000000080600000, 0x0000000080700000, 0x0000000080700000|100%| O|  |TAMS 0x0000000080700000, 0x0000000080600000| Untracked 
|   7|0x0000000080700000, 0x0000000080800000, 0x0000000080800000|100%|HS|  |TAMS 0x0000000080800000, 0x0000000080700000| Complete 
|   8|0x0000000080800000, 0x0000000080900000, 0x0000000080900000|100%| O|  |TAMS 0x0000000080900000, 0x0000000080800000| Untracked 
|   9|0x0000000080900000, 0x0000000080a00000, 0x0000000080a00000|100%| O|  |TAMS 0x0000000080a00000, 0x0000000080900000| Untracked 
|  10|0x0000000080a00000, 0x0000000080b00000, 0x0000000080b00000|100%| O|  |TAMS 0x0000000080b00000, 0x0000000080a00000| Untracked 
|  11|0x0000000080b00000, 0x0000000080c00000, 0x0000000080c00000|100%| O|  |TAMS 0x0000000080c00000, 0x0000000080b00000| Untracked 
|  12|0x0000000080c00000, 0x0000000080d00000, 0x0000000080d00000|100%| O|  |TAMS 0x0000000080d00000, 0x0000000080c00000| Untracked 
|  13|0x0000000080d00000, 0x0000000080e00000, 0x0000000080e00000|100%| O|  |TAMS 0x0000000080e00000, 0x0000000080d00000| Untracked 
|  14|0x0000000080e00000, 0x0000000080f00000, 0x0000000080f00000|100%| O|  |TAMS 0x0000000080f00000, 0x0000000080e00000| Untracked 
|  15|0x0000000080f00000, 0x0000000080fe6000, 0x0000000081000000| 89%| O|  |TAMS 0x0000000080fe6000, 0x0000000080f00000| Untracked 
|  16|0x0000000081000000, 0x0000000081100000, 0x0000000081100000|100%| O|  |TAMS 0x0000000081100000, 0x0000000081000000| Untracked 
|  17|0x0000000081100000, 0x0000000081200000, 0x0000000081200000|100%| O|  |TAMS 0x0000000081200000, 0x0000000081100000| Untracked 
|  18|0x0000000081200000, 0x0000000081300000, 0x0000000081300000|100%| O|  |TAMS 0x0000000081300000, 0x0000000081200000| Untracked 
|  19|0x0000000081300000, 0x0000000081400000, 0x0000000081400000|100%| O|  |TAMS 0x0000000081400000, 0x0000000081300000| Untracked 
|  20|0x0000000081400000, 0x0000000081500000, 0x0000000081500000|100%| O|  |TAMS 0x0000000081500000, 0x0000000081400000| Untracked 
|  21|0x0000000081500000, 0x0000000081600000, 0x0000000081600000|100%| O|  |TAMS 0x0000000081600000, 0x0000000081500000| Untracked 
|  22|0x0000000081600000, 0x0000000081700000, 0x0000000081700000|100%| O|  |TAMS 0x0000000081700000, 0x0000000081600000| Untracked 
|  23|0x0000000081700000, 0x0000000081800000, 0x0000000081800000|100%| O|  |TAMS 0x0000000081800000, 0x0000000081700000| Untracked 
|  24|0x0000000081800000, 0x0000000081900000, 0x0000000081900000|100%| O|  |TAMS 0x0000000081900000, 0x0000000081800000| Untracked 
|  25|0x0000000081900000, 0x0000000081a00000, 0x0000000081a00000|100%| O|  |TAMS 0x0000000081a00000, 0x0000000081900000| Untracked 
|  26|0x0000000081a00000, 0x0000000081b00000, 0x0000000081b00000|100%| O|  |TAMS 0x0000000081b00000, 0x0000000081a00000| Untracked 
|  27|0x0000000081b00000, 0x0000000081c00000, 0x0000000081c00000|100%|HS|  |TAMS 0x0000000081b00000, 0x0000000081b00000| Complete 
|  28|0x0000000081c00000, 0x0000000081d00000, 0x0000000081d00000|100%| O|  |TAMS 0x0000000081d00000, 0x0000000081c00000| Untracked 
|  29|0x0000000081d00000, 0x0000000081e00000, 0x0000000081e00000|100%| O|  |TAMS 0x0000000081e00000, 0x0000000081d00000| Untracked 
|  30|0x0000000081e00000, 0x0000000081f00000, 0x0000000081f00000|100%| O|  |TAMS 0x0000000081f00000, 0x0000000081e00000| Untracked 
|  31|0x0000000081f00000, 0x0000000082000000, 0x0000000082000000|100%| O|  |TAMS 0x0000000082000000, 0x0000000081f00000| Untracked 
|  32|0x0000000082000000, 0x0000000082100000, 0x0000000082100000|100%| O|  |TAMS 0x0000000082100000, 0x0000000082000000| Untracked 
|  33|0x0000000082100000, 0x0000000082200000, 0x0000000082200000|100%| O|  |TAMS 0x0000000082200000, 0x0000000082100000| Untracked 
|  34|0x0000000082200000, 0x0000000082300000, 0x0000000082300000|100%| O|  |TAMS 0x0000000082300000, 0x0000000082200000| Untracked 
|  35|0x0000000082300000, 0x0000000082400000, 0x0000000082400000|100%| O|  |TAMS 0x0000000082400000, 0x0000000082300000| Untracked 
|  36|0x0000000082400000, 0x0000000082500000, 0x0000000082500000|100%| O|  |TAMS 0x0000000082500000, 0x0000000082400000| Untracked 
|  37|0x0000000082500000, 0x0000000082600000, 0x0000000082600000|100%| O|  |TAMS 0x0000000082600000, 0x0000000082500000| Untracked 
|  38|0x0000000082600000, 0x0000000082700000, 0x0000000082700000|100%| O|  |TAMS 0x0000000082700000, 0x0000000082600000| Untracked 
|  39|0x0000000082700000, 0x0000000082800000, 0x0000000082800000|100%| O|  |TAMS 0x0000000082800000, 0x0000000082700000| Untracked 
|  40|0x0000000082800000, 0x0000000082900000, 0x0000000082900000|100%| O|  |TAMS 0x0000000082900000, 0x0000000082800000| Untracked 
|  41|0x0000000082900000, 0x0000000082a00000, 0x0000000082a00000|100%| O|  |TAMS 0x0000000082a00000, 0x0000000082900000| Untracked 
|  42|0x0000000082a00000, 0x0000000082b00000, 0x0000000082b00000|100%| O|  |TAMS 0x0000000082b00000, 0x0000000082a00000| Untracked 
|  43|0x0000000082b00000, 0x0000000082c00000, 0x0000000082c00000|100%|HS|  |TAMS 0x0000000082c00000, 0x0000000082b00000| Complete 
|  44|0x0000000082c00000, 0x0000000082d00000, 0x0000000082d00000|100%|HS|  |TAMS 0x0000000082d00000, 0x0000000082c00000| Complete 
|  45|0x0000000082d00000, 0x0000000082e00000, 0x0000000082e00000|100%|HC|  |TAMS 0x0000000082e00000, 0x0000000082d00000| Complete 
|  46|0x0000000082e00000, 0x0000000082f00000, 0x0000000082f00000|100%|HS|  |TAMS 0x0000000082f00000, 0x0000000082e00000| Complete 
|  47|0x0000000082f00000, 0x0000000083000000, 0x0000000083000000|100%|HS|  |TAMS 0x0000000083000000, 0x0000000082f00000| Complete 
|  48|0x0000000083000000, 0x0000000083100000, 0x0000000083100000|100%|HS|  |TAMS 0x0000000083100000, 0x0000000083000000| Complete 
|  49|0x0000000083100000, 0x0000000083200000, 0x0000000083200000|100%|HC|  |TAMS 0x0000000083200000, 0x0000000083100000| Complete 
|  50|0x0000000083200000, 0x0000000083300000, 0x0000000083300000|100%|HC|  |TAMS 0x0000000083300000, 0x0000000083200000| Complete 
|  51|0x0000000083300000, 0x0000000083400000, 0x0000000083400000|100%|HC|  |TAMS 0x0000000083400000, 0x0000000083300000| Complete 
|  52|0x0000000083400000, 0x0000000083500000, 0x0000000083500000|100%|HS|  |TAMS 0x0000000083500000, 0x0000000083400000| Complete 
|  53|0x0000000083500000, 0x0000000083600000, 0x0000000083600000|100%| O|  |TAMS 0x0000000083600000, 0x0000000083500000| Untracked 
|  54|0x0000000083600000, 0x0000000083700000, 0x0000000083700000|100%| O|  |TAMS 0x0000000083700000, 0x0000000083600000| Untracked 
|  55|0x0000000083700000, 0x0000000083800000, 0x0000000083800000|100%|HS|  |TAMS 0x0000000083700000, 0x0000000083700000| Complete 
|  56|0x0000000083800000, 0x0000000083900000, 0x0000000083900000|100%|HS|  |TAMS 0x0000000083900000, 0x0000000083800000| Complete 
|  57|0x0000000083900000, 0x0000000083a00000, 0x0000000083a00000|100%| O|  |TAMS 0x0000000083a00000, 0x0000000083900000| Untracked 
|  58|0x0000000083a00000, 0x0000000083b00000, 0x0000000083b00000|100%| O|  |TAMS 0x0000000083b00000, 0x0000000083a00000| Untracked 
|  59|0x0000000083b00000, 0x0000000083c00000, 0x0000000083c00000|100%| O|  |TAMS 0x0000000083c00000, 0x0000000083b00000| Untracked 
|  60|0x0000000083c00000, 0x0000000083d00000, 0x0000000083d00000|100%| O|  |TAMS 0x0000000083d00000, 0x0000000083c00000| Untracked 
|  61|0x0000000083d00000, 0x0000000083e00000, 0x0000000083e00000|100%| O|  |TAMS 0x0000000083e00000, 0x0000000083d00000| Untracked 
|  62|0x0000000083e00000, 0x0000000083f00000, 0x0000000083f00000|100%| O|  |TAMS 0x0000000083f00000, 0x0000000083e00000| Untracked 
|  63|0x0000000083f00000, 0x0000000084000000, 0x0000000084000000|100%| O|  |TAMS 0x0000000084000000, 0x0000000083f00000| Untracked 
|  64|0x0000000084000000, 0x0000000084100000, 0x0000000084100000|100%|HS|  |TAMS 0x0000000084100000, 0x0000000084000000| Complete 
|  65|0x0000000084100000, 0x0000000084200000, 0x0000000084200000|100%| O|  |TAMS 0x0000000084200000, 0x0000000084100000| Untracked 
|  66|0x0000000084200000, 0x0000000084300000, 0x0000000084300000|100%| O|  |TAMS 0x0000000084300000, 0x0000000084200000| Untracked 
|  67|0x0000000084300000, 0x0000000084400000, 0x0000000084400000|100%| O|  |TAMS 0x00000000843e9600, 0x0000000084300000| Untracked 
|  68|0x0000000084400000, 0x0000000084500000, 0x0000000084500000|100%| O|  |TAMS 0x0000000084400000, 0x0000000084400000| Untracked 
|  69|0x0000000084500000, 0x0000000084600000, 0x0000000084600000|100%| O|  |TAMS 0x0000000084500000, 0x0000000084500000| Untracked 
|  70|0x0000000084600000, 0x0000000084700000, 0x0000000084700000|100%| O|  |TAMS 0x0000000084600000, 0x0000000084600000| Untracked 
|  71|0x0000000084700000, 0x00000000847a1600, 0x0000000084800000| 63%| O|  |TAMS 0x0000000084700000, 0x0000000084700000| Untracked 
|  72|0x0000000084800000, 0x0000000084900000, 0x0000000084900000|100%|HS|  |TAMS 0x0000000084800000, 0x0000000084800000| Complete 
|  73|0x0000000084900000, 0x0000000084a00000, 0x0000000084a00000|100%|HS|  |TAMS 0x0000000084900000, 0x0000000084900000| Complete 
|  74|0x0000000084a00000, 0x0000000084b00000, 0x0000000084b00000|100%|HS|  |TAMS 0x0000000084a00000, 0x0000000084a00000| Complete 
|  75|0x0000000084b00000, 0x0000000084b00000, 0x0000000084c00000|  0%| F|  |TAMS 0x0000000084b00000, 0x0000000084b00000| Untracked 
|  76|0x0000000084c00000, 0x0000000084c00000, 0x0000000084d00000|  0%| F|  |TAMS 0x0000000084c00000, 0x0000000084c00000| Untracked 
|  77|0x0000000084d00000, 0x0000000084d00000, 0x0000000084e00000|  0%| F|  |TAMS 0x0000000084d00000, 0x0000000084d00000| Untracked 
|  78|0x0000000084e00000, 0x0000000084e00000, 0x0000000084f00000|  0%| F|  |TAMS 0x0000000084e00000, 0x0000000084e00000| Untracked 
|  79|0x0000000084f00000, 0x0000000084f00000, 0x0000000085000000|  0%| F|  |TAMS 0x0000000084f00000, 0x0000000084f00000| Untracked 
|  80|0x0000000085000000, 0x0000000085000000, 0x0000000085100000|  0%| F|  |TAMS 0x0000000085000000, 0x0000000085000000| Untracked 
|  81|0x0000000085100000, 0x0000000085100000, 0x0000000085200000|  0%| F|  |TAMS 0x0000000085100000, 0x0000000085100000| Untracked 
|  82|0x0000000085200000, 0x0000000085200000, 0x0000000085300000|  0%| F|  |TAMS 0x0000000085200000, 0x0000000085200000| Untracked 
|  83|0x0000000085300000, 0x0000000085300000, 0x0000000085400000|  0%| F|  |TAMS 0x0000000085300000, 0x0000000085300000| Untracked 
|  84|0x0000000085400000, 0x0000000085400000, 0x0000000085500000|  0%| F|  |TAMS 0x0000000085400000, 0x0000000085400000| Untracked 
|  85|0x0000000085500000, 0x0000000085500000, 0x0000000085600000|  0%| F|  |TAMS 0x0000000085500000, 0x0000000085500000| Untracked 
|  86|0x0000000085600000, 0x0000000085600000, 0x0000000085700000|  0%| F|  |TAMS 0x0000000085600000, 0x0000000085600000| Untracked 
|  87|0x0000000085700000, 0x0000000085700000, 0x0000000085800000|  0%| F|  |TAMS 0x0000000085700000, 0x0000000085700000| Untracked 
|  88|0x0000000085800000, 0x0000000085800000, 0x0000000085900000|  0%| F|  |TAMS 0x0000000085800000, 0x0000000085800000| Untracked 
|  89|0x0000000085900000, 0x0000000085900000, 0x0000000085a00000|  0%| F|  |TAMS 0x0000000085900000, 0x0000000085900000| Untracked 
|  90|0x0000000085a00000, 0x0000000085a00000, 0x0000000085b00000|  0%| F|  |TAMS 0x0000000085a00000, 0x0000000085a00000| Untracked 
|  91|0x0000000085b00000, 0x0000000085b00000, 0x0000000085c00000|  0%| F|  |TAMS 0x0000000085b00000, 0x0000000085b00000| Untracked 
|  92|0x0000000085c00000, 0x0000000085c00000, 0x0000000085d00000|  0%| F|  |TAMS 0x0000000085c00000, 0x0000000085c00000| Untracked 
|  93|0x0000000085d00000, 0x0000000085d00000, 0x0000000085e00000|  0%| F|  |TAMS 0x0000000085d00000, 0x0000000085d00000| Untracked 
|  94|0x0000000085e00000, 0x0000000085e00000, 0x0000000085f00000|  0%| F|  |TAMS 0x0000000085e00000, 0x0000000085e00000| Untracked 
|  95|0x0000000085f00000, 0x0000000085f00000, 0x0000000086000000|  0%| F|  |TAMS 0x0000000085f00000, 0x0000000085f00000| Untracked 
|  96|0x0000000086000000, 0x0000000086000000, 0x0000000086100000|  0%| F|  |TAMS 0x0000000086000000, 0x0000000086000000| Untracked 
|  97|0x0000000086100000, 0x0000000086100000, 0x0000000086200000|  0%| F|  |TAMS 0x0000000086100000, 0x0000000086100000| Untracked 
|  98|0x0000000086200000, 0x0000000086200000, 0x0000000086300000|  0%| F|  |TAMS 0x0000000086200000, 0x0000000086200000| Untracked 
|  99|0x0000000086300000, 0x0000000086300000, 0x0000000086400000|  0%| F|  |TAMS 0x0000000086300000, 0x0000000086300000| Untracked 
| 100|0x0000000086400000, 0x0000000086400000, 0x0000000086500000|  0%| F|  |TAMS 0x0000000086400000, 0x0000000086400000| Untracked 
| 101|0x0000000086500000, 0x0000000086500000, 0x0000000086600000|  0%| F|  |TAMS 0x0000000086500000, 0x0000000086500000| Untracked 
| 102|0x0000000086600000, 0x0000000086600000, 0x0000000086700000|  0%| F|  |TAMS 0x0000000086600000, 0x0000000086600000| Untracked 
| 103|0x0000000086700000, 0x0000000086700000, 0x0000000086800000|  0%| F|  |TAMS 0x0000000086700000, 0x0000000086700000| Untracked 
| 104|0x0000000086800000, 0x0000000086800000, 0x0000000086900000|  0%| F|  |TAMS 0x0000000086800000, 0x0000000086800000| Untracked 
| 105|0x0000000086900000, 0x0000000086900000, 0x0000000086a00000|  0%| F|  |TAMS 0x0000000086900000, 0x0000000086900000| Untracked 
| 106|0x0000000086a00000, 0x0000000086a00000, 0x0000000086b00000|  0%| F|  |TAMS 0x0000000086a00000, 0x0000000086a00000| Untracked 
| 107|0x0000000086b00000, 0x0000000086b00000, 0x0000000086c00000|  0%| F|  |TAMS 0x0000000086b00000, 0x0000000086b00000| Untracked 
| 108|0x0000000086c00000, 0x0000000086c00000, 0x0000000086d00000|  0%| F|  |TAMS 0x0000000086c00000, 0x0000000086c00000| Untracked 
| 109|0x0000000086d00000, 0x0000000086d00000, 0x0000000086e00000|  0%| F|  |TAMS 0x0000000086d00000, 0x0000000086d00000| Untracked 
| 110|0x0000000086e00000, 0x0000000086e00000, 0x0000000086f00000|  0%| F|  |TAMS 0x0000000086e00000, 0x0000000086e00000| Untracked 
| 111|0x0000000086f00000, 0x0000000086f00000, 0x0000000087000000|  0%| F|  |TAMS 0x0000000086f00000, 0x0000000086f00000| Untracked 
| 112|0x0000000087000000, 0x0000000087000000, 0x0000000087100000|  0%| F|  |TAMS 0x0000000087000000, 0x0000000087000000| Untracked 
| 113|0x0000000087100000, 0x0000000087100000, 0x0000000087200000|  0%| F|  |TAMS 0x0000000087100000, 0x0000000087100000| Untracked 
| 114|0x0000000087200000, 0x0000000087200000, 0x0000000087300000|  0%| F|  |TAMS 0x0000000087200000, 0x0000000087200000| Untracked 
| 115|0x0000000087300000, 0x0000000087380000, 0x0000000087400000| 50%| E|  |TAMS 0x0000000087300000, 0x0000000087300000| Complete 
| 116|0x0000000087400000, 0x0000000087500000, 0x0000000087500000|100%| E|CS|TAMS 0x0000000087400000, 0x0000000087400000| Complete 
| 117|0x0000000087500000, 0x0000000087600000, 0x0000000087600000|100%| E|CS|TAMS 0x0000000087500000, 0x0000000087500000| Complete 
| 118|0x0000000087600000, 0x0000000087700000, 0x0000000087700000|100%| E|CS|TAMS 0x0000000087600000, 0x0000000087600000| Complete 
| 119|0x0000000087700000, 0x0000000087800000, 0x0000000087800000|100%| E|CS|TAMS 0x0000000087700000, 0x0000000087700000| Complete 
| 120|0x0000000087800000, 0x0000000087900000, 0x0000000087900000|100%| E|CS|TAMS 0x0000000087800000, 0x0000000087800000| Complete 
| 121|0x0000000087900000, 0x0000000087a00000, 0x0000000087a00000|100%| E|CS|TAMS 0x0000000087900000, 0x0000000087900000| Complete 
| 122|0x0000000087a00000, 0x0000000087b00000, 0x0000000087b00000|100%| E|CS|TAMS 0x0000000087a00000, 0x0000000087a00000| Complete 
| 123|0x0000000087b00000, 0x0000000087c00000, 0x0000000087c00000|100%| E|CS|TAMS 0x0000000087b00000, 0x0000000087b00000| Complete 
| 124|0x0000000087c00000, 0x0000000087d00000, 0x0000000087d00000|100%| E|CS|TAMS 0x0000000087c00000, 0x0000000087c00000| Complete 
| 125|0x0000000087d00000, 0x0000000087e00000, 0x0000000087e00000|100%| E|CS|TAMS 0x0000000087d00000, 0x0000000087d00000| Complete 
| 126|0x0000000087e00000, 0x0000000087f00000, 0x0000000087f00000|100%| E|CS|TAMS 0x0000000087e00000, 0x0000000087e00000| Complete 
| 127|0x0000000087f00000, 0x0000000088000000, 0x0000000088000000|100%| E|CS|TAMS 0x0000000087f00000, 0x0000000087f00000| Complete 
| 128|0x0000000088000000, 0x0000000088100000, 0x0000000088100000|100%| E|CS|TAMS 0x0000000088000000, 0x0000000088000000| Complete 
| 129|0x0000000088100000, 0x0000000088200000, 0x0000000088200000|100%| E|CS|TAMS 0x0000000088100000, 0x0000000088100000| Complete 
| 130|0x0000000088200000, 0x0000000088300000, 0x0000000088300000|100%| E|CS|TAMS 0x0000000088200000, 0x0000000088200000| Complete 
| 131|0x0000000088300000, 0x0000000088400000, 0x0000000088400000|100%| E|CS|TAMS 0x0000000088300000, 0x0000000088300000| Complete 
| 132|0x0000000088400000, 0x0000000088500000, 0x0000000088500000|100%| E|CS|TAMS 0x0000000088400000, 0x0000000088400000| Complete 
| 133|0x0000000088500000, 0x0000000088600000, 0x0000000088600000|100%| E|CS|TAMS 0x0000000088500000, 0x0000000088500000| Complete 
| 134|0x0000000088600000, 0x0000000088700000, 0x0000000088700000|100%| E|CS|TAMS 0x0000000088600000, 0x0000000088600000| Complete 
| 135|0x0000000088700000, 0x0000000088800000, 0x0000000088800000|100%| E|CS|TAMS 0x0000000088700000, 0x0000000088700000| Complete 
| 136|0x0000000088800000, 0x0000000088900000, 0x0000000088900000|100%| E|CS|TAMS 0x0000000088800000, 0x0000000088800000| Complete 
| 137|0x0000000088900000, 0x0000000088a00000, 0x0000000088a00000|100%| E|CS|TAMS 0x0000000088900000, 0x0000000088900000| Complete 
| 138|0x0000000088a00000, 0x0000000088b00000, 0x0000000088b00000|100%| E|CS|TAMS 0x0000000088a00000, 0x0000000088a00000| Complete 
| 139|0x0000000088b00000, 0x0000000088c00000, 0x0000000088c00000|100%| S|CS|TAMS 0x0000000088b00000, 0x0000000088b00000| Complete 
| 140|0x0000000088c00000, 0x0000000088d00000, 0x0000000088d00000|100%| E|CS|TAMS 0x0000000088c00000, 0x0000000088c00000| Complete 
| 141|0x0000000088d00000, 0x0000000088e00000, 0x0000000088e00000|100%| E|CS|TAMS 0x0000000088d00000, 0x0000000088d00000| Complete 
| 142|0x0000000088e00000, 0x0000000088f00000, 0x0000000088f00000|100%| E|CS|TAMS 0x0000000088e00000, 0x0000000088e00000| Complete 

Card table byte_map: [0x000001a719700000,0x000001a719b00000] _byte_map_base: 0x000001a719300000

Marking Bits (Prev, Next): (CMBitMap*) 0x000001a70281ec30, (CMBitMap*) 0x000001a70281ebf0
 Prev Bits: [0x000001a71bf00000, 0x000001a71df00000)
 Next Bits: [0x000001a719f00000, 0x000001a71bf00000)

Polling page: 0x000001a700790000

Metaspace:

Usage:
  Non-class:     49.13 MB used.
      Class:      7.78 MB used.
       Both:     56.91 MB used.

Virtual space:
  Non-class space:       64.00 MB reserved,      49.44 MB ( 77%) committed,  1 nodes.
      Class space:        1.00 GB reserved,       8.06 MB ( <1%) committed,  1 nodes.
             Both:        1.06 GB reserved,      57.50 MB (  5%) committed. 

Chunk freelists:
   Non-Class:  13.70 MB
       Class:  7.98 MB
        Both:  21.68 MB

MaxMetaspaceSize: unlimited
CompressedClassSpaceSize: 1.00 GB
Initial GC threshold: 21.00 MB
Current GC threshold: 87.00 MB
CDS: on
MetaspaceReclaimPolicy: balanced
 - commit_granule_bytes: 65536.
 - commit_granule_words: 8192.
 - virtual_space_node_default_size: 8388608.
 - enlarge_chunks_in_place: 1.
 - new_chunks_are_fully_committed: 0.
 - uncommit_free_chunks: 1.
 - use_allocation_guard: 0.
 - handle_deallocations: 1.


Internal statistics:

num_allocs_failed_limit: 6.
num_arena_births: 672.
num_arena_deaths: 0.
num_vsnodes_births: 2.
num_vsnodes_deaths: 0.
num_space_committed: 920.
num_space_uncommitted: 0.
num_chunks_returned_to_freelist: 6.
num_chunks_taken_from_freelist: 3026.
num_chunk_merges: 6.
num_chunk_splits: 1999.
num_chunks_enlarged: 1329.
num_inconsistent_stats: 0.

CodeHeap 'non-profiled nmethods': size=120000Kb used=4264Kb max_used=4264Kb free=115735Kb
 bounds [0x000001a711dd0000, 0x000001a712200000, 0x000001a719300000]
CodeHeap 'profiled nmethods': size=120000Kb used=14695Kb max_used=14695Kb free=105304Kb
 bounds [0x000001a70a300000, 0x000001a70b160000, 0x000001a711830000]
CodeHeap 'non-nmethods': size=5760Kb used=2377Kb max_used=2393Kb free=3382Kb
 bounds [0x000001a711830000, 0x000001a711aa0000, 0x000001a711dd0000]
 total_blobs=8454 nmethods=7583 adapters=781
 compilation: enabled
              stopped_count=0, restarted_count=0
 full_count=0

Compilation events (20 events):
Event: 21.139 Thread 0x000001a7203e8ad0 8322       3       org.objectweb.asm.Frame::execute (2303 bytes)
Event: 21.151 Thread 0x000001a7203e8ad0 nmethod 8322 0x000001a70b139210 code [0x000001a70b13a120, 0x000001a70b1407e8]
Event: 21.152 Thread 0x000001a7203e8ad0 8320       3       com.android.build.gradle.internal.dsl.decorator.DslDecorator$CollectingInfoVisitor::method (306 bytes)
Event: 21.157 Thread 0x000001a7203e8ad0 nmethod 8320 0x000001a70b142390 code [0x000001a70b142920, 0x000001a70b144fd8]
Event: 21.157 Thread 0x000001a7203e8ad0 8324       1       org.objectweb.asm.SymbolTable::getMajorVersion (5 bytes)
Event: 21.158 Thread 0x000001a7203e8ad0 nmethod 8324 0x000001a7121f9390 code [0x000001a7121f9520, 0x000001a7121f95f8]
Event: 21.158 Thread 0x000001a7203e8ad0 8321       3       org.objectweb.asm.Type::getType (10 bytes)
Event: 21.158 Thread 0x000001a7203e8ad0 nmethod 8321 0x000001a70b145b90 code [0x000001a70b145d40, 0x000001a70b145f68]
Event: 21.160 Thread 0x000001a7203e8ad0 8326       3       org.objectweb.asm.Type::getArgumentTypes (94 bytes)
Event: 21.163 Thread 0x000001a7203e8ad0 nmethod 8326 0x000001a70b146090 code [0x000001a70b1463e0, 0x000001a70b147af8]
Event: 21.163 Thread 0x000001a7203e8ad0 8327       3       org.objectweb.asm.Type::getArgumentCount (67 bytes)
Event: 21.165 Thread 0x000001a7203e8ad0 nmethod 8327 0x000001a70b148410 code [0x000001a70b148740, 0x000001a70b149b58]
Event: 21.165 Thread 0x000001a7203e8ad0 8328       3       org.objectweb.asm.Type::getInternalName (16 bytes)
Event: 21.166 Thread 0x000001a7203e8ad0 nmethod 8328 0x000001a70b14a390 code [0x000001a70b14a540, 0x000001a70b14a688]
Event: 21.167 Thread 0x000001a7203e8ad0 8329       3       com.android.utils.StringHelper::usLocaleDecapitalize (105 bytes)
Event: 21.169 Thread 0x000001a7203e8ad0 nmethod 8329 0x000001a70b14a790 code [0x000001a70b14ab20, 0x000001a70b14bcb8]
Event: 21.170 Thread 0x000001a7203e8ad0 8331       3       org.objectweb.asm.SymbolTable$Entry::<init> (17 bytes)
Event: 21.170 Thread 0x000001a7203e8ad0 nmethod 8331 0x000001a70b14c390 code [0x000001a70b14c540, 0x000001a70b14c6c8]
Event: 21.179 Thread 0x000001a7203e8ad0 8332       3       java.util.ArrayList::addAll (76 bytes)
Event: 21.180 Thread 0x000001a7203e8ad0 nmethod 8332 0x000001a70b14c790 code [0x000001a70b14c960, 0x000001a70b14cde8]

GC Heap History (20 events):
Event: 14.905 GC heap before
{Heap before GC invocations=13 (full 0):
 garbage-first heap   total 119808K, used 93815K [0x0000000080000000, 0x0000000100000000)
  region size 1024K, 62 young (63488K), 5 survivors (5120K)
 Metaspace       used 46390K, committed 46848K, reserved 1114112K
  class space    used 6476K, committed 6656K, reserved 1048576K
}
Event: 14.928 GC heap after
{Heap after GC invocations=14 (full 0):
 garbage-first heap   total 119808K, used 43855K [0x0000000080000000, 0x0000000100000000)
  region size 1024K, 8 young (8192K), 8 survivors (8192K)
 Metaspace       used 46390K, committed 46848K, reserved 1114112K
  class space    used 6476K, committed 6656K, reserved 1048576K
}
Event: 16.001 GC heap before
{Heap before GC invocations=14 (full 0):
 garbage-first heap   total 119808K, used 91983K [0x0000000080000000, 0x0000000100000000)
  region size 1024K, 56 young (57344K), 8 survivors (8192K)
 Metaspace       used 46878K, committed 47360K, reserved 1114112K
  class space    used 6502K, committed 6720K, reserved 1048576K
}
Event: 16.018 GC heap after
{Heap after GC invocations=15 (full 0):
 garbage-first heap   total 119808K, used 45780K [0x0000000080000000, 0x0000000100000000)
  region size 1024K, 4 young (4096K), 4 survivors (4096K)
 Metaspace       used 46878K, committed 47360K, reserved 1114112K
  class space    used 6502K, committed 6720K, reserved 1048576K
}
Event: 16.699 GC heap before
{Heap before GC invocations=15 (full 0):
 garbage-first heap   total 119808K, used 93908K [0x0000000080000000, 0x0000000100000000)
  region size 1024K, 51 young (52224K), 4 survivors (4096K)
 Metaspace       used 46908K, committed 47424K, reserved 1114112K
  class space    used 6503K, committed 6720K, reserved 1048576K
}
Event: 16.712 GC heap after
{Heap after GC invocations=16 (full 0):
 garbage-first heap   total 119808K, used 47103K [0x0000000080000000, 0x0000000100000000)
  region size 1024K, 4 young (4096K), 4 survivors (4096K)
 Metaspace       used 46908K, committed 47424K, reserved 1114112K
  class space    used 6503K, committed 6720K, reserved 1048576K
}
Event: 17.420 GC heap before
{Heap before GC invocations=16 (full 0):
 garbage-first heap   total 119808K, used 93183K [0x0000000080000000, 0x0000000100000000)
  region size 1024K, 41 young (41984K), 4 survivors (4096K)
 Metaspace       used 47159K, committed 47680K, reserved 1114112K
  class space    used 6543K, committed 6784K, reserved 1048576K
}
Event: 17.437 GC heap after
{Heap after GC invocations=17 (full 0):
 garbage-first heap   total 119808K, used 63669K [0x0000000080000000, 0x0000000100000000)
  region size 1024K, 7 young (7168K), 7 survivors (7168K)
 Metaspace       used 47159K, committed 47680K, reserved 1114112K
  class space    used 6543K, committed 6784K, reserved 1048576K
}
Event: 17.819 GC heap before
{Heap before GC invocations=18 (full 0):
 garbage-first heap   total 119808K, used 67765K [0x0000000080000000, 0x0000000100000000)
  region size 1024K, 11 young (11264K), 7 survivors (7168K)
 Metaspace       used 47248K, committed 47808K, reserved 1114112K
  class space    used 6552K, committed 6848K, reserved 1048576K
}
Event: 17.833 GC heap after
{Heap after GC invocations=19 (full 0):
 garbage-first heap   total 119808K, used 65589K [0x0000000080000000, 0x0000000100000000)
  region size 1024K, 2 young (2048K), 2 survivors (2048K)
 Metaspace       used 47248K, committed 47808K, reserved 1114112K
  class space    used 6552K, committed 6848K, reserved 1048576K
}
Event: 18.302 GC heap before
{Heap before GC invocations=20 (full 0):
 garbage-first heap   total 121856K, used 87093K [0x0000000080000000, 0x0000000100000000)
  region size 1024K, 22 young (22528K), 2 survivors (2048K)
 Metaspace       used 48804K, committed 49344K, reserved 1114112K
  class space    used 6745K, committed 7040K, reserved 1048576K
}
Event: 18.305 GC heap after
{Heap after GC invocations=21 (full 0):
 garbage-first heap   total 121856K, used 68733K [0x0000000080000000, 0x0000000100000000)
  region size 1024K, 3 young (3072K), 3 survivors (3072K)
 Metaspace       used 48804K, committed 49344K, reserved 1114112K
  class space    used 6745K, committed 7040K, reserved 1048576K
}
Event: 18.339 GC heap before
{Heap before GC invocations=21 (full 0):
 garbage-first heap   total 121856K, used 70781K [0x0000000080000000, 0x0000000100000000)
  region size 1024K, 5 young (5120K), 3 survivors (3072K)
 Metaspace       used 48961K, committed 49536K, reserved 1114112K
  class space    used 6761K, committed 7040K, reserved 1048576K
}
Event: 18.342 GC heap after
{Heap after GC invocations=22 (full 0):
 garbage-first heap   total 146432K, used 68712K [0x0000000080000000, 0x0000000100000000)
  region size 1024K, 1 young (1024K), 1 survivors (1024K)
 Metaspace       used 48961K, committed 49536K, reserved 1114112K
  class space    used 6761K, committed 7040K, reserved 1048576K
}
Event: 19.100 GC heap before
{Heap before GC invocations=22 (full 0):
 garbage-first heap   total 146432K, used 102504K [0x0000000080000000, 0x0000000100000000)
  region size 1024K, 34 young (34816K), 1 survivors (1024K)
 Metaspace       used 52352K, committed 52928K, reserved 1114112K
  class space    used 7159K, committed 7424K, reserved 1048576K
}
Event: 19.104 GC heap after
{Heap after GC invocations=23 (full 0):
 garbage-first heap   total 146432K, used 69331K [0x0000000080000000, 0x0000000100000000)
  region size 1024K, 1 young (1024K), 1 survivors (1024K)
 Metaspace       used 52352K, committed 52928K, reserved 1114112K
  class space    used 7159K, committed 7424K, reserved 1048576K
}
Event: 20.590 GC heap before
{Heap before GC invocations=24 (full 0):
 garbage-first heap   total 146432K, used 106195K [0x0000000080000000, 0x0000000100000000)
  region size 1024K, 37 young (37888K), 1 survivors (1024K)
 Metaspace       used 56727K, committed 57280K, reserved 1114112K
  class space    used 7770K, committed 8000K, reserved 1048576K
}
Event: 20.600 GC heap after
{Heap after GC invocations=25 (full 0):
 garbage-first heap   total 146432K, used 71684K [0x0000000080000000, 0x0000000100000000)
  region size 1024K, 4 young (4096K), 4 survivors (4096K)
 Metaspace       used 56727K, committed 57280K, reserved 1114112K
  class space    used 7770K, committed 8000K, reserved 1048576K
}
Event: 20.617 GC heap before
{Heap before GC invocations=25 (full 0):
 garbage-first heap   total 146432K, used 75780K [0x0000000080000000, 0x0000000100000000)
  region size 1024K, 7 young (7168K), 4 survivors (4096K)
 Metaspace       used 56727K, committed 57280K, reserved 1114112K
  class space    used 7770K, committed 8000K, reserved 1048576K
}
Event: 20.625 GC heap after
{Heap after GC invocations=26 (full 0):
 garbage-first heap   total 146432K, used 73245K [0x0000000080000000, 0x0000000100000000)
  region size 1024K, 1 young (1024K), 1 survivors (1024K)
 Metaspace       used 56727K, committed 57280K, reserved 1114112K
  class space    used 7770K, committed 8000K, reserved 1048576K
}

Dll operation events (15 events):
Event: 0.012 Loaded shared library C:\Users\Lenovo\.jdks\ms-17.0.14\bin\java.dll
Event: 0.035 Loaded shared library C:\Users\Lenovo\.jdks\ms-17.0.14\bin\jsvml.dll
Event: 0.133 Loaded shared library C:\Users\Lenovo\.jdks\ms-17.0.14\bin\zip.dll
Event: 0.136 Loaded shared library C:\Users\Lenovo\.jdks\ms-17.0.14\bin\instrument.dll
Event: 0.144 Loaded shared library C:\Users\Lenovo\.jdks\ms-17.0.14\bin\net.dll
Event: 0.147 Loaded shared library C:\Users\Lenovo\.jdks\ms-17.0.14\bin\nio.dll
Event: 0.150 Loaded shared library C:\Users\Lenovo\.jdks\ms-17.0.14\bin\zip.dll
Event: 0.600 Loaded shared library C:\Users\Lenovo\.jdks\ms-17.0.14\bin\jimage.dll
Event: 0.918 Loaded shared library C:\Users\Lenovo\.jdks\ms-17.0.14\bin\verify.dll
Event: 1.238 Loaded shared library C:\Users\Lenovo\.gradle\native\c067742578af261105cb4f569cf0c3c89f3d7b1fecec35dd04571415982c5e48\windows-amd64\native-platform.dll
Event: 1.250 Loaded shared library C:\Users\Lenovo\.gradle\native\100fb08df4bc3b14c8652ba06237920a3bd2aa13389f12d3474272988ae205f9\windows-amd64\native-platform-file-events.dll
Event: 3.352 Loaded shared library C:\Users\Lenovo\.jdks\ms-17.0.14\bin\management.dll
Event: 3.356 Loaded shared library C:\Users\Lenovo\.jdks\ms-17.0.14\bin\management_ext.dll
Event: 3.706 Loaded shared library C:\Users\Lenovo\.jdks\ms-17.0.14\bin\extnet.dll
Event: 4.247 Loaded shared library C:\Users\Lenovo\.jdks\ms-17.0.14\bin\sunmscapi.dll

Deoptimization events (20 events):
Event: 20.978 Thread 0x000001a767a26f40 DEOPT PACKING pc=0x000001a711ee8dd8 sp=0x0000008c774f6280
Event: 20.978 Thread 0x000001a767a26f40 DEOPT UNPACKING pc=0x000001a7118869a3 sp=0x0000008c774f6210 mode 2
Event: 21.032 Thread 0x000001a767a26f40 DEOPT PACKING pc=0x000001a70af576a9 sp=0x0000008c774f6280
Event: 21.032 Thread 0x000001a767a26f40 DEOPT UNPACKING pc=0x000001a711887143 sp=0x0000008c774f5790 mode 0
Event: 21.057 Thread 0x000001a767a26f40 Uncommon trap: trap_request=0xffffffc6 fr.pc=0x000001a711f37998 relative=0x0000000000000058
Event: 21.057 Thread 0x000001a767a26f40 Uncommon trap: reason=bimorphic_or_optimized_type_check action=maybe_recompile pc=0x000001a711f37998 method=java.util.AbstractQueue.add(Ljava/lang/Object;)Z @ 2 c2
Event: 21.057 Thread 0x000001a767a26f40 DEOPT PACKING pc=0x000001a711f37998 sp=0x0000008c774f72e0
Event: 21.057 Thread 0x000001a767a26f40 DEOPT UNPACKING pc=0x000001a7118869a3 sp=0x0000008c774f72a8 mode 2
Event: 21.057 Thread 0x000001a767a26f40 Uncommon trap: trap_request=0xffffffc6 fr.pc=0x000001a711f37998 relative=0x0000000000000058
Event: 21.057 Thread 0x000001a767a26f40 Uncommon trap: reason=bimorphic_or_optimized_type_check action=maybe_recompile pc=0x000001a711f37998 method=java.util.AbstractQueue.add(Ljava/lang/Object;)Z @ 2 c2
Event: 21.057 Thread 0x000001a767a26f40 DEOPT PACKING pc=0x000001a711f37998 sp=0x0000008c774f72e0
Event: 21.057 Thread 0x000001a767a26f40 DEOPT UNPACKING pc=0x000001a7118869a3 sp=0x0000008c774f72a8 mode 2
Event: 21.129 Thread 0x000001a767a26f40 Uncommon trap: trap_request=0xffffffc6 fr.pc=0x000001a711f37998 relative=0x0000000000000058
Event: 21.129 Thread 0x000001a767a26f40 Uncommon trap: reason=bimorphic_or_optimized_type_check action=maybe_recompile pc=0x000001a711f37998 method=java.util.AbstractQueue.add(Ljava/lang/Object;)Z @ 2 c2
Event: 21.129 Thread 0x000001a767a26f40 DEOPT PACKING pc=0x000001a711f37998 sp=0x0000008c774f65d0
Event: 21.131 Thread 0x000001a767a26f40 DEOPT UNPACKING pc=0x000001a7118869a3 sp=0x0000008c774f6598 mode 2
Event: 21.131 Thread 0x000001a767a26f40 Uncommon trap: trap_request=0xffffffc6 fr.pc=0x000001a711f37998 relative=0x0000000000000058
Event: 21.131 Thread 0x000001a767a26f40 Uncommon trap: reason=bimorphic_or_optimized_type_check action=maybe_recompile pc=0x000001a711f37998 method=java.util.AbstractQueue.add(Ljava/lang/Object;)Z @ 2 c2
Event: 21.131 Thread 0x000001a767a26f40 DEOPT PACKING pc=0x000001a711f37998 sp=0x0000008c774f65d0
Event: 21.131 Thread 0x000001a767a26f40 DEOPT UNPACKING pc=0x000001a7118869a3 sp=0x0000008c774f6598 mode 2

Classes loaded (20 events):
Event: 20.565 Loading class java/security/interfaces/XECKey
Event: 20.565 Loading class java/security/interfaces/XECKey done
Event: 20.566 Loading class sun/security/util/KeyUtil
Event: 20.566 Loading class sun/security/util/KeyUtil done
Event: 20.566 Loading class sun/security/util/Length
Event: 20.566 Loading class sun/security/util/Length done
Event: 20.566 Loading class javax/crypto/SecretKey
Event: 20.567 Loading class javax/crypto/SecretKey done
Event: 20.568 Loading class java/util/Base64
Event: 20.569 Loading class java/util/Base64 done
Event: 20.569 Loading class java/util/Base64$Decoder
Event: 20.569 Loading class java/util/Base64$Decoder done
Event: 20.570 Loading class java/util/Base64$Encoder
Event: 20.570 Loading class java/util/Base64$Encoder done
Event: 20.576 Loading class java/util/jar/JarVerifier$VerifierStream
Event: 20.576 Loading class java/util/jar/JarVerifier$VerifierStream done
Event: 20.576 Loading class sun/security/util/ManifestEntryVerifier$SunProviderHolder
Event: 20.576 Loading class sun/security/util/ManifestEntryVerifier$SunProviderHolder done
Event: 20.766 Loading class java/security/KeyStore$ProtectionParameter
Event: 20.766 Loading class java/security/KeyStore$ProtectionParameter done

Classes unloaded (0 events):
No events

Classes redefined (0 events):
No events

Internal exceptions (20 events):
Event: 16.242 Thread 0x000001a7680bdc60 Implicit null exception at 0x000001a712109264 to 0x000001a712109aa0
Event: 16.246 Thread 0x000001a7680bd750 Implicit null exception at 0x000001a712109264 to 0x000001a712109aa0
Event: 16.252 Thread 0x000001a767a26f40 Implicit null exception at 0x000001a712109264 to 0x000001a712109aa0
Event: 16.264 Thread 0x000001a7680c1410 Implicit null exception at 0x000001a712109264 to 0x000001a712109aa0
Event: 17.124 Thread 0x000001a767a26f40 Exception <a 'java/lang/NoSuchMethodError'{0x00000000859e8dc0}: 'long java.lang.invoke.DirectMethodHandle$Holder.invokeVirtual(java.lang.Object, java.lang.Object)'> (0x00000000859e8dc0) 
thrown [s\src\hotspot\share\interpreter\linkResolver.cpp, line 759]
Event: 17.129 Thread 0x000001a767a29cd0 Exception <a 'java/lang/NoSuchMethodError'{0x0000000085881bb0}: static Lorg/gradle/internal/build/event/types/DefaultOperationFinishedProgressEvent;.<clinit>()V> (0x0000000085881bb0) 
thrown [s\src\hotspot\share\prims\jni.cpp, line 1112]
Event: 17.134 Thread 0x000001a767a29cd0 Exception <a 'java/lang/NoSuchMethodError'{0x00000000858aa238}: static Lorg/gradle/internal/build/event/types/DefaultProjectConfigurationSuccessResult;.<clinit>()V> (0x00000000858aa238) 
thrown [s\src\hotspot\share\prims\jni.cpp, line 1112]
Event: 17.135 Thread 0x000001a767a29cd0 Exception <a 'java/lang/NoSuchMethodError'{0x00000000858ab780}: static Lorg/gradle/internal/build/event/types/AbstractProjectConfigurationResult;.<clinit>()V> (0x00000000858ab780) 
thrown [s\src\hotspot\share\prims\jni.cpp, line 1112]
Event: 17.135 Thread 0x000001a767a29cd0 Exception <a 'java/lang/NoSuchMethodError'{0x00000000858acc90}: static Lorg/gradle/internal/build/event/types/AbstractOperationResult;.<clinit>()V> (0x00000000858acc90) 
thrown [s\src\hotspot\share\prims\jni.cpp, line 1112]
Event: 17.136 Thread 0x000001a767a29cd0 Exception <a 'java/lang/NoSuchMethodError'{0x00000000858aded8}: static Lorg/gradle/internal/build/event/types/AbstractResult;.<clinit>()V> (0x00000000858aded8) 
thrown [s\src\hotspot\share\prims\jni.cpp, line 1112]
Event: 17.139 Thread 0x000001a767a29cd0 Exception <a 'java/lang/NoSuchMethodError'{0x00000000858c47e0}: static Lorg/gradle/internal/build/event/types/DefaultPluginApplicationResult;.<clinit>()V> (0x00000000858c47e0) 
thrown [s\src\hotspot\share\prims\jni.cpp, line 1112]
Event: 17.141 Thread 0x000001a767a29cd0 Exception <a 'java/lang/NoSuchMethodError'{0x00000000858d0170}: static Lorg/gradle/internal/build/event/types/DefaultBinaryPluginIdentifier;.<clinit>()V> (0x00000000858d0170) 
thrown [s\src\hotspot\share\prims\jni.cpp, line 1112]
Event: 17.146 Thread 0x000001a767a29cd0 Exception <a 'java/lang/NoSuchMethodError'{0x00000000858e8150}: static Lorg/gradle/internal/build/event/types/DefaultScriptPluginIdentifier;.<clinit>()V> (0x00000000858e8150) 
thrown [s\src\hotspot\share\prims\jni.cpp, line 1112]
Event: 17.222 Thread 0x000001a767a26f40 Exception <a 'java/lang/ClassNotFoundException'{0x000000008560fd70}: build_f58n5kf6yb4arjbgs7nl9w3xsBeanInfo> (0x000000008560fd70) 
thrown [s\src\hotspot\share\classfile\systemDictionary.cpp, line 256]
Event: 17.223 Thread 0x000001a767a26f40 Exception <a 'java/lang/ClassNotFoundException'{0x0000000085617010}: build_f58n5kf6yb4arjbgs7nl9w3xsCustomizer> (0x0000000085617010) 
thrown [s\src\hotspot\share\classfile\systemDictionary.cpp, line 256]
Event: 17.783 Thread 0x000001a767a26f40 Exception <a 'java/lang/ClassNotFoundException'{0x000000008724ad88}: sun/misc/SharedSecrets> (0x000000008724ad88) 
thrown [s\src\hotspot\share\classfile\systemDictionary.cpp, line 256]
Event: 17.783 Thread 0x000001a767a26f40 Exception <a 'java/lang/ClassNotFoundException'{0x000000008724c0b8}: org/gradle/api/internal/plugins/DefaultObjectConfigurationActionBeanInfo> (0x000000008724c0b8) 
thrown [s\src\hotspot\share\classfile\systemDictionary.cpp, line 256]
Event: 17.785 Thread 0x000001a767a26f40 Exception <a 'java/lang/ClassNotFoundException'{0x000000008725f588}: org/gradle/api/internal/plugins/DefaultObjectConfigurationActionCustomizer> (0x000000008725f588) 
thrown [s\src\hotspot\share\classfile\systemDictionary.cpp, line 256]
Event: 20.111 Thread 0x000001a767a26f40 Exception <a 'java/lang/NoSuchMethodError'{0x00000000876fdcb0}: 'void java.lang.invoke.DirectMethodHandle$Holder.invokeVirtual(java.lang.Object, java.lang.Object)'> (0x00000000876fdcb0) 
thrown [s\src\hotspot\share\interpreter\linkResolver.cpp, line 759]
Event: 20.421 Thread 0x000001a767a26f40 Implicit null exception at 0x000001a711fdf98c to 0x000001a711fdfaae

VM Operations (20 events):
Event: 19.223 Executing VM operation: G1PauseRemark
Event: 19.230 Executing VM operation: G1PauseRemark done
Event: 19.295 Executing VM operation: G1PauseCleanup
Event: 19.315 Executing VM operation: G1PauseCleanup done
Event: 19.410 Executing VM operation: HandshakeAllThreads
Event: 19.411 Executing VM operation: HandshakeAllThreads done
Event: 19.905 Executing VM operation: HandshakeAllThreads
Event: 19.905 Executing VM operation: HandshakeAllThreads done
Event: 20.352 Executing VM operation: HandshakeAllThreads
Event: 20.352 Executing VM operation: HandshakeAllThreads done
Event: 20.352 Executing VM operation: Cleanup
Event: 20.352 Executing VM operation: Cleanup done
Event: 20.438 Executing VM operation: HandshakeAllThreads
Event: 20.439 Executing VM operation: HandshakeAllThreads done
Event: 20.440 Executing VM operation: HandshakeAllThreads
Event: 20.440 Executing VM operation: HandshakeAllThreads done
Event: 20.590 Executing VM operation: G1CollectForAllocation
Event: 20.600 Executing VM operation: G1CollectForAllocation done
Event: 20.617 Executing VM operation: G1CollectForAllocation
Event: 20.625 Executing VM operation: G1CollectForAllocation done

Memory protections (0 events):
No events

Nmethod flushes (20 events):
Event: 13.242 Thread 0x000001a7203e93e0 flushing  nmethod 0x000001a70aac0c10
Event: 13.242 Thread 0x000001a7203e93e0 flushing  nmethod 0x000001a70aac1110
Event: 13.242 Thread 0x000001a7203e93e0 flushing  nmethod 0x000001a70aac1e90
Event: 13.242 Thread 0x000001a7203e93e0 flushing  nmethod 0x000001a70aae1390
Event: 13.242 Thread 0x000001a7203e93e0 flushing  nmethod 0x000001a70ab03010
Event: 13.243 Thread 0x000001a7203e93e0 flushing  nmethod 0x000001a70ab5ed10
Event: 13.243 Thread 0x000001a7203e93e0 flushing  nmethod 0x000001a70ab6e910
Event: 13.243 Thread 0x000001a7203e93e0 flushing  nmethod 0x000001a70ab7fe10
Event: 13.243 Thread 0x000001a7203e93e0 flushing  nmethod 0x000001a70ab98390
Event: 13.243 Thread 0x000001a7203e93e0 flushing  nmethod 0x000001a70abb3d90
Event: 13.243 Thread 0x000001a7203e93e0 flushing  nmethod 0x000001a70abce510
Event: 13.243 Thread 0x000001a7203e93e0 flushing  nmethod 0x000001a70abe0a90
Event: 13.243 Thread 0x000001a7203e93e0 flushing  nmethod 0x000001a70abe6f90
Event: 13.243 Thread 0x000001a7203e93e0 flushing  nmethod 0x000001a70abec490
Event: 13.243 Thread 0x000001a7203e93e0 flushing  nmethod 0x000001a70abec890
Event: 13.243 Thread 0x000001a7203e93e0 flushing  nmethod 0x000001a70abed690
Event: 13.243 Thread 0x000001a7203e93e0 flushing  nmethod 0x000001a70abfbc10
Event: 13.244 Thread 0x000001a7203e93e0 flushing  nmethod 0x000001a70ac3a110
Event: 19.417 Thread 0x000001a7203e93e0 flushing  nmethod 0x000001a70a741910
Event: 19.422 Thread 0x000001a7203e93e0 flushing  nmethod 0x000001a70abcfe10

Events (20 events):
Event: 7.606 Thread 0x000001a767a26f40 Thread added: 0x000001a7680c04e0
Event: 7.918 Thread 0x000001a767a26f40 Thread added: 0x000001a7680bb8f0
Event: 8.096 Thread 0x000001a767a26f40 Thread added: 0x000001a7680bcd30
Event: 9.530 Thread 0x000001a767a26f40 Thread added: 0x000001a7680bbe00
Event: 10.405 Thread 0x000001a767a26f40 Thread added: 0x000001a7680c09f0
Event: 11.766 Thread 0x000001a767a26f40 Thread added: 0x000001a7680bfac0
Event: 13.963 Thread 0x000001a767a26f40 Thread added: 0x000001a7680baed0
Event: 13.964 Thread 0x000001a767a26f40 Thread added: 0x000001a7680bf0a0
Event: 13.964 Thread 0x000001a767a26f40 Thread added: 0x000001a7680bb3e0
Event: 14.244 Thread 0x000001a767a26f40 Thread added: 0x000001a7680bc310
Event: 14.249 Thread 0x000001a767a26f40 Thread added: 0x000001a7680beb90
Event: 14.252 Thread 0x000001a767a26f40 Thread added: 0x000001a7680bffd0
Event: 15.121 Thread 0x000001a767a26f40 Thread added: 0x000001a7680c1410
Event: 15.122 Thread 0x000001a767a26f40 Thread added: 0x000001a7680bd750
Event: 15.123 Thread 0x000001a767a26f40 Thread added: 0x000001a7680bdc60
Event: 17.117 Thread 0x000001a767a26f40 Thread added: 0x000001a7680be170
Event: 18.872 Thread 0x000001a767a26f40 Thread added: 0x000001a7680c0f00
Event: 19.089 Thread 0x000001a767a6a550 Thread exited: 0x000001a767a6a550
Event: 19.358 Thread 0x000001a7203e8ad0 Thread added: 0x000001a767a6a550
Event: 20.045 Thread 0x000001a767a26f40 Thread added: 0x000001a7680be680


Dynamic libraries:
0x00007ff6859e0000 - 0x00007ff6859ee000 	C:\Users\Lenovo\.jdks\ms-17.0.14\bin\java.exe
0x00007ff872350000 - 0x00007ff872548000 	C:\Windows\SYSTEM32\ntdll.dll
0x00007ff872240000 - 0x00007ff872302000 	C:\Windows\System32\KERNEL32.DLL
0x00007ff86fa80000 - 0x00007ff86fd76000 	C:\Windows\System32\KERNELBASE.dll
0x00007ff86fe00000 - 0x00007ff86ff00000 	C:\Windows\System32\ucrtbase.dll
0x00007ff85afd0000 - 0x00007ff85afe7000 	C:\Users\Lenovo\.jdks\ms-17.0.14\bin\jli.dll
0x00007ff858d80000 - 0x00007ff858d9d000 	C:\Users\Lenovo\.jdks\ms-17.0.14\bin\VCRUNTIME140.dll
0x00007ff871a50000 - 0x00007ff871bed000 	C:\Windows\System32\USER32.dll
0x00007ff862340000 - 0x00007ff8625da000 	C:\Windows\WinSxS\amd64_microsoft.windows.common-controls_6595b64144ccf1df_6.0.19041.4355_none_60b8b9eb71f62e16\COMCTL32.dll
0x00007ff86ffb0000 - 0x00007ff86ffd2000 	C:\Windows\System32\win32u.dll
0x00007ff870d50000 - 0x00007ff870dee000 	C:\Windows\System32\msvcrt.dll
0x00007ff8705f0000 - 0x00007ff87061b000 	C:\Windows\System32\GDI32.dll
0x00007ff870250000 - 0x00007ff87036a000 	C:\Windows\System32\gdi32full.dll
0x00007ff86f9e0000 - 0x00007ff86fa7d000 	C:\Windows\System32\msvcp_win.dll
0x00007ff8703d0000 - 0x00007ff8703ff000 	C:\Windows\System32\IMM32.DLL
0x00007ff862d40000 - 0x00007ff862d4c000 	C:\Users\Lenovo\.jdks\ms-17.0.14\bin\vcruntime140_1.dll
0x00007ff8500d0000 - 0x00007ff85015d000 	C:\Users\Lenovo\.jdks\ms-17.0.14\bin\msvcp140.dll
0x00007ff83ec60000 - 0x00007ff83f8d2000 	C:\Users\Lenovo\.jdks\ms-17.0.14\bin\server\jvm.dll
0x00007ff871c00000 - 0x00007ff871caf000 	C:\Windows\System32\ADVAPI32.dll
0x00007ff872010000 - 0x00007ff8720af000 	C:\Windows\System32\sechost.dll
0x00007ff8706f0000 - 0x00007ff870813000 	C:\Windows\System32\RPCRT4.dll
0x00007ff8700c0000 - 0x00007ff8700e7000 	C:\Windows\System32\bcrypt.dll
0x00007ff871560000 - 0x00007ff8715cb000 	C:\Windows\System32\WS2_32.dll
0x00007ff86f840000 - 0x00007ff86f88b000 	C:\Windows\SYSTEM32\POWRPROF.dll
0x00007ff866da0000 - 0x00007ff866daa000 	C:\Windows\SYSTEM32\VERSION.dll
0x00007ff85f9d0000 - 0x00007ff85f9f7000 	C:\Windows\SYSTEM32\WINMM.dll
0x00007ff86f820000 - 0x00007ff86f832000 	C:\Windows\SYSTEM32\UMPDC.dll
0x00007ff86d820000 - 0x00007ff86d832000 	C:\Windows\SYSTEM32\kernel.appcore.dll
0x00007ff85cee0000 - 0x00007ff85ceea000 	C:\Users\Lenovo\.jdks\ms-17.0.14\bin\jimage.dll
0x00007ff868a90000 - 0x00007ff868c74000 	C:\Windows\SYSTEM32\DBGHELP.DLL
0x00007ff868950000 - 0x00007ff868984000 	C:\Windows\SYSTEM32\dbgcore.DLL
0x00007ff870030000 - 0x00007ff8700b2000 	C:\Windows\System32\bcryptPrimitives.dll
0x00007ff85fcd0000 - 0x00007ff85fcde000 	C:\Users\Lenovo\.jdks\ms-17.0.14\bin\instrument.dll
0x00007ff858d50000 - 0x00007ff858d75000 	C:\Users\Lenovo\.jdks\ms-17.0.14\bin\java.dll
0x00007ff84fff0000 - 0x00007ff8500c7000 	C:\Users\Lenovo\.jdks\ms-17.0.14\bin\jsvml.dll
0x00007ff870df0000 - 0x00007ff87155f000 	C:\Windows\System32\SHELL32.dll
0x00007ff86da20000 - 0x00007ff86e1c3000 	C:\Windows\SYSTEM32\windows.storage.dll
0x00007ff8715d0000 - 0x00007ff871925000 	C:\Windows\System32\combase.dll
0x00007ff86f260000 - 0x00007ff86f28b000 	C:\Windows\SYSTEM32\Wldp.dll
0x00007ff870620000 - 0x00007ff8706ed000 	C:\Windows\System32\OLEAUT32.dll
0x00007ff8719a0000 - 0x00007ff871a4d000 	C:\Windows\System32\SHCORE.dll
0x00007ff870400000 - 0x00007ff870455000 	C:\Windows\System32\shlwapi.dll
0x00007ff86f910000 - 0x00007ff86f935000 	C:\Windows\SYSTEM32\profapi.dll
0x00007ff8574c0000 - 0x00007ff8574d8000 	C:\Users\Lenovo\.jdks\ms-17.0.14\bin\zip.dll
0x00007ff858b00000 - 0x00007ff858b1a000 	C:\Users\Lenovo\.jdks\ms-17.0.14\bin\net.dll
0x00007ff867bf0000 - 0x00007ff867cfa000 	C:\Windows\SYSTEM32\WINHTTP.dll
0x00007ff86f040000 - 0x00007ff86f0ac000 	C:\Windows\system32\mswsock.dll
0x00007ff858640000 - 0x00007ff858656000 	C:\Users\Lenovo\.jdks\ms-17.0.14\bin\nio.dll
0x00007ff858630000 - 0x00007ff858640000 	C:\Users\Lenovo\.jdks\ms-17.0.14\bin\verify.dll
0x00007ff85b2f0000 - 0x00007ff85b317000 	C:\Users\Lenovo\.gradle\native\c067742578af261105cb4f569cf0c3c89f3d7b1fecec35dd04571415982c5e48\windows-amd64\native-platform.dll
0x00007ff843ed0000 - 0x00007ff844014000 	C:\Users\Lenovo\.gradle\native\100fb08df4bc3b14c8652ba06237920a3bd2aa13389f12d3474272988ae205f9\windows-amd64\native-platform-file-events.dll
0x00007ff855e80000 - 0x00007ff855e8a000 	C:\Users\Lenovo\.jdks\ms-17.0.14\bin\management.dll
0x00007ff853980000 - 0x00007ff85398b000 	C:\Users\Lenovo\.jdks\ms-17.0.14\bin\management_ext.dll
0x00007ff871bf0000 - 0x00007ff871bf8000 	C:\Windows\System32\PSAPI.DLL
0x00007ff86f5b0000 - 0x00007ff86f5c8000 	C:\Windows\SYSTEM32\CRYPTSP.dll
0x00007ff86e980000 - 0x00007ff86e9b8000 	C:\Windows\system32\rsaenh.dll
0x00007ff86f8d0000 - 0x00007ff86f8fe000 	C:\Windows\SYSTEM32\USERENV.dll
0x00007ff86f1d0000 - 0x00007ff86f1dc000 	C:\Windows\SYSTEM32\CRYPTBASE.dll
0x00007ff86ed40000 - 0x00007ff86ed7b000 	C:\Windows\SYSTEM32\IPHLPAPI.DLL
0x00007ff870460000 - 0x00007ff870468000 	C:\Windows\System32\NSI.dll
0x00007ff86a0f0000 - 0x00007ff86a107000 	C:\Windows\SYSTEM32\dhcpcsvc6.DLL
0x00007ff86a0b0000 - 0x00007ff86a0cd000 	C:\Windows\SYSTEM32\dhcpcsvc.DLL
0x00007ff86ed80000 - 0x00007ff86ee4a000 	C:\Windows\SYSTEM32\DNSAPI.dll
0x00007ff853970000 - 0x00007ff853979000 	C:\Users\Lenovo\.jdks\ms-17.0.14\bin\extnet.dll
0x00007ff853960000 - 0x00007ff85396e000 	C:\Users\Lenovo\.jdks\ms-17.0.14\bin\sunmscapi.dll
0x00007ff8700f0000 - 0x00007ff87024d000 	C:\Windows\System32\CRYPT32.dll
0x00007ff86f2d0000 - 0x00007ff86f2f7000 	C:\Windows\SYSTEM32\ncrypt.dll
0x00007ff86f290000 - 0x00007ff86f2cb000 	C:\Windows\SYSTEM32\NTASN1.dll
0x00007ff822580000 - 0x00007ff822587000 	C:\Windows\system32\wshunix.dll

dbghelp: loaded successfully - version: 4.0.5 - missing functions: none
symbol engine: initialized successfully - sym options: 0x614 - pdb path: .;C:\Users\Lenovo\.jdks\ms-17.0.14\bin;C:\Windows\SYSTEM32;C:\Windows\WinSxS\amd64_microsoft.windows.common-controls_6595b64144ccf1df_6.0.19041.4355_none_60b8b9eb71f62e16;C:\Users\Lenovo\.jdks\ms-17.0.14\bin\server;C:\Users\Lenovo\.gradle\native\c067742578af261105cb4f569cf0c3c89f3d7b1fecec35dd04571415982c5e48\windows-amd64;C:\Users\Lenovo\.gradle\native\100fb08df4bc3b14c8652ba06237920a3bd2aa13389f12d3474272988ae205f9\windows-amd64

VM Arguments:
jvm_args: --add-opens=java.base/java.lang=ALL-UNNAMED --add-opens=java.base/java.lang.invoke=ALL-UNNAMED --add-opens=java.base/java.util=ALL-UNNAMED --add-opens=java.prefs/java.util.prefs=ALL-UNNAMED --add-exports=jdk.compiler/com.sun.tools.javac.api=ALL-UNNAMED --add-exports=jdk.compiler/com.sun.tools.javac.util=ALL-UNNAMED --add-opens=java.base/java.util=ALL-UNNAMED --add-opens=java.prefs/java.util.prefs=ALL-UNNAMED --add-opens=java.base/java.nio.charset=ALL-UNNAMED --add-opens=java.base/java.net=ALL-UNNAMED --add-opens=java.base/java.util.concurrent.atomic=ALL-UNNAMED --add-opens=java.xml/javax.xml.namespace=ALL-UNNAMED -Xmx2048m -Dfile.encoding=UTF-8 -Duser.country=US -Duser.language=en -Duser.variant -javaagent:C:\Users\Lenovo\.gradle\wrapper\dists\gradle-8.11.1-bin\bpt9gzteqjrbo1mjrsomdt32c\gradle-8.11.1\lib\agents\gradle-instrumentation-agent-8.11.1.jar 
java_command: org.gradle.launcher.daemon.bootstrap.GradleDaemon 8.11.1
java_class_path (initial): C:\Users\Lenovo\.gradle\wrapper\dists\gradle-8.11.1-bin\bpt9gzteqjrbo1mjrsomdt32c\gradle-8.11.1\lib\gradle-daemon-main-8.11.1.jar
Launcher Type: SUN_STANDARD

[Global flags]
     intx CICompilerCount                          = 3                                         {product} {ergonomic}
     uint ConcGCThreads                            = 1                                         {product} {ergonomic}
     uint G1ConcRefinementThreads                  = 4                                         {product} {ergonomic}
   size_t G1HeapRegionSize                         = 1048576                                   {product} {ergonomic}
    uintx GCDrainStackTargetSize                   = 64                                        {product} {ergonomic}
   size_t InitialHeapSize                          = 134217728                                 {product} {ergonomic}
   size_t MarkStackSize                            = 4194304                                   {product} {ergonomic}
   size_t MaxHeapSize                              = 2147483648                                {product} {command line}
   size_t MaxNewSize                               = 1287651328                                {product} {ergonomic}
   size_t MinHeapDeltaBytes                        = 1048576                                   {product} {ergonomic}
   size_t MinHeapSize                              = 8388608                                   {product} {ergonomic}
    uintx NonNMethodCodeHeapSize                   = 5832780                                {pd product} {ergonomic}
    uintx NonProfiledCodeHeapSize                  = 122912730                              {pd product} {ergonomic}
    uintx ProfiledCodeHeapSize                     = 122912730                              {pd product} {ergonomic}
    uintx ReservedCodeCacheSize                    = 251658240                              {pd product} {ergonomic}
     bool SegmentedCodeCache                       = true                                      {product} {ergonomic}
   size_t SoftMaxHeapSize                          = 2147483648                             {manageable} {ergonomic}
     bool UseCompressedClassPointers               = true                           {product lp64_product} {ergonomic}
     bool UseCompressedOops                        = true                           {product lp64_product} {ergonomic}
     bool UseG1GC                                  = true                                      {product} {ergonomic}
     bool UseLargePagesIndividualAllocation        = false                                  {pd product} {ergonomic}

Logging:
Log output configuration:
 #0: stdout all=warning uptime,level,tags
 #1: stderr all=off uptime,level,tags

Environment Variables:
PATH=C:\Program Files\Common Files\Oracle\Java\javapath;C:\Windows\system32;C:\Windows;C:\Windows\System32\Wbem;C:\Windows\System32\WindowsPowerShell\v1.0\;C:\Windows\System32\OpenSSH\;C:\Program Files\Java\jdk-23\bin;C:\MinGW\bin;C:\Program Files\dotnet\;C:\Program Files\Git\cmd;C:\Users\Lenovo\AppData\Local\Programs\Python\Python312\Scripts\;C:\Users\Lenovo\AppData\Local\Programs\Python\Python312\;C:\Users\Lenovo\AppData\Local\Programs\Python\Python313\Scripts\;C:\Users\Lenovo\AppData\Local\Programs\Python\Python313\;C:\Users\Lenovo\AppData\Local\Microsoft\WindowsApps;C:\Users\Lenovo\AppData\Local\Programs\Microsoft VS Code\bin;
USERNAME=Lenovo
OS=Windows_NT
PROCESSOR_IDENTIFIER=Intel64 Family 6 Model 61 Stepping 4, GenuineIntel
TMP=C:\Users\Lenovo\AppData\Local\Temp
TEMP=C:\Users\Lenovo\AppData\Local\Temp



Periodic native trim disabled


---------------  S Y S T E M  ---------------

OS:
 Windows 10 , 64 bit Build 19041 (10.0.19041.5678)
OS uptime: 0 days 15:15 hours
Hyper-V role detected

CPU: total 4 (initial active 4) (2 cores per cpu, 2 threads per core) family 6 model 61 stepping 4 microcode 0x2d, cx8, cmov, fxsr, ht, mmx, 3dnowpref, sse, sse2, sse3, ssse3, sse4.1, sse4.2, popcnt, lzcnt, tsc, tscinvbit, avx, avx2, aes, erms, clmul, bmi1, bmi2, adx, fma, vzeroupper, clflush, hv
Processor Information for the first 4 processors :
  Max Mhz: 2000, Current Mhz: 2000, Mhz Limit: 2000

Memory: 4k page, system-wide physical 8109M (466M free)
TotalPageFile size 10157M (AvailPageFile size 6M)
current process WorkingSet (physical memory assigned to process): 341M, peak: 343M
current process commit charge ("private bytes"): 374M, peak: 376M

vm_info: OpenJDK 64-Bit Server VM (17.0.14+7-LTS) for windows-amd64 JRE (17.0.14+7-LTS), built on Jan  8 2025 23:39:28 by "MicrosoftCorporation" with unknown MS VC++:1939

END.
