#
# There is insufficient memory for the Java Runtime Environment to continue.
# Native memory allocation (mmap) failed to map 121634816 bytes. Error detail: G1 virtual space
# Possible reasons:
#   The system is out of physical RAM or swap space
#   This process is running with CompressedOops enabled, and the Java Heap may be blocking the growth of the native heap
# Possible solutions:
#   Reduce memory load on the system
#   Increase physical memory or swap space
#   Check if swap backing store is full
#   Decrease Java heap size (-Xmx/-Xms)
#   Decrease number of Java threads
#   Decrease Java thread stack sizes (-Xss)
#   Set larger code cache with -XX:ReservedCodeCacheSize=
#   JVM is running with Unscaled Compressed Oops mode in which the Java heap is
#     placed in the first 4GB address space. The Java Heap base address is the
#     maximum limit for the native heap growth. Please use -XX:HeapBaseMinAddress
#     to set the Java Heap base and to place the Java Heap above 4GB virtual address.
# This output file may be truncated or incomplete.
#
#  Out of Memory Error (os_windows.cpp:3710), pid=12108, tid=6592
#
# JRE version: OpenJDK Runtime Environment Microsoft-10800295 (17.0.14+7) (build 17.0.14+7-LTS)
# Java VM: OpenJDK 64-Bit Server VM Microsoft-10800295 (17.0.14+7-LTS, mixed mode, sharing, tiered, compressed oops, compressed class ptrs, g1 gc, windows-amd64)
# No core dump will be written. Minidumps are not enabled by default on client versions of Windows
#

---------------  S U M M A R Y ------------

Command Line: --add-opens=java.base/java.lang=ALL-UNNAMED --add-opens=java.base/java.lang.invoke=ALL-UNNAMED --add-opens=java.base/java.util=ALL-UNNAMED --add-opens=java.prefs/java.util.prefs=ALL-UNNAMED --add-exports=jdk.compiler/com.sun.tools.javac.api=ALL-UNNAMED --add-exports=jdk.compiler/com.sun.tools.javac.util=ALL-UNNAMED --add-opens=java.base/java.util=ALL-UNNAMED --add-opens=java.prefs/java.util.prefs=ALL-UNNAMED --add-opens=java.base/java.nio.charset=ALL-UNNAMED --add-opens=java.base/java.net=ALL-UNNAMED --add-opens=java.base/java.util.concurrent.atomic=ALL-UNNAMED --add-opens=java.xml/javax.xml.namespace=ALL-UNNAMED -Xmx2048m -Dfile.encoding=UTF-8 -Duser.country=US -Duser.language=en -Duser.variant -javaagent:C:\Users\Lenovo\.gradle\wrapper\dists\gradle-8.11.1-bin\bpt9gzteqjrbo1mjrsomdt32c\gradle-8.11.1\lib\agents\gradle-instrumentation-agent-8.11.1.jar org.gradle.launcher.daemon.bootstrap.GradleDaemon 8.11.1

Host: Intel(R) Core(TM) i3-5005U CPU @ 2.00GHz, 4 cores, 7G,  Windows 10 , 64 bit Build 19041 (10.0.19041.5678)
Time: Sun Apr 20 15:44:12 2025 India Standard Time elapsed time: 22.005267 seconds (0d 0h 0m 22s)

---------------  T H R E A D  ---------------

Current thread (0x000002b42b1d4660):  VMThread "VM Thread" [stack: 0x000000bef6900000,0x000000bef6a00000] [id=6592]

Stack: [0x000000bef6900000,0x000000bef6a00000]
Native frames: (J=compiled Java code, j=interpreted, Vv=VM code, C=native code)
V  [jvm.dll+0x6886b9]
V  [jvm.dll+0x83f6f8]
V  [jvm.dll+0x8411a3]
V  [jvm.dll+0x841813]
V  [jvm.dll+0x2495cf]
V  [jvm.dll+0x6855f9]
V  [jvm.dll+0x679a8a]
V  [jvm.dll+0x30afc7]
V  [jvm.dll+0x312536]
V  [jvm.dll+0x362eee]
V  [jvm.dll+0x36312d]
V  [jvm.dll+0x2e225c]
V  [jvm.dll+0x2e0609]
V  [jvm.dll+0x2dfd6c]
V  [jvm.dll+0x32291b]
V  [jvm.dll+0x84604d]
V  [jvm.dll+0x846d83]
V  [jvm.dll+0x8472af]
V  [jvm.dll+0x847694]
V  [jvm.dll+0x84775e]
V  [jvm.dll+0x7ef2ac]
V  [jvm.dll+0x687597]
C  [ucrtbase.dll+0x21bb2]
C  [KERNEL32.DLL+0x17374]
C  [ntdll.dll+0x4cc91]

VM_Operation (0x000000bef80f5e90): G1CollectForAllocation, mode: safepoint, requested by thread 0x000002b472779af0


---------------  P R O C E S S  ---------------

Threads class SMR info:
_java_thread_list=0x000002b4740f5f50, length=47, elements={
0x000002b40d5feac0, 0x000002b42b1df0a0, 0x000002b42b1dfe30, 0x000002b42b1f0370,
0x000002b42b1f3ec0, 0x000002b42b1f4790, 0x000002b42b1f5060, 0x000002b42b1f5c60,
0x000002b42b1f7580, 0x000002b42b20bb50, 0x000002b42b1c9120, 0x000002b42b3ae360,
0x000002b471f0a9d0, 0x000002b4727e9cd0, 0x000002b4727faa50, 0x000002b472a2e830,
0x000002b47274c360, 0x000002b47277b440, 0x000002b472779af0, 0x000002b47277a510,
0x000002b47277aa20, 0x000002b47277af30, 0x000002b47277a000, 0x000002b472777c90,
0x000002b4727795e0, 0x000002b4727781a0, 0x000002b4727790d0, 0x000002b4727786b0,
0x000002b47473a960, 0x000002b47473e620, 0x000002b47473bda0, 0x000002b47473d6f0,
0x000002b47473b890, 0x000002b474739010, 0x000002b47473c7c0, 0x000002b47473e110,
0x000002b47473ae70, 0x000002b47473b380, 0x000002b47473f550, 0x000002b4747385f0,
0x000002b474739a30, 0x000002b474738b00, 0x000002b47473eb30, 0x000002b47473a450,
0x000002b47473f040, 0x000002b473be5940, 0x000002b47473ccd0
}

Java Threads: ( => current thread )
  0x000002b40d5feac0 JavaThread "main" [_thread_blocked, id=9264, stack(0x000000bef6300000,0x000000bef6400000)]
  0x000002b42b1df0a0 JavaThread "Reference Handler" daemon [_thread_blocked, id=9920, stack(0x000000bef6a00000,0x000000bef6b00000)]
  0x000002b42b1dfe30 JavaThread "Finalizer" daemon [_thread_blocked, id=332, stack(0x000000bef6b00000,0x000000bef6c00000)]
  0x000002b42b1f0370 JavaThread "Signal Dispatcher" daemon [_thread_blocked, id=9992, stack(0x000000bef6c00000,0x000000bef6d00000)]
  0x000002b42b1f3ec0 JavaThread "Attach Listener" daemon [_thread_blocked, id=12128, stack(0x000000bef6d00000,0x000000bef6e00000)]
  0x000002b42b1f4790 JavaThread "Service Thread" daemon [_thread_blocked, id=2192, stack(0x000000bef6e00000,0x000000bef6f00000)]
  0x000002b42b1f5060 JavaThread "Monitor Deflation Thread" daemon [_thread_blocked, id=10200, stack(0x000000bef6f00000,0x000000bef7000000)]
  0x000002b42b1f5c60 JavaThread "C2 CompilerThread0" daemon [_thread_blocked, id=4140, stack(0x000000bef7000000,0x000000bef7100000)]
  0x000002b42b1f7580 JavaThread "C1 CompilerThread0" daemon [_thread_blocked, id=11512, stack(0x000000bef7100000,0x000000bef7200000)]
  0x000002b42b20bb50 JavaThread "Sweeper thread" daemon [_thread_blocked, id=1604, stack(0x000000bef7200000,0x000000bef7300000)]
  0x000002b42b1c9120 JavaThread "Common-Cleaner" daemon [_thread_blocked, id=10320, stack(0x000000bef7300000,0x000000bef7400000)]
  0x000002b42b3ae360 JavaThread "Notification Thread" daemon [_thread_blocked, id=8684, stack(0x000000bef7400000,0x000000bef7500000)]
  0x000002b471f0a9d0 JavaThread "Daemon health stats" [_thread_blocked, id=11268, stack(0x000000bef7600000,0x000000bef7700000)]
  0x000002b4727e9cd0 JavaThread "Incoming local TCP Connector on port 56529" [_thread_in_native, id=3416, stack(0x000000bef7a00000,0x000000bef7b00000)]
  0x000002b4727faa50 JavaThread "Daemon periodic checks" [_thread_blocked, id=10768, stack(0x000000bef7b00000,0x000000bef7c00000)]
  0x000002b472a2e830 JavaThread "Daemon" [_thread_blocked, id=5328, stack(0x000000bef7d00000,0x000000bef7e00000)]
  0x000002b47274c360 JavaThread "Handler for socket connection from /127.0.0.1:56529 to /127.0.0.1:56530" [_thread_in_native, id=11196, stack(0x000000bef7e00000,0x000000bef7f00000)]
  0x000002b47277b440 JavaThread "Cancel handler" [_thread_blocked, id=11448, stack(0x000000bef7f00000,0x000000bef8000000)]
  0x000002b472779af0 JavaThread "Daemon worker" [_thread_blocked, id=11712, stack(0x000000bef8000000,0x000000bef8100000)]
  0x000002b47277a510 JavaThread "Asynchronous log dispatcher for DefaultDaemonConnection: socket connection from /127.0.0.1:56529 to /127.0.0.1:56530" [_thread_blocked, id=2304, stack(0x000000bef8100000,0x000000bef8200000)]
  0x000002b47277aa20 JavaThread "Stdin handler" [_thread_blocked, id=6900, stack(0x000000bef8200000,0x000000bef8300000)]
  0x000002b47277af30 JavaThread "Daemon client event forwarder" [_thread_blocked, id=5048, stack(0x000000bef8300000,0x000000bef8400000)]
  0x000002b47277a000 JavaThread "Cache worker for journal cache (C:\Users\Lenovo\.gradle\caches\journal-1)" [_thread_blocked, id=9436, stack(0x000000bef8400000,0x000000bef8500000)]
  0x000002b472777c90 JavaThread "File lock request listener" [_thread_in_native, id=4572, stack(0x000000bef8500000,0x000000bef8600000)]
  0x000002b4727795e0 JavaThread "Cache worker for file hash cache (C:\Users\Lenovo\.gradle\caches\8.11.1\fileHashes)" [_thread_blocked, id=232, stack(0x000000bef8600000,0x000000bef8700000)]
  0x000002b4727781a0 JavaThread "Cache worker for file content cache (C:\Users\Lenovo\.gradle\caches\8.11.1\fileContent)" [_thread_blocked, id=8168, stack(0x000000bef8700000,0x000000bef8800000)]
  0x000002b4727790d0 JavaThread "Cache worker for file hash cache (C:\Users\Lenovo\AndroidStudioProjects\NewsApiApp\.gradle\8.11.1\fileHashes)" [_thread_blocked, id=620, stack(0x000000bef8800000,0x000000bef8900000)]
  0x000002b4727786b0 JavaThread "Cache worker for Build Output Cleanup Cache (C:\Users\Lenovo\AndroidStudioProjects\NewsApiApp\.gradle\buildOutputCleanup)" [_thread_blocked, id=4400, stack(0x000000bef8900000,0x000000bef8a00000)]
  0x000002b47473a960 JavaThread "File watcher server" daemon [_thread_in_native, id=10072, stack(0x000000bef8a00000,0x000000bef8b00000)]
  0x000002b47473e620 JavaThread "File watcher consumer" daemon [_thread_blocked, id=4356, stack(0x000000bef8b00000,0x000000bef8c00000)]
  0x000002b47473bda0 JavaThread "Cache worker for checksums cache (C:\Users\Lenovo\AndroidStudioProjects\NewsApiApp\.gradle\8.11.1\checksums)" [_thread_blocked, id=1560, stack(0x000000bef8c00000,0x000000bef8d00000)]
  0x000002b47473d6f0 JavaThread "Cache worker for cache directory md-rule (C:\Users\Lenovo\.gradle\caches\8.11.1\md-rule)" [_thread_blocked, id=11256, stack(0x000000bef8d00000,0x000000bef8e00000)]
  0x000002b47473b890 JavaThread "Cache worker for cache directory md-supplier (C:\Users\Lenovo\.gradle\caches\8.11.1\md-supplier)" [_thread_blocked, id=12140, stack(0x000000bef8e00000,0x000000bef8f00000)]
  0x000002b474739010 JavaThread "jar transforms" [_thread_blocked, id=764, stack(0x000000bef9100000,0x000000bef9200000)]
  0x000002b47473c7c0 JavaThread "jar transforms Thread 2" [_thread_blocked, id=7304, stack(0x000000bef9200000,0x000000bef9300000)]
  0x000002b47473e110 JavaThread "jar transforms Thread 3" [_thread_blocked, id=5196, stack(0x000000bef9300000,0x000000bef9400000)]
  0x000002b47473ae70 JavaThread "Unconstrained build operations" [_thread_blocked, id=10052, stack(0x000000bef9400000,0x000000bef9500000)]
  0x000002b47473b380 JavaThread "Unconstrained build operations Thread 2" [_thread_blocked, id=6316, stack(0x000000bef9500000,0x000000bef9600000)]
  0x000002b47473f550 JavaThread "Unconstrained build operations Thread 3" [_thread_blocked, id=1784, stack(0x000000bef9600000,0x000000bef9700000)]
  0x000002b4747385f0 JavaThread "Unconstrained build operations Thread 4" [_thread_blocked, id=11184, stack(0x000000bef9700000,0x000000bef9800000)]
  0x000002b474739a30 JavaThread "Unconstrained build operations Thread 5" [_thread_blocked, id=9524, stack(0x000000bef9800000,0x000000bef9900000)]
  0x000002b474738b00 JavaThread "Unconstrained build operations Thread 6" [_thread_blocked, id=12136, stack(0x000000bef9900000,0x000000bef9a00000)]
  0x000002b47473eb30 JavaThread "Unconstrained build operations Thread 7" [_thread_blocked, id=5340, stack(0x000000bef9a00000,0x000000bef9b00000)]
  0x000002b47473a450 JavaThread "Unconstrained build operations Thread 8" [_thread_blocked, id=3744, stack(0x000000bef9b00000,0x000000bef9c00000)]
  0x000002b47473f040 JavaThread "Unconstrained build operations Thread 9" [_thread_blocked, id=4864, stack(0x000000bef9c00000,0x000000bef9d00000)]
  0x000002b473be5940 JavaThread "C2 CompilerThread1" daemon [_thread_blocked, id=4240, stack(0x000000bef7c00000,0x000000bef7d00000)]
  0x000002b47473ccd0 JavaThread "jar transforms Thread 4" [_thread_blocked, id=12016, stack(0x000000bef9d00000,0x000000bef9e00000)]

Other Threads:
=>0x000002b42b1d4660 VMThread "VM Thread" [stack: 0x000000bef6900000,0x000000bef6a00000] [id=6592]
  0x000002b42b36d3e0 WatcherThread [stack: 0x000000bef7500000,0x000000bef7600000] [id=2860]
  0x000002b40d65a010 GCTaskThread "GC Thread#0" [stack: 0x000000bef6400000,0x000000bef6500000] [id=11908]
  0x000002b42b46bf80 GCTaskThread "GC Thread#1" [stack: 0x000000bef7700000,0x000000bef7800000] [id=6736]
  0x000002b42b5d8930 GCTaskThread "GC Thread#2" [stack: 0x000000bef7800000,0x000000bef7900000] [id=10600]
  0x000002b4719f2010 GCTaskThread "GC Thread#3" [stack: 0x000000bef7900000,0x000000bef7a00000] [id=8320]
  0x000002b40d66be80 ConcurrentGCThread "G1 Main Marker" [stack: 0x000000bef6500000,0x000000bef6600000] [id=1372]
  0x000002b40d66cf50 ConcurrentGCThread "G1 Conc#0" [stack: 0x000000bef6600000,0x000000bef6700000] [id=1244]
  0x000002b42b0960d0 ConcurrentGCThread "G1 Refine#0" [stack: 0x000000bef6700000,0x000000bef6800000] [id=7212]
  0x000002b4747f3ac0 ConcurrentGCThread "G1 Refine#1" [stack: 0x000000bef8f00000,0x000000bef9000000] [id=8208]
  0x000002b471ea4400 ConcurrentGCThread "G1 Refine#2" [stack: 0x000000bef9000000,0x000000bef9100000] [id=9188]
  0x000002b42b096910 ConcurrentGCThread "G1 Service" [stack: 0x000000bef6800000,0x000000bef6900000] [id=8572]

Threads with active compile tasks:

VM state: at safepoint (normal execution)

VM Mutex/Monitor currently owned by a thread:  ([mutex/lock_event])
[0x000002b40d5fa170] Threads_lock - owner thread: 0x000002b42b1d4660
[0x000002b40d5fa9e0] Heap_lock - owner thread: 0x000002b472779af0

Heap address: 0x0000000080000000, size: 2048 MB, Compressed Oops mode: 32-bit

CDS archive(s) mapped at: [0x000002b42c000000-0x000002b42cbb0000-0x000002b42cbb0000), size 12255232, SharedBaseAddress: 0x000002b42c000000, ArchiveRelocationMode: 1.
Compressed class space mapped at: 0x000002b42d000000-0x000002b46d000000, reserved size: 1073741824
Narrow klass base: 0x000002b42c000000, Narrow klass shift: 0, Narrow klass range: 0x100000000

GC Precious Log:
 CPUs: 4 total, 4 available
 Memory: 8109M
 Large Page Support: Disabled
 NUMA Support: Disabled
 Compressed Oops: Enabled (32-bit)
 Heap Region Size: 1M
 Heap Min Capacity: 8M
 Heap Initial Capacity: 128M
 Heap Max Capacity: 2G
 Pre-touch: Disabled
 Parallel Workers: 4
 Concurrent Workers: 1
 Concurrent Refinement Workers: 4
 Periodic GC: Disabled

Heap:
 garbage-first heap   total 118784K, used 69598K [0x0000000080000000, 0x0000000100000000)
  region size 1024K, 1 young (1024K), 1 survivors (1024K)
 Metaspace       used 50350K, committed 50944K, reserved 1114112K
  class space    used 6953K, committed 7232K, reserved 1048576K

Heap Regions: E=young(eden), S=young(survivor), O=old, HS=humongous(starts), HC=humongous(continues), CS=collection set, F=free, OA=open archive, CA=closed archive, TAMS=top-at-mark-start (previous, next)
|   0|0x0000000080000000, 0x0000000080100000, 0x0000000080100000|100%|HS|  |TAMS 0x0000000080100000, 0x0000000080100000| Complete 
|   1|0x0000000080100000, 0x0000000080200000, 0x0000000080200000|100%|HC|  |TAMS 0x0000000080200000, 0x0000000080200000| Complete 
|   2|0x0000000080200000, 0x0000000080300000, 0x0000000080300000|100%|HC|  |TAMS 0x0000000080300000, 0x0000000080300000| Complete 
|   3|0x0000000080300000, 0x0000000080400000, 0x0000000080400000|100%| O|  |TAMS 0x0000000080400000, 0x0000000080400000| Untracked 
|   4|0x0000000080400000, 0x0000000080500000, 0x0000000080500000|100%| O|  |TAMS 0x0000000080500000, 0x0000000080500000| Untracked 
|   5|0x0000000080500000, 0x0000000080600000, 0x0000000080600000|100%| O|  |TAMS 0x0000000080600000, 0x0000000080600000| Untracked 
|   6|0x0000000080600000, 0x0000000080700000, 0x0000000080700000|100%| O|  |TAMS 0x0000000080700000, 0x0000000080700000| Untracked 
|   7|0x0000000080700000, 0x0000000080800000, 0x0000000080800000|100%|HS|  |TAMS 0x0000000080800000, 0x0000000080800000| Complete 
|   8|0x0000000080800000, 0x0000000080900000, 0x0000000080900000|100%| O|  |TAMS 0x0000000080900000, 0x0000000080900000| Untracked 
|   9|0x0000000080900000, 0x0000000080a00000, 0x0000000080a00000|100%| O|  |TAMS 0x0000000080a00000, 0x0000000080a00000| Untracked 
|  10|0x0000000080a00000, 0x0000000080b00000, 0x0000000080b00000|100%| O|  |TAMS 0x0000000080b00000, 0x0000000080b00000| Untracked 
|  11|0x0000000080b00000, 0x0000000080c00000, 0x0000000080c00000|100%| O|  |TAMS 0x0000000080c00000, 0x0000000080c00000| Untracked 
|  12|0x0000000080c00000, 0x0000000080d00000, 0x0000000080d00000|100%| O|  |TAMS 0x0000000080d00000, 0x0000000080d00000| Untracked 
|  13|0x0000000080d00000, 0x0000000080e00000, 0x0000000080e00000|100%| O|  |TAMS 0x0000000080e00000, 0x0000000080e00000| Untracked 
|  14|0x0000000080e00000, 0x0000000080f00000, 0x0000000080f00000|100%| O|  |TAMS 0x0000000080f00000, 0x0000000080f00000| Untracked 
|  15|0x0000000080f00000, 0x0000000080fcf000, 0x0000000081000000| 80%| O|  |TAMS 0x0000000080fcf000, 0x0000000080fcf000| Untracked 
|  16|0x0000000081000000, 0x0000000081100000, 0x0000000081100000|100%| O|  |TAMS 0x0000000081100000, 0x0000000081100000| Untracked 
|  17|0x0000000081100000, 0x0000000081200000, 0x0000000081200000|100%| O|  |TAMS 0x0000000081200000, 0x0000000081200000| Untracked 
|  18|0x0000000081200000, 0x0000000081300000, 0x0000000081300000|100%| O|  |TAMS 0x0000000081300000, 0x0000000081300000| Untracked 
|  19|0x0000000081300000, 0x0000000081400000, 0x0000000081400000|100%| O|  |TAMS 0x0000000081400000, 0x0000000081400000| Untracked 
|  20|0x0000000081400000, 0x0000000081500000, 0x0000000081500000|100%| O|  |TAMS 0x0000000081500000, 0x0000000081500000| Untracked 
|  21|0x0000000081500000, 0x0000000081600000, 0x0000000081600000|100%| O|  |TAMS 0x0000000081600000, 0x0000000081600000| Untracked 
|  22|0x0000000081600000, 0x0000000081700000, 0x0000000081700000|100%| O|  |TAMS 0x0000000081700000, 0x0000000081700000| Untracked 
|  23|0x0000000081700000, 0x0000000081800000, 0x0000000081800000|100%| O|  |TAMS 0x0000000081800000, 0x0000000081800000| Untracked 
|  24|0x0000000081800000, 0x0000000081900000, 0x0000000081900000|100%| O|  |TAMS 0x0000000081900000, 0x0000000081900000| Untracked 
|  25|0x0000000081900000, 0x0000000081a00000, 0x0000000081a00000|100%| O|  |TAMS 0x0000000081a00000, 0x0000000081a00000| Untracked 
|  26|0x0000000081a00000, 0x0000000081b00000, 0x0000000081b00000|100%| O|  |TAMS 0x0000000081b00000, 0x0000000081b00000| Untracked 
|  27|0x0000000081b00000, 0x0000000081c00000, 0x0000000081c00000|100%| O|  |TAMS 0x0000000081c00000, 0x0000000081c00000| Untracked 
|  28|0x0000000081c00000, 0x0000000081d00000, 0x0000000081d00000|100%| O|  |TAMS 0x0000000081d00000, 0x0000000081d00000| Untracked 
|  29|0x0000000081d00000, 0x0000000081e00000, 0x0000000081e00000|100%| O|  |TAMS 0x0000000081e00000, 0x0000000081e00000| Untracked 
|  30|0x0000000081e00000, 0x0000000081f00000, 0x0000000081f00000|100%| O|  |TAMS 0x0000000081f00000, 0x0000000081f00000| Untracked 
|  31|0x0000000081f00000, 0x0000000082000000, 0x0000000082000000|100%| O|  |TAMS 0x0000000082000000, 0x0000000082000000| Untracked 
|  32|0x0000000082000000, 0x0000000082100000, 0x0000000082100000|100%| O|  |TAMS 0x0000000082100000, 0x0000000082100000| Untracked 
|  33|0x0000000082100000, 0x0000000082200000, 0x0000000082200000|100%| O|  |TAMS 0x0000000082200000, 0x0000000082200000| Untracked 
|  34|0x0000000082200000, 0x0000000082300000, 0x0000000082300000|100%| O|  |TAMS 0x0000000082300000, 0x0000000082300000| Untracked 
|  35|0x0000000082300000, 0x0000000082400000, 0x0000000082400000|100%| O|  |TAMS 0x0000000082400000, 0x0000000082400000| Untracked 
|  36|0x0000000082400000, 0x0000000082500000, 0x0000000082500000|100%|HS|  |TAMS 0x0000000082400000, 0x0000000082500000| Complete 
|  37|0x0000000082500000, 0x0000000082600000, 0x0000000082600000|100%| O|  |TAMS 0x0000000082600000, 0x0000000082600000| Untracked 
|  38|0x0000000082600000, 0x0000000082700000, 0x0000000082700000|100%| O|  |TAMS 0x0000000082700000, 0x0000000082700000| Untracked 
|  39|0x0000000082700000, 0x0000000082800000, 0x0000000082800000|100%| O|  |TAMS 0x0000000082800000, 0x0000000082800000| Untracked 
|  40|0x0000000082800000, 0x0000000082900000, 0x0000000082900000|100%| O|  |TAMS 0x0000000082900000, 0x0000000082900000| Untracked 
|  41|0x0000000082900000, 0x0000000082a00000, 0x0000000082a00000|100%| O|  |TAMS 0x0000000082a00000, 0x0000000082a00000| Untracked 
|  42|0x0000000082a00000, 0x0000000082a00000, 0x0000000082b00000|  0%| F|  |TAMS 0x0000000082a00000, 0x0000000082a00000| Untracked 
|  43|0x0000000082b00000, 0x0000000082c00000, 0x0000000082c00000|100%| O|  |TAMS 0x0000000082c00000, 0x0000000082c00000| Untracked 
|  44|0x0000000082c00000, 0x0000000082d00000, 0x0000000082d00000|100%| O|  |TAMS 0x0000000082d00000, 0x0000000082d00000| Untracked 
|  45|0x0000000082d00000, 0x0000000082e00000, 0x0000000082e00000|100%|HS|  |TAMS 0x0000000082e00000, 0x0000000082e00000| Complete 
|  46|0x0000000082e00000, 0x0000000082f00000, 0x0000000082f00000|100%|HS|  |TAMS 0x0000000082f00000, 0x0000000082f00000| Complete 
|  47|0x0000000082f00000, 0x0000000083000000, 0x0000000083000000|100%|HC|  |TAMS 0x0000000083000000, 0x0000000083000000| Complete 
|  48|0x0000000083000000, 0x0000000083100000, 0x0000000083100000|100%|HS|  |TAMS 0x0000000083100000, 0x0000000083100000| Complete 
|  49|0x0000000083100000, 0x0000000083200000, 0x0000000083200000|100%|HS|  |TAMS 0x0000000083200000, 0x0000000083200000| Complete 
|  50|0x0000000083200000, 0x0000000083300000, 0x0000000083300000|100%| O|  |TAMS 0x0000000083300000, 0x0000000083300000| Untracked 
|  51|0x0000000083300000, 0x0000000083400000, 0x0000000083400000|100%| O|  |TAMS 0x0000000083400000, 0x0000000083400000| Untracked 
|  52|0x0000000083400000, 0x0000000083500000, 0x0000000083500000|100%| O|  |TAMS 0x0000000083500000, 0x0000000083500000| Untracked 
|  53|0x0000000083500000, 0x0000000083600000, 0x0000000083600000|100%| O|  |TAMS 0x0000000083600000, 0x0000000083600000| Untracked 
|  54|0x0000000083600000, 0x0000000083700000, 0x0000000083700000|100%| O|  |TAMS 0x0000000083700000, 0x0000000083700000| Untracked 
|  55|0x0000000083700000, 0x0000000083800000, 0x0000000083800000|100%| O|  |TAMS 0x0000000083741200, 0x0000000083800000| Untracked 
|  56|0x0000000083800000, 0x0000000083900000, 0x0000000083900000|100%|HS|  |TAMS 0x0000000083800000, 0x0000000083900000| Complete 
|  57|0x0000000083900000, 0x0000000083a00000, 0x0000000083a00000|100%|HC|  |TAMS 0x0000000083900000, 0x0000000083a00000| Complete 
|  58|0x0000000083a00000, 0x0000000083b00000, 0x0000000083b00000|100%|HC|  |TAMS 0x0000000083a00000, 0x0000000083b00000| Complete 
|  59|0x0000000083b00000, 0x0000000083c00000, 0x0000000083c00000|100%|HC|  |TAMS 0x0000000083b00000, 0x0000000083c00000| Complete 
|  60|0x0000000083c00000, 0x0000000083d00000, 0x0000000083d00000|100%| O|  |TAMS 0x0000000083c00000, 0x0000000083d00000| Untracked 
|  61|0x0000000083d00000, 0x0000000083e00000, 0x0000000083e00000|100%|HS|  |TAMS 0x0000000083d00000, 0x0000000083e00000| Complete 
|  62|0x0000000083e00000, 0x0000000083f00000, 0x0000000083f00000|100%|HS|  |TAMS 0x0000000083e00000, 0x0000000083f00000| Complete 
|  63|0x0000000083f00000, 0x0000000084000000, 0x0000000084000000|100%| O|  |TAMS 0x0000000083f00000, 0x0000000084000000| Untracked 
|  64|0x0000000084000000, 0x0000000084100000, 0x0000000084100000|100%| O|  |TAMS 0x0000000084000000, 0x0000000084100000| Untracked 
|  65|0x0000000084100000, 0x0000000084200000, 0x0000000084200000|100%| O|  |TAMS 0x0000000084100000, 0x0000000084200000| Untracked 
|  66|0x0000000084200000, 0x0000000084300000, 0x0000000084300000|100%| O|  |TAMS 0x0000000084200000, 0x0000000084300000| Untracked 
|  67|0x0000000084300000, 0x0000000084400000, 0x0000000084400000|100%| O|  |TAMS 0x0000000084300000, 0x0000000084400000| Untracked 
|  68|0x0000000084400000, 0x000000008449aa00, 0x0000000084500000| 60%| O|  |TAMS 0x0000000084400000, 0x000000008449aa00| Untracked 
|  69|0x0000000084500000, 0x0000000084500000, 0x0000000084600000|  0%| F|  |TAMS 0x0000000084500000, 0x0000000084500000| Untracked 
|  70|0x0000000084600000, 0x0000000084600000, 0x0000000084700000|  0%| F|  |TAMS 0x0000000084600000, 0x0000000084600000| Untracked 
|  71|0x0000000084700000, 0x0000000084700000, 0x0000000084800000|  0%| F|  |TAMS 0x0000000084700000, 0x0000000084700000| Untracked 
|  72|0x0000000084800000, 0x0000000084800000, 0x0000000084900000|  0%| F|  |TAMS 0x0000000084800000, 0x0000000084800000| Untracked 
|  73|0x0000000084900000, 0x0000000084900000, 0x0000000084a00000|  0%| F|  |TAMS 0x0000000084900000, 0x0000000084900000| Untracked 
|  74|0x0000000084a00000, 0x0000000084a00000, 0x0000000084b00000|  0%| F|  |TAMS 0x0000000084a00000, 0x0000000084a00000| Untracked 
|  75|0x0000000084b00000, 0x0000000084b00000, 0x0000000084c00000|  0%| F|  |TAMS 0x0000000084b00000, 0x0000000084b00000| Untracked 
|  76|0x0000000084c00000, 0x0000000084c00000, 0x0000000084d00000|  0%| F|  |TAMS 0x0000000084c00000, 0x0000000084c00000| Untracked 
|  77|0x0000000084d00000, 0x0000000084d00000, 0x0000000084e00000|  0%| F|  |TAMS 0x0000000084d00000, 0x0000000084d00000| Untracked 
|  78|0x0000000084e00000, 0x0000000084e00000, 0x0000000084f00000|  0%| F|  |TAMS 0x0000000084e00000, 0x0000000084e00000| Untracked 
|  79|0x0000000084f00000, 0x0000000084f00000, 0x0000000085000000|  0%| F|  |TAMS 0x0000000084f00000, 0x0000000084f00000| Untracked 
|  80|0x0000000085000000, 0x0000000085000000, 0x0000000085100000|  0%| F|  |TAMS 0x0000000085000000, 0x0000000085000000| Untracked 
|  81|0x0000000085100000, 0x0000000085100000, 0x0000000085200000|  0%| F|  |TAMS 0x0000000085100000, 0x0000000085100000| Untracked 
|  82|0x0000000085200000, 0x0000000085200000, 0x0000000085300000|  0%| F|  |TAMS 0x0000000085200000, 0x0000000085200000| Untracked 
|  83|0x0000000085300000, 0x0000000085300000, 0x0000000085400000|  0%| F|  |TAMS 0x0000000085300000, 0x0000000085300000| Untracked 
|  84|0x0000000085400000, 0x0000000085400000, 0x0000000085500000|  0%| F|  |TAMS 0x0000000085400000, 0x0000000085400000| Untracked 
|  85|0x0000000085500000, 0x0000000085500000, 0x0000000085600000|  0%| F|  |TAMS 0x0000000085500000, 0x0000000085500000| Untracked 
|  86|0x0000000085600000, 0x0000000085600000, 0x0000000085700000|  0%| F|  |TAMS 0x0000000085600000, 0x0000000085600000| Untracked 
|  87|0x0000000085700000, 0x0000000085700000, 0x0000000085800000|  0%| F|  |TAMS 0x0000000085700000, 0x0000000085700000| Untracked 
|  88|0x0000000085800000, 0x0000000085800000, 0x0000000085900000|  0%| F|  |TAMS 0x0000000085800000, 0x0000000085800000| Untracked 
|  89|0x0000000085900000, 0x0000000085900000, 0x0000000085a00000|  0%| F|  |TAMS 0x0000000085900000, 0x0000000085900000| Untracked 
|  90|0x0000000085a00000, 0x0000000085a00000, 0x0000000085b00000|  0%| F|  |TAMS 0x0000000085a00000, 0x0000000085a00000| Untracked 
|  91|0x0000000085b00000, 0x0000000085b00000, 0x0000000085c00000|  0%| F|  |TAMS 0x0000000085b00000, 0x0000000085b00000| Untracked 
|  92|0x0000000085c00000, 0x0000000085c00000, 0x0000000085d00000|  0%| F|  |TAMS 0x0000000085c00000, 0x0000000085c00000| Untracked 
|  93|0x0000000085d00000, 0x0000000085d00000, 0x0000000085e00000|  0%| F|  |TAMS 0x0000000085d00000, 0x0000000085d00000| Untracked 
|  94|0x0000000085e00000, 0x0000000085e00000, 0x0000000085f00000|  0%| F|  |TAMS 0x0000000085e00000, 0x0000000085e00000| Untracked 
|  95|0x0000000085f00000, 0x0000000085f00000, 0x0000000086000000|  0%| F|  |TAMS 0x0000000085f00000, 0x0000000085f00000| Untracked 
|  96|0x0000000086000000, 0x000000008608dee8, 0x0000000086100000| 55%| S|CS|TAMS 0x0000000086000000, 0x0000000086000000| Complete 
|  97|0x0000000086100000, 0x0000000086100000, 0x0000000086200000|  0%| F|  |TAMS 0x0000000086100000, 0x0000000086100000| Untracked 
|  98|0x0000000086200000, 0x0000000086200000, 0x0000000086300000|  0%| F|  |TAMS 0x0000000086200000, 0x0000000086200000| Untracked 
|  99|0x0000000086300000, 0x0000000086300000, 0x0000000086400000|  0%| F|  |TAMS 0x0000000086300000, 0x0000000086300000| Untracked 
| 100|0x0000000086400000, 0x0000000086400000, 0x0000000086500000|  0%| F|  |TAMS 0x0000000086400000, 0x0000000086400000| Untracked 
| 101|0x0000000086500000, 0x0000000086500000, 0x0000000086600000|  0%| F|  |TAMS 0x0000000086500000, 0x0000000086500000| Untracked 
| 102|0x0000000086600000, 0x0000000086600000, 0x0000000086700000|  0%| F|  |TAMS 0x0000000086600000, 0x0000000086600000| Untracked 
| 103|0x0000000086700000, 0x0000000086700000, 0x0000000086800000|  0%| F|  |TAMS 0x0000000086700000, 0x0000000086700000| Untracked 
| 104|0x0000000086800000, 0x0000000086800000, 0x0000000086900000|  0%| F|  |TAMS 0x0000000086800000, 0x0000000086800000| Untracked 
| 105|0x0000000086900000, 0x0000000086900000, 0x0000000086a00000|  0%| F|  |TAMS 0x0000000086900000, 0x0000000086900000| Untracked 
| 106|0x0000000086a00000, 0x0000000086a00000, 0x0000000086b00000|  0%| F|  |TAMS 0x0000000086a00000, 0x0000000086a00000| Untracked 
| 107|0x0000000086b00000, 0x0000000086b00000, 0x0000000086c00000|  0%| F|  |TAMS 0x0000000086b00000, 0x0000000086b00000| Untracked 
| 108|0x0000000086c00000, 0x0000000086c00000, 0x0000000086d00000|  0%| F|  |TAMS 0x0000000086c00000, 0x0000000086c00000| Untracked 
| 109|0x0000000086d00000, 0x0000000086d00000, 0x0000000086e00000|  0%| F|  |TAMS 0x0000000086d00000, 0x0000000086d00000| Untracked 
| 110|0x0000000086e00000, 0x0000000086e00000, 0x0000000086f00000|  0%| F|  |TAMS 0x0000000086e00000, 0x0000000086e00000| Untracked 
| 111|0x0000000086f00000, 0x0000000086f00000, 0x0000000087000000|  0%| F|  |TAMS 0x0000000086f00000, 0x0000000086f00000| Untracked 
| 112|0x0000000087000000, 0x0000000087000000, 0x0000000087100000|  0%| F|  |TAMS 0x0000000087000000, 0x0000000087000000| Untracked 
| 113|0x0000000087100000, 0x0000000087100000, 0x0000000087200000|  0%| F|  |TAMS 0x0000000087100000, 0x0000000087100000| Untracked 
| 114|0x0000000087200000, 0x0000000087200000, 0x0000000087300000|  0%| F|  |TAMS 0x0000000087200000, 0x0000000087200000| Untracked 
| 115|0x0000000087300000, 0x0000000087300000, 0x0000000087400000|  0%| F|  |TAMS 0x0000000087300000, 0x0000000087300000| Untracked 

Card table byte_map: [0x000002b424540000,0x000002b424940000] _byte_map_base: 0x000002b424140000

Marking Bits (Prev, Next): (CMBitMap*) 0x000002b40d65b550, (CMBitMap*) 0x000002b40d65b590
 Prev Bits: [0x000002b424d40000, 0x000002b426d40000)
 Next Bits: [0x000002b426d40000, 0x000002b428d40000)

Polling page: 0x000002b40cdc0000

Metaspace:

Usage:
  Non-class:     42.38 MB used.
      Class:      6.79 MB used.
       Both:     49.17 MB used.

Virtual space:
  Non-class space:       64.00 MB reserved,      42.69 MB ( 67%) committed,  1 nodes.
      Class space:        1.00 GB reserved,       7.06 MB ( <1%) committed,  1 nodes.
             Both:        1.06 GB reserved,      49.75 MB (  5%) committed. 

Chunk freelists:
   Non-Class:  5.28 MB
       Class:  8.84 MB
        Both:  14.12 MB

MaxMetaspaceSize: unlimited
CompressedClassSpaceSize: 1.00 GB
Initial GC threshold: 21.00 MB
Current GC threshold: 77.62 MB
CDS: on
MetaspaceReclaimPolicy: balanced
 - commit_granule_bytes: 65536.
 - commit_granule_words: 8192.
 - virtual_space_node_default_size: 8388608.
 - enlarge_chunks_in_place: 1.
 - new_chunks_are_fully_committed: 0.
 - uncommit_free_chunks: 1.
 - use_allocation_guard: 0.
 - handle_deallocations: 1.


Internal statistics:

num_allocs_failed_limit: 6.
num_arena_births: 588.
num_arena_deaths: 0.
num_vsnodes_births: 2.
num_vsnodes_deaths: 0.
num_space_committed: 796.
num_space_uncommitted: 0.
num_chunks_returned_to_freelist: 6.
num_chunks_taken_from_freelist: 2635.
num_chunk_merges: 6.
num_chunk_splits: 1733.
num_chunks_enlarged: 1168.
num_inconsistent_stats: 0.

CodeHeap 'non-profiled nmethods': size=120000Kb used=3913Kb max_used=3913Kb free=116086Kb
 bounds [0x000002b41cc10000, 0x000002b41cff0000, 0x000002b424140000]
CodeHeap 'profiled nmethods': size=120000Kb used=13537Kb max_used=13537Kb free=106462Kb
 bounds [0x000002b415140000, 0x000002b415e80000, 0x000002b41c670000]
CodeHeap 'non-nmethods': size=5760Kb used=2332Kb max_used=2389Kb free=3427Kb
 bounds [0x000002b41c670000, 0x000002b41c8e0000, 0x000002b41cc10000]
 total_blobs=7995 nmethods=7148 adapters=759
 compilation: enabled
              stopped_count=0, restarted_count=0
 full_count=0

Compilation events (20 events):
Event: 21.966 Thread 0x000002b42b1f7580 7941       1       org.gradle.internal.typeconversion.TypeInfo::getTargetType (5 bytes)
Event: 21.966 Thread 0x000002b42b1f7580 nmethod 7941 0x000002b41cfe0310 code [0x000002b41cfe04a0, 0x000002b41cfe0578]
Event: 21.970 Thread 0x000002b473be5940 7942       4       com.google.common.cache.LocalCache$Segment::getEntry (73 bytes)
Event: 21.971 Thread 0x000002b42b1f7580 7943       3       org.gradle.internal.event.DefaultListenerManager$ExclusiveEventBroadcast::startDispatch (50 bytes)
Event: 21.972 Thread 0x000002b42b1f7580 nmethod 7943 0x000002b415e72b10 code [0x000002b415e72de0, 0x000002b415e73f48]
Event: 21.972 Thread 0x000002b42b1f5c60 7944       4       org.gradle.internal.service.DefaultServiceRegistry$ParentServices::getService (12 bytes)
Event: 21.975 Thread 0x000002b42b1f5c60 nmethod 7944 0x000002b41cfe0610 code [0x000002b41cfe07a0, 0x000002b41cfe08f8]
Event: 21.975 Thread 0x000002b42b1f5c60 7945       4       sun.invoke.util.VerifyAccess::isClassAccessible (230 bytes)
Event: 21.982 Thread 0x000002b473be5940 nmethod 7942 0x000002b41cfe0a90 code [0x000002b41cfe0c40, 0x000002b41cfe10f8]
Event: 21.983 Thread 0x000002b42b1f7580 7946       3       java.lang.reflect.ProxyGenerator::computeUniqueCatchList (163 bytes)
Event: 21.985 Thread 0x000002b42b1f7580 nmethod 7946 0x000002b415e74490 code [0x000002b415e747e0, 0x000002b415e75df8]
Event: 21.987 Thread 0x000002b42b1f5c60 nmethod 7945 0x000002b41cfe1590 code [0x000002b41cfe17a0, 0x000002b41cfe1d70]
Event: 21.993 Thread 0x000002b42b1f7580 7947   !   3       org.gradle.internal.event.DefaultListenerManager$EventBroadcast::maybeInitialize (52 bytes)
Event: 21.994 Thread 0x000002b42b1f7580 nmethod 7947 0x000002b415e76710 code [0x000002b415e76900, 0x000002b415e76e28]
Event: 21.995 Thread 0x000002b42b1f7580 7948       3       jdk.internal.reflect.ClassFileAssembler::opc_invokespecial (26 bytes)
Event: 21.995 Thread 0x000002b42b1f7580 nmethod 7948 0x000002b415e77090 code [0x000002b415e772a0, 0x000002b415e777e8]
Event: 21.995 Thread 0x000002b42b1f7580 7950       3       jdk.internal.reflect.ClassFileAssembler::append (30 bytes)
Event: 21.995 Thread 0x000002b42b1f7580 nmethod 7950 0x000002b415e77a90 code [0x000002b415e77c80, 0x000002b415e78158]
Event: 21.996 Thread 0x000002b42b1f7580 7949       3       jdk.internal.reflect.ClassFileAssembler::emitInt (46 bytes)
Event: 21.996 Thread 0x000002b42b1f7580 nmethod 7949 0x000002b415e78410 code [0x000002b415e78620, 0x000002b415e78b38]

GC Heap History (20 events):
Event: 14.967 GC heap after
{Heap after GC invocations=13 (full 0):
 garbage-first heap   total 98304K, used 37390K [0x0000000080000000, 0x0000000100000000)
  region size 1024K, 5 young (5120K), 5 survivors (5120K)
 Metaspace       used 44765K, committed 45248K, reserved 1114112K
  class space    used 6335K, committed 6528K, reserved 1048576K
}
Event: 16.647 GC heap before
{Heap before GC invocations=13 (full 0):
 garbage-first heap   total 98304K, used 78350K [0x0000000080000000, 0x0000000100000000)
  region size 1024K, 45 young (46080K), 5 survivors (5120K)
 Metaspace       used 46308K, committed 46720K, reserved 1114112K
  class space    used 6474K, committed 6656K, reserved 1048576K
}
Event: 16.684 GC heap after
{Heap after GC invocations=14 (full 0):
 garbage-first heap   total 98304K, used 43761K [0x0000000080000000, 0x0000000100000000)
  region size 1024K, 6 young (6144K), 6 survivors (6144K)
 Metaspace       used 46308K, committed 46720K, reserved 1114112K
  class space    used 6474K, committed 6656K, reserved 1048576K
}
Event: 17.821 GC heap before
{Heap before GC invocations=14 (full 0):
 garbage-first heap   total 98304K, used 75505K [0x0000000080000000, 0x0000000100000000)
  region size 1024K, 38 young (38912K), 6 survivors (6144K)
 Metaspace       used 46760K, committed 47296K, reserved 1114112K
  class space    used 6500K, committed 6720K, reserved 1048576K
}
Event: 17.837 GC heap after
{Heap after GC invocations=15 (full 0):
 garbage-first heap   total 98304K, used 46643K [0x0000000080000000, 0x0000000100000000)
  region size 1024K, 4 young (4096K), 4 survivors (4096K)
 Metaspace       used 46760K, committed 47296K, reserved 1114112K
  class space    used 6500K, committed 6720K, reserved 1048576K
}
Event: 18.700 GC heap before
{Heap before GC invocations=15 (full 0):
 garbage-first heap   total 98304K, used 75315K [0x0000000080000000, 0x0000000100000000)
  region size 1024K, 33 young (33792K), 4 survivors (4096K)
 Metaspace       used 46896K, committed 47360K, reserved 1114112K
  class space    used 6501K, committed 6720K, reserved 1048576K
}
Event: 18.709 GC heap after
{Heap after GC invocations=16 (full 0):
 garbage-first heap   total 98304K, used 48006K [0x0000000080000000, 0x0000000100000000)
  region size 1024K, 4 young (4096K), 4 survivors (4096K)
 Metaspace       used 46896K, committed 47360K, reserved 1114112K
  class space    used 6501K, committed 6720K, reserved 1048576K
}
Event: 19.866 GC heap before
{Heap before GC invocations=16 (full 0):
 garbage-first heap   total 98304K, used 76678K [0x0000000080000000, 0x0000000100000000)
  region size 1024K, 33 young (33792K), 4 survivors (4096K)
 Metaspace       used 46936K, committed 47424K, reserved 1114112K
  class space    used 6501K, committed 6720K, reserved 1048576K
}
Event: 19.875 GC heap after
{Heap after GC invocations=17 (full 0):
 garbage-first heap   total 118784K, used 48886K [0x0000000080000000, 0x0000000100000000)
  region size 1024K, 4 young (4096K), 4 survivors (4096K)
 Metaspace       used 46936K, committed 47424K, reserved 1114112K
  class space    used 6501K, committed 6720K, reserved 1048576K
}
Event: 20.831 GC heap before
{Heap before GC invocations=18 (full 0):
 garbage-first heap   total 118784K, used 97014K [0x0000000080000000, 0x0000000100000000)
  region size 1024K, 47 young (48128K), 4 survivors (4096K)
 Metaspace       used 47143K, committed 47680K, reserved 1114112K
  class space    used 6541K, committed 6784K, reserved 1048576K
}
Event: 20.841 GC heap after
{Heap after GC invocations=19 (full 0):
 garbage-first heap   total 118784K, used 55174K [0x0000000080000000, 0x0000000100000000)
  region size 1024K, 6 young (6144K), 6 survivors (6144K)
 Metaspace       used 47143K, committed 47680K, reserved 1114112K
  class space    used 6541K, committed 6784K, reserved 1048576K
}
Event: 20.897 GC heap before
{Heap before GC invocations=19 (full 0):
 garbage-first heap   total 118784K, used 57222K [0x0000000080000000, 0x0000000100000000)
  region size 1024K, 7 young (7168K), 6 survivors (6144K)
 Metaspace       used 47154K, committed 47680K, reserved 1114112K
  class space    used 6541K, committed 6784K, reserved 1048576K
}
Event: 20.910 GC heap after
{Heap after GC invocations=20 (full 0):
 garbage-first heap   total 118784K, used 56384K [0x0000000080000000, 0x0000000100000000)
  region size 1024K, 1 young (1024K), 1 survivors (1024K)
 Metaspace       used 47154K, committed 47680K, reserved 1114112K
  class space    used 6541K, committed 6784K, reserved 1048576K
}
Event: 21.004 GC heap before
{Heap before GC invocations=20 (full 0):
 garbage-first heap   total 118784K, used 59456K [0x0000000080000000, 0x0000000100000000)
  region size 1024K, 5 young (5120K), 1 survivors (1024K)
 Metaspace       used 47157K, committed 47680K, reserved 1114112K
  class space    used 6541K, committed 6784K, reserved 1048576K
}
Event: 21.006 GC heap after
{Heap after GC invocations=21 (full 0):
 garbage-first heap   total 118784K, used 58330K [0x0000000080000000, 0x0000000100000000)
  region size 1024K, 3 young (3072K), 3 survivors (3072K)
 Metaspace       used 47157K, committed 47680K, reserved 1114112K
  class space    used 6541K, committed 6784K, reserved 1048576K
}
Event: 21.595 GC heap before
{Heap before GC invocations=22 (full 0):
 garbage-first heap   total 118784K, used 89050K [0x0000000080000000, 0x0000000100000000)
  region size 1024K, 26 young (26624K), 3 survivors (3072K)
 Metaspace       used 48596K, committed 49152K, reserved 1114112K
  class space    used 6722K, committed 6976K, reserved 1048576K
}
Event: 21.599 GC heap after
{Heap after GC invocations=23 (full 0):
 garbage-first heap   total 118784K, used 69668K [0x0000000080000000, 0x0000000100000000)
  region size 1024K, 4 young (4096K), 4 survivors (4096K)
 Metaspace       used 48596K, committed 49152K, reserved 1114112K
  class space    used 6722K, committed 6976K, reserved 1048576K
}
Event: 21.618 GC heap before
{Heap before GC invocations=23 (full 0):
 garbage-first heap   total 118784K, used 69668K [0x0000000080000000, 0x0000000100000000)
  region size 1024K, 5 young (5120K), 4 survivors (4096K)
 Metaspace       used 48721K, committed 49216K, reserved 1114112K
  class space    used 6730K, committed 6976K, reserved 1048576K
}
Event: 21.622 GC heap after
{Heap after GC invocations=24 (full 0):
 garbage-first heap   total 118784K, used 69235K [0x0000000080000000, 0x0000000100000000)
  region size 1024K, 1 young (1024K), 1 survivors (1024K)
 Metaspace       used 48721K, committed 49216K, reserved 1114112K
  class space    used 6730K, committed 6976K, reserved 1048576K
}
Event: 21.998 GC heap before
{Heap before GC invocations=24 (full 0):
 garbage-first heap   total 118784K, used 86643K [0x0000000080000000, 0x0000000100000000)
  region size 1024K, 19 young (19456K), 1 survivors (1024K)
 Metaspace       used 50350K, committed 50944K, reserved 1114112K
  class space    used 6953K, committed 7232K, reserved 1048576K
}

Dll operation events (15 events):
Event: 0.015 Loaded shared library C:\Users\Lenovo\.jdks\ms-17.0.14\bin\java.dll
Event: 0.083 Loaded shared library C:\Users\Lenovo\.jdks\ms-17.0.14\bin\jsvml.dll
Event: 0.279 Loaded shared library C:\Users\Lenovo\.jdks\ms-17.0.14\bin\zip.dll
Event: 0.307 Loaded shared library C:\Users\Lenovo\.jdks\ms-17.0.14\bin\instrument.dll
Event: 0.325 Loaded shared library C:\Users\Lenovo\.jdks\ms-17.0.14\bin\net.dll
Event: 0.329 Loaded shared library C:\Users\Lenovo\.jdks\ms-17.0.14\bin\nio.dll
Event: 0.340 Loaded shared library C:\Users\Lenovo\.jdks\ms-17.0.14\bin\zip.dll
Event: 0.943 Loaded shared library C:\Users\Lenovo\.jdks\ms-17.0.14\bin\jimage.dll
Event: 1.305 Loaded shared library C:\Users\Lenovo\.jdks\ms-17.0.14\bin\verify.dll
Event: 1.645 Loaded shared library C:\Users\Lenovo\.gradle\native\c067742578af261105cb4f569cf0c3c89f3d7b1fecec35dd04571415982c5e48\windows-amd64\native-platform.dll
Event: 1.669 Loaded shared library C:\Users\Lenovo\.gradle\native\100fb08df4bc3b14c8652ba06237920a3bd2aa13389f12d3474272988ae205f9\windows-amd64\native-platform-file-events.dll
Event: 3.946 Loaded shared library C:\Users\Lenovo\.jdks\ms-17.0.14\bin\management.dll
Event: 3.953 Loaded shared library C:\Users\Lenovo\.jdks\ms-17.0.14\bin\management_ext.dll
Event: 4.354 Loaded shared library C:\Users\Lenovo\.jdks\ms-17.0.14\bin\extnet.dll
Event: 4.895 Loaded shared library C:\Users\Lenovo\.jdks\ms-17.0.14\bin\sunmscapi.dll

Deoptimization events (20 events):
Event: 21.360 Thread 0x000002b472779af0 DEOPT PACKING pc=0x000002b41ceb4ec0 sp=0x000000bef80f72f0
Event: 21.360 Thread 0x000002b472779af0 DEOPT UNPACKING pc=0x000002b41c6c69a3 sp=0x000000bef80f6fc0 mode 2
Event: 21.364 Thread 0x000002b472779af0 Uncommon trap: trap_request=0xffffffde fr.pc=0x000002b41ce4b57c relative=0x000000000000087c
Event: 21.364 Thread 0x000002b472779af0 Uncommon trap: reason=class_check action=maybe_recompile pc=0x000002b41ce4b57c method=java.io.BufferedInputStream.read1([BII)I @ 39 c2
Event: 21.364 Thread 0x000002b472779af0 DEOPT PACKING pc=0x000002b41ce4b57c sp=0x000000bef80f7110
Event: 21.365 Thread 0x000002b472779af0 DEOPT UNPACKING pc=0x000002b41c6c69a3 sp=0x000000bef80f7028 mode 2
Event: 21.365 Thread 0x000002b472779af0 Uncommon trap: trap_request=0xffffffde fr.pc=0x000002b41ce4b57c relative=0x000000000000087c
Event: 21.365 Thread 0x000002b472779af0 Uncommon trap: reason=class_check action=maybe_recompile pc=0x000002b41ce4b57c method=java.io.BufferedInputStream.read1([BII)I @ 39 c2
Event: 21.365 Thread 0x000002b472779af0 DEOPT PACKING pc=0x000002b41ce4b57c sp=0x000000bef80f7110
Event: 21.365 Thread 0x000002b472779af0 DEOPT UNPACKING pc=0x000002b41c6c69a3 sp=0x000000bef80f7028 mode 2
Event: 21.365 Thread 0x000002b472779af0 Uncommon trap: trap_request=0xffffffde fr.pc=0x000002b41ce4b57c relative=0x000000000000087c
Event: 21.365 Thread 0x000002b472779af0 Uncommon trap: reason=class_check action=maybe_recompile pc=0x000002b41ce4b57c method=java.io.BufferedInputStream.read1([BII)I @ 39 c2
Event: 21.365 Thread 0x000002b472779af0 DEOPT PACKING pc=0x000002b41ce4b57c sp=0x000000bef80f7110
Event: 21.365 Thread 0x000002b472779af0 DEOPT UNPACKING pc=0x000002b41c6c69a3 sp=0x000000bef80f7028 mode 2
Event: 21.471 Thread 0x000002b472779af0 Uncommon trap: trap_request=0xffffffde fr.pc=0x000002b41ceb4ec0 relative=0x0000000000005760
Event: 21.471 Thread 0x000002b472779af0 Uncommon trap: reason=class_check action=maybe_recompile pc=0x000002b41ceb4ec0 method=java.util.jar.JarFile.getManifestFromReference()Ljava/util/jar/Manifest; @ 152 c2
Event: 21.471 Thread 0x000002b472779af0 DEOPT PACKING pc=0x000002b41ceb4ec0 sp=0x000000bef80f6bc0
Event: 21.471 Thread 0x000002b472779af0 DEOPT UNPACKING pc=0x000002b41c6c69a3 sp=0x000000bef80f6890 mode 2
Event: 21.612 Thread 0x000002b472779af0 DEOPT PACKING pc=0x000002b415da4850 sp=0x000000bef80f3140
Event: 21.612 Thread 0x000002b472779af0 DEOPT UNPACKING pc=0x000002b41c6c7143 sp=0x000000bef80f2640 mode 0

Classes loaded (20 events):
Event: 20.529 Loading class java/util/stream/SortedOps$OfRef
Event: 20.529 Loading class java/util/stream/SortedOps$OfRef done
Event: 20.530 Loading class java/util/stream/SortedOps$SizedRefSortingSink
Event: 20.531 Loading class java/util/stream/SortedOps$AbstractRefSortingSink
Event: 20.531 Loading class java/util/stream/SortedOps$AbstractRefSortingSink done
Event: 20.531 Loading class java/util/stream/SortedOps$SizedRefSortingSink done
Event: 20.638 Loading class java/util/stream/SortedOps$RefSortingSink
Event: 20.638 Loading class java/util/stream/SortedOps$RefSortingSink done
Event: 20.669 Loading class java/time/Ser
Event: 20.670 Loading class java/time/Ser done
Event: 21.173 Loading class sun/misc/SharedSecrets
Event: 21.173 Loading class sun/misc/SharedSecrets done
Event: 21.179 Loading class jdk/internal/reflect/UnsafeObjectFieldAccessorImpl
Event: 21.179 Loading class jdk/internal/reflect/UnsafeObjectFieldAccessorImpl done
Event: 21.925 Loading class java/util/concurrent/atomic/AtomicIntegerArray
Event: 21.926 Loading class java/util/concurrent/atomic/AtomicIntegerArray done
Event: 21.928 Loading class java/util/Currency
Event: 21.929 Loading class java/util/Currency done
Event: 21.947 Loading class java/util/concurrent/atomic/AtomicLongArray
Event: 21.948 Loading class java/util/concurrent/atomic/AtomicLongArray done

Classes unloaded (0 events):
No events

Classes redefined (0 events):
No events

Internal exceptions (20 events):
Event: 18.855 Thread 0x000002b47473a450 Implicit null exception at 0x000002b41cf6c351 to 0x000002b41cf6cca8
Event: 18.880 Thread 0x000002b47473f040 Implicit null exception at 0x000002b41cf6c351 to 0x000002b41cf6cca8
Event: 18.882 Thread 0x000002b472779af0 Implicit null exception at 0x000002b41cf6c351 to 0x000002b41cf6cca8
Event: 18.898 Thread 0x000002b47473eb30 Implicit null exception at 0x000002b41cf6c351 to 0x000002b41cf6cca8
Event: 18.977 Thread 0x000002b47473a450 Implicit null exception at 0x000002b41cf702b1 to 0x000002b41cf70a6c
Event: 20.387 Thread 0x000002b472779af0 Implicit null exception at 0x000002b41cd59f51 to 0x000002b41cd5a1b8
Event: 20.636 Thread 0x000002b472779af0 Exception <a 'java/lang/NoSuchMethodError'{0x0000000084b4a2c0}: 'long java.lang.invoke.DirectMethodHandle$Holder.invokeVirtual(java.lang.Object, java.lang.Object)'> (0x0000000084b4a2c0) 
thrown [s\src\hotspot\share\interpreter\linkResolver.cpp, line 759]
Event: 20.642 Thread 0x000002b47277af30 Exception <a 'java/lang/NoSuchMethodError'{0x0000000084bbb880}: static Lorg/gradle/internal/build/event/types/DefaultOperationFinishedProgressEvent;.<clinit>()V> (0x0000000084bbb880) 
thrown [s\src\hotspot\share\prims\jni.cpp, line 1112]
Event: 20.658 Thread 0x000002b47277af30 Exception <a 'java/lang/NoSuchMethodError'{0x0000000084be3ee0}: static Lorg/gradle/internal/build/event/types/DefaultProjectConfigurationSuccessResult;.<clinit>()V> (0x0000000084be3ee0) 
thrown [s\src\hotspot\share\prims\jni.cpp, line 1112]
Event: 20.658 Thread 0x000002b47277af30 Exception <a 'java/lang/NoSuchMethodError'{0x0000000084be51e0}: static Lorg/gradle/internal/build/event/types/AbstractProjectConfigurationResult;.<clinit>()V> (0x0000000084be51e0) 
thrown [s\src\hotspot\share\prims\jni.cpp, line 1112]
Event: 20.661 Thread 0x000002b47277af30 Exception <a 'java/lang/NoSuchMethodError'{0x0000000084be6948}: static Lorg/gradle/internal/build/event/types/AbstractOperationResult;.<clinit>()V> (0x0000000084be6948) 
thrown [s\src\hotspot\share\prims\jni.cpp, line 1112]
Event: 20.661 Thread 0x000002b47277af30 Exception <a 'java/lang/NoSuchMethodError'{0x0000000084be7b50}: static Lorg/gradle/internal/build/event/types/AbstractResult;.<clinit>()V> (0x0000000084be7b50) 
thrown [s\src\hotspot\share\prims\jni.cpp, line 1112]
Event: 20.666 Thread 0x000002b47277af30 Exception <a 'java/lang/NoSuchMethodError'{0x0000000084bfed98}: static Lorg/gradle/internal/build/event/types/DefaultPluginApplicationResult;.<clinit>()V> (0x0000000084bfed98) 
thrown [s\src\hotspot\share\prims\jni.cpp, line 1112]
Event: 20.668 Thread 0x000002b47277af30 Exception <a 'java/lang/NoSuchMethodError'{0x0000000084a0b2a0}: static Lorg/gradle/internal/build/event/types/DefaultBinaryPluginIdentifier;.<clinit>()V> (0x0000000084a0b2a0) 
thrown [s\src\hotspot\share\prims\jni.cpp, line 1112]
Event: 20.672 Thread 0x000002b47277af30 Exception <a 'java/lang/NoSuchMethodError'{0x0000000084a233b8}: static Lorg/gradle/internal/build/event/types/DefaultScriptPluginIdentifier;.<clinit>()V> (0x0000000084a233b8) 
thrown [s\src\hotspot\share\prims\jni.cpp, line 1112]
Event: 20.777 Thread 0x000002b472779af0 Exception <a 'java/lang/ClassNotFoundException'{0x000000008493b228}: build_f58n5kf6yb4arjbgs7nl9w3xsBeanInfo> (0x000000008493b228) 
thrown [s\src\hotspot\share\classfile\systemDictionary.cpp, line 256]
Event: 20.778 Thread 0x000002b472779af0 Exception <a 'java/lang/ClassNotFoundException'{0x00000000849424c8}: build_f58n5kf6yb4arjbgs7nl9w3xsCustomizer> (0x00000000849424c8) 
thrown [s\src\hotspot\share\classfile\systemDictionary.cpp, line 256]
Event: 21.173 Thread 0x000002b472779af0 Exception <a 'java/lang/ClassNotFoundException'{0x0000000086f29b18}: sun/misc/SharedSecrets> (0x0000000086f29b18) 
thrown [s\src\hotspot\share\classfile\systemDictionary.cpp, line 256]
Event: 21.173 Thread 0x000002b472779af0 Exception <a 'java/lang/ClassNotFoundException'{0x0000000086f2ae48}: org/gradle/api/internal/plugins/DefaultObjectConfigurationActionBeanInfo> (0x0000000086f2ae48) 
thrown [s\src\hotspot\share\classfile\systemDictionary.cpp, line 256]
Event: 21.175 Thread 0x000002b472779af0 Exception <a 'java/lang/ClassNotFoundException'{0x0000000086f3e0a0}: org/gradle/api/internal/plugins/DefaultObjectConfigurationActionCustomizer> (0x0000000086f3e0a0) 
thrown [s\src\hotspot\share\classfile\systemDictionary.cpp, line 256]

VM Operations (20 events):
Event: 20.121 Executing VM operation: G1PauseCleanup done
Event: 20.569 Executing VM operation: HandshakeAllThreads
Event: 20.569 Executing VM operation: HandshakeAllThreads done
Event: 20.830 Executing VM operation: G1CollectForAllocation
Event: 20.841 Executing VM operation: G1CollectForAllocation done
Event: 20.864 Executing VM operation: HandshakeAllThreads
Event: 20.864 Executing VM operation: HandshakeAllThreads done
Event: 20.897 Executing VM operation: G1CollectForAllocation
Event: 20.910 Executing VM operation: G1CollectForAllocation done
Event: 21.004 Executing VM operation: G1TryInitiateConcMark
Event: 21.006 Executing VM operation: G1TryInitiateConcMark done
Event: 21.186 Executing VM operation: G1PauseRemark
Event: 21.193 Executing VM operation: G1PauseRemark done
Event: 21.272 Executing VM operation: G1PauseCleanup
Event: 21.272 Executing VM operation: G1PauseCleanup done
Event: 21.595 Executing VM operation: G1CollectForAllocation
Event: 21.599 Executing VM operation: G1CollectForAllocation done
Event: 21.618 Executing VM operation: G1CollectForAllocation
Event: 21.622 Executing VM operation: G1CollectForAllocation done
Event: 21.997 Executing VM operation: G1CollectForAllocation

Memory protections (0 events):
No events

Nmethod flushes (20 events):
Event: 15.480 Thread 0x000002b42b20bb50 flushing  nmethod 0x000002b4159e9610
Event: 15.480 Thread 0x000002b42b20bb50 flushing  nmethod 0x000002b4159f6a10
Event: 15.480 Thread 0x000002b42b20bb50 flushing  nmethod 0x000002b4159f7a90
Event: 15.480 Thread 0x000002b42b20bb50 flushing  nmethod 0x000002b415a17190
Event: 15.481 Thread 0x000002b42b20bb50 flushing  nmethod 0x000002b415a17690
Event: 15.481 Thread 0x000002b42b20bb50 flushing  nmethod 0x000002b415a1da10
Event: 15.481 Thread 0x000002b42b20bb50 flushing  nmethod 0x000002b415a2a210
Event: 15.481 Thread 0x000002b42b20bb50 flushing  nmethod 0x000002b415a30e10
Event: 15.481 Thread 0x000002b42b20bb50 flushing  nmethod 0x000002b415a37d90
Event: 15.481 Thread 0x000002b42b20bb50 flushing  nmethod 0x000002b415a38190
Event: 15.481 Thread 0x000002b42b20bb50 flushing  nmethod 0x000002b415a38a90
Event: 15.481 Thread 0x000002b42b20bb50 flushing  nmethod 0x000002b415a39210
Event: 15.481 Thread 0x000002b42b20bb50 flushing  nmethod 0x000002b415a39710
Event: 15.481 Thread 0x000002b42b20bb50 flushing  nmethod 0x000002b415a39c10
Event: 15.481 Thread 0x000002b42b20bb50 flushing  nmethod 0x000002b415a44a90
Event: 15.481 Thread 0x000002b42b20bb50 flushing  nmethod 0x000002b415aa1090
Event: 15.482 Thread 0x000002b42b20bb50 flushing  nmethod 0x000002b415b14d10
Event: 15.482 Thread 0x000002b42b20bb50 flushing  nmethod 0x000002b415b15710
Event: 15.482 Thread 0x000002b42b20bb50 flushing  nmethod 0x000002b415b25390
Event: 15.482 Thread 0x000002b42b20bb50 flushing  nmethod 0x000002b415b26d90

Events (20 events):
Event: 8.555 Thread 0x000002b472779af0 Thread added: 0x000002b47473a960
Event: 8.568 Thread 0x000002b472779af0 Thread added: 0x000002b47473e620
Event: 9.009 Thread 0x000002b472779af0 Thread added: 0x000002b47473bda0
Event: 9.421 Thread 0x000002b472779af0 Thread added: 0x000002b47473d6f0
Event: 9.630 Thread 0x000002b472779af0 Thread added: 0x000002b47473b890
Event: 11.178 Thread 0x000002b472779af0 Thread added: 0x000002b474739010
Event: 12.104 Thread 0x000002b472779af0 Thread added: 0x000002b47473c7c0
Event: 13.615 Thread 0x000002b472779af0 Thread added: 0x000002b47473e110
Event: 15.800 Thread 0x000002b472779af0 Thread added: 0x000002b47473ae70
Event: 15.800 Thread 0x000002b472779af0 Thread added: 0x000002b47473b380
Event: 15.800 Thread 0x000002b472779af0 Thread added: 0x000002b47473f550
Event: 16.107 Thread 0x000002b472779af0 Thread added: 0x000002b4747385f0
Event: 16.113 Thread 0x000002b472779af0 Thread added: 0x000002b474739a30
Event: 16.116 Thread 0x000002b472779af0 Thread added: 0x000002b474738b00
Event: 17.138 Thread 0x000002b472779af0 Thread added: 0x000002b47473eb30
Event: 17.139 Thread 0x000002b472779af0 Thread added: 0x000002b47473a450
Event: 17.140 Thread 0x000002b472779af0 Thread added: 0x000002b47473f040
Event: 19.790 Thread 0x000002b4727775a0 Thread exited: 0x000002b4727775a0
Event: 20.522 Thread 0x000002b42b1f7580 Thread added: 0x000002b473be5940
Event: 20.627 Thread 0x000002b472779af0 Thread added: 0x000002b47473ccd0


Dynamic libraries:
0x00007ff6859e0000 - 0x00007ff6859ee000 	C:\Users\Lenovo\.jdks\ms-17.0.14\bin\java.exe
0x00007ff872350000 - 0x00007ff872548000 	C:\Windows\SYSTEM32\ntdll.dll
0x00007ff872240000 - 0x00007ff872302000 	C:\Windows\System32\KERNEL32.DLL
0x00007ff86fa80000 - 0x00007ff86fd76000 	C:\Windows\System32\KERNELBASE.dll
0x00007ff86fe00000 - 0x00007ff86ff00000 	C:\Windows\System32\ucrtbase.dll
0x00007ff858d80000 - 0x00007ff858d9d000 	C:\Users\Lenovo\.jdks\ms-17.0.14\bin\VCRUNTIME140.dll
0x00007ff85afd0000 - 0x00007ff85afe7000 	C:\Users\Lenovo\.jdks\ms-17.0.14\bin\jli.dll
0x00007ff871a50000 - 0x00007ff871bed000 	C:\Windows\System32\USER32.dll
0x00007ff86ffb0000 - 0x00007ff86ffd2000 	C:\Windows\System32\win32u.dll
0x00007ff862340000 - 0x00007ff8625da000 	C:\Windows\WinSxS\amd64_microsoft.windows.common-controls_6595b64144ccf1df_6.0.19041.4355_none_60b8b9eb71f62e16\COMCTL32.dll
0x00007ff8705f0000 - 0x00007ff87061b000 	C:\Windows\System32\GDI32.dll
0x00007ff870250000 - 0x00007ff87036a000 	C:\Windows\System32\gdi32full.dll
0x00007ff870d50000 - 0x00007ff870dee000 	C:\Windows\System32\msvcrt.dll
0x00007ff86f9e0000 - 0x00007ff86fa7d000 	C:\Windows\System32\msvcp_win.dll
0x00007ff8703d0000 - 0x00007ff8703ff000 	C:\Windows\System32\IMM32.DLL
0x00007ff862d40000 - 0x00007ff862d4c000 	C:\Users\Lenovo\.jdks\ms-17.0.14\bin\vcruntime140_1.dll
0x00007ff8500d0000 - 0x00007ff85015d000 	C:\Users\Lenovo\.jdks\ms-17.0.14\bin\msvcp140.dll
0x00007ff83ec60000 - 0x00007ff83f8d2000 	C:\Users\Lenovo\.jdks\ms-17.0.14\bin\server\jvm.dll
0x00007ff871c00000 - 0x00007ff871caf000 	C:\Windows\System32\ADVAPI32.dll
0x00007ff872010000 - 0x00007ff8720af000 	C:\Windows\System32\sechost.dll
0x00007ff8706f0000 - 0x00007ff870813000 	C:\Windows\System32\RPCRT4.dll
0x00007ff8700c0000 - 0x00007ff8700e7000 	C:\Windows\System32\bcrypt.dll
0x00007ff871560000 - 0x00007ff8715cb000 	C:\Windows\System32\WS2_32.dll
0x00007ff86f840000 - 0x00007ff86f88b000 	C:\Windows\SYSTEM32\POWRPROF.dll
0x00007ff85f9d0000 - 0x00007ff85f9f7000 	C:\Windows\SYSTEM32\WINMM.dll
0x00007ff866da0000 - 0x00007ff866daa000 	C:\Windows\SYSTEM32\VERSION.dll
0x00007ff86f820000 - 0x00007ff86f832000 	C:\Windows\SYSTEM32\UMPDC.dll
0x00007ff86d820000 - 0x00007ff86d832000 	C:\Windows\SYSTEM32\kernel.appcore.dll
0x00007ff85cee0000 - 0x00007ff85ceea000 	C:\Users\Lenovo\.jdks\ms-17.0.14\bin\jimage.dll
0x00007ff868a90000 - 0x00007ff868c74000 	C:\Windows\SYSTEM32\DBGHELP.DLL
0x00007ff868950000 - 0x00007ff868984000 	C:\Windows\SYSTEM32\dbgcore.DLL
0x00007ff870030000 - 0x00007ff8700b2000 	C:\Windows\System32\bcryptPrimitives.dll
0x00007ff85fcd0000 - 0x00007ff85fcde000 	C:\Users\Lenovo\.jdks\ms-17.0.14\bin\instrument.dll
0x00007ff858d50000 - 0x00007ff858d75000 	C:\Users\Lenovo\.jdks\ms-17.0.14\bin\java.dll
0x00007ff84fff0000 - 0x00007ff8500c7000 	C:\Users\Lenovo\.jdks\ms-17.0.14\bin\jsvml.dll
0x00007ff870df0000 - 0x00007ff87155f000 	C:\Windows\System32\SHELL32.dll
0x00007ff86da20000 - 0x00007ff86e1c3000 	C:\Windows\SYSTEM32\windows.storage.dll
0x00007ff8715d0000 - 0x00007ff871925000 	C:\Windows\System32\combase.dll
0x00007ff86f260000 - 0x00007ff86f28b000 	C:\Windows\SYSTEM32\Wldp.dll
0x00007ff870620000 - 0x00007ff8706ed000 	C:\Windows\System32\OLEAUT32.dll
0x00007ff8719a0000 - 0x00007ff871a4d000 	C:\Windows\System32\SHCORE.dll
0x00007ff870400000 - 0x00007ff870455000 	C:\Windows\System32\shlwapi.dll
0x00007ff86f910000 - 0x00007ff86f935000 	C:\Windows\SYSTEM32\profapi.dll
0x00007ff8574c0000 - 0x00007ff8574d8000 	C:\Users\Lenovo\.jdks\ms-17.0.14\bin\zip.dll
0x00007ff858b00000 - 0x00007ff858b1a000 	C:\Users\Lenovo\.jdks\ms-17.0.14\bin\net.dll
0x00007ff867bf0000 - 0x00007ff867cfa000 	C:\Windows\SYSTEM32\WINHTTP.dll
0x00007ff86f040000 - 0x00007ff86f0ac000 	C:\Windows\system32\mswsock.dll
0x00007ff858640000 - 0x00007ff858656000 	C:\Users\Lenovo\.jdks\ms-17.0.14\bin\nio.dll
0x00007ff858630000 - 0x00007ff858640000 	C:\Users\Lenovo\.jdks\ms-17.0.14\bin\verify.dll
0x00007ff85b2f0000 - 0x00007ff85b317000 	C:\Users\Lenovo\.gradle\native\c067742578af261105cb4f569cf0c3c89f3d7b1fecec35dd04571415982c5e48\windows-amd64\native-platform.dll
0x00007ff843ed0000 - 0x00007ff844014000 	C:\Users\Lenovo\.gradle\native\100fb08df4bc3b14c8652ba06237920a3bd2aa13389f12d3474272988ae205f9\windows-amd64\native-platform-file-events.dll
0x00007ff855e80000 - 0x00007ff855e8a000 	C:\Users\Lenovo\.jdks\ms-17.0.14\bin\management.dll
0x00007ff853980000 - 0x00007ff85398b000 	C:\Users\Lenovo\.jdks\ms-17.0.14\bin\management_ext.dll
0x00007ff871bf0000 - 0x00007ff871bf8000 	C:\Windows\System32\PSAPI.DLL
0x00007ff86f5b0000 - 0x00007ff86f5c8000 	C:\Windows\SYSTEM32\CRYPTSP.dll
0x00007ff86e980000 - 0x00007ff86e9b8000 	C:\Windows\system32\rsaenh.dll
0x00007ff86f8d0000 - 0x00007ff86f8fe000 	C:\Windows\SYSTEM32\USERENV.dll
0x00007ff86f1d0000 - 0x00007ff86f1dc000 	C:\Windows\SYSTEM32\CRYPTBASE.dll
0x00007ff86ed40000 - 0x00007ff86ed7b000 	C:\Windows\SYSTEM32\IPHLPAPI.DLL
0x00007ff870460000 - 0x00007ff870468000 	C:\Windows\System32\NSI.dll
0x00007ff86a0f0000 - 0x00007ff86a107000 	C:\Windows\SYSTEM32\dhcpcsvc6.DLL
0x00007ff86a0b0000 - 0x00007ff86a0cd000 	C:\Windows\SYSTEM32\dhcpcsvc.DLL
0x00007ff86ed80000 - 0x00007ff86ee4a000 	C:\Windows\SYSTEM32\DNSAPI.dll
0x00007ff853970000 - 0x00007ff853979000 	C:\Users\Lenovo\.jdks\ms-17.0.14\bin\extnet.dll
0x00007ff853960000 - 0x00007ff85396e000 	C:\Users\Lenovo\.jdks\ms-17.0.14\bin\sunmscapi.dll
0x00007ff8700f0000 - 0x00007ff87024d000 	C:\Windows\System32\CRYPT32.dll
0x00007ff86f2d0000 - 0x00007ff86f2f7000 	C:\Windows\SYSTEM32\ncrypt.dll
0x00007ff86f290000 - 0x00007ff86f2cb000 	C:\Windows\SYSTEM32\NTASN1.dll
0x00007ff822580000 - 0x00007ff822587000 	C:\Windows\system32\wshunix.dll

dbghelp: loaded successfully - version: 4.0.5 - missing functions: none
symbol engine: initialized successfully - sym options: 0x614 - pdb path: .;C:\Users\Lenovo\.jdks\ms-17.0.14\bin;C:\Windows\SYSTEM32;C:\Windows\WinSxS\amd64_microsoft.windows.common-controls_6595b64144ccf1df_6.0.19041.4355_none_60b8b9eb71f62e16;C:\Users\Lenovo\.jdks\ms-17.0.14\bin\server;C:\Users\Lenovo\.gradle\native\c067742578af261105cb4f569cf0c3c89f3d7b1fecec35dd04571415982c5e48\windows-amd64;C:\Users\Lenovo\.gradle\native\100fb08df4bc3b14c8652ba06237920a3bd2aa13389f12d3474272988ae205f9\windows-amd64

VM Arguments:
jvm_args: --add-opens=java.base/java.lang=ALL-UNNAMED --add-opens=java.base/java.lang.invoke=ALL-UNNAMED --add-opens=java.base/java.util=ALL-UNNAMED --add-opens=java.prefs/java.util.prefs=ALL-UNNAMED --add-exports=jdk.compiler/com.sun.tools.javac.api=ALL-UNNAMED --add-exports=jdk.compiler/com.sun.tools.javac.util=ALL-UNNAMED --add-opens=java.base/java.util=ALL-UNNAMED --add-opens=java.prefs/java.util.prefs=ALL-UNNAMED --add-opens=java.base/java.nio.charset=ALL-UNNAMED --add-opens=java.base/java.net=ALL-UNNAMED --add-opens=java.base/java.util.concurrent.atomic=ALL-UNNAMED --add-opens=java.xml/javax.xml.namespace=ALL-UNNAMED -Xmx2048m -Dfile.encoding=UTF-8 -Duser.country=US -Duser.language=en -Duser.variant -javaagent:C:\Users\Lenovo\.gradle\wrapper\dists\gradle-8.11.1-bin\bpt9gzteqjrbo1mjrsomdt32c\gradle-8.11.1\lib\agents\gradle-instrumentation-agent-8.11.1.jar 
java_command: org.gradle.launcher.daemon.bootstrap.GradleDaemon 8.11.1
java_class_path (initial): C:\Users\Lenovo\.gradle\wrapper\dists\gradle-8.11.1-bin\bpt9gzteqjrbo1mjrsomdt32c\gradle-8.11.1\lib\gradle-daemon-main-8.11.1.jar
Launcher Type: SUN_STANDARD

[Global flags]
     intx CICompilerCount                          = 3                                         {product} {ergonomic}
     uint ConcGCThreads                            = 1                                         {product} {ergonomic}
     uint G1ConcRefinementThreads                  = 4                                         {product} {ergonomic}
   size_t G1HeapRegionSize                         = 1048576                                   {product} {ergonomic}
    uintx GCDrainStackTargetSize                   = 64                                        {product} {ergonomic}
   size_t InitialHeapSize                          = 134217728                                 {product} {ergonomic}
   size_t MarkStackSize                            = 4194304                                   {product} {ergonomic}
   size_t MaxHeapSize                              = 2147483648                                {product} {command line}
   size_t MaxNewSize                               = 1287651328                                {product} {ergonomic}
   size_t MinHeapDeltaBytes                        = 1048576                                   {product} {ergonomic}
   size_t MinHeapSize                              = 8388608                                   {product} {ergonomic}
    uintx NonNMethodCodeHeapSize                   = 5832780                                {pd product} {ergonomic}
    uintx NonProfiledCodeHeapSize                  = 122912730                              {pd product} {ergonomic}
    uintx ProfiledCodeHeapSize                     = 122912730                              {pd product} {ergonomic}
    uintx ReservedCodeCacheSize                    = 251658240                              {pd product} {ergonomic}
     bool SegmentedCodeCache                       = true                                      {product} {ergonomic}
   size_t SoftMaxHeapSize                          = 2147483648                             {manageable} {ergonomic}
     bool UseCompressedClassPointers               = true                           {product lp64_product} {ergonomic}
     bool UseCompressedOops                        = true                           {product lp64_product} {ergonomic}
     bool UseG1GC                                  = true                                      {product} {ergonomic}
     bool UseLargePagesIndividualAllocation        = false                                  {pd product} {ergonomic}

Logging:
Log output configuration:
 #0: stdout all=warning uptime,level,tags
 #1: stderr all=off uptime,level,tags

Environment Variables:
PATH=C:\Program Files\Common Files\Oracle\Java\javapath;C:\Windows\system32;C:\Windows;C:\Windows\System32\Wbem;C:\Windows\System32\WindowsPowerShell\v1.0\;C:\Windows\System32\OpenSSH\;C:\Program Files\Java\jdk-23\bin;C:\MinGW\bin;C:\Program Files\dotnet\;C:\Program Files\Git\cmd;C:\Users\Lenovo\AppData\Local\Programs\Python\Python312\Scripts\;C:\Users\Lenovo\AppData\Local\Programs\Python\Python312\;C:\Users\Lenovo\AppData\Local\Programs\Python\Python313\Scripts\;C:\Users\Lenovo\AppData\Local\Programs\Python\Python313\;C:\Users\Lenovo\AppData\Local\Microsoft\WindowsApps;C:\Users\Lenovo\AppData\Local\Programs\Microsoft VS Code\bin;
USERNAME=Lenovo
OS=Windows_NT
PROCESSOR_IDENTIFIER=Intel64 Family 6 Model 61 Stepping 4, GenuineIntel
TMP=C:\Users\Lenovo\AppData\Local\Temp
TEMP=C:\Users\Lenovo\AppData\Local\Temp



Periodic native trim disabled


---------------  S Y S T E M  ---------------

OS:
 Windows 10 , 64 bit Build 19041 (10.0.19041.5678)
OS uptime: 0 days 15:14 hours
Hyper-V role detected

CPU: total 4 (initial active 4) (2 cores per cpu, 2 threads per core) family 6 model 61 stepping 4 microcode 0x2d, cx8, cmov, fxsr, ht, mmx, 3dnowpref, sse, sse2, sse3, ssse3, sse4.1, sse4.2, popcnt, lzcnt, tsc, tscinvbit, avx, avx2, aes, erms, clmul, bmi1, bmi2, adx, fma, vzeroupper, clflush, hv
Processor Information for the first 4 processors :
  Max Mhz: 2000, Current Mhz: 2000, Mhz Limit: 2000

Memory: 4k page, system-wide physical 8109M (517M free)
TotalPageFile size 10157M (AvailPageFile size 55M)
current process WorkingSet (physical memory assigned to process): 292M, peak: 292M
current process commit charge ("private bytes"): 324M, peak: 440M

vm_info: OpenJDK 64-Bit Server VM (17.0.14+7-LTS) for windows-amd64 JRE (17.0.14+7-LTS), built on Jan  8 2025 23:39:28 by "MicrosoftCorporation" with unknown MS VC++:1939

END.
