#
# There is insufficient memory for the Java Runtime Environment to continue.
# Native memory allocation (malloc) failed to allocate 32744 bytes. Error detail: ChunkPool::allocate
# Possible reasons:
#   The system is out of physical RAM or swap space
#   This process is running with CompressedOops enabled, and the Java Heap may be blocking the growth of the native heap
# Possible solutions:
#   Reduce memory load on the system
#   Increase physical memory or swap space
#   Check if swap backing store is full
#   Decrease Java heap size (-Xmx/-Xms)
#   Decrease number of Java threads
#   Decrease Java thread stack sizes (-Xss)
#   Set larger code cache with -XX:ReservedCodeCacheSize=
#   JVM is running with Unscaled Compressed Oops mode in which the Java heap is
#     placed in the first 4GB address space. The Java Heap base address is the
#     maximum limit for the native heap growth. Please use -XX:HeapBaseMinAddress
#     to set the Java Heap base and to place the Java Heap above 4GB virtual address.
# This output file may be truncated or incomplete.
#
#  Out of Memory Error (arena.cpp:79), pid=10104, tid=11744
#
# JRE version: OpenJDK Runtime Environment Microsoft-10800295 (17.0.14+7) (build 17.0.14+7-LTS)
# Java VM: OpenJDK 64-Bit Server VM Microsoft-10800295 (17.0.14+7-LTS, mixed mode, sharing, tiered, compressed oops, compressed class ptrs, g1 gc, windows-amd64)
# No core dump will be written. Minidumps are not enabled by default on client versions of Windows
#

---------------  S U M M A R Y ------------

Command Line: --add-opens=java.base/java.lang=ALL-UNNAMED --add-opens=java.base/java.lang.invoke=ALL-UNNAMED --add-opens=java.base/java.util=ALL-UNNAMED --add-opens=java.prefs/java.util.prefs=ALL-UNNAMED --add-exports=jdk.compiler/com.sun.tools.javac.api=ALL-UNNAMED --add-exports=jdk.compiler/com.sun.tools.javac.util=ALL-UNNAMED --add-opens=java.base/java.util=ALL-UNNAMED --add-opens=java.prefs/java.util.prefs=ALL-UNNAMED --add-opens=java.base/java.nio.charset=ALL-UNNAMED --add-opens=java.base/java.net=ALL-UNNAMED --add-opens=java.base/java.util.concurrent.atomic=ALL-UNNAMED --add-opens=java.xml/javax.xml.namespace=ALL-UNNAMED -Xmx2048m -Dfile.encoding=UTF-8 -Duser.country=US -Duser.language=en -Duser.variant -javaagent:C:\Users\Lenovo\.gradle\wrapper\dists\gradle-8.11.1-bin\bpt9gzteqjrbo1mjrsomdt32c\gradle-8.11.1\lib\agents\gradle-instrumentation-agent-8.11.1.jar org.gradle.launcher.daemon.bootstrap.GradleDaemon 8.11.1

Host: Intel(R) Core(TM) i3-5005U CPU @ 2.00GHz, 4 cores, 7G,  Windows 10 , 64 bit Build 19041 (10.0.19041.5678)
Time: Sun Apr 20 15:48:08 2025 India Standard Time elapsed time: 5.110266 seconds (0d 0h 0m 5s)

---------------  T H R E A D  ---------------

Current thread (0x000001a760d22530):  JavaThread "C2 CompilerThread0" daemon [_thread_in_native, id=11744, stack(0x0000007738100000,0x0000007738200000)]


Current CompileTask:
C2:   5110 2282       4       jdk.internal.org.objectweb.asm.Frame::execute (2305 bytes)

Stack: [0x0000007738100000,0x0000007738200000]
Native frames: (J=compiled Java code, j=interpreted, Vv=VM code, C=native code)
V  [jvm.dll+0x6886b9]
V  [jvm.dll+0x83f6f8]
V  [jvm.dll+0x8411a3]
V  [jvm.dll+0x841813]
V  [jvm.dll+0x2495cf]
V  [jvm.dll+0xad2dc]
V  [jvm.dll+0xad76c]
V  [jvm.dll+0x3708cf]
V  [jvm.dll+0x36fe71]
V  [jvm.dll+0x36feb4]
V  [jvm.dll+0x56f77a]
V  [jvm.dll+0x56ffcd]
V  [jvm.dll+0x335432]
V  [jvm.dll+0x33489a]
V  [jvm.dll+0x21a7e8]
V  [jvm.dll+0x219c1f]
V  [jvm.dll+0x1a5596]
V  [jvm.dll+0x22a27a]
V  [jvm.dll+0x2283bb]
V  [jvm.dll+0x7f4f48]
V  [jvm.dll+0x7ef2ac]
V  [jvm.dll+0x687597]
C  [ucrtbase.dll+0x21bb2]
C  [KERNEL32.DLL+0x17374]
C  [ntdll.dll+0x4cc91]


---------------  P R O C E S S  ---------------

Threads class SMR info:
_java_thread_list=0x000001a7a82c9260, length=24, elements={
0x000001a7430fe640, 0x000001a760d03090, 0x000001a760d03e20, 0x000001a760d17730,
0x000001a760d1b280, 0x000001a760d1bb50, 0x000001a760d1e430, 0x000001a760d22530,
0x000001a760d2b460, 0x000001a760d2bd70, 0x000001a7a609ad70, 0x000001a7a61aa060,
0x000001a7a76f2e70, 0x000001a7a7d0a550, 0x000001a7a80e6bf0, 0x000001a7a800a0f0,
0x000001a7a800a9a0, 0x000001a7a75dc6f0, 0x000001a7a75dcbd0, 0x000001a7a803af70,
0x000001a7a8039110, 0x000001a7a803b480, 0x000001a7a8039b30, 0x000001a7a803c3b0
}

Java Threads: ( => current thread )
  0x000001a7430fe640 JavaThread "main" [_thread_blocked, id=11816, stack(0x0000007737400000,0x0000007737500000)]
  0x000001a760d03090 JavaThread "Reference Handler" daemon [_thread_blocked, id=8764, stack(0x0000007737b00000,0x0000007737c00000)]
  0x000001a760d03e20 JavaThread "Finalizer" daemon [_thread_blocked, id=4188, stack(0x0000007737c00000,0x0000007737d00000)]
  0x000001a760d17730 JavaThread "Signal Dispatcher" daemon [_thread_blocked, id=11936, stack(0x0000007737d00000,0x0000007737e00000)]
  0x000001a760d1b280 JavaThread "Attach Listener" daemon [_thread_blocked, id=6092, stack(0x0000007737e00000,0x0000007737f00000)]
  0x000001a760d1bb50 JavaThread "Service Thread" daemon [_thread_blocked, id=8708, stack(0x0000007737f00000,0x0000007738000000)]
  0x000001a760d1e430 JavaThread "Monitor Deflation Thread" daemon [_thread_blocked, id=7008, stack(0x0000007738000000,0x0000007738100000)]
=>0x000001a760d22530 JavaThread "C2 CompilerThread0" daemon [_thread_in_native, id=11744, stack(0x0000007738100000,0x0000007738200000)]
  0x000001a760d2b460 JavaThread "C1 CompilerThread0" daemon [_thread_blocked, id=11740, stack(0x0000007738200000,0x0000007738300000)]
  0x000001a760d2bd70 JavaThread "Sweeper thread" daemon [_thread_blocked, id=10196, stack(0x0000007738300000,0x0000007738400000)]
  0x000001a7a609ad70 JavaThread "Common-Cleaner" daemon [_thread_blocked, id=6608, stack(0x0000007738400000,0x0000007738500000)]
  0x000001a7a61aa060 JavaThread "Notification Thread" daemon [_thread_blocked, id=11900, stack(0x0000007738500000,0x0000007738600000)]
  0x000001a7a76f2e70 JavaThread "Daemon health stats" [_thread_blocked, id=6284, stack(0x0000007738b00000,0x0000007738c00000)]
  0x000001a7a7d0a550 JavaThread "Incoming local TCP Connector on port 56665" [_thread_in_native, id=5760, stack(0x0000007738c00000,0x0000007738d00000)]
  0x000001a7a80e6bf0 JavaThread "Daemon periodic checks" [_thread_blocked, id=5316, stack(0x0000007738d00000,0x0000007738e00000)]
  0x000001a7a800a0f0 JavaThread "Daemon" [_thread_blocked, id=7496, stack(0x0000007738e00000,0x0000007738f00000)]
  0x000001a7a800a9a0 JavaThread "Handler for socket connection from /127.0.0.1:56665 to /127.0.0.1:56666" [_thread_in_native, id=5100, stack(0x0000007738f00000,0x0000007739000000)]
  0x000001a7a75dc6f0 JavaThread "Cancel handler" [_thread_blocked, id=10456, stack(0x0000007739000000,0x0000007739100000)]
  0x000001a7a75dcbd0 JavaThread "Daemon worker" [_thread_in_vm, id=8384, stack(0x0000007739100000,0x0000007739200000)]
  0x000001a7a803af70 JavaThread "Asynchronous log dispatcher for DefaultDaemonConnection: socket connection from /127.0.0.1:56665 to /127.0.0.1:56666" [_thread_blocked, id=5320, stack(0x0000007739200000,0x0000007739300000)]
  0x000001a7a8039110 JavaThread "Stdin handler" [_thread_blocked, id=6880, stack(0x0000007739300000,0x0000007739400000)]
  0x000001a7a803b480 JavaThread "Daemon client event forwarder" [_thread_blocked, id=6308, stack(0x0000007739400000,0x0000007739500000)]
  0x000001a7a8039b30 JavaThread "Cache worker for journal cache (C:\Users\Lenovo\.gradle\caches\journal-1)" [_thread_blocked, id=1204, stack(0x0000007739500000,0x0000007739600000)]
  0x000001a7a803c3b0 JavaThread "File lock request listener" [_thread_new, id=6352, stack(0x0000007739600000,0x0000007739700000)]

Other Threads:
  0x000001a760cfcad0 VMThread "VM Thread" [stack: 0x0000007737a00000,0x0000007737b00000] [id=11488]
  0x000001a7a61aa540 WatcherThread [stack: 0x0000007738600000,0x0000007738700000] [id=5628]
  0x000001a743159590 GCTaskThread "GC Thread#0" [stack: 0x0000007737500000,0x0000007737600000] [id=3264]
  0x000001a7a6285470 GCTaskThread "GC Thread#1" [stack: 0x0000007738700000,0x0000007738800000] [id=9576]
  0x000001a7a6285730 GCTaskThread "GC Thread#2" [stack: 0x0000007738800000,0x0000007738900000] [id=11864]
  0x000001a7a71cf750 GCTaskThread "GC Thread#3" [stack: 0x0000007738a00000,0x0000007738b00000] [id=5020]
  0x000001a74316c410 ConcurrentGCThread "G1 Main Marker" [stack: 0x0000007737600000,0x0000007737700000] [id=4868]
  0x000001a74316d4e0 ConcurrentGCThread "G1 Conc#0" [stack: 0x0000007737700000,0x0000007737800000] [id=7984]
  0x000001a7431b50a0 ConcurrentGCThread "G1 Refine#0" [stack: 0x0000007737800000,0x0000007737900000] [id=10444]
  0x000001a7431b59e0 ConcurrentGCThread "G1 Service" [stack: 0x0000007737900000,0x0000007737a00000] [id=9420]

Threads with active compile tasks:
C2 CompilerThread0     5146 2282       4       jdk.internal.org.objectweb.asm.Frame::execute (2305 bytes)

VM state: not at safepoint (normal execution)

VM Mutex/Monitor currently owned by a thread: None

Heap address: 0x0000000080000000, size: 2048 MB, Compressed Oops mode: 32-bit

CDS archive(s) mapped at: [0x000001a761000000-0x000001a761bb0000-0x000001a761bb0000), size 12255232, SharedBaseAddress: 0x000001a761000000, ArchiveRelocationMode: 1.
Compressed class space mapped at: 0x000001a762000000-0x000001a7a2000000, reserved size: 1073741824
Narrow klass base: 0x000001a761000000, Narrow klass shift: 0, Narrow klass range: 0x100000000

GC Precious Log:
 CPUs: 4 total, 4 available
 Memory: 8109M
 Large Page Support: Disabled
 NUMA Support: Disabled
 Compressed Oops: Enabled (32-bit)
 Heap Region Size: 1M
 Heap Min Capacity: 8M
 Heap Initial Capacity: 128M
 Heap Max Capacity: 2G
 Pre-touch: Disabled
 Parallel Workers: 4
 Concurrent Workers: 1
 Concurrent Refinement Workers: 4
 Periodic GC: Disabled

Heap:
 garbage-first heap   total 131072K, used 62779K [0x0000000080000000, 0x0000000100000000)
  region size 1024K, 55 young (56320K), 9 survivors (9216K)
 Metaspace       used 14601K, committed 14848K, reserved 1114112K
  class space    used 2007K, committed 2112K, reserved 1048576K

Heap Regions: E=young(eden), S=young(survivor), O=old, HS=humongous(starts), HC=humongous(continues), CS=collection set, F=free, OA=open archive, CA=closed archive, TAMS=top-at-mark-start (previous, next)
|   0|0x0000000080000000, 0x0000000080100000, 0x0000000080100000|100%|HS|  |TAMS 0x0000000080000000, 0x0000000080000000| Complete 
|   1|0x0000000080100000, 0x0000000080200000, 0x0000000080200000|100%|HC|  |TAMS 0x0000000080100000, 0x0000000080100000| Complete 
|   2|0x0000000080200000, 0x0000000080300000, 0x0000000080300000|100%|HC|  |TAMS 0x0000000080200000, 0x0000000080200000| Complete 
|   3|0x0000000080300000, 0x0000000080400000, 0x0000000080400000|100%| O|  |TAMS 0x0000000080300000, 0x0000000080300000| Untracked 
|   4|0x0000000080400000, 0x0000000080500000, 0x0000000080500000|100%| O|  |TAMS 0x0000000080400000, 0x0000000080400000| Untracked 
|   5|0x0000000080500000, 0x0000000080600000, 0x0000000080600000|100%| O|  |TAMS 0x0000000080500000, 0x0000000080500000| Untracked 
|   6|0x0000000080600000, 0x0000000080662e00, 0x0000000080700000| 38%| O|  |TAMS 0x0000000080600000, 0x0000000080600000| Untracked 
|   7|0x0000000080700000, 0x0000000080800000, 0x0000000080800000|100%|HS|  |TAMS 0x0000000080700000, 0x0000000080700000| Complete 
|   8|0x0000000080800000, 0x0000000080800000, 0x0000000080900000|  0%| F|  |TAMS 0x0000000080800000, 0x0000000080800000| Untracked 
|   9|0x0000000080900000, 0x0000000080900000, 0x0000000080a00000|  0%| F|  |TAMS 0x0000000080900000, 0x0000000080900000| Untracked 
|  10|0x0000000080a00000, 0x0000000080a00000, 0x0000000080b00000|  0%| F|  |TAMS 0x0000000080a00000, 0x0000000080a00000| Untracked 
|  11|0x0000000080b00000, 0x0000000080b00000, 0x0000000080c00000|  0%| F|  |TAMS 0x0000000080b00000, 0x0000000080b00000| Untracked 
|  12|0x0000000080c00000, 0x0000000080c00000, 0x0000000080d00000|  0%| F|  |TAMS 0x0000000080c00000, 0x0000000080c00000| Untracked 
|  13|0x0000000080d00000, 0x0000000080d00000, 0x0000000080e00000|  0%| F|  |TAMS 0x0000000080d00000, 0x0000000080d00000| Untracked 
|  14|0x0000000080e00000, 0x0000000080e00000, 0x0000000080f00000|  0%| F|  |TAMS 0x0000000080e00000, 0x0000000080e00000| Untracked 
|  15|0x0000000080f00000, 0x0000000080f00000, 0x0000000081000000|  0%| F|  |TAMS 0x0000000080f00000, 0x0000000080f00000| Untracked 
|  16|0x0000000081000000, 0x0000000081000000, 0x0000000081100000|  0%| F|  |TAMS 0x0000000081000000, 0x0000000081000000| Untracked 
|  17|0x0000000081100000, 0x0000000081100000, 0x0000000081200000|  0%| F|  |TAMS 0x0000000081100000, 0x0000000081100000| Untracked 
|  18|0x0000000081200000, 0x0000000081200000, 0x0000000081300000|  0%| F|  |TAMS 0x0000000081200000, 0x0000000081200000| Untracked 
|  19|0x0000000081300000, 0x0000000081300000, 0x0000000081400000|  0%| F|  |TAMS 0x0000000081300000, 0x0000000081300000| Untracked 
|  20|0x0000000081400000, 0x0000000081400000, 0x0000000081500000|  0%| F|  |TAMS 0x0000000081400000, 0x0000000081400000| Untracked 
|  21|0x0000000081500000, 0x0000000081500000, 0x0000000081600000|  0%| F|  |TAMS 0x0000000081500000, 0x0000000081500000| Untracked 
|  22|0x0000000081600000, 0x0000000081600000, 0x0000000081700000|  0%| F|  |TAMS 0x0000000081600000, 0x0000000081600000| Untracked 
|  23|0x0000000081700000, 0x0000000081700000, 0x0000000081800000|  0%| F|  |TAMS 0x0000000081700000, 0x0000000081700000| Untracked 
|  24|0x0000000081800000, 0x0000000081800000, 0x0000000081900000|  0%| F|  |TAMS 0x0000000081800000, 0x0000000081800000| Untracked 
|  25|0x0000000081900000, 0x0000000081900000, 0x0000000081a00000|  0%| F|  |TAMS 0x0000000081900000, 0x0000000081900000| Untracked 
|  26|0x0000000081a00000, 0x0000000081a00000, 0x0000000081b00000|  0%| F|  |TAMS 0x0000000081a00000, 0x0000000081a00000| Untracked 
|  27|0x0000000081b00000, 0x0000000081b00000, 0x0000000081c00000|  0%| F|  |TAMS 0x0000000081b00000, 0x0000000081b00000| Untracked 
|  28|0x0000000081c00000, 0x0000000081c00000, 0x0000000081d00000|  0%| F|  |TAMS 0x0000000081c00000, 0x0000000081c00000| Untracked 
|  29|0x0000000081d00000, 0x0000000081d00000, 0x0000000081e00000|  0%| F|  |TAMS 0x0000000081d00000, 0x0000000081d00000| Untracked 
|  30|0x0000000081e00000, 0x0000000081e00000, 0x0000000081f00000|  0%| F|  |TAMS 0x0000000081e00000, 0x0000000081e00000| Untracked 
|  31|0x0000000081f00000, 0x0000000081f00000, 0x0000000082000000|  0%| F|  |TAMS 0x0000000081f00000, 0x0000000081f00000| Untracked 
|  32|0x0000000082000000, 0x0000000082000000, 0x0000000082100000|  0%| F|  |TAMS 0x0000000082000000, 0x0000000082000000| Untracked 
|  33|0x0000000082100000, 0x0000000082100000, 0x0000000082200000|  0%| F|  |TAMS 0x0000000082100000, 0x0000000082100000| Untracked 
|  34|0x0000000082200000, 0x0000000082200000, 0x0000000082300000|  0%| F|  |TAMS 0x0000000082200000, 0x0000000082200000| Untracked 
|  35|0x0000000082300000, 0x0000000082300000, 0x0000000082400000|  0%| F|  |TAMS 0x0000000082300000, 0x0000000082300000| Untracked 
|  36|0x0000000082400000, 0x0000000082400000, 0x0000000082500000|  0%| F|  |TAMS 0x0000000082400000, 0x0000000082400000| Untracked 
|  37|0x0000000082500000, 0x0000000082500000, 0x0000000082600000|  0%| F|  |TAMS 0x0000000082500000, 0x0000000082500000| Untracked 
|  38|0x0000000082600000, 0x0000000082600000, 0x0000000082700000|  0%| F|  |TAMS 0x0000000082600000, 0x0000000082600000| Untracked 
|  39|0x0000000082700000, 0x0000000082700000, 0x0000000082800000|  0%| F|  |TAMS 0x0000000082700000, 0x0000000082700000| Untracked 
|  40|0x0000000082800000, 0x0000000082800000, 0x0000000082900000|  0%| F|  |TAMS 0x0000000082800000, 0x0000000082800000| Untracked 
|  41|0x0000000082900000, 0x0000000082900000, 0x0000000082a00000|  0%| F|  |TAMS 0x0000000082900000, 0x0000000082900000| Untracked 
|  42|0x0000000082a00000, 0x0000000082a00000, 0x0000000082b00000|  0%| F|  |TAMS 0x0000000082a00000, 0x0000000082a00000| Untracked 
|  43|0x0000000082b00000, 0x0000000082bec010, 0x0000000082c00000| 92%| S|CS|TAMS 0x0000000082b00000, 0x0000000082b00000| Complete 
|  44|0x0000000082c00000, 0x0000000082d00000, 0x0000000082d00000|100%| S|CS|TAMS 0x0000000082c00000, 0x0000000082c00000| Complete 
|  45|0x0000000082d00000, 0x0000000082e00000, 0x0000000082e00000|100%| S|CS|TAMS 0x0000000082d00000, 0x0000000082d00000| Complete 
|  46|0x0000000082e00000, 0x0000000082f00000, 0x0000000082f00000|100%| S|CS|TAMS 0x0000000082e00000, 0x0000000082e00000| Complete 
|  47|0x0000000082f00000, 0x0000000083000000, 0x0000000083000000|100%| S|CS|TAMS 0x0000000082f00000, 0x0000000082f00000| Complete 
|  48|0x0000000083000000, 0x0000000083100000, 0x0000000083100000|100%| S|CS|TAMS 0x0000000083000000, 0x0000000083000000| Complete 
|  49|0x0000000083100000, 0x0000000083200000, 0x0000000083200000|100%| S|CS|TAMS 0x0000000083100000, 0x0000000083100000| Complete 
|  50|0x0000000083200000, 0x0000000083300000, 0x0000000083300000|100%| S|CS|TAMS 0x0000000083200000, 0x0000000083200000| Complete 
|  51|0x0000000083300000, 0x0000000083400000, 0x0000000083400000|100%| S|CS|TAMS 0x0000000083300000, 0x0000000083300000| Complete 
|  52|0x0000000083400000, 0x0000000083400000, 0x0000000083500000|  0%| F|  |TAMS 0x0000000083400000, 0x0000000083400000| Untracked 
|  53|0x0000000083500000, 0x0000000083500000, 0x0000000083600000|  0%| F|  |TAMS 0x0000000083500000, 0x0000000083500000| Untracked 
|  54|0x0000000083600000, 0x0000000083600000, 0x0000000083700000|  0%| F|  |TAMS 0x0000000083600000, 0x0000000083600000| Untracked 
|  55|0x0000000083700000, 0x0000000083700000, 0x0000000083800000|  0%| F|  |TAMS 0x0000000083700000, 0x0000000083700000| Untracked 
|  56|0x0000000083800000, 0x0000000083800000, 0x0000000083900000|  0%| F|  |TAMS 0x0000000083800000, 0x0000000083800000| Untracked 
|  57|0x0000000083900000, 0x0000000083900000, 0x0000000083a00000|  0%| F|  |TAMS 0x0000000083900000, 0x0000000083900000| Untracked 
|  58|0x0000000083a00000, 0x0000000083a00000, 0x0000000083b00000|  0%| F|  |TAMS 0x0000000083a00000, 0x0000000083a00000| Untracked 
|  59|0x0000000083b00000, 0x0000000083b00000, 0x0000000083c00000|  0%| F|  |TAMS 0x0000000083b00000, 0x0000000083b00000| Untracked 
|  60|0x0000000083c00000, 0x0000000083c00000, 0x0000000083d00000|  0%| F|  |TAMS 0x0000000083c00000, 0x0000000083c00000| Untracked 
|  61|0x0000000083d00000, 0x0000000083d00000, 0x0000000083e00000|  0%| F|  |TAMS 0x0000000083d00000, 0x0000000083d00000| Untracked 
|  62|0x0000000083e00000, 0x0000000083e00000, 0x0000000083f00000|  0%| F|  |TAMS 0x0000000083e00000, 0x0000000083e00000| Untracked 
|  63|0x0000000083f00000, 0x0000000083f00000, 0x0000000084000000|  0%| F|  |TAMS 0x0000000083f00000, 0x0000000083f00000| Untracked 
|  64|0x0000000084000000, 0x0000000084000000, 0x0000000084100000|  0%| F|  |TAMS 0x0000000084000000, 0x0000000084000000| Untracked 
|  65|0x0000000084100000, 0x0000000084100000, 0x0000000084200000|  0%| F|  |TAMS 0x0000000084100000, 0x0000000084100000| Untracked 
|  66|0x0000000084200000, 0x0000000084200000, 0x0000000084300000|  0%| F|  |TAMS 0x0000000084200000, 0x0000000084200000| Untracked 
|  67|0x0000000084300000, 0x0000000084300000, 0x0000000084400000|  0%| F|  |TAMS 0x0000000084300000, 0x0000000084300000| Untracked 
|  68|0x0000000084400000, 0x0000000084400000, 0x0000000084500000|  0%| F|  |TAMS 0x0000000084400000, 0x0000000084400000| Untracked 
|  69|0x0000000084500000, 0x0000000084500000, 0x0000000084600000|  0%| F|  |TAMS 0x0000000084500000, 0x0000000084500000| Untracked 
|  70|0x0000000084600000, 0x0000000084600000, 0x0000000084700000|  0%| F|  |TAMS 0x0000000084600000, 0x0000000084600000| Untracked 
|  71|0x0000000084700000, 0x0000000084700000, 0x0000000084800000|  0%| F|  |TAMS 0x0000000084700000, 0x0000000084700000| Untracked 
|  72|0x0000000084800000, 0x0000000084800000, 0x0000000084900000|  0%| F|  |TAMS 0x0000000084800000, 0x0000000084800000| Untracked 
|  73|0x0000000084900000, 0x0000000084900000, 0x0000000084a00000|  0%| F|  |TAMS 0x0000000084900000, 0x0000000084900000| Untracked 
|  74|0x0000000084a00000, 0x0000000084a00000, 0x0000000084b00000|  0%| F|  |TAMS 0x0000000084a00000, 0x0000000084a00000| Untracked 
|  75|0x0000000084b00000, 0x0000000084b00000, 0x0000000084c00000|  0%| F|  |TAMS 0x0000000084b00000, 0x0000000084b00000| Untracked 
|  76|0x0000000084c00000, 0x0000000084c00000, 0x0000000084d00000|  0%| F|  |TAMS 0x0000000084c00000, 0x0000000084c00000| Untracked 
|  77|0x0000000084d00000, 0x0000000084d00000, 0x0000000084e00000|  0%| F|  |TAMS 0x0000000084d00000, 0x0000000084d00000| Untracked 
|  78|0x0000000084e00000, 0x0000000084e00000, 0x0000000084f00000|  0%| F|  |TAMS 0x0000000084e00000, 0x0000000084e00000| Untracked 
|  79|0x0000000084f00000, 0x0000000084f00000, 0x0000000085000000|  0%| F|  |TAMS 0x0000000084f00000, 0x0000000084f00000| Untracked 
|  80|0x0000000085000000, 0x0000000085000000, 0x0000000085100000|  0%| F|  |TAMS 0x0000000085000000, 0x0000000085000000| Untracked 
|  81|0x0000000085100000, 0x0000000085100000, 0x0000000085200000|  0%| F|  |TAMS 0x0000000085100000, 0x0000000085100000| Untracked 
|  82|0x0000000085200000, 0x0000000085300000, 0x0000000085300000|100%| E|  |TAMS 0x0000000085200000, 0x0000000085200000| Complete 
|  83|0x0000000085300000, 0x0000000085400000, 0x0000000085400000|100%| E|CS|TAMS 0x0000000085300000, 0x0000000085300000| Complete 
|  84|0x0000000085400000, 0x0000000085500000, 0x0000000085500000|100%| E|CS|TAMS 0x0000000085400000, 0x0000000085400000| Complete 
|  85|0x0000000085500000, 0x0000000085600000, 0x0000000085600000|100%| E|CS|TAMS 0x0000000085500000, 0x0000000085500000| Complete 
|  86|0x0000000085600000, 0x0000000085700000, 0x0000000085700000|100%| E|CS|TAMS 0x0000000085600000, 0x0000000085600000| Complete 
|  87|0x0000000085700000, 0x0000000085800000, 0x0000000085800000|100%| E|CS|TAMS 0x0000000085700000, 0x0000000085700000| Complete 
|  88|0x0000000085800000, 0x0000000085900000, 0x0000000085900000|100%| E|CS|TAMS 0x0000000085800000, 0x0000000085800000| Complete 
|  89|0x0000000085900000, 0x0000000085a00000, 0x0000000085a00000|100%| E|CS|TAMS 0x0000000085900000, 0x0000000085900000| Complete 
|  90|0x0000000085a00000, 0x0000000085b00000, 0x0000000085b00000|100%| E|CS|TAMS 0x0000000085a00000, 0x0000000085a00000| Complete 
|  91|0x0000000085b00000, 0x0000000085c00000, 0x0000000085c00000|100%| E|CS|TAMS 0x0000000085b00000, 0x0000000085b00000| Complete 
|  92|0x0000000085c00000, 0x0000000085d00000, 0x0000000085d00000|100%| E|CS|TAMS 0x0000000085c00000, 0x0000000085c00000| Complete 
|  93|0x0000000085d00000, 0x0000000085e00000, 0x0000000085e00000|100%| E|CS|TAMS 0x0000000085d00000, 0x0000000085d00000| Complete 
|  94|0x0000000085e00000, 0x0000000085f00000, 0x0000000085f00000|100%| E|CS|TAMS 0x0000000085e00000, 0x0000000085e00000| Complete 
|  95|0x0000000085f00000, 0x0000000086000000, 0x0000000086000000|100%| E|CS|TAMS 0x0000000085f00000, 0x0000000085f00000| Complete 
|  96|0x0000000086000000, 0x0000000086100000, 0x0000000086100000|100%| E|CS|TAMS 0x0000000086000000, 0x0000000086000000| Complete 
|  97|0x0000000086100000, 0x0000000086200000, 0x0000000086200000|100%| E|CS|TAMS 0x0000000086100000, 0x0000000086100000| Complete 
|  98|0x0000000086200000, 0x0000000086300000, 0x0000000086300000|100%| E|CS|TAMS 0x0000000086200000, 0x0000000086200000| Complete 
|  99|0x0000000086300000, 0x0000000086400000, 0x0000000086400000|100%| E|CS|TAMS 0x0000000086300000, 0x0000000086300000| Complete 
| 100|0x0000000086400000, 0x0000000086500000, 0x0000000086500000|100%| E|CS|TAMS 0x0000000086400000, 0x0000000086400000| Complete 
| 101|0x0000000086500000, 0x0000000086600000, 0x0000000086600000|100%| E|CS|TAMS 0x0000000086500000, 0x0000000086500000| Complete 
| 102|0x0000000086600000, 0x0000000086700000, 0x0000000086700000|100%| E|CS|TAMS 0x0000000086600000, 0x0000000086600000| Complete 
| 103|0x0000000086700000, 0x0000000086800000, 0x0000000086800000|100%| E|CS|TAMS 0x0000000086700000, 0x0000000086700000| Complete 
| 104|0x0000000086800000, 0x0000000086900000, 0x0000000086900000|100%| E|CS|TAMS 0x0000000086800000, 0x0000000086800000| Complete 
| 105|0x0000000086900000, 0x0000000086a00000, 0x0000000086a00000|100%| E|CS|TAMS 0x0000000086900000, 0x0000000086900000| Complete 
| 106|0x0000000086a00000, 0x0000000086b00000, 0x0000000086b00000|100%| E|CS|TAMS 0x0000000086a00000, 0x0000000086a00000| Complete 
| 107|0x0000000086b00000, 0x0000000086c00000, 0x0000000086c00000|100%| E|CS|TAMS 0x0000000086b00000, 0x0000000086b00000| Complete 
| 108|0x0000000086c00000, 0x0000000086d00000, 0x0000000086d00000|100%| E|CS|TAMS 0x0000000086c00000, 0x0000000086c00000| Complete 
| 109|0x0000000086d00000, 0x0000000086e00000, 0x0000000086e00000|100%| E|CS|TAMS 0x0000000086d00000, 0x0000000086d00000| Complete 
| 110|0x0000000086e00000, 0x0000000086f00000, 0x0000000086f00000|100%| E|CS|TAMS 0x0000000086e00000, 0x0000000086e00000| Complete 
| 111|0x0000000086f00000, 0x0000000087000000, 0x0000000087000000|100%| E|CS|TAMS 0x0000000086f00000, 0x0000000086f00000| Complete 
| 112|0x0000000087000000, 0x0000000087100000, 0x0000000087100000|100%| E|CS|TAMS 0x0000000087000000, 0x0000000087000000| Complete 
| 113|0x0000000087100000, 0x0000000087200000, 0x0000000087200000|100%| E|CS|TAMS 0x0000000087100000, 0x0000000087100000| Complete 
| 114|0x0000000087200000, 0x0000000087300000, 0x0000000087300000|100%| E|CS|TAMS 0x0000000087200000, 0x0000000087200000| Complete 
| 115|0x0000000087300000, 0x0000000087400000, 0x0000000087400000|100%| E|CS|TAMS 0x0000000087300000, 0x0000000087300000| Complete 
| 116|0x0000000087400000, 0x0000000087500000, 0x0000000087500000|100%| E|CS|TAMS 0x0000000087400000, 0x0000000087400000| Complete 
| 117|0x0000000087500000, 0x0000000087600000, 0x0000000087600000|100%| E|CS|TAMS 0x0000000087500000, 0x0000000087500000| Complete 
| 118|0x0000000087600000, 0x0000000087700000, 0x0000000087700000|100%| E|CS|TAMS 0x0000000087600000, 0x0000000087600000| Complete 
| 119|0x0000000087700000, 0x0000000087800000, 0x0000000087800000|100%| E|CS|TAMS 0x0000000087700000, 0x0000000087700000| Complete 
| 120|0x0000000087800000, 0x0000000087900000, 0x0000000087900000|100%| E|CS|TAMS 0x0000000087800000, 0x0000000087800000| Complete 
| 121|0x0000000087900000, 0x0000000087a00000, 0x0000000087a00000|100%| E|CS|TAMS 0x0000000087900000, 0x0000000087900000| Complete 
| 122|0x0000000087a00000, 0x0000000087b00000, 0x0000000087b00000|100%| E|CS|TAMS 0x0000000087a00000, 0x0000000087a00000| Complete 
| 123|0x0000000087b00000, 0x0000000087c00000, 0x0000000087c00000|100%| E|CS|TAMS 0x0000000087b00000, 0x0000000087b00000| Complete 
| 124|0x0000000087c00000, 0x0000000087d00000, 0x0000000087d00000|100%| E|CS|TAMS 0x0000000087c00000, 0x0000000087c00000| Complete 
| 125|0x0000000087d00000, 0x0000000087e00000, 0x0000000087e00000|100%| E|CS|TAMS 0x0000000087d00000, 0x0000000087d00000| Complete 
| 126|0x0000000087e00000, 0x0000000087f00000, 0x0000000087f00000|100%| E|CS|TAMS 0x0000000087e00000, 0x0000000087e00000| Complete 
| 127|0x0000000087f00000, 0x0000000088000000, 0x0000000088000000|100%| E|CS|TAMS 0x0000000087f00000, 0x0000000087f00000| Complete 

Card table byte_map: [0x000001a75a040000,0x000001a75a440000] _byte_map_base: 0x000001a759c40000

Marking Bits (Prev, Next): (CMBitMap*) 0x000001a74315aad0, (CMBitMap*) 0x000001a74315ab10
 Prev Bits: [0x000001a75a840000, 0x000001a75c840000)
 Next Bits: [0x000001a75c840000, 0x000001a75e840000)

Polling page: 0x000001a740e30000

Metaspace:

Usage:
  Non-class:     12.30 MB used.
      Class:      1.96 MB used.
       Both:     14.26 MB used.

Virtual space:
  Non-class space:       64.00 MB reserved,      12.44 MB ( 19%) committed,  1 nodes.
      Class space:        1.00 GB reserved,       2.06 MB ( <1%) committed,  1 nodes.
             Both:        1.06 GB reserved,      14.50 MB (  1%) committed. 

Chunk freelists:
   Non-Class:  3.45 MB
       Class:  13.95 MB
        Both:  17.41 MB

MaxMetaspaceSize: unlimited
CompressedClassSpaceSize: 1.00 GB
Initial GC threshold: 21.00 MB
Current GC threshold: 21.00 MB
CDS: on
MetaspaceReclaimPolicy: balanced
 - commit_granule_bytes: 65536.
 - commit_granule_words: 8192.
 - virtual_space_node_default_size: 8388608.
 - enlarge_chunks_in_place: 1.
 - new_chunks_are_fully_committed: 0.
 - uncommit_free_chunks: 1.
 - use_allocation_guard: 0.
 - handle_deallocations: 1.


Internal statistics:

num_allocs_failed_limit: 0.
num_arena_births: 198.
num_arena_deaths: 0.
num_vsnodes_births: 2.
num_vsnodes_deaths: 0.
num_space_committed: 232.
num_space_uncommitted: 0.
num_chunks_returned_to_freelist: 0.
num_chunks_taken_from_freelist: 641.
num_chunk_merges: 0.
num_chunk_splits: 431.
num_chunks_enlarged: 318.
num_inconsistent_stats: 0.

CodeHeap 'non-profiled nmethods': size=120000Kb used=1208Kb max_used=1208Kb free=118791Kb
 bounds [0x000001a752710000, 0x000001a752980000, 0x000001a759c40000]
CodeHeap 'profiled nmethods': size=120000Kb used=4751Kb max_used=4751Kb free=115248Kb
 bounds [0x000001a74ac40000, 0x000001a74b0f0000, 0x000001a752170000]
CodeHeap 'non-nmethods': size=5760Kb used=1222Kb max_used=1237Kb free=4537Kb
 bounds [0x000001a752170000, 0x000001a7523e0000, 0x000001a752710000]
 total_blobs=2891 nmethods=2365 adapters=438
 compilation: enabled
              stopped_count=0, restarted_count=0
 full_count=0

Compilation events (20 events):
Event: 5.057 Thread 0x000001a760d2b460 2352       3       java.lang.StringLatin1::indexOf (25 bytes)
Event: 5.058 Thread 0x000001a760d2b460 nmethod 2352 0x000001a74b0d3810 code [0x000001a74b0d39c0, 0x000001a74b0d3bc8]
Event: 5.061 Thread 0x000001a760d2b460 2353       3       java.lang.reflect.ProxyGenerator$ProxyMethod::emitIconstInsn (75 bytes)
Event: 5.062 Thread 0x000001a760d2b460 nmethod 2353 0x000001a74b0d3c90 code [0x000001a74b0d3ec0, 0x000001a74b0d4778]
Event: 5.062 Thread 0x000001a760d2b460 2354       1       org.gradle.internal.service.DefaultServiceRegistry::access$2400 (5 bytes)
Event: 5.063 Thread 0x000001a760d2b460 nmethod 2354 0x000001a75283d590 code [0x000001a75283d720, 0x000001a75283d7d8]
Event: 5.063 Thread 0x000001a760d2b460 2355       3       java.lang.invoke.InnerClassLambdaMetafactory::getLoadOpcode (26 bytes)
Event: 5.064 Thread 0x000001a760d2b460 nmethod 2355 0x000001a74b0d4990 code [0x000001a74b0d4b40, 0x000001a74b0d4d58]
Event: 5.064 Thread 0x000001a760d2b460 2356       3       jdk.internal.org.objectweb.asm.MethodVisitor::visitVarInsn (17 bytes)
Event: 5.064 Thread 0x000001a760d2b460 nmethod 2356 0x000001a74b0d4e10 code [0x000001a74b0d4fc0, 0x000001a74b0d51c8]
Event: 5.064 Thread 0x000001a760d2b460 2357       3       org.gradle.internal.service.DefaultServiceRegistry$OwnServices::getProviders (26 bytes)
Event: 5.064 Thread 0x000001a760d2b460 nmethod 2357 0x000001a74b0d5290 code [0x000001a74b0d5440, 0x000001a74b0d57c8]
Event: 5.064 Thread 0x000001a760d2b460 2359       3       org.gradle.internal.service.DefaultServiceRegistry$CompositeServiceProvider::getService (52 bytes)
Event: 5.065 Thread 0x000001a760d2b460 nmethod 2359 0x000001a74b0d5910 code [0x000001a74b0d5ac0, 0x000001a74b0d5de8]
Event: 5.065 Thread 0x000001a760d2b460 2358       3       org.gradle.internal.service.DefaultServiceRegistry$OwnServices::getService (317 bytes)
Event: 5.067 Thread 0x000001a760d2b460 nmethod 2358 0x000001a74b0d5f90 code [0x000001a74b0d64c0, 0x000001a74b0d9348]
Event: 5.067 Thread 0x000001a760d2b460 2360       3       java.lang.invoke.VarHandleGuards::guard_LLL_Z (86 bytes)
Event: 5.070 Thread 0x000001a760d2b460 nmethod 2360 0x000001a74b0da110 code [0x000001a74b0da460, 0x000001a74b0dc2a8]
Event: 5.080 Thread 0x000001a760d2b460 2362       1       java.util.concurrent.atomic.AtomicInteger::get (5 bytes)
Event: 5.080 Thread 0x000001a760d2b460 nmethod 2362 0x000001a75283db90 code [0x000001a75283dd20, 0x000001a75283ddf8]

GC Heap History (6 events):
Event: 0.533 GC heap before
{Heap before GC invocations=0 (full 0):
 garbage-first heap   total 131072K, used 13312K [0x0000000080000000, 0x0000000100000000)
  region size 1024K, 13 young (13312K), 0 survivors (0K)
 Metaspace       used 767K, committed 896K, reserved 1114112K
  class space    used 61K, committed 128K, reserved 1048576K
}
Event: 0.538 GC heap after
{Heap after GC invocations=1 (full 0):
 garbage-first heap   total 131072K, used 1237K [0x0000000080000000, 0x0000000100000000)
  region size 1024K, 2 young (2048K), 2 survivors (2048K)
 Metaspace       used 767K, committed 896K, reserved 1114112K
  class space    used 61K, committed 128K, reserved 1048576K
}
Event: 1.498 GC heap before
{Heap before GC invocations=1 (full 0):
 garbage-first heap   total 131072K, used 22741K [0x0000000080000000, 0x0000000100000000)
  region size 1024K, 21 young (21504K), 2 survivors (2048K)
 Metaspace       used 2797K, committed 3008K, reserved 1114112K
  class space    used 318K, committed 384K, reserved 1048576K
}
Event: 1.508 GC heap after
{Heap after GC invocations=2 (full 0):
 garbage-first heap   total 131072K, used 9611K [0x0000000080000000, 0x0000000100000000)
  region size 1024K, 3 young (3072K), 3 survivors (3072K)
 Metaspace       used 2797K, committed 3008K, reserved 1114112K
  class space    used 318K, committed 384K, reserved 1048576K
}
Event: 3.237 GC heap before
{Heap before GC invocations=2 (full 0):
 garbage-first heap   total 131072K, used 86411K [0x0000000080000000, 0x0000000100000000)
  region size 1024K, 76 young (77824K), 3 survivors (3072K)
 Metaspace       used 5202K, committed 5376K, reserved 1114112K
  class space    used 687K, committed 768K, reserved 1048576K
}
Event: 3.250 GC heap after
{Heap after GC invocations=3 (full 0):
 garbage-first heap   total 131072K, used 16699K [0x0000000080000000, 0x0000000100000000)
  region size 1024K, 9 young (9216K), 9 survivors (9216K)
 Metaspace       used 5202K, committed 5376K, reserved 1114112K
  class space    used 687K, committed 768K, reserved 1048576K
}

Dll operation events (15 events):
Event: 0.013 Loaded shared library C:\Users\Lenovo\.jdks\ms-17.0.14\bin\java.dll
Event: 0.038 Loaded shared library C:\Users\Lenovo\.jdks\ms-17.0.14\bin\jsvml.dll
Event: 0.138 Loaded shared library C:\Users\Lenovo\.jdks\ms-17.0.14\bin\zip.dll
Event: 0.143 Loaded shared library C:\Users\Lenovo\.jdks\ms-17.0.14\bin\instrument.dll
Event: 0.151 Loaded shared library C:\Users\Lenovo\.jdks\ms-17.0.14\bin\net.dll
Event: 0.153 Loaded shared library C:\Users\Lenovo\.jdks\ms-17.0.14\bin\nio.dll
Event: 0.157 Loaded shared library C:\Users\Lenovo\.jdks\ms-17.0.14\bin\zip.dll
Event: 0.711 Loaded shared library C:\Users\Lenovo\.jdks\ms-17.0.14\bin\jimage.dll
Event: 1.130 Loaded shared library C:\Users\Lenovo\.jdks\ms-17.0.14\bin\verify.dll
Event: 1.451 Loaded shared library C:\Users\Lenovo\.gradle\native\c067742578af261105cb4f569cf0c3c89f3d7b1fecec35dd04571415982c5e48\windows-amd64\native-platform.dll
Event: 1.461 Loaded shared library C:\Users\Lenovo\.gradle\native\100fb08df4bc3b14c8652ba06237920a3bd2aa13389f12d3474272988ae205f9\windows-amd64\native-platform-file-events.dll
Event: 3.420 Loaded shared library C:\Users\Lenovo\.jdks\ms-17.0.14\bin\management.dll
Event: 3.424 Loaded shared library C:\Users\Lenovo\.jdks\ms-17.0.14\bin\management_ext.dll
Event: 3.732 Loaded shared library C:\Users\Lenovo\.jdks\ms-17.0.14\bin\extnet.dll
Event: 4.270 Loaded shared library C:\Users\Lenovo\.jdks\ms-17.0.14\bin\sunmscapi.dll

Deoptimization events (20 events):
Event: 4.665 Thread 0x000001a7a75dcbd0 Uncommon trap: trap_request=0xffffff45 fr.pc=0x000001a7527f62ec relative=0x00000000000003ec
Event: 4.665 Thread 0x000001a7a75dcbd0 Uncommon trap: reason=unstable_if action=reinterpret pc=0x000001a7527f62ec method=java.util.HashMap.getNode(Ljava/lang/Object;)Ljava/util/HashMap$Node; @ 66 c2
Event: 4.665 Thread 0x000001a7a75dcbd0 DEOPT PACKING pc=0x000001a7527f62ec sp=0x00000077391fbee0
Event: 4.665 Thread 0x000001a7a75dcbd0 DEOPT UNPACKING pc=0x000001a7521c69a3 sp=0x00000077391fbe30 mode 2
Event: 4.665 Thread 0x000001a7a75dcbd0 Uncommon trap: trap_request=0xffffffc6 fr.pc=0x000001a75282519c relative=0x000000000000135c
Event: 4.665 Thread 0x000001a7a75dcbd0 Uncommon trap: reason=bimorphic_or_optimized_type_check action=maybe_recompile pc=0x000001a75282519c method=java.util.HashMap.putVal(ILjava/lang/Object;Ljava/lang/Object;ZZ)Ljava/lang/Object; @ 91 c2
Event: 4.665 Thread 0x000001a7a75dcbd0 DEOPT PACKING pc=0x000001a75282519c sp=0x00000077391fbe70
Event: 4.665 Thread 0x000001a7a75dcbd0 DEOPT UNPACKING pc=0x000001a7521c69a3 sp=0x00000077391fbe10 mode 2
Event: 4.666 Thread 0x000001a7a75dcbd0 Uncommon trap: trap_request=0xffffff45 fr.pc=0x000001a7527533f4 relative=0x00000000000003b4
Event: 4.666 Thread 0x000001a7a75dcbd0 Uncommon trap: reason=unstable_if action=reinterpret pc=0x000001a7527533f4 method=java.util.HashMap.getNode(Ljava/lang/Object;)Ljava/util/HashMap$Node; @ 66 c2
Event: 4.666 Thread 0x000001a7a75dcbd0 DEOPT PACKING pc=0x000001a7527533f4 sp=0x00000077391fbea0
Event: 4.666 Thread 0x000001a7a75dcbd0 DEOPT UNPACKING pc=0x000001a7521c69a3 sp=0x00000077391fbe30 mode 2
Event: 4.666 Thread 0x000001a7a75dcbd0 Uncommon trap: trap_request=0xffffffc6 fr.pc=0x000001a75282519c relative=0x000000000000135c
Event: 4.666 Thread 0x000001a7a75dcbd0 Uncommon trap: reason=bimorphic_or_optimized_type_check action=maybe_recompile pc=0x000001a75282519c method=java.util.HashMap.putVal(ILjava/lang/Object;Ljava/lang/Object;ZZ)Ljava/lang/Object; @ 91 c2
Event: 4.666 Thread 0x000001a7a75dcbd0 DEOPT PACKING pc=0x000001a75282519c sp=0x00000077391fbe70
Event: 4.666 Thread 0x000001a7a75dcbd0 DEOPT UNPACKING pc=0x000001a7521c69a3 sp=0x00000077391fbe10 mode 2
Event: 4.683 Thread 0x000001a7a75dcbd0 Uncommon trap: trap_request=0xffffff45 fr.pc=0x000001a7527d89e8 relative=0x0000000000000248
Event: 4.683 Thread 0x000001a7a75dcbd0 Uncommon trap: reason=unstable_if action=reinterpret pc=0x000001a7527d89e8 method=java.util.concurrent.ConcurrentHashMap.get(Ljava/lang/Object;)Ljava/lang/Object; @ 76 c2
Event: 4.683 Thread 0x000001a7a75dcbd0 DEOPT PACKING pc=0x000001a7527d89e8 sp=0x00000077391fb410
Event: 4.683 Thread 0x000001a7a75dcbd0 DEOPT UNPACKING pc=0x000001a7521c69a3 sp=0x00000077391fb388 mode 2

Classes loaded (20 events):
Event: 4.818 Loading class sun/reflect/generics/scope/ConstructorScope
Event: 4.818 Loading class sun/reflect/generics/scope/ConstructorScope done
Event: 5.056 Loading class java/nio/file/attribute/PosixFilePermission
Event: 5.056 Loading class java/nio/file/attribute/PosixFilePermission done
Event: 5.056 Loading class java/nio/file/NoSuchFileException
Event: 5.056 Loading class java/nio/file/FileSystemException
Event: 5.056 Loading class java/nio/file/FileSystemException done
Event: 5.056 Loading class java/nio/file/NoSuchFileException done
Event: 5.058 Loading class java/nio/file/attribute/PosixFilePermissions
Event: 5.058 Loading class java/nio/file/attribute/PosixFilePermissions done
Event: 5.058 Loading class java/nio/file/attribute/PosixFilePermissions$1
Event: 5.058 Loading class java/nio/file/attribute/PosixFilePermissions$1 done
Event: 5.063 Loading class sun/invoke/util/VerifyAccess$1
Event: 5.063 Loading class sun/invoke/util/VerifyAccess$1 done
Event: 5.092 Loading class java/util/concurrent/ArrayBlockingQueue
Event: 5.092 Loading class java/util/concurrent/ArrayBlockingQueue done
Event: 5.092 Loading class java/util/concurrent/locks/ReentrantLock$FairSync
Event: 5.093 Loading class java/util/concurrent/locks/ReentrantLock$FairSync done
Event: 5.101 Loading class sun/misc/Unsafe
Event: 5.102 Loading class sun/misc/Unsafe done

Classes unloaded (0 events):
No events

Classes redefined (0 events):
No events

Internal exceptions (20 events):
Event: 3.614 Thread 0x000001a7430fe640 Exception <a 'java/lang/NoSuchMethodError'{0x00000000875ac1c8}: 'java.lang.Object java.lang.invoke.DirectMethodHandle$Holder.invokeStaticInit(java.lang.Object, int, int, int, int)'> (0x00000000875ac1c8) 
thrown [s\src\hotspot\share\interpreter\linkResolver.cpp, line 759]
Event: 3.715 Thread 0x000001a7430fe640 Exception <a 'java/lang/NoSuchMethodError'{0x000000008744bcc8}: 'java.lang.Object java.lang.invoke.DirectMethodHandle$Holder.invokeStaticInit(java.lang.Object, java.lang.Object, int, int, int, int)'> (0x000000008744bcc8) 
thrown [s\src\hotspot\share\interpreter\linkResolver.cpp, line 759]
Event: 4.151 Thread 0x000001a7430fe640 Exception <a 'java/lang/NoSuchMethodError'{0x00000000872f1e08}: 'void java.lang.invoke.DirectMethodHandle$Holder.invokeStatic(java.lang.Object, java.lang.Object, java.lang.Object)'> (0x00000000872f1e08) 
thrown [s\src\hotspot\share\interpreter\linkResolver.cpp, line 759]
Event: 4.205 Thread 0x000001a7430fe640 Exception <a 'java/io/IOException'{0x0000000087010be8}> (0x0000000087010be8) 
thrown [s\src\hotspot\share\prims\jni.cpp, line 516]
Event: 4.213 Thread 0x000001a7430fe640 Implicit null exception at 0x000001a7527945f2 to 0x000001a752794bc8
Event: 4.226 Thread 0x000001a7430fe640 Exception <a 'java/lang/NoSuchMethodError'{0x0000000087070578}: 'java.lang.Object java.lang.invoke.DirectMethodHandle$Holder.newInvokeSpecial(java.lang.Object, java.lang.Object, java.lang.Object, java.lang.Object, java.lang.Object)'> (0x0000000087070578) 
thrown [s\src\hotspot\share\interpreter\linkResolver.cpp, line 759]
Event: 4.388 Thread 0x000001a7a800a9a0 Exception <a 'java/lang/NoSuchMethodError'{0x0000000086b50810}: static Lorg/gradle/tooling/internal/provider/serialization/ClassLoaderDetails;.<clinit>()V> (0x0000000086b50810) 
thrown [s\src\hotspot\share\prims\jni.cpp, line 1112]
Event: 4.392 Thread 0x000001a7a800a9a0 Exception <a 'java/lang/NoSuchMethodError'{0x0000000086b6a808}: static Lorg/gradle/internal/classloader/ClassLoaderSpec;.<clinit>()V> (0x0000000086b6a808) 
thrown [s\src\hotspot\share\prims\jni.cpp, line 1112]
Event: 4.394 Thread 0x000001a7a800a9a0 Exception <a 'java/lang/NoSuchMethodError'{0x0000000086b73fc8}: static Lorg/gradle/tooling/internal/provider/serialization/WellKnownClassLoaderRegistry$KnownClassLoaderSpec;.<clinit>()V> (0x0000000086b73fc8) 
thrown [s\src\hotspot\share\prims\jni.cpp, line 1112]
Event: 4.397 Thread 0x000001a7a800a9a0 Exception <a 'java/lang/NoSuchMethodError'{0x0000000086b8b208}: static Lorg/gradle/tooling/internal/provider/serialization/ClientOwnedClassLoaderSpec;.<clinit>()V> (0x0000000086b8b208) 
thrown [s\src\hotspot\share\prims\jni.cpp, line 1112]
Event: 4.428 Thread 0x000001a7a800a0f0 Exception <a 'java/lang/NoSuchMethodError'{0x0000000086d75a18}: 'void java.lang.invoke.DirectMethodHandle$Holder.invokeSpecial(java.lang.Object, java.lang.Object, java.lang.Object)'> (0x0000000086d75a18) 
thrown [s\src\hotspot\share\interpreter\linkResolver.cpp, line 759]
Event: 4.522 Thread 0x000001a7a75dcbd0 Exception <a 'java/lang/NoSuchMethodError'{0x00000000867dcd68}: 'long java.lang.invoke.DirectMethodHandle$Holder.invokeInterface(java.lang.Object, java.lang.Object)'> (0x00000000867dcd68) 
thrown [s\src\hotspot\share\interpreter\linkResolver.cpp, line 759]
Event: 4.633 Thread 0x000001a7a75dcbd0 Exception <a 'java/lang/NoSuchMethodError'{0x000000008624ab58}: 'void java.lang.invoke.DirectMethodHandle$Holder.invokeStatic(java.lang.Object, java.lang.Object)'> (0x000000008624ab58) 
thrown [s\src\hotspot\share\interpreter\linkResolver.cpp, line 759]
Event: 4.693 Thread 0x000001a7a75dcbd0 Exception <a 'java/lang/NoSuchMethodError'{0x0000000086060680}: 'int java.lang.invoke.DirectMethodHandle$Holder.invokeVirtual(java.lang.Object, java.lang.Object, java.lang.Object)'> (0x0000000086060680) 
thrown [s\src\hotspot\share\interpreter\linkResolver.cpp, line 759]
Event: 4.761 Thread 0x000001a7a75dcbd0 Exception <a 'java/lang/NoSuchMethodError'{0x0000000085ef2010}: 'java.lang.Object java.lang.invoke.DirectMethodHandle$Holder.newInvokeSpecial(java.lang.Object, java.lang.Object, java.lang.Object, java.lang.Object, java.lang.Object, java.lang.Object)'> (0x0000000085ef2010) 
thrown [s\src\hotspot\share\interpreter\linkResolver.cpp, line 759]
Event: 4.851 Thread 0x000001a7a75dcbd0 Exception <a 'java/lang/NoSuchMethodError'{0x0000000085beb6a0}: 'void java.lang.invoke.DelegatingMethodHandle$Holder.reinvoke_L(java.lang.Object, java.lang.Object, java.lang.Object, java.lang.Object, java.lang.Object, java.lang.Object, java.lang.Object, java.lang.Object, java.lang.Object, java.lang.Object)'> (0x0000000085beb6a0) 
thrown [s\src\hotspot\share\interpreter\linkResolver.cpp, line 759]
Event: 4.851 Thread 0x000001a7a75dcbd0 Exception <a 'java/lang/NoSuchMethodError'{0x0000000085bf3b10}: 'java.lang.Object java.lang.invoke.DirectMethodHandle$Holder.invokeSpecial(java.lang.Object, java.lang.Object, java.lang.Object, java.lang.Object, java.lang.Object, java.lang.Object, java.lang.Object, java.lang.Object, java.lang.Object, java.lang.Object)'> (0x0000000085bf3b10) 
thrown [s\src\hotspot\share\interpreter\linkResolver.cpp, line 759]
Event: 4.852 Thread 0x000001a7a75dcbd0 Exception <a 'java/lang/NoSuchMethodError'{0x0000000085bf83e0}: 'java.lang.Object java.lang.invoke.Invokers$Holder.invoker(java.lang.Object, java.lang.Object, java.lang.Object, java.lang.Object, java.lang.Object, java.lang.Object, java.lang.Object, java.lang.Object, java.lang.Object, java.lang.Object)'> (0x0000000085bf83e0) 
thrown [s\src\hotspot\share\interpreter\linkResolver.cpp, line 759]
Event: 4.852 Thread 0x000001a7a75dcbd0 Exception <a 'java/lang/NoSuchMethodError'{0x0000000085bfdfe8}: 'java.lang.Object java.lang.invoke.DirectMethodHandle$Holder.invokeSpecial(java.lang.Object, java.lang.Object, java.lang.Object, java.lang.Object, java.lang.Object, java.lang.Object, java.lang.Object, java.lang.Object, java.lang.Object, java.lang.Object, java.lang.Object)'> (0x0000000085bfdfe8) 
thrown [s\src\hotspot\share\interpreter\linkResolver.cpp, line 759]
Event: 5.095 Thread 0x000001a7a75dcbd0 Exception <a 'java/lang/NoSuchMethodError'{0x0000000085375720}: 'java.lang.Object java.lang.invoke.DirectMethodHandle$Holder.newInvokeSpecial(java.lang.Object, java.lang.Object, int)'> (0x0000000085375720) 
thrown [s\src\hotspot\share\interpreter\linkResolver.cpp, line 759]

VM Operations (20 events):
Event: 3.307 Executing VM operation: HandshakeAllThreads
Event: 3.307 Executing VM operation: HandshakeAllThreads done
Event: 3.365 Executing VM operation: HandshakeAllThreads
Event: 3.365 Executing VM operation: HandshakeAllThreads done
Event: 3.368 Executing VM operation: HandshakeAllThreads
Event: 3.368 Executing VM operation: HandshakeAllThreads done
Event: 3.450 Executing VM operation: HandshakeAllThreads
Event: 3.450 Executing VM operation: HandshakeAllThreads done
Event: 3.500 Executing VM operation: HandshakeAllThreads
Event: 3.500 Executing VM operation: HandshakeAllThreads done
Event: 3.589 Executing VM operation: HandshakeAllThreads
Event: 3.589 Executing VM operation: HandshakeAllThreads done
Event: 3.705 Executing VM operation: HandshakeAllThreads
Event: 3.705 Executing VM operation: HandshakeAllThreads done
Event: 4.148 Executing VM operation: HandshakeAllThreads
Event: 4.148 Executing VM operation: HandshakeAllThreads done
Event: 4.241 Executing VM operation: HandshakeAllThreads
Event: 4.241 Executing VM operation: HandshakeAllThreads done
Event: 4.805 Executing VM operation: ICBufferFull
Event: 4.805 Executing VM operation: ICBufferFull done

Memory protections (0 events):
No events

Nmethod flushes (0 events):
No events

Events (20 events):
Event: 0.054 Thread 0x000001a7430fe640 Thread added: 0x000001a760d1e430
Event: 0.054 Thread 0x000001a7430fe640 Thread added: 0x000001a760d22530
Event: 0.055 Thread 0x000001a7430fe640 Thread added: 0x000001a760d2b460
Event: 0.055 Thread 0x000001a7430fe640 Thread added: 0x000001a760d2bd70
Event: 0.087 Thread 0x000001a7430fe640 Thread added: 0x000001a7a609ad70
Event: 0.174 Thread 0x000001a7430fe640 Thread added: 0x000001a7a61aa060
Event: 0.680 Thread 0x000001a760d2b460 Thread added: 0x000001a7a6408b90
Event: 2.421 Thread 0x000001a7a6408b90 Thread exited: 0x000001a7a6408b90
Event: 3.329 Thread 0x000001a760d2b460 Thread added: 0x000001a7a6409b80
Event: 3.474 Thread 0x000001a7430fe640 Thread added: 0x000001a7a76f2e70
Event: 4.106 Thread 0x000001a7430fe640 Thread added: 0x000001a7a7d0a550
Event: 4.235 Thread 0x000001a7430fe640 Thread added: 0x000001a7a80e6bf0
Event: 4.319 Thread 0x000001a7a7d0a550 Thread added: 0x000001a7a800a0f0
Event: 4.325 Thread 0x000001a7a800a0f0 Thread added: 0x000001a7a800a9a0
Event: 4.416 Thread 0x000001a7a800a0f0 Thread added: 0x000001a7a75dc6f0
Event: 4.429 Thread 0x000001a7a800a0f0 Thread added: 0x000001a7a75dcbd0
Event: 4.443 Thread 0x000001a7a75dcbd0 Thread added: 0x000001a7a803af70
Event: 4.449 Thread 0x000001a7a75dcbd0 Thread added: 0x000001a7a8039110
Event: 4.453 Thread 0x000001a7a75dcbd0 Thread added: 0x000001a7a803b480
Event: 5.093 Thread 0x000001a7a75dcbd0 Thread added: 0x000001a7a8039b30


Dynamic libraries:
0x00007ff6859e0000 - 0x00007ff6859ee000 	C:\Users\Lenovo\.jdks\ms-17.0.14\bin\java.exe
0x00007ff872350000 - 0x00007ff872548000 	C:\Windows\SYSTEM32\ntdll.dll
0x00007ff872240000 - 0x00007ff872302000 	C:\Windows\System32\KERNEL32.DLL
0x00007ff86fa80000 - 0x00007ff86fd76000 	C:\Windows\System32\KERNELBASE.dll
0x00007ff86fe00000 - 0x00007ff86ff00000 	C:\Windows\System32\ucrtbase.dll
0x00007ff858d80000 - 0x00007ff858d9d000 	C:\Users\Lenovo\.jdks\ms-17.0.14\bin\VCRUNTIME140.dll
0x00007ff85afd0000 - 0x00007ff85afe7000 	C:\Users\Lenovo\.jdks\ms-17.0.14\bin\jli.dll
0x00007ff871a50000 - 0x00007ff871bed000 	C:\Windows\System32\USER32.dll
0x00007ff86ffb0000 - 0x00007ff86ffd2000 	C:\Windows\System32\win32u.dll
0x00007ff862340000 - 0x00007ff8625da000 	C:\Windows\WinSxS\amd64_microsoft.windows.common-controls_6595b64144ccf1df_6.0.19041.4355_none_60b8b9eb71f62e16\COMCTL32.dll
0x00007ff8705f0000 - 0x00007ff87061b000 	C:\Windows\System32\GDI32.dll
0x00007ff870d50000 - 0x00007ff870dee000 	C:\Windows\System32\msvcrt.dll
0x00007ff870250000 - 0x00007ff87036a000 	C:\Windows\System32\gdi32full.dll
0x00007ff86f9e0000 - 0x00007ff86fa7d000 	C:\Windows\System32\msvcp_win.dll
0x00007ff8703d0000 - 0x00007ff8703ff000 	C:\Windows\System32\IMM32.DLL
0x00007ff862d40000 - 0x00007ff862d4c000 	C:\Users\Lenovo\.jdks\ms-17.0.14\bin\vcruntime140_1.dll
0x00007ff8500d0000 - 0x00007ff85015d000 	C:\Users\Lenovo\.jdks\ms-17.0.14\bin\msvcp140.dll
0x00007ff83ec60000 - 0x00007ff83f8d2000 	C:\Users\Lenovo\.jdks\ms-17.0.14\bin\server\jvm.dll
0x00007ff871c00000 - 0x00007ff871caf000 	C:\Windows\System32\ADVAPI32.dll
0x00007ff872010000 - 0x00007ff8720af000 	C:\Windows\System32\sechost.dll
0x00007ff8706f0000 - 0x00007ff870813000 	C:\Windows\System32\RPCRT4.dll
0x00007ff8700c0000 - 0x00007ff8700e7000 	C:\Windows\System32\bcrypt.dll
0x00007ff871560000 - 0x00007ff8715cb000 	C:\Windows\System32\WS2_32.dll
0x00007ff86f840000 - 0x00007ff86f88b000 	C:\Windows\SYSTEM32\POWRPROF.dll
0x00007ff85f9d0000 - 0x00007ff85f9f7000 	C:\Windows\SYSTEM32\WINMM.dll
0x00007ff866da0000 - 0x00007ff866daa000 	C:\Windows\SYSTEM32\VERSION.dll
0x00007ff86f820000 - 0x00007ff86f832000 	C:\Windows\SYSTEM32\UMPDC.dll
0x00007ff86d820000 - 0x00007ff86d832000 	C:\Windows\SYSTEM32\kernel.appcore.dll
0x00007ff85cee0000 - 0x00007ff85ceea000 	C:\Users\Lenovo\.jdks\ms-17.0.14\bin\jimage.dll
0x00007ff868a90000 - 0x00007ff868c74000 	C:\Windows\SYSTEM32\DBGHELP.DLL
0x00007ff868950000 - 0x00007ff868984000 	C:\Windows\SYSTEM32\dbgcore.DLL
0x00007ff870030000 - 0x00007ff8700b2000 	C:\Windows\System32\bcryptPrimitives.dll
0x00007ff85fcd0000 - 0x00007ff85fcde000 	C:\Users\Lenovo\.jdks\ms-17.0.14\bin\instrument.dll
0x00007ff858d50000 - 0x00007ff858d75000 	C:\Users\Lenovo\.jdks\ms-17.0.14\bin\java.dll
0x00007ff84fff0000 - 0x00007ff8500c7000 	C:\Users\Lenovo\.jdks\ms-17.0.14\bin\jsvml.dll
0x00007ff870df0000 - 0x00007ff87155f000 	C:\Windows\System32\SHELL32.dll
0x00007ff86da20000 - 0x00007ff86e1c3000 	C:\Windows\SYSTEM32\windows.storage.dll
0x00007ff8715d0000 - 0x00007ff871925000 	C:\Windows\System32\combase.dll
0x00007ff86f260000 - 0x00007ff86f28b000 	C:\Windows\SYSTEM32\Wldp.dll
0x00007ff870620000 - 0x00007ff8706ed000 	C:\Windows\System32\OLEAUT32.dll
0x00007ff8719a0000 - 0x00007ff871a4d000 	C:\Windows\System32\SHCORE.dll
0x00007ff870400000 - 0x00007ff870455000 	C:\Windows\System32\shlwapi.dll
0x00007ff86f910000 - 0x00007ff86f935000 	C:\Windows\SYSTEM32\profapi.dll
0x00007ff8574c0000 - 0x00007ff8574d8000 	C:\Users\Lenovo\.jdks\ms-17.0.14\bin\zip.dll
0x00007ff858b00000 - 0x00007ff858b1a000 	C:\Users\Lenovo\.jdks\ms-17.0.14\bin\net.dll
0x00007ff867bf0000 - 0x00007ff867cfa000 	C:\Windows\SYSTEM32\WINHTTP.dll
0x00007ff86f040000 - 0x00007ff86f0ac000 	C:\Windows\system32\mswsock.dll
0x00007ff858640000 - 0x00007ff858656000 	C:\Users\Lenovo\.jdks\ms-17.0.14\bin\nio.dll
0x00007ff858630000 - 0x00007ff858640000 	C:\Users\Lenovo\.jdks\ms-17.0.14\bin\verify.dll
0x00007ff85b2f0000 - 0x00007ff85b317000 	C:\Users\Lenovo\.gradle\native\c067742578af261105cb4f569cf0c3c89f3d7b1fecec35dd04571415982c5e48\windows-amd64\native-platform.dll
0x00007ff843ed0000 - 0x00007ff844014000 	C:\Users\Lenovo\.gradle\native\100fb08df4bc3b14c8652ba06237920a3bd2aa13389f12d3474272988ae205f9\windows-amd64\native-platform-file-events.dll
0x00007ff855e80000 - 0x00007ff855e8a000 	C:\Users\Lenovo\.jdks\ms-17.0.14\bin\management.dll
0x00007ff853980000 - 0x00007ff85398b000 	C:\Users\Lenovo\.jdks\ms-17.0.14\bin\management_ext.dll
0x00007ff871bf0000 - 0x00007ff871bf8000 	C:\Windows\System32\PSAPI.DLL
0x00007ff86f5b0000 - 0x00007ff86f5c8000 	C:\Windows\SYSTEM32\CRYPTSP.dll
0x00007ff86e980000 - 0x00007ff86e9b8000 	C:\Windows\system32\rsaenh.dll
0x00007ff86f8d0000 - 0x00007ff86f8fe000 	C:\Windows\SYSTEM32\USERENV.dll
0x00007ff86f1d0000 - 0x00007ff86f1dc000 	C:\Windows\SYSTEM32\CRYPTBASE.dll
0x00007ff86ed40000 - 0x00007ff86ed7b000 	C:\Windows\SYSTEM32\IPHLPAPI.DLL
0x00007ff870460000 - 0x00007ff870468000 	C:\Windows\System32\NSI.dll
0x00007ff86a0f0000 - 0x00007ff86a107000 	C:\Windows\SYSTEM32\dhcpcsvc6.DLL
0x00007ff86a0b0000 - 0x00007ff86a0cd000 	C:\Windows\SYSTEM32\dhcpcsvc.DLL
0x00007ff86ed80000 - 0x00007ff86ee4a000 	C:\Windows\SYSTEM32\DNSAPI.dll
0x00007ff853970000 - 0x00007ff853979000 	C:\Users\Lenovo\.jdks\ms-17.0.14\bin\extnet.dll
0x00007ff853960000 - 0x00007ff85396e000 	C:\Users\Lenovo\.jdks\ms-17.0.14\bin\sunmscapi.dll
0x00007ff8700f0000 - 0x00007ff87024d000 	C:\Windows\System32\CRYPT32.dll
0x00007ff86f2d0000 - 0x00007ff86f2f7000 	C:\Windows\SYSTEM32\ncrypt.dll
0x00007ff86f290000 - 0x00007ff86f2cb000 	C:\Windows\SYSTEM32\NTASN1.dll
0x00007ff822580000 - 0x00007ff822587000 	C:\Windows\system32\wshunix.dll

dbghelp: loaded successfully - version: 4.0.5 - missing functions: none
symbol engine: initialized successfully - sym options: 0x614 - pdb path: .;C:\Users\Lenovo\.jdks\ms-17.0.14\bin;C:\Windows\SYSTEM32;C:\Windows\WinSxS\amd64_microsoft.windows.common-controls_6595b64144ccf1df_6.0.19041.4355_none_60b8b9eb71f62e16;C:\Users\Lenovo\.jdks\ms-17.0.14\bin\server;C:\Users\Lenovo\.gradle\native\c067742578af261105cb4f569cf0c3c89f3d7b1fecec35dd04571415982c5e48\windows-amd64;C:\Users\Lenovo\.gradle\native\100fb08df4bc3b14c8652ba06237920a3bd2aa13389f12d3474272988ae205f9\windows-amd64

VM Arguments:
jvm_args: --add-opens=java.base/java.lang=ALL-UNNAMED --add-opens=java.base/java.lang.invoke=ALL-UNNAMED --add-opens=java.base/java.util=ALL-UNNAMED --add-opens=java.prefs/java.util.prefs=ALL-UNNAMED --add-exports=jdk.compiler/com.sun.tools.javac.api=ALL-UNNAMED --add-exports=jdk.compiler/com.sun.tools.javac.util=ALL-UNNAMED --add-opens=java.base/java.util=ALL-UNNAMED --add-opens=java.prefs/java.util.prefs=ALL-UNNAMED --add-opens=java.base/java.nio.charset=ALL-UNNAMED --add-opens=java.base/java.net=ALL-UNNAMED --add-opens=java.base/java.util.concurrent.atomic=ALL-UNNAMED --add-opens=java.xml/javax.xml.namespace=ALL-UNNAMED -Xmx2048m -Dfile.encoding=UTF-8 -Duser.country=US -Duser.language=en -Duser.variant -javaagent:C:\Users\Lenovo\.gradle\wrapper\dists\gradle-8.11.1-bin\bpt9gzteqjrbo1mjrsomdt32c\gradle-8.11.1\lib\agents\gradle-instrumentation-agent-8.11.1.jar 
java_command: org.gradle.launcher.daemon.bootstrap.GradleDaemon 8.11.1
java_class_path (initial): C:\Users\Lenovo\.gradle\wrapper\dists\gradle-8.11.1-bin\bpt9gzteqjrbo1mjrsomdt32c\gradle-8.11.1\lib\gradle-daemon-main-8.11.1.jar
Launcher Type: SUN_STANDARD

[Global flags]
     intx CICompilerCount                          = 3                                         {product} {ergonomic}
     uint ConcGCThreads                            = 1                                         {product} {ergonomic}
     uint G1ConcRefinementThreads                  = 4                                         {product} {ergonomic}
   size_t G1HeapRegionSize                         = 1048576                                   {product} {ergonomic}
    uintx GCDrainStackTargetSize                   = 64                                        {product} {ergonomic}
   size_t InitialHeapSize                          = 134217728                                 {product} {ergonomic}
   size_t MarkStackSize                            = 4194304                                   {product} {ergonomic}
   size_t MaxHeapSize                              = 2147483648                                {product} {command line}
   size_t MaxNewSize                               = 1287651328                                {product} {ergonomic}
   size_t MinHeapDeltaBytes                        = 1048576                                   {product} {ergonomic}
   size_t MinHeapSize                              = 8388608                                   {product} {ergonomic}
    uintx NonNMethodCodeHeapSize                   = 5832780                                {pd product} {ergonomic}
    uintx NonProfiledCodeHeapSize                  = 122912730                              {pd product} {ergonomic}
    uintx ProfiledCodeHeapSize                     = 122912730                              {pd product} {ergonomic}
    uintx ReservedCodeCacheSize                    = 251658240                              {pd product} {ergonomic}
     bool SegmentedCodeCache                       = true                                      {product} {ergonomic}
   size_t SoftMaxHeapSize                          = 2147483648                             {manageable} {ergonomic}
     bool UseCompressedClassPointers               = true                           {product lp64_product} {ergonomic}
     bool UseCompressedOops                        = true                           {product lp64_product} {ergonomic}
     bool UseG1GC                                  = true                                      {product} {ergonomic}
     bool UseLargePagesIndividualAllocation        = false                                  {pd product} {ergonomic}

Logging:
Log output configuration:
 #0: stdout all=warning uptime,level,tags
 #1: stderr all=off uptime,level,tags

Environment Variables:
PATH=C:\Program Files\Common Files\Oracle\Java\javapath;C:\Windows\system32;C:\Windows;C:\Windows\System32\Wbem;C:\Windows\System32\WindowsPowerShell\v1.0\;C:\Windows\System32\OpenSSH\;C:\Program Files\Java\jdk-23\bin;C:\MinGW\bin;C:\Program Files\dotnet\;C:\Program Files\Git\cmd;C:\Users\Lenovo\AppData\Local\Programs\Python\Python312\Scripts\;C:\Users\Lenovo\AppData\Local\Programs\Python\Python312\;C:\Users\Lenovo\AppData\Local\Programs\Python\Python313\Scripts\;C:\Users\Lenovo\AppData\Local\Programs\Python\Python313\;C:\Users\Lenovo\AppData\Local\Microsoft\WindowsApps;C:\Users\Lenovo\AppData\Local\Programs\Microsoft VS Code\bin;
USERNAME=Lenovo
OS=Windows_NT
PROCESSOR_IDENTIFIER=Intel64 Family 6 Model 61 Stepping 4, GenuineIntel
TMP=C:\Users\Lenovo\AppData\Local\Temp
TEMP=C:\Users\Lenovo\AppData\Local\Temp



Periodic native trim disabled


---------------  S Y S T E M  ---------------

OS:
 Windows 10 , 64 bit Build 19041 (10.0.19041.5678)
OS uptime: 0 days 15:18 hours
Hyper-V role detected

CPU: total 4 (initial active 4) (2 cores per cpu, 2 threads per core) family 6 model 61 stepping 4 microcode 0x2d, cx8, cmov, fxsr, ht, mmx, 3dnowpref, sse, sse2, sse3, ssse3, sse4.1, sse4.2, popcnt, lzcnt, tsc, tscinvbit, avx, avx2, aes, erms, clmul, bmi1, bmi2, adx, fma, vzeroupper, clflush, hv
Processor Information for the first 4 processors :
  Max Mhz: 2000, Current Mhz: 2000, Mhz Limit: 2000

Memory: 4k page, system-wide physical 8109M (820M free)
TotalPageFile size 10157M (AvailPageFile size 2M)
current process WorkingSet (physical memory assigned to process): 193M, peak: 193M
current process commit charge ("private bytes"): 266M, peak: 266M

vm_info: OpenJDK 64-Bit Server VM (17.0.14+7-LTS) for windows-amd64 JRE (17.0.14+7-LTS), built on Jan  8 2025 23:39:28 by "MicrosoftCorporation" with unknown MS VC++:1939

END.
